{"computer_name":"AZAD3-OOS01.ad3.com","process_id":4,"keywords":["Audit Success"],"log_name":"Security","level":"Information","record_number":"106493546","event_data":{"Status":"0x0","SubjectUserName":"zabbixsvc$","ProcessName":"C:\\Windows\\System32\\conhost.exe","SubjectDomainName":"AD3","SubjectLogonId":"0x29494","ProcessId":"0x12ad30","SubjectUserSid":"S-1-5-21-2516547722-2112485390-2429236411-1185"},"message":"A process has exited.\n\nSubject:\n\tSecurity ID:\t\tS-1-5-21-2516547722-2112485390-2429236411-1185\n\tAccount Name:\t\tzabbixsvc$\n\tAccount Domain:\t\tAD3\n\tLogon ID:\t\t0x29494\n\nProcess Information:\n\tProcess ID:\t0x12ad30\n\tProcess Name:\tC:\\Windows\\System32\\conhost.exe\n\tExit Status:\t0x0","opcode":"Info","type":"wineventlog","tags":["winlogbeat","beats_input_codec_plain_applied"],"thread_id":1494388,"@timestamp":"2018-12-27T12:29:36.816Z","event_id":4689,"task":"Process Termination","provider_guid":"{54849625-5478-4994-A5BA-3E3B0328C30D}","@version":"1","beat":{"hostname":"AZAD3-OOS01","name":"AZAD3-OOS01","version":"5.6.3"},"host":"AZAD3-OOS01","fields":{"logtype":"officeonline_event"},"source_name":"Microsoft-Windows-Security-Auditing"}
{"computer_name":"AZAD3-OOS03.ad3.com","process_id":4,"keywords":["Audit Success"],"level":"Information","log_name":"Security","record_number":"99307602","event_data":{"Status":"0x0","ProcessName":"C:\\Windows\\System32\\cmd.exe","SubjectUserName":"zabbixsvc$","SubjectDomainName":"AD3","SubjectLogonId":"0x37ea3","ProcessId":"0x1225e0","SubjectUserSid":"S-1-5-21-2516547722-2112485390-2429236411-1185"},"message":"A process has exited.\n\nSubject:\n\tSecurity ID:\t\tS-1-5-21-2516547722-2112485390-2429236411-1185\n\tAccount Name:\t\tzabbixsvc$\n\tAccount Domain:\t\tAD3\n\tLogon ID:\t\t0x37EA3\n\nProcess Information:\n\tProcess ID:\t0x1225e0\n\tProcess Name:\tC:\\Windows\\System32\\cmd.exe\n\tExit Status:\t0x0","type":"wineventlog","opcode":"Info","tags":["winlogbeat","beats_input_codec_plain_applied"],"thread_id":1182484,"@timestamp":"2018-12-27T12:22:52.648Z","event_id":4689,"task":"Process Termination","provider_guid":"{54849625-5478-4994-A5BA-3E3B0328C30D}","@version":"1","beat":{"hostname":"AZAD3-OOS03","name":"AZAD3-OOS03","version":"5.6.3"},"host":"AZAD3-OOS03","fields":{"logtype":"officeonline_event"},"source_name":"Microsoft-Windows-Security-Auditing"}
{"process_id":4,"computer_name":"AZAD3-OOS04.ad3.com","keywords":["Audit Success"],"level":"Information","log_name":"Security","record_number":"97867533","event_data":{"NewProcessId":"0xd8840","TokenElevationType":"%%1936","SubjectLogonId":"0x2b49f","NewProcessName":"C:\\Windows\\System32\\cmd.exe","TargetLogonId":"0x0","CommandLine":"cmd /C \"powershell -NoProfile -File C:\\AD365\\software\\Zabbix\\Scripts\\AppPoolsStatus.ps1 \"BroadcastServices_Host\"\"","SubjectUserName":"zabbixsvc$","SubjectDomainName":"AD3","ProcessId":"0x8b8","TargetUserName":"-","TargetDomainName":"-","SubjectUserSid":"S-1-5-21-2516547722-2112485390-2429236411-1185","TargetUserSid":"S-1-0-0"},"message":"A new process has been created.\n\nCreator Subject:\n\tSecurity ID:\t\tS-1-5-21-2516547722-2112485390-2429236411-1185\n\tAccount Name:\t\tzabbixsvc$\n\tAccount Domain:\t\tAD3\n\tLogon ID:\t\t0x2B49F\n\nTarget Subject:\n\tSecurity ID:\t\tS-1-0-0\n\tAccount Name:\t\t-\n\tAccount Domain:\t\t-\n\tLogon ID:\t\t0x0\n\nProcess Information:\n\tNew Process ID:\t\t0xd8840\n\tNew Process Name:\tC:\\Windows\\System32\\cmd.exe\n\tToken Elevation Type:\tTokenElevationTypeDefault (1)\n\tCreator Process ID:\t0x8b8\n\tProcess Command Line:\tcmd /C \"powershell -NoProfile -File C:\\AD365\\software\\Zabbix\\Scripts\\AppPoolsStatus.ps1 \"BroadcastServices_Host\"\"\n\nToken Elevation Type indicates the type of token that was assigned to the new process in accordance with User Account Control policy.\n\nType 1 is a full token with no privileges removed or groups disabled.  A full token is only used if User Account Control is disabled or if the user is the built-in Administrator account or a service account.\n\nType 2 is an elevated token with no privileges removed or groups disabled.  An elevated token is used when User Account Control is enabled and the user chooses to start the program using Run as administrator.  An elevated token is also used when an application is configured to always require administrative privilege or to always require maximum privilege, and the user is a member of the Administrators group.\n\nType 3 is a limited token with administrative privileges removed and administrative groups disabled.  The limited token is used when User Account Control is enabled, the application does not require administrative privilege, and the user does not choose to start the program using Run as administrator.","type":"wineventlog","opcode":"Info","version":2,"tags":["winlogbeat","beats_input_codec_plain_applied"],"thread_id":827132,"@timestamp":"2018-12-27T12:36:50.412Z","task":"Process Creation","event_id":4688,"provider_guid":"{54849625-5478-4994-A5BA-3E3B0328C30D}","@version":"1","beat":{"hostname":"AZAD3-OOS04","name":"AZAD3-OOS04","version":"5.6.3"},"host":"AZAD3-OOS04","fields":{"logtype":"officeonline_event"},"source_name":"Microsoft-Windows-Security-Auditing"}
{"computer_name":"AZAD3-OOS04.ad3.com","process_id":4,"keywords":["Audit Success"],"log_name":"Security","level":"Information","record_number":"97870805","event_data":{"Status":"0x0","SubjectUserName":"AZAD3-OOS04$","ProcessName":"C:\\AD365\\software\\Zabbix\\zabbix_agentd.exe","SubjectDomainName":"AD3","SubjectLogonId":"0x3e7","ProcessId":"0xd7744","SubjectUserSid":"S-1-5-18"},"message":"A process has exited.\n\nSubject:\n\tSecurity ID:\t\tS-1-5-18\n\tAccount Name:\t\tAZAD3-OOS04$\n\tAccount Domain:\t\tAD3\n\tLogon ID:\t\t0x3E7\n\nProcess Information:\n\tProcess ID:\t0xd7744\n\tProcess Name:\tC:\\AD365\\software\\Zabbix\\zabbix_agentd.exe\n\tExit Status:\t0x0","type":"wineventlog","opcode":"Info","tags":["winlogbeat","beats_input_codec_plain_applied"],"thread_id":882228,"@timestamp":"2018-12-27T12:53:31.212Z","event_id":4689,"task":"Process Termination","provider_guid":"{54849625-5478-4994-A5BA-3E3B0328C30D}","@version":"1","beat":{"hostname":"AZAD3-OOS04","name":"AZAD3-OOS04","version":"5.6.3"},"host":"AZAD3-OOS04","fields":{"logtype":"officeonline_event"},"source_name":"Microsoft-Windows-Security-Auditing"}
{"process_id":4,"computer_name":"AZAD3-OOS01.ad3.com","keywords":["Audit Success"],"log_name":"Security","level":"Information","record_number":"106492304","event_data":{"NewProcessId":"0x188504","TokenElevationType":"%%1936","NewProcessName":"C:\\Windows\\System32\\WindowsPowerShell\\v1.0\\powershell.exe","SubjectLogonId":"0x29494","TargetLogonId":"0x0","CommandLine":"powershell  -NoProfile -File C:\\AD365\\software\\Zabbix\\Scripts\\AppPoolsStatus.ps1 \"PowerPointEditService\"","SubjectUserName":"zabbixsvc$","SubjectDomainName":"AD3","ProcessId":"0x10bf24","TargetUserName":"-","TargetDomainName":"-","SubjectUserSid":"S-1-5-21-2516547722-2112485390-2429236411-1185","TargetUserSid":"S-1-0-0"},"message":"A new process has been created.\n\nCreator Subject:\n\tSecurity ID:\t\tS-1-5-21-2516547722-2112485390-2429236411-1185\n\tAccount Name:\t\tzabbixsvc$\n\tAccount Domain:\t\tAD3\n\tLogon ID:\t\t0x29494\n\nTarget Subject:\n\tSecurity ID:\t\tS-1-0-0\n\tAccount Name:\t\t-\n\tAccount Domain:\t\t-\n\tLogon ID:\t\t0x0\n\nProcess Information:\n\tNew Process ID:\t\t0x188504\n\tNew Process Name:\tC:\\Windows\\System32\\WindowsPowerShell\\v1.0\\powershell.exe\n\tToken Elevation Type:\tTokenElevationTypeDefault (1)\n\tCreator Process ID:\t0x10bf24\n\tProcess Command Line:\tpowershell  -NoProfile -File C:\\AD365\\software\\Zabbix\\Scripts\\AppPoolsStatus.ps1 \"PowerPointEditService\"\n\nToken Elevation Type indicates the type of token that was assigned to the new process in accordance with User Account Control policy.\n\nType 1 is a full token with no privileges removed or groups disabled.  A full token is only used if User Account Control is disabled or if the user is the built-in Administrator account or a service account.\n\nType 2 is an elevated token with no privileges removed or groups disabled.  An elevated token is used when User Account Control is enabled and the user chooses to start the program using Run as administrator.  An elevated token is also used when an application is configured to always require administrative privilege or to always require maximum privilege, and the user is a member of the Administrators group.\n\nType 3 is a limited token with administrative privileges removed and administrative groups disabled.  The limited token is used when User Account Control is enabled, the application does not require administrative privilege, and the user does not choose to start the program using Run as administrator.","type":"wineventlog","opcode":"Info","version":2,"tags":["winlogbeat","beats_input_codec_plain_applied"],"thread_id":1494388,"@timestamp":"2018-12-27T12:23:37.568Z","task":"Process Creation","event_id":4688,"provider_guid":"{54849625-5478-4994-A5BA-3E3B0328C30D}","@version":"1","beat":{"hostname":"AZAD3-OOS01","name":"AZAD3-OOS01","version":"5.6.3"},"host":"AZAD3-OOS01","fields":{"logtype":"officeonline_event"},"source_name":"Microsoft-Windows-Security-Auditing"}
{"computer_name":"AZAD3-OOS02.ad3.com","process_id":4,"keywords":["Audit Success"],"log_name":"Security","level":"Information","record_number":"98493044","event_data":{"Status":"0x0","ProcessName":"C:\\Windows\\System32\\conhost.exe","SubjectUserName":"zabbixsvc$","SubjectDomainName":"AD3","SubjectLogonId":"0x1918c595bc","ProcessId":"0xc134c","SubjectUserSid":"S-1-5-21-2516547722-2112485390-2429236411-1185"},"message":"A process has exited.\n\nSubject:\n\tSecurity ID:\t\tS-1-5-21-2516547722-2112485390-2429236411-1185\n\tAccount Name:\t\tzabbixsvc$\n\tAccount Domain:\t\tAD3\n\tLogon ID:\t\t0x1918C595BC\n\nProcess Information:\n\tProcess ID:\t0xc134c\n\tProcess Name:\tC:\\Windows\\System32\\conhost.exe\n\tExit Status:\t0x0","type":"wineventlog","opcode":"Info","tags":["winlogbeat","beats_input_codec_plain_applied"],"thread_id":875068,"@timestamp":"2018-12-27T12:43:03.604Z","event_id":4689,"task":"Process Termination","provider_guid":"{54849625-5478-4994-A5BA-3E3B0328C30D}","@version":"1","beat":{"hostname":"AZAD3-OOS02","name":"AZAD3-OOS02","version":"5.6.3"},"host":"AZAD3-OOS02","fields":{"logtype":"officeonline_event"},"source_name":"Microsoft-Windows-Security-Auditing"}
{"computer_name":"AZAD3-OOS02.ad3.com","process_id":4,"keywords":["Audit Success"],"level":"Information","log_name":"Security","record_number":"98490202","event_data":{"NewProcessId":"0xd2040","TokenElevationType":"%%1936","NewProcessName":"C:\\Windows\\System32\\conhost.exe","SubjectLogonId":"0x1918c595bc","TargetLogonId":"0x0","CommandLine":"\\??\\C:\\Windows\\system32\\conhost.exe 0xffffffff","SubjectUserName":"zabbixsvc$","SubjectDomainName":"AD3","TargetUserName":"-","ProcessId":"0xd41e4","TargetDomainName":"-","SubjectUserSid":"S-1-5-21-2516547722-2112485390-2429236411-1185","TargetUserSid":"S-1-0-0"},"message":"A new process has been created.\n\nCreator Subject:\n\tSecurity ID:\t\tS-1-5-21-2516547722-2112485390-2429236411-1185\n\tAccount Name:\t\tzabbixsvc$\n\tAccount Domain:\t\tAD3\n\tLogon ID:\t\t0x1918C595BC\n\nTarget Subject:\n\tSecurity ID:\t\tS-1-0-0\n\tAccount Name:\t\t-\n\tAccount Domain:\t\t-\n\tLogon ID:\t\t0x0\n\nProcess Information:\n\tNew Process ID:\t\t0xd2040\n\tNew Process Name:\tC:\\Windows\\System32\\conhost.exe\n\tToken Elevation Type:\tTokenElevationTypeDefault (1)\n\tCreator Process ID:\t0xd41e4\n\tProcess Command Line:\t\\??\\C:\\Windows\\system32\\conhost.exe 0xffffffff\n\nToken Elevation Type indicates the type of token that was assigned to the new process in accordance with User Account Control policy.\n\nType 1 is a full token with no privileges removed or groups disabled.  A full token is only used if User Account Control is disabled or if the user is the built-in Administrator account or a service account.\n\nType 2 is an elevated token with no privileges removed or groups disabled.  An elevated token is used when User Account Control is enabled and the user chooses to start the program using Run as administrator.  An elevated token is also used when an application is configured to always require administrative privilege or to always require maximum privilege, and the user is a member of the Administrators group.\n\nType 3 is a limited token with administrative privileges removed and administrative groups disabled.  The limited token is used when User Account Control is enabled, the application does not require administrative privilege, and the user does not choose to start the program using Run as administrator.","opcode":"Info","type":"wineventlog","version":2,"tags":["winlogbeat","beats_input_codec_plain_applied"],"thread_id":743980,"@timestamp":"2018-12-27T12:27:09.554Z","task":"Process Creation","event_id":4688,"provider_guid":"{54849625-5478-4994-A5BA-3E3B0328C30D}","@version":"1","beat":{"hostname":"AZAD3-OOS02","name":"AZAD3-OOS02","version":"5.6.3"},"host":"AZAD3-OOS02","fields":{"logtype":"officeonline_event"},"source_name":"Microsoft-Windows-Security-Auditing"}
{"computer_name":"AZAD3-OOS01.ad3.com","keywords":["Classic"],"log_name":"Microsoft Office Web Apps","level":"Information","record_number":"18692410","event_data":{"param1":"<?xml version=\"1.0\" encoding=\"utf-16\"?>\n<HealthReport xmlns:xsd=\"http://www.w3.org/2001/XMLSchema\" xmlns:xsi=\"http://www.w3.org/2001/XMLSchema-instance\">\n  <HealthMessage>HealthReportingAdapter received 1 report(s) from ExcelServicesEcsWatchdog successfully.</HealthMessage>\n  <Severity xsi:nil=\"true\" />\n</HealthReport>"},"message":"<?xml version=\"1.0\" encoding=\"utf-16\"?>\n<HealthReport xmlns:xsd=\"http://www.w3.org/2001/XMLSchema\" xmlns:xsi=\"http://www.w3.org/2001/XMLSchema-instance\">\n  <HealthMessage>HealthReportingAdapter received 1 report(s) from ExcelServicesEcsWatchdog successfully.</HealthMessage>\n  <Severity xsi:nil=\"true\" />\n</HealthReport>","opcode":"Info","type":"wineventlog","tags":["winlogbeat","beats_input_codec_plain_applied"],"@timestamp":"2018-12-27T12:26:46.000Z","event_id":1092,"@version":"1","beat":{"hostname":"AZAD3-OOS01","name":"AZAD3-OOS01","version":"5.6.3"},"host":"AZAD3-OOS01","fields":{"logtype":"officeonline_event"},"source_name":"Office Web Apps Monitoring"}
{"computer_name":"AZAD3-OOS04.ad3.com","process_id":4,"keywords":["Audit Success"],"level":"Information","log_name":"Security","record_number":"97865224","event_data":{"Status":"0x0","ProcessName":"C:\\Windows\\System32\\conhost.exe","SubjectUserName":"zabbixsvc$","SubjectDomainName":"AD3","SubjectLogonId":"0x2b49f","ProcessId":"0xd4a64","SubjectUserSid":"S-1-5-21-2516547722-2112485390-2429236411-1185"},"message":"A process has exited.\n\nSubject:\n\tSecurity ID:\t\tS-1-5-21-2516547722-2112485390-2429236411-1185\n\tAccount Name:\t\tzabbixsvc$\n\tAccount Domain:\t\tAD3\n\tLogon ID:\t\t0x2B49F\n\nProcess Information:\n\tProcess ID:\t0xd4a64\n\tProcess Name:\tC:\\Windows\\System32\\conhost.exe\n\tExit Status:\t0x0","opcode":"Info","type":"wineventlog","tags":["winlogbeat","beats_input_codec_plain_applied"],"thread_id":888684,"@timestamp":"2018-12-27T12:23:55.684Z","task":"Process Termination","event_id":4689,"provider_guid":"{54849625-5478-4994-A5BA-3E3B0328C30D}","@version":"1","beat":{"hostname":"AZAD3-OOS04","name":"AZAD3-OOS04","version":"5.6.3"},"host":"AZAD3-OOS04","fields":{"logtype":"officeonline_event"},"source_name":"Microsoft-Windows-Security-Auditing"}
{"process_id":4,"computer_name":"AZAD3-OOS04.ad3.com","keywords":["Audit Success"],"log_name":"Security","level":"Information","record_number":"97868773","event_data":{"Status":"0x0","ProcessName":"C:\\Windows\\System32\\cmd.exe","SubjectUserName":"zabbixsvc$","SubjectDomainName":"AD3","SubjectLogonId":"0x2b49f","ProcessId":"0xda388","SubjectUserSid":"S-1-5-21-2516547722-2112485390-2429236411-1185"},"message":"A process has exited.\n\nSubject:\n\tSecurity ID:\t\tS-1-5-21-2516547722-2112485390-2429236411-1185\n\tAccount Name:\t\tzabbixsvc$\n\tAccount Domain:\t\tAD3\n\tLogon ID:\t\t0x2B49F\n\nProcess Information:\n\tProcess ID:\t0xda388\n\tProcess Name:\tC:\\Windows\\System32\\cmd.exe\n\tExit Status:\t0x0","type":"wineventlog","opcode":"Info","tags":["winlogbeat","beats_input_codec_plain_applied"],"thread_id":854592,"@timestamp":"2018-12-27T12:42:59.893Z","event_id":4689,"task":"Process Termination","provider_guid":"{54849625-5478-4994-A5BA-3E3B0328C30D}","@version":"1","beat":{"hostname":"AZAD3-OOS04","name":"AZAD3-OOS04","version":"5.6.3"},"host":"AZAD3-OOS04","fields":{"logtype":"officeonline_event"},"source_name":"Microsoft-Windows-Security-Auditing"}
{"computer_name":"AZAD3-OOS04.ad3.com","process_id":4,"keywords":["Audit Success"],"log_name":"Security","level":"Information","record_number":"97869157","event_data":{"NewProcessId":"0xd3fcc","TokenElevationType":"%%1936","SubjectLogonId":"0x2b49f","NewProcessName":"C:\\Windows\\System32\\conhost.exe","TargetLogonId":"0x0","SubjectUserName":"zabbixsvc$","CommandLine":"\\??\\C:\\Windows\\system32\\conhost.exe 0xffffffff","SubjectDomainName":"AD3","TargetUserName":"-","ProcessId":"0xd7924","TargetDomainName":"-","SubjectUserSid":"S-1-5-21-2516547722-2112485390-2429236411-1185","TargetUserSid":"S-1-0-0"},"message":"A new process has been created.\n\nCreator Subject:\n\tSecurity ID:\t\tS-1-5-21-2516547722-2112485390-2429236411-1185\n\tAccount Name:\t\tzabbixsvc$\n\tAccount Domain:\t\tAD3\n\tLogon ID:\t\t0x2B49F\n\nTarget Subject:\n\tSecurity ID:\t\tS-1-0-0\n\tAccount Name:\t\t-\n\tAccount Domain:\t\t-\n\tLogon ID:\t\t0x0\n\nProcess Information:\n\tNew Process ID:\t\t0xd3fcc\n\tNew Process Name:\tC:\\Windows\\System32\\conhost.exe\n\tToken Elevation Type:\tTokenElevationTypeDefault (1)\n\tCreator Process ID:\t0xd7924\n\tProcess Command Line:\t\\??\\C:\\Windows\\system32\\conhost.exe 0xffffffff\n\nToken Elevation Type indicates the type of token that was assigned to the new process in accordance with User Account Control policy.\n\nType 1 is a full token with no privileges removed or groups disabled.  A full token is only used if User Account Control is disabled or if the user is the built-in Administrator account or a service account.\n\nType 2 is an elevated token with no privileges removed or groups disabled.  An elevated token is used when User Account Control is enabled and the user chooses to start the program using Run as administrator.  An elevated token is also used when an application is configured to always require administrative privilege or to always require maximum privilege, and the user is a member of the Administrators group.\n\nType 3 is a limited token with administrative privileges removed and administrative groups disabled.  The limited token is used when User Account Control is enabled, the application does not require administrative privilege, and the user does not choose to start the program using Run as administrator.","opcode":"Info","type":"wineventlog","version":2,"tags":["winlogbeat","beats_input_codec_plain_applied"],"thread_id":866640,"@timestamp":"2018-12-27T12:45:04.228Z","task":"Process Creation","event_id":4688,"provider_guid":"{54849625-5478-4994-A5BA-3E3B0328C30D}","@version":"1","beat":{"hostname":"AZAD3-OOS04","name":"AZAD3-OOS04","version":"5.6.3"},"host":"AZAD3-OOS04","fields":{"logtype":"officeonline_event"},"source_name":"Microsoft-Windows-Security-Auditing"}
{"computer_name":"AZAD3-OOS04.ad3.com","process_id":4,"keywords":["Audit Success"],"level":"Information","log_name":"Security","record_number":"97868676","event_data":{"NewProcessId":"0xd9010","TokenElevationType":"%%1936","NewProcessName":"C:\\Windows\\System32\\WindowsPowerShell\\v1.0\\powershell.exe","SubjectLogonId":"0x2b49f","TargetLogonId":"0x0","CommandLine":"powershell  -NoProfile -File C:\\AD365\\software\\Zabbix\\Scripts\\AppPoolsName.ps1","SubjectUserName":"zabbixsvc$","SubjectDomainName":"AD3","TargetUserName":"-","ProcessId":"0xd1f60","TargetDomainName":"-","SubjectUserSid":"S-1-5-21-2516547722-2112485390-2429236411-1185","TargetUserSid":"S-1-0-0"},"message":"A new process has been created.\n\nCreator Subject:\n\tSecurity ID:\t\tS-1-5-21-2516547722-2112485390-2429236411-1185\n\tAccount Name:\t\tzabbixsvc$\n\tAccount Domain:\t\tAD3\n\tLogon ID:\t\t0x2B49F\n\nTarget Subject:\n\tSecurity ID:\t\tS-1-0-0\n\tAccount Name:\t\t-\n\tAccount Domain:\t\t-\n\tLogon ID:\t\t0x0\n\nProcess Information:\n\tNew Process ID:\t\t0xd9010\n\tNew Process Name:\tC:\\Windows\\System32\\WindowsPowerShell\\v1.0\\powershell.exe\n\tToken Elevation Type:\tTokenElevationTypeDefault (1)\n\tCreator Process ID:\t0xd1f60\n\tProcess Command Line:\tpowershell  -NoProfile -File C:\\AD365\\software\\Zabbix\\Scripts\\AppPoolsName.ps1\n\nToken Elevation Type indicates the type of token that was assigned to the new process in accordance with User Account Control policy.\n\nType 1 is a full token with no privileges removed or groups disabled.  A full token is only used if User Account Control is disabled or if the user is the built-in Administrator account or a service account.\n\nType 2 is an elevated token with no privileges removed or groups disabled.  An elevated token is used when User Account Control is enabled and the user chooses to start the program using Run as administrator.  An elevated token is also used when an application is configured to always require administrative privilege or to always require maximum privilege, and the user is a member of the Administrators group.\n\nType 3 is a limited token with administrative privileges removed and administrative groups disabled.  The limited token is used when User Account Control is enabled, the application does not require administrative privilege, and the user does not choose to start the program using Run as administrator.","opcode":"Info","type":"wineventlog","version":2,"tags":["winlogbeat","beats_input_codec_plain_applied"],"thread_id":822296,"@timestamp":"2018-12-27T12:42:29.258Z","event_id":4688,"task":"Process Creation","provider_guid":"{54849625-5478-4994-A5BA-3E3B0328C30D}","@version":"1","beat":{"hostname":"AZAD3-OOS04","name":"AZAD3-OOS04","version":"5.6.3"},"host":"AZAD3-OOS04","fields":{"logtype":"officeonline_event"},"source_name":"Microsoft-Windows-Security-Auditing"}
{"process_id":4,"computer_name":"AZAD3-OOS02.ad3.com","keywords":["Audit Success"],"log_name":"Security","level":"Information","record_number":"98489593","event_data":{"Status":"0x0","SubjectUserName":"zabbixsvc$","ProcessName":"C:\\Windows\\System32\\WindowsPowerShell\\v1.0\\powershell.exe","SubjectDomainName":"AD3","SubjectLogonId":"0x1918c595bc","ProcessId":"0xcb63c","SubjectUserSid":"S-1-5-21-2516547722-2112485390-2429236411-1185"},"message":"A process has exited.\n\nSubject:\n\tSecurity ID:\t\tS-1-5-21-2516547722-2112485390-2429236411-1185\n\tAccount Name:\t\tzabbixsvc$\n\tAccount Domain:\t\tAD3\n\tLogon ID:\t\t0x1918C595BC\n\nProcess Information:\n\tProcess ID:\t0xcb63c\n\tProcess Name:\tC:\\Windows\\System32\\WindowsPowerShell\\v1.0\\powershell.exe\n\tExit Status:\t0x0","opcode":"Info","type":"wineventlog","tags":["winlogbeat","beats_input_codec_plain_applied"],"thread_id":743980,"@timestamp":"2018-12-27T12:23:51.694Z","task":"Process Termination","event_id":4689,"provider_guid":"{54849625-5478-4994-A5BA-3E3B0328C30D}","@version":"1","beat":{"hostname":"AZAD3-OOS02","name":"AZAD3-OOS02","version":"5.6.3"},"host":"AZAD3-OOS02","fields":{"logtype":"officeonline_event"},"source_name":"Microsoft-Windows-Security-Auditing"}
{"computer_name":"AZAD3-OOS01.ad3.com","process_id":608,"keywords":["Audit Success"],"log_name":"Security","level":"Information","record_number":"106491953","event_data":{"ProcessName":"-","LogonGuid":"{18EB3C0A-3D00-86B4-EA0E-D1E74117C14B}","LogonType":"3","IpPort":"-","TransmittedServices":"-","SubjectLogonId":"0x0","LmPackageName":"-","KeyLength":"0","TargetLogonId":"0x3cae0124b5","SubjectUserName":"-","WorkstationName":"-","SubjectDomainName":"-","IpAddress":"-","ImpersonationLevel":"%%1832","ProcessId":"0x0","TargetUserName":"AZAD3-OOS03$","TargetDomainName":"AD3","LogonProcessName":"Kerberos","SubjectUserSid":"S-1-0-0","TargetUserSid":"S-1-5-21-2516547722-2112485390-2429236411-1629","AuthenticationPackageName":"Kerberos"},"message":"An account was successfully logged on.\n\nSubject:\n\tSecurity ID:\t\tS-1-0-0\n\tAccount Name:\t\t-\n\tAccount Domain:\t\t-\n\tLogon ID:\t\t0x0\n\nLogon Type:\t\t\t3\n\nImpersonation Level:\t\tIdentification\n\nNew Logon:\n\tSecurity ID:\t\tS-1-5-21-2516547722-2112485390-2429236411-1629\n\tAccount Name:\t\tAZAD3-OOS03$\n\tAccount Domain:\t\tAD3\n\tLogon ID:\t\t0x3CAE0124B5\n\tLogon GUID:\t\t{18EB3C0A-3D00-86B4-EA0E-D1E74117C14B}\n\nProcess Information:\n\tProcess ID:\t\t0x0\n\tProcess Name:\t\t-\n\nNetwork Information:\n\tWorkstation Name:\t-\n\tSource Network Address:\t-\n\tSource Port:\t\t-\n\nDetailed Authentication Information:\n\tLogon Process:\t\tKerberos\n\tAuthentication Package:\tKerberos\n\tTransited Services:\t-\n\tPackage Name (NTLM only):\t-\n\tKey Length:\t\t0\n\nThis event is generated when a logon session is created. It is generated on the computer that was accessed.\n\nThe subject fields indicate the account on the local system which requested the logon. This is most commonly a service such as the Server service, or a local process such as Winlogon.exe or Services.exe.\n\nThe logon type field indicates the kind of logon that occurred. The most common types are 2 (interactive) and 3 (network).\n\nThe New Logon fields indicate the account for whom the new logon was created, i.e. the account that was logged on.\n\nThe network fields indicate where a remote logon request originated. Workstation name is not always available and may be left blank in some cases.\n\nThe impersonation level field indicates the extent to which a process in the logon session can impersonate.\n\nThe authentication information fields provide detailed information about this specific logon request.\n\t- Logon GUID is a unique identifier that can be used to correlate this event with a KDC event.\n\t- Transited services indicate which intermediate services have participated in this logon request.\n\t- Package name indicates which sub-protocol was used among the NTLM protocols.\n\t- Key length indicates the length of the generated session key. This will be 0 if no session key was requested.","type":"wineventlog","opcode":"Info","version":1,"tags":["winlogbeat","beats_input_codec_plain_applied"],"thread_id":1105140,"@timestamp":"2018-12-27T12:22:00.987Z","event_id":4624,"task":"Logon","provider_guid":"{54849625-5478-4994-A5BA-3E3B0328C30D}","@version":"1","beat":{"hostname":"AZAD3-OOS01","name":"AZAD3-OOS01","version":"5.6.3"},"host":"AZAD3-OOS01","fields":{"logtype":"officeonline_event"},"source_name":"Microsoft-Windows-Security-Auditing"}
{"computer_name":"AZAD3-OOS02.ad3.com","process_id":4,"keywords":["Audit Success"],"log_name":"Security","level":"Information","record_number":"98495141","event_data":{"Status":"0x0","ProcessName":"C:\\Program Files (x86)\\Tanium\\Tanium Client\\Patch\\tools\\TaniumExecWrapper.exe","SubjectUserName":"AZAD3-OOS02$","SubjectDomainName":"AD3","ProcessId":"0xd4230","SubjectLogonId":"0x3e7","SubjectUserSid":"S-1-5-18"},"message":"A process has exited.\n\nSubject:\n\tSecurity ID:\t\tS-1-5-18\n\tAccount Name:\t\tAZAD3-OOS02$\n\tAccount Domain:\t\tAD3\n\tLogon ID:\t\t0x3E7\n\nProcess Information:\n\tProcess ID:\t0xd4230\n\tProcess Name:\tC:\\Program Files (x86)\\Tanium\\Tanium Client\\Patch\\tools\\TaniumExecWrapper.exe\n\tExit Status:\t0x0","type":"wineventlog","opcode":"Info","tags":["winlogbeat","beats_input_codec_plain_applied"],"thread_id":864164,"@timestamp":"2018-12-27T12:54:43.085Z","task":"Process Termination","event_id":4689,"provider_guid":"{54849625-5478-4994-A5BA-3E3B0328C30D}","@version":"1","beat":{"hostname":"AZAD3-OOS02","name":"AZAD3-OOS02","version":"5.6.3"},"host":"AZAD3-OOS02","fields":{"logtype":"officeonline_event"},"source_name":"Microsoft-Windows-Security-Auditing"}
{"computer_name":"AZAD3-OOS03.ad3.com","process_id":4,"keywords":["Audit Success"],"level":"Information","log_name":"Security","record_number":"99309549","event_data":{"Status":"0x1","SubjectUserName":"AZAD3-OOS03$","ProcessName":"C:\\Program Files (x86)\\Tanium\\Tanium Client\\TaniumClient.exe","SubjectDomainName":"AD3","SubjectLogonId":"0x3e7","ProcessId":"0x122794","SubjectUserSid":"S-1-5-18"},"message":"A process has exited.\n\nSubject:\n\tSecurity ID:\t\tS-1-5-18\n\tAccount Name:\t\tAZAD3-OOS03$\n\tAccount Domain:\t\tAD3\n\tLogon ID:\t\t0x3E7\n\nProcess Information:\n\tProcess ID:\t0x122794\n\tProcess Name:\tC:\\Program Files (x86)\\Tanium\\Tanium Client\\TaniumClient.exe\n\tExit Status:\t0x1","opcode":"Info","type":"wineventlog","tags":["winlogbeat","beats_input_codec_plain_applied"],"thread_id":1050452,"@timestamp":"2018-12-27T12:41:05.988Z","task":"Process Termination","event_id":4689,"provider_guid":"{54849625-5478-4994-A5BA-3E3B0328C30D}","@version":"1","beat":{"hostname":"AZAD3-OOS03","name":"AZAD3-OOS03","version":"5.6.3"},"host":"AZAD3-OOS03","fields":{"logtype":"officeonline_event"},"source_name":"Microsoft-Windows-Security-Auditing"}
{"process_id":4,"computer_name":"AZAD3-OOS01.ad3.com","keywords":["Audit Success"],"level":"Information","log_name":"Security","record_number":"106492141","event_data":{"NewProcessId":"0x16708c","TokenElevationType":"%%1936","SubjectLogonId":"0x29494","NewProcessName":"C:\\Windows\\System32\\WindowsPowerShell\\v1.0\\powershell.exe","TargetLogonId":"0x0","SubjectUserName":"zabbixsvc$","CommandLine":"powershell  -NoProfile -File C:\\AD365\\software\\Zabbix\\Scripts\\AppPoolsStatus.ps1 \"WordConversionService\"","SubjectDomainName":"AD3","ProcessId":"0x12ae50","TargetUserName":"-","TargetDomainName":"-","SubjectUserSid":"S-1-5-21-2516547722-2112485390-2429236411-1185","TargetUserSid":"S-1-0-0"},"message":"A new process has been created.\n\nCreator Subject:\n\tSecurity ID:\t\tS-1-5-21-2516547722-2112485390-2429236411-1185\n\tAccount Name:\t\tzabbixsvc$\n\tAccount Domain:\t\tAD3\n\tLogon ID:\t\t0x29494\n\nTarget Subject:\n\tSecurity ID:\t\tS-1-0-0\n\tAccount Name:\t\t-\n\tAccount Domain:\t\t-\n\tLogon ID:\t\t0x0\n\nProcess Information:\n\tNew Process ID:\t\t0x16708c\n\tNew Process Name:\tC:\\Windows\\System32\\WindowsPowerShell\\v1.0\\powershell.exe\n\tToken Elevation Type:\tTokenElevationTypeDefault (1)\n\tCreator Process ID:\t0x12ae50\n\tProcess Command Line:\tpowershell  -NoProfile -File C:\\AD365\\software\\Zabbix\\Scripts\\AppPoolsStatus.ps1 \"WordConversionService\"\n\nToken Elevation Type indicates the type of token that was assigned to the new process in accordance with User Account Control policy.\n\nType 1 is a full token with no privileges removed or groups disabled.  A full token is only used if User Account Control is disabled or if the user is the built-in Administrator account or a service account.\n\nType 2 is an elevated token with no privileges removed or groups disabled.  An elevated token is used when User Account Control is enabled and the user chooses to start the program using Run as administrator.  An elevated token is also used when an application is configured to always require administrative privilege or to always require maximum privilege, and the user is a member of the Administrators group.\n\nType 3 is a limited token with administrative privileges removed and administrative groups disabled.  The limited token is used when User Account Control is enabled, the application does not require administrative privilege, and the user does not choose to start the program using Run as administrator.","opcode":"Info","type":"wineventlog","version":2,"tags":["winlogbeat","beats_input_codec_plain_applied"],"thread_id":1147128,"@timestamp":"2018-12-27T12:22:47.167Z","event_id":4688,"task":"Process Creation","provider_guid":"{54849625-5478-4994-A5BA-3E3B0328C30D}","@version":"1","beat":{"hostname":"AZAD3-OOS01","name":"AZAD3-OOS01","version":"5.6.3"},"host":"AZAD3-OOS01","fields":{"logtype":"officeonline_event"},"source_name":"Microsoft-Windows-Security-Auditing"}
{"process_id":4,"computer_name":"AZAD3-OOS03.ad3.com","keywords":["Audit Success"],"log_name":"Security","level":"Information","record_number":"99311453","event_data":{"Status":"0x0","ProcessName":"C:\\Windows\\System32\\cmd.exe","SubjectUserName":"zabbixsvc$","SubjectDomainName":"AD3","SubjectLogonId":"0x37ea3","ProcessId":"0xf7470","SubjectUserSid":"S-1-5-21-2516547722-2112485390-2429236411-1185"},"message":"A process has exited.\n\nSubject:\n\tSecurity ID:\t\tS-1-5-21-2516547722-2112485390-2429236411-1185\n\tAccount Name:\t\tzabbixsvc$\n\tAccount Domain:\t\tAD3\n\tLogon ID:\t\t0x37EA3\n\nProcess Information:\n\tProcess ID:\t0xf7470\n\tProcess Name:\tC:\\Windows\\System32\\cmd.exe\n\tExit Status:\t0x0","type":"wineventlog","opcode":"Info","tags":["winlogbeat","beats_input_codec_plain_applied"],"thread_id":1087700,"@timestamp":"2018-12-27T12:51:20.910Z","event_id":4689,"task":"Process Termination","provider_guid":"{54849625-5478-4994-A5BA-3E3B0328C30D}","@version":"1","beat":{"hostname":"AZAD3-OOS03","name":"AZAD3-OOS03","version":"5.6.3"},"host":"AZAD3-OOS03","fields":{"logtype":"officeonline_event"},"source_name":"Microsoft-Windows-Security-Auditing"}
{"computer_name":"AZAD3-OOS01.ad3.com","process_id":4,"keywords":["Audit Success"],"level":"Information","log_name":"Security","record_number":"106495993","event_data":{"NewProcessId":"0xe2834","TokenElevationType":"%%1936","SubjectLogonId":"0x29494","NewProcessName":"C:\\Windows\\System32\\conhost.exe","TargetLogonId":"0x0","CommandLine":"\\??\\C:\\Windows\\system32\\conhost.exe 0xffffffff","SubjectUserName":"zabbixsvc$","SubjectDomainName":"AD3","TargetUserName":"-","ProcessId":"0xd76dc","TargetDomainName":"-","SubjectUserSid":"S-1-5-21-2516547722-2112485390-2429236411-1185","TargetUserSid":"S-1-0-0"},"message":"A new process has been created.\n\nCreator Subject:\n\tSecurity ID:\t\tS-1-5-21-2516547722-2112485390-2429236411-1185\n\tAccount Name:\t\tzabbixsvc$\n\tAccount Domain:\t\tAD3\n\tLogon ID:\t\t0x29494\n\nTarget Subject:\n\tSecurity ID:\t\tS-1-0-0\n\tAccount Name:\t\t-\n\tAccount Domain:\t\t-\n\tLogon ID:\t\t0x0\n\nProcess Information:\n\tNew Process ID:\t\t0xe2834\n\tNew Process Name:\tC:\\Windows\\System32\\conhost.exe\n\tToken Elevation Type:\tTokenElevationTypeDefault (1)\n\tCreator Process ID:\t0xd76dc\n\tProcess Command Line:\t\\??\\C:\\Windows\\system32\\conhost.exe 0xffffffff\n\nToken Elevation Type indicates the type of token that was assigned to the new process in accordance with User Account Control policy.\n\nType 1 is a full token with no privileges removed or groups disabled.  A full token is only used if User Account Control is disabled or if the user is the built-in Administrator account or a service account.\n\nType 2 is an elevated token with no privileges removed or groups disabled.  An elevated token is used when User Account Control is enabled and the user chooses to start the program using Run as administrator.  An elevated token is also used when an application is configured to always require administrative privilege or to always require maximum privilege, and the user is a member of the Administrators group.\n\nType 3 is a limited token with administrative privileges removed and administrative groups disabled.  The limited token is used when User Account Control is enabled, the application does not require administrative privilege, and the user does not choose to start the program using Run as administrator.","opcode":"Info","type":"wineventlog","version":2,"tags":["winlogbeat","beats_input_codec_plain_applied"],"thread_id":947852,"@timestamp":"2018-12-27T12:42:39.233Z","task":"Process Creation","event_id":4688,"provider_guid":"{54849625-5478-4994-A5BA-3E3B0328C30D}","@version":"1","beat":{"hostname":"AZAD3-OOS01","name":"AZAD3-OOS01","version":"5.6.3"},"host":"AZAD3-OOS01","fields":{"logtype":"officeonline_event"},"source_name":"Microsoft-Windows-Security-Auditing"}
{"computer_name":"AZAD3-OOS01.ad3.com","process_id":4,"keywords":["Audit Success"],"log_name":"Security","level":"Information","record_number":"106494752","event_data":{"Status":"0x0","SubjectUserName":"zabbixsvc$","ProcessName":"C:\\Windows\\System32\\WindowsPowerShell\\v1.0\\powershell.exe","SubjectDomainName":"AD3","SubjectLogonId":"0x29494","ProcessId":"0x15032c","SubjectUserSid":"S-1-5-21-2516547722-2112485390-2429236411-1185"},"message":"A process has exited.\n\nSubject:\n\tSecurity ID:\t\tS-1-5-21-2516547722-2112485390-2429236411-1185\n\tAccount Name:\t\tzabbixsvc$\n\tAccount Domain:\t\tAD3\n\tLogon ID:\t\t0x29494\n\nProcess Information:\n\tProcess ID:\t0x15032c\n\tProcess Name:\tC:\\Windows\\System32\\WindowsPowerShell\\v1.0\\powershell.exe\n\tExit Status:\t0x0","type":"wineventlog","opcode":"Info","tags":["winlogbeat","beats_input_codec_plain_applied"],"thread_id":1576348,"@timestamp":"2018-12-27T12:36:28.904Z","event_id":4689,"task":"Process Termination","provider_guid":"{54849625-5478-4994-A5BA-3E3B0328C30D}","@version":"1","beat":{"hostname":"AZAD3-OOS01","name":"AZAD3-OOS01","version":"5.6.3"},"host":"AZAD3-OOS01","fields":{"logtype":"officeonline_event"},"source_name":"Microsoft-Windows-Security-Auditing"}
{"computer_name":"AZAD3-OOS02.ad3.com","process_id":4,"keywords":["Audit Success"],"level":"Information","log_name":"Security","record_number":"98495232","event_data":{"Status":"0x0","ProcessName":"C:\\Windows\\System32\\cmd.exe","SubjectUserName":"zabbixsvc$","SubjectDomainName":"AD3","SubjectLogonId":"0x1918c595bc","ProcessId":"0xd3268","SubjectUserSid":"S-1-5-21-2516547722-2112485390-2429236411-1185"},"message":"A process has exited.\n\nSubject:\n\tSecurity ID:\t\tS-1-5-21-2516547722-2112485390-2429236411-1185\n\tAccount Name:\t\tzabbixsvc$\n\tAccount Domain:\t\tAD3\n\tLogon ID:\t\t0x1918C595BC\n\nProcess Information:\n\tProcess ID:\t0xd3268\n\tProcess Name:\tC:\\Windows\\System32\\cmd.exe\n\tExit Status:\t0x0","type":"wineventlog","opcode":"Info","tags":["winlogbeat","beats_input_codec_plain_applied"],"thread_id":864164,"@timestamp":"2018-12-27T12:55:07.769Z","task":"Process Termination","event_id":4689,"provider_guid":"{54849625-5478-4994-A5BA-3E3B0328C30D}","@version":"1","beat":{"hostname":"AZAD3-OOS02","name":"AZAD3-OOS02","version":"5.6.3"},"host":"AZAD3-OOS02","fields":{"logtype":"officeonline_event"},"source_name":"Microsoft-Windows-Security-Auditing"}
{"computer_name":"AZAD3-OOS03.ad3.com","process_id":4,"keywords":["Audit Success"],"log_name":"Security","level":"Information","record_number":"99308711","event_data":{"Status":"0x0","ProcessName":"C:\\Windows\\System32\\conhost.exe","SubjectUserName":"zabbixsvc$","SubjectDomainName":"AD3","ProcessId":"0x1228d4","SubjectLogonId":"0x37ea3","SubjectUserSid":"S-1-5-21-2516547722-2112485390-2429236411-1185"},"message":"A process has exited.\n\nSubject:\n\tSecurity ID:\t\tS-1-5-21-2516547722-2112485390-2429236411-1185\n\tAccount Name:\t\tzabbixsvc$\n\tAccount Domain:\t\tAD3\n\tLogon ID:\t\t0x37EA3\n\nProcess Information:\n\tProcess ID:\t0x1228d4\n\tProcess Name:\tC:\\Windows\\System32\\conhost.exe\n\tExit Status:\t0x0","opcode":"Info","type":"wineventlog","tags":["winlogbeat","beats_input_codec_plain_applied"],"thread_id":1104016,"@timestamp":"2018-12-27T12:36:29.934Z","task":"Process Termination","event_id":4689,"provider_guid":"{54849625-5478-4994-A5BA-3E3B0328C30D}","@version":"1","beat":{"hostname":"AZAD3-OOS03","name":"AZAD3-OOS03","version":"5.6.3"},"host":"AZAD3-OOS03","fields":{"logtype":"officeonline_event"},"source_name":"Microsoft-Windows-Security-Auditing"}
{"computer_name":"AZAD3-OOS01.ad3.com","keywords":["Classic"],"log_name":"Microsoft Office Web Apps","level":"Information","record_number":"18693090","event_data":{"param1":"<?xml version=\"1.0\" encoding=\"utf-16\"?>\n<HealthReport xmlns:xsd=\"http://www.w3.org/2001/XMLSchema\" xmlns:xsi=\"http://www.w3.org/2001/XMLSchema-instance\">\n  <HealthMessage>ProofingWatchdog reported status for Proofing in category 'PositiveWeb'. Reported status: Found no errors for \"good\"</HealthMessage>\n  <Severity xsi:nil=\"true\" />\n</HealthReport>"},"message":"<?xml version=\"1.0\" encoding=\"utf-16\"?>\n<HealthReport xmlns:xsd=\"http://www.w3.org/2001/XMLSchema\" xmlns:xsi=\"http://www.w3.org/2001/XMLSchema-instance\">\n  <HealthMessage>ProofingWatchdog reported status for Proofing in category 'PositiveWeb'. Reported status: Found no errors for \"good\"</HealthMessage>\n  <Severity xsi:nil=\"true\" />\n</HealthReport>","opcode":"Info","type":"wineventlog","tags":["winlogbeat","beats_input_codec_plain_applied"],"@timestamp":"2018-12-27T12:54:44.000Z","event_id":1573,"@version":"1","beat":{"hostname":"AZAD3-OOS01","name":"AZAD3-OOS01","version":"5.6.3"},"host":"AZAD3-OOS01","fields":{"logtype":"officeonline_event"},"source_name":"Office Web Apps Monitoring"}
{"process_id":4,"computer_name":"AZAD3-OOS03.ad3.com","keywords":["Audit Success"],"level":"Information","log_name":"Security","record_number":"99311791","event_data":{"Status":"0x0","ProcessName":"C:\\Windows\\System32\\conhost.exe","SubjectUserName":"zabbixsvc$","SubjectDomainName":"AD3","SubjectLogonId":"0x37ea3","ProcessId":"0xc4e7c","SubjectUserSid":"S-1-5-21-2516547722-2112485390-2429236411-1185"},"message":"A process has exited.\n\nSubject:\n\tSecurity ID:\t\tS-1-5-21-2516547722-2112485390-2429236411-1185\n\tAccount Name:\t\tzabbixsvc$\n\tAccount Domain:\t\tAD3\n\tLogon ID:\t\t0x37EA3\n\nProcess Information:\n\tProcess ID:\t0xc4e7c\n\tProcess Name:\tC:\\Windows\\System32\\conhost.exe\n\tExit Status:\t0x0","opcode":"Info","type":"wineventlog","tags":["winlogbeat","beats_input_codec_plain_applied"],"thread_id":1182484,"@timestamp":"2018-12-27T12:53:05.673Z","event_id":4689,"task":"Process Termination","provider_guid":"{54849625-5478-4994-A5BA-3E3B0328C30D}","@version":"1","beat":{"hostname":"AZAD3-OOS03","name":"AZAD3-OOS03","version":"5.6.3"},"host":"AZAD3-OOS03","fields":{"logtype":"officeonline_event"},"source_name":"Microsoft-Windows-Security-Auditing"}
{"computer_name":"AZAD3-OOS02.ad3.com","process_id":4,"keywords":["Audit Success"],"log_name":"Security","level":"Information","record_number":"98491468","event_data":{"Status":"0x0","ProcessName":"C:\\Windows\\System32\\conhost.exe","SubjectUserName":"zabbixsvc$","SubjectDomainName":"AD3","SubjectLogonId":"0x1918c595bc","ProcessId":"0xd8578","SubjectUserSid":"S-1-5-21-2516547722-2112485390-2429236411-1185"},"message":"A process has exited.\n\nSubject:\n\tSecurity ID:\t\tS-1-5-21-2516547722-2112485390-2429236411-1185\n\tAccount Name:\t\tzabbixsvc$\n\tAccount Domain:\t\tAD3\n\tLogon ID:\t\t0x1918C595BC\n\nProcess Information:\n\tProcess ID:\t0xd8578\n\tProcess Name:\tC:\\Windows\\System32\\conhost.exe\n\tExit Status:\t0x0","type":"wineventlog","opcode":"Info","tags":["winlogbeat","beats_input_codec_plain_applied"],"thread_id":880892,"@timestamp":"2018-12-27T12:34:07.257Z","event_id":4689,"task":"Process Termination","provider_guid":"{54849625-5478-4994-A5BA-3E3B0328C30D}","@version":"1","beat":{"hostname":"AZAD3-OOS02","name":"AZAD3-OOS02","version":"5.6.3"},"host":"AZAD3-OOS02","fields":{"logtype":"officeonline_event"},"source_name":"Microsoft-Windows-Security-Auditing"}
{"process_id":4,"computer_name":"AZAD3-OOS04.ad3.com","keywords":["Audit Success"],"level":"Information","log_name":"Security","record_number":"97865737","event_data":{"Status":"0x0","SubjectUserName":"zabbixsvc$","ProcessName":"C:\\Windows\\System32\\cmd.exe","SubjectDomainName":"AD3","SubjectLogonId":"0x2b49f","ProcessId":"0xd26b8","SubjectUserSid":"S-1-5-21-2516547722-2112485390-2429236411-1185"},"message":"A process has exited.\n\nSubject:\n\tSecurity ID:\t\tS-1-5-21-2516547722-2112485390-2429236411-1185\n\tAccount Name:\t\tzabbixsvc$\n\tAccount Domain:\t\tAD3\n\tLogon ID:\t\t0x2B49F\n\nProcess Information:\n\tProcess ID:\t0xd26b8\n\tProcess Name:\tC:\\Windows\\System32\\cmd.exe\n\tExit Status:\t0x0","opcode":"Info","type":"wineventlog","tags":["winlogbeat","beats_input_codec_plain_applied"],"thread_id":827132,"@timestamp":"2018-12-27T12:26:54.356Z","event_id":4689,"task":"Process Termination","provider_guid":"{54849625-5478-4994-A5BA-3E3B0328C30D}","@version":"1","beat":{"hostname":"AZAD3-OOS04","name":"AZAD3-OOS04","version":"5.6.3"},"host":"AZAD3-OOS04","fields":{"logtype":"officeonline_event"},"source_name":"Microsoft-Windows-Security-Auditing"}
{"process_id":4,"computer_name":"AZAD3-OOS01.ad3.com","keywords":["Audit Success"],"level":"Information","log_name":"Security","record_number":"106496840","event_data":{"NewProcessId":"0x10aa54","TokenElevationType":"%%1936","SubjectLogonId":"0x3e7","NewProcessName":"C:\\Program Files (x86)\\Tanium\\Tanium Client\\Patch\\tools\\TaniumFileInfo.exe","TargetLogonId":"0x0","CommandLine":"\"C:\\Program Files (x86)\\Tanium\\Tanium Client\\Patch\\tools\\TaniumFileInfo.exe\" --no-index --timeout 50 attrs --column sha256 \"C:\\Program Files (x86)\\Tanium\\Tanium Client\\Patch\\blacklists\\configurations\\blacklist-4.xml\"","SubjectUserName":"AZAD3-OOS01$","SubjectDomainName":"AD3","TargetUserName":"-","ProcessId":"0x1019c0","TargetDomainName":"-","SubjectUserSid":"S-1-5-18","TargetUserSid":"S-1-0-0"},"message":"A new process has been created.\n\nCreator Subject:\n\tSecurity ID:\t\tS-1-5-18\n\tAccount Name:\t\tAZAD3-OOS01$\n\tAccount Domain:\t\tAD3\n\tLogon ID:\t\t0x3E7\n\nTarget Subject:\n\tSecurity ID:\t\tS-1-0-0\n\tAccount Name:\t\t-\n\tAccount Domain:\t\t-\n\tLogon ID:\t\t0x0\n\nProcess Information:\n\tNew Process ID:\t\t0x10aa54\n\tNew Process Name:\tC:\\Program Files (x86)\\Tanium\\Tanium Client\\Patch\\tools\\TaniumFileInfo.exe\n\tToken Elevation Type:\tTokenElevationTypeDefault (1)\n\tCreator Process ID:\t0x1019c0\n\tProcess Command Line:\t\"C:\\Program Files (x86)\\Tanium\\Tanium Client\\Patch\\tools\\TaniumFileInfo.exe\" --no-index --timeout 50 attrs --column sha256 \"C:\\Program Files (x86)\\Tanium\\Tanium Client\\Patch\\blacklists\\configurations\\blacklist-4.xml\"\n\nToken Elevation Type indicates the type of token that was assigned to the new process in accordance with User Account Control policy.\n\nType 1 is a full token with no privileges removed or groups disabled.  A full token is only used if User Account Control is disabled or if the user is the built-in Administrator account or a service account.\n\nType 2 is an elevated token with no privileges removed or groups disabled.  An elevated token is used when User Account Control is enabled and the user chooses to start the program using Run as administrator.  An elevated token is also used when an application is configured to always require administrative privilege or to always require maximum privilege, and the user is a member of the Administrators group.\n\nType 3 is a limited token with administrative privileges removed and administrative groups disabled.  The limited token is used when User Account Control is enabled, the application does not require administrative privilege, and the user does not choose to start the program using Run as administrator.","opcode":"Info","type":"wineventlog","version":2,"tags":["winlogbeat","beats_input_codec_plain_applied"],"thread_id":1540128,"@timestamp":"2018-12-27T12:46:35.968Z","event_id":4688,"task":"Process Creation","provider_guid":"{54849625-5478-4994-A5BA-3E3B0328C30D}","@version":"1","beat":{"hostname":"AZAD3-OOS01","name":"AZAD3-OOS01","version":"5.6.3"},"host":"AZAD3-OOS01","fields":{"logtype":"officeonline_event"},"source_name":"Microsoft-Windows-Security-Auditing"}
