{"process_id":4,"computer_name":"AZAD3-OOS04.ad3.com","keywords":["Audit Success"],"log_name":"Security","level":"Information","record_number":"97870384","event_data":{"NewProcessId":"0xd7df8","TokenElevationType":"%%1936","SubjectLogonId":"0x2b49f","NewProcessName":"C:\\Windows\\System32\\cmd.exe","TargetLogonId":"0x0","SubjectUserName":"zabbixsvc$","CommandLine":"cmd /C \"powershell -NoProfile -File C:\\AD365\\software\\Zabbix\\Scripts\\AppPoolsStatus.ps1 \"OpenFromUrlHost\"\"","SubjectDomainName":"AD3","TargetUserName":"-","ProcessId":"0x8b8","TargetDomainName":"-","SubjectUserSid":"S-1-5-21-2516547722-2112485390-2429236411-1185","TargetUserSid":"S-1-0-0"},"message":"A new process has been created.\n\nCreator Subject:\n\tSecurity ID:\t\tS-1-5-21-2516547722-2112485390-2429236411-1185\n\tAccount Name:\t\tzabbixsvc$\n\tAccount Domain:\t\tAD3\n\tLogon ID:\t\t0x2B49F\n\nTarget Subject:\n\tSecurity ID:\t\tS-1-0-0\n\tAccount Name:\t\t-\n\tAccount Domain:\t\t-\n\tLogon ID:\t\t0x0\n\nProcess Information:\n\tNew Process ID:\t\t0xd7df8\n\tNew Process Name:\tC:\\Windows\\System32\\cmd.exe\n\tToken Elevation Type:\tTokenElevationTypeDefault (1)\n\tCreator Process ID:\t0x8b8\n\tProcess Command Line:\tcmd /C \"powershell -NoProfile -File C:\\AD365\\software\\Zabbix\\Scripts\\AppPoolsStatus.ps1 \"OpenFromUrlHost\"\"\n\nToken Elevation Type indicates the type of token that was assigned to the new process in accordance with User Account Control policy.\n\nType 1 is a full token with no privileges removed or groups disabled.  A full token is only used if User Account Control is disabled or if the user is the built-in Administrator account or a service account.\n\nType 2 is an elevated token with no privileges removed or groups disabled.  An elevated token is used when User Account Control is enabled and the user chooses to start the program using Run as administrator.  An elevated token is also used when an application is configured to always require administrative privilege or to always require maximum privilege, and the user is a member of the Administrators group.\n\nType 3 is a limited token with administrative privileges removed and administrative groups disabled.  The limited token is used when User Account Control is enabled, the application does not require administrative privilege, and the user does not choose to start the program using Run as administrator.","opcode":"Info","type":"wineventlog","version":2,"tags":["winlogbeat","beats_input_codec_plain_applied"],"thread_id":805432,"@timestamp":"2018-12-27T12:52:00.166Z","task":"Process Creation","event_id":4688,"provider_guid":"{54849625-5478-4994-A5BA-3E3B0328C30D}","@version":"1","beat":{"hostname":"AZAD3-OOS04","name":"AZAD3-OOS04","version":"5.6.3"},"host":"AZAD3-OOS04","fields":{"logtype":"officeonline_event"},"source_name":"Microsoft-Windows-Security-Auditing"}
{"computer_name":"AZAD3-OOS01.ad3.com","process_id":4,"keywords":["Audit Success"],"log_name":"Security","level":"Information","record_number":"106494402","event_data":{"NewProcessId":"0xd7f84","TokenElevationType":"%%1936","SubjectLogonId":"0x29494","NewProcessName":"C:\\Windows\\System32\\cmd.exe","TargetLogonId":"0x0","SubjectUserName":"zabbixsvc$","CommandLine":"cmd /C \"powershell -NoProfile -File C:\\AD365\\software\\Zabbix\\Scripts\\AppPoolsStatus.ps1 \"ExcelServicesWfe\"\"","SubjectDomainName":"AD3","TargetUserName":"-","ProcessId":"0x978","TargetDomainName":"-","SubjectUserSid":"S-1-5-21-2516547722-2112485390-2429236411-1185","TargetUserSid":"S-1-0-0"},"message":"A new process has been created.\n\nCreator Subject:\n\tSecurity ID:\t\tS-1-5-21-2516547722-2112485390-2429236411-1185\n\tAccount Name:\t\tzabbixsvc$\n\tAccount Domain:\t\tAD3\n\tLogon ID:\t\t0x29494\n\nTarget Subject:\n\tSecurity ID:\t\tS-1-0-0\n\tAccount Name:\t\t-\n\tAccount Domain:\t\t-\n\tLogon ID:\t\t0x0\n\nProcess Information:\n\tNew Process ID:\t\t0xd7f84\n\tNew Process Name:\tC:\\Windows\\System32\\cmd.exe\n\tToken Elevation Type:\tTokenElevationTypeDefault (1)\n\tCreator Process ID:\t0x978\n\tProcess Command Line:\tcmd /C \"powershell -NoProfile -File C:\\AD365\\software\\Zabbix\\Scripts\\AppPoolsStatus.ps1 \"ExcelServicesWfe\"\"\n\nToken Elevation Type indicates the type of token that was assigned to the new process in accordance with User Account Control policy.\n\nType 1 is a full token with no privileges removed or groups disabled.  A full token is only used if User Account Control is disabled or if the user is the built-in Administrator account or a service account.\n\nType 2 is an elevated token with no privileges removed or groups disabled.  An elevated token is used when User Account Control is enabled and the user chooses to start the program using Run as administrator.  An elevated token is also used when an application is configured to always require administrative privilege or to always require maximum privilege, and the user is a member of the Administrators group.\n\nType 3 is a limited token with administrative privileges removed and administrative groups disabled.  The limited token is used when User Account Control is enabled, the application does not require administrative privilege, and the user does not choose to start the program using Run as administrator.","opcode":"Info","type":"wineventlog","version":2,"tags":["winlogbeat","beats_input_codec_plain_applied"],"thread_id":1301744,"@timestamp":"2018-12-27T12:34:29.259Z","event_id":4688,"task":"Process Creation","provider_guid":"{54849625-5478-4994-A5BA-3E3B0328C30D}","@version":"1","beat":{"hostname":"AZAD3-OOS01","name":"AZAD3-OOS01","version":"5.6.3"},"host":"AZAD3-OOS01","fields":{"logtype":"officeonline_event"},"source_name":"Microsoft-Windows-Security-Auditing"}
{"computer_name":"AZAD3-OOS03.ad3.com","keywords":["Classic"],"level":"Information","log_name":"Microsoft Office Web Apps","record_number":"16636366","event_data":{"param1":"<?xml version=\"1.0\" encoding=\"utf-16\"?>\n<HealthReport xmlns:xsd=\"http://www.w3.org/2001/XMLSchema\" xmlns:xsi=\"http://www.w3.org/2001/XMLSchema-instance\">\n  <HealthMessage>HealthReportingAdapter received 1 report(s) from HostingServiceWatchdog successfully.</HealthMessage>\n  <Severity xsi:nil=\"true\" />\n</HealthReport>"},"message":"<?xml version=\"1.0\" encoding=\"utf-16\"?>\n<HealthReport xmlns:xsd=\"http://www.w3.org/2001/XMLSchema\" xmlns:xsi=\"http://www.w3.org/2001/XMLSchema-instance\">\n  <HealthMessage>HealthReportingAdapter received 1 report(s) from HostingServiceWatchdog successfully.</HealthMessage>\n  <Severity xsi:nil=\"true\" />\n</HealthReport>","opcode":"Info","type":"wineventlog","tags":["winlogbeat","beats_input_codec_plain_applied"],"@timestamp":"2018-12-27T12:25:23.000Z","event_id":1145,"@version":"1","beat":{"hostname":"AZAD3-OOS03","name":"AZAD3-OOS03","version":"5.6.3"},"host":"AZAD3-OOS03","fields":{"logtype":"officeonline_event"},"source_name":"Office Web Apps Monitoring"}
{"computer_name":"AZAD3-OOS04.ad3.com","process_id":4,"keywords":["Audit Success"],"level":"Information","log_name":"Security","record_number":"97865660","event_data":{"NewProcessId":"0xb9d80","TokenElevationType":"%%1936","SubjectLogonId":"0x2b49f","NewProcessName":"C:\\Windows\\System32\\cmd.exe","TargetLogonId":"0x0","SubjectUserName":"zabbixsvc$","CommandLine":"cmd /C \"powershell -NoProfile -File C:\\AD365\\software\\Zabbix\\Scripts\\AppPoolsStatus.ps1 \"WebWordEditorSaveService\"\"","SubjectDomainName":"AD3","ProcessId":"0x8b8","TargetUserName":"-","TargetDomainName":"-","SubjectUserSid":"S-1-5-21-2516547722-2112485390-2429236411-1185","TargetUserSid":"S-1-0-0"},"message":"A new process has been created.\n\nCreator Subject:\n\tSecurity ID:\t\tS-1-5-21-2516547722-2112485390-2429236411-1185\n\tAccount Name:\t\tzabbixsvc$\n\tAccount Domain:\t\tAD3\n\tLogon ID:\t\t0x2B49F\n\nTarget Subject:\n\tSecurity ID:\t\tS-1-0-0\n\tAccount Name:\t\t-\n\tAccount Domain:\t\t-\n\tLogon ID:\t\t0x0\n\nProcess Information:\n\tNew Process ID:\t\t0xb9d80\n\tNew Process Name:\tC:\\Windows\\System32\\cmd.exe\n\tToken Elevation Type:\tTokenElevationTypeDefault (1)\n\tCreator Process ID:\t0x8b8\n\tProcess Command Line:\tcmd /C \"powershell -NoProfile -File C:\\AD365\\software\\Zabbix\\Scripts\\AppPoolsStatus.ps1 \"WebWordEditorSaveService\"\"\n\nToken Elevation Type indicates the type of token that was assigned to the new process in accordance with User Account Control policy.\n\nType 1 is a full token with no privileges removed or groups disabled.  A full token is only used if User Account Control is disabled or if the user is the built-in Administrator account or a service account.\n\nType 2 is an elevated token with no privileges removed or groups disabled.  An elevated token is used when User Account Control is enabled and the user chooses to start the program using Run as administrator.  An elevated token is also used when an application is configured to always require administrative privilege or to always require maximum privilege, and the user is a member of the Administrators group.\n\nType 3 is a limited token with administrative privileges removed and administrative groups disabled.  The limited token is used when User Account Control is enabled, the application does not require administrative privilege, and the user does not choose to start the program using Run as administrator.","opcode":"Info","type":"wineventlog","version":2,"tags":["winlogbeat","beats_input_codec_plain_applied"],"thread_id":882228,"@timestamp":"2018-12-27T12:26:08.535Z","event_id":4688,"task":"Process Creation","provider_guid":"{54849625-5478-4994-A5BA-3E3B0328C30D}","@version":"1","beat":{"hostname":"AZAD3-OOS04","name":"AZAD3-OOS04","version":"5.6.3"},"host":"AZAD3-OOS04","fields":{"logtype":"officeonline_event"},"source_name":"Microsoft-Windows-Security-Auditing"}
{"computer_name":"AZAD3-OOS03.ad3.com","process_id":4,"keywords":["Audit Success"],"log_name":"Security","level":"Information","record_number":"99308423","event_data":{"Status":"0x0","ProcessName":"C:\\Windows\\System32\\conhost.exe","SubjectUserName":"zabbixsvc$","SubjectDomainName":"AD3","ProcessId":"0xe67c0","SubjectLogonId":"0x37ea3","SubjectUserSid":"S-1-5-21-2516547722-2112485390-2429236411-1185"},"message":"A process has exited.\n\nSubject:\n\tSecurity ID:\t\tS-1-5-21-2516547722-2112485390-2429236411-1185\n\tAccount Name:\t\tzabbixsvc$\n\tAccount Domain:\t\tAD3\n\tLogon ID:\t\t0x37EA3\n\nProcess Information:\n\tProcess ID:\t0xe67c0\n\tProcess Name:\tC:\\Windows\\System32\\conhost.exe\n\tExit Status:\t0x0","opcode":"Info","type":"wineventlog","tags":["winlogbeat","beats_input_codec_plain_applied"],"thread_id":814728,"@timestamp":"2018-12-27T12:34:45.620Z","task":"Process Termination","event_id":4689,"provider_guid":"{54849625-5478-4994-A5BA-3E3B0328C30D}","@version":"1","beat":{"hostname":"AZAD3-OOS03","name":"AZAD3-OOS03","version":"5.6.3"},"host":"AZAD3-OOS03","fields":{"logtype":"officeonline_event"},"source_name":"Microsoft-Windows-Security-Auditing"}
{"computer_name":"AZAD3-OOS02.ad3.com","process_id":4,"keywords":["Audit Success"],"level":"Information","log_name":"Security","record_number":"98490044","event_data":{"NewProcessId":"0xd61f8","TokenElevationType":"%%1936","SubjectLogonId":"0x1918c595bc","NewProcessName":"C:\\Windows\\System32\\cmd.exe","TargetLogonId":"0x0","SubjectUserName":"zabbixsvc$","CommandLine":"cmd /C \"powershell -NoProfile -File C:\\AD365\\software\\Zabbix\\Scripts\\AppPoolsStatus.ps1 \"PowerPointEditService\"\"","SubjectDomainName":"AD3","ProcessId":"0xd63b8","TargetUserName":"-","TargetDomainName":"-","SubjectUserSid":"S-1-5-21-2516547722-2112485390-2429236411-1185","TargetUserSid":"S-1-0-0"},"message":"A new process has been created.\n\nCreator Subject:\n\tSecurity ID:\t\tS-1-5-21-2516547722-2112485390-2429236411-1185\n\tAccount Name:\t\tzabbixsvc$\n\tAccount Domain:\t\tAD3\n\tLogon ID:\t\t0x1918C595BC\n\nTarget Subject:\n\tSecurity ID:\t\tS-1-0-0\n\tAccount Name:\t\t-\n\tAccount Domain:\t\t-\n\tLogon ID:\t\t0x0\n\nProcess Information:\n\tNew Process ID:\t\t0xd61f8\n\tNew Process Name:\tC:\\Windows\\System32\\cmd.exe\n\tToken Elevation Type:\tTokenElevationTypeDefault (1)\n\tCreator Process ID:\t0xd63b8\n\tProcess Command Line:\tcmd /C \"powershell -NoProfile -File C:\\AD365\\software\\Zabbix\\Scripts\\AppPoolsStatus.ps1 \"PowerPointEditService\"\"\n\nToken Elevation Type indicates the type of token that was assigned to the new process in accordance with User Account Control policy.\n\nType 1 is a full token with no privileges removed or groups disabled.  A full token is only used if User Account Control is disabled or if the user is the built-in Administrator account or a service account.\n\nType 2 is an elevated token with no privileges removed or groups disabled.  An elevated token is used when User Account Control is enabled and the user chooses to start the program using Run as administrator.  An elevated token is also used when an application is configured to always require administrative privilege or to always require maximum privilege, and the user is a member of the Administrators group.\n\nType 3 is a limited token with administrative privileges removed and administrative groups disabled.  The limited token is used when User Account Control is enabled, the application does not require administrative privilege, and the user does not choose to start the program using Run as administrator.","opcode":"Info","type":"wineventlog","version":2,"tags":["winlogbeat","beats_input_codec_plain_applied"],"thread_id":880788,"@timestamp":"2018-12-27T12:26:12.335Z","task":"Process Creation","event_id":4688,"provider_guid":"{54849625-5478-4994-A5BA-3E3B0328C30D}","@version":"1","beat":{"hostname":"AZAD3-OOS02","name":"AZAD3-OOS02","version":"5.6.3"},"host":"AZAD3-OOS02","fields":{"logtype":"officeonline_event"},"source_name":"Microsoft-Windows-Security-Auditing"}
{"computer_name":"AZAD3-OOS04.ad3.com","keywords":["Classic"],"log_name":"Microsoft Office Web Apps","level":"Information","record_number":"16573584","event_data":{"param1":"<?xml version=\"1.0\" encoding=\"utf-16\"?>\n<HealthReport xmlns:xsd=\"http://www.w3.org/2001/XMLSchema\" xmlns:xsi=\"http://www.w3.org/2001/XMLSchema-instance\">\n  <HealthMessage>HealthReportingAdapter received 2 report(s) from WebOneNoteWatchdog successfully.</HealthMessage>\n  <Severity xsi:nil=\"true\" />\n</HealthReport>"},"message":"<?xml version=\"1.0\" encoding=\"utf-16\"?>\n<HealthReport xmlns:xsd=\"http://www.w3.org/2001/XMLSchema\" xmlns:xsi=\"http://www.w3.org/2001/XMLSchema-instance\">\n  <HealthMessage>HealthReportingAdapter received 2 report(s) from WebOneNoteWatchdog successfully.</HealthMessage>\n  <Severity xsi:nil=\"true\" />\n</HealthReport>","opcode":"Info","type":"wineventlog","tags":["winlogbeat","beats_input_codec_plain_applied"],"@timestamp":"2018-12-27T12:25:34.000Z","event_id":1692,"@version":"1","beat":{"hostname":"AZAD3-OOS04","name":"AZAD3-OOS04","version":"5.6.3"},"host":"AZAD3-OOS04","fields":{"logtype":"officeonline_event"},"source_name":"Office Web Apps Monitoring"}
{"computer_name":"AZAD3-OOS02.ad3.com","process_id":4,"keywords":["Audit Success"],"level":"Information","log_name":"Security","record_number":"98494756","event_data":{"NewProcessId":"0xd9114","TokenElevationType":"%%1936","SubjectLogonId":"0x1918c595bc","NewProcessName":"C:\\Windows\\System32\\cmd.exe","TargetLogonId":"0x0","SubjectUserName":"zabbixsvc$","CommandLine":"cmd /C \"powershell -NoProfile -File C:\\AD365\\software\\Zabbix\\Scripts\\AppPoolsStatus.ps1 \"WordConversionService\"\"","SubjectDomainName":"AD3","ProcessId":"0xd63b8","TargetUserName":"-","TargetDomainName":"-","SubjectUserSid":"S-1-5-21-2516547722-2112485390-2429236411-1185","TargetUserSid":"S-1-0-0"},"message":"A new process has been created.\n\nCreator Subject:\n\tSecurity ID:\t\tS-1-5-21-2516547722-2112485390-2429236411-1185\n\tAccount Name:\t\tzabbixsvc$\n\tAccount Domain:\t\tAD3\n\tLogon ID:\t\t0x1918C595BC\n\nTarget Subject:\n\tSecurity ID:\t\tS-1-0-0\n\tAccount Name:\t\t-\n\tAccount Domain:\t\t-\n\tLogon ID:\t\t0x0\n\nProcess Information:\n\tNew Process ID:\t\t0xd9114\n\tNew Process Name:\tC:\\Windows\\System32\\cmd.exe\n\tToken Elevation Type:\tTokenElevationTypeDefault (1)\n\tCreator Process ID:\t0xd63b8\n\tProcess Command Line:\tcmd /C \"powershell -NoProfile -File C:\\AD365\\software\\Zabbix\\Scripts\\AppPoolsStatus.ps1 \"WordConversionService\"\"\n\nToken Elevation Type indicates the type of token that was assigned to the new process in accordance with User Account Control policy.\n\nType 1 is a full token with no privileges removed or groups disabled.  A full token is only used if User Account Control is disabled or if the user is the built-in Administrator account or a service account.\n\nType 2 is an elevated token with no privileges removed or groups disabled.  An elevated token is used when User Account Control is enabled and the user chooses to start the program using Run as administrator.  An elevated token is also used when an application is configured to always require administrative privilege or to always require maximum privilege, and the user is a member of the Administrators group.\n\nType 3 is a limited token with administrative privileges removed and administrative groups disabled.  The limited token is used when User Account Control is enabled, the application does not require administrative privilege, and the user does not choose to start the program using Run as administrator.","type":"wineventlog","opcode":"Info","version":2,"tags":["winlogbeat","beats_input_codec_plain_applied"],"thread_id":743980,"@timestamp":"2018-12-27T12:52:20.238Z","event_id":4688,"task":"Process Creation","provider_guid":"{54849625-5478-4994-A5BA-3E3B0328C30D}","@version":"1","beat":{"hostname":"AZAD3-OOS02","name":"AZAD3-OOS02","version":"5.6.3"},"host":"AZAD3-OOS02","fields":{"logtype":"officeonline_event"},"source_name":"Microsoft-Windows-Security-Auditing"}
{"computer_name":"AZAD3-OOS04.ad3.com","process_id":4,"keywords":["Audit Success"],"log_name":"Security","level":"Information","record_number":"97868020","event_data":{"Status":"0x0","SubjectUserName":"zabbixsvc$","ProcessName":"C:\\Windows\\System32\\WindowsPowerShell\\v1.0\\powershell.exe","SubjectDomainName":"AD3","SubjectLogonId":"0x2b49f","ProcessId":"0xd9de8","SubjectUserSid":"S-1-5-21-2516547722-2112485390-2429236411-1185"},"message":"A process has exited.\n\nSubject:\n\tSecurity ID:\t\tS-1-5-21-2516547722-2112485390-2429236411-1185\n\tAccount Name:\t\tzabbixsvc$\n\tAccount Domain:\t\tAD3\n\tLogon ID:\t\t0x2B49F\n\nProcess Information:\n\tProcess ID:\t0xd9de8\n\tProcess Name:\tC:\\Windows\\System32\\WindowsPowerShell\\v1.0\\powershell.exe\n\tExit Status:\t0x0","type":"wineventlog","opcode":"Info","tags":["winlogbeat","beats_input_codec_plain_applied"],"thread_id":805432,"@timestamp":"2018-12-27T12:38:53.905Z","event_id":4689,"task":"Process Termination","provider_guid":"{54849625-5478-4994-A5BA-3E3B0328C30D}","@version":"1","beat":{"hostname":"AZAD3-OOS04","name":"AZAD3-OOS04","version":"5.6.3"},"host":"AZAD3-OOS04","fields":{"logtype":"officeonline_event"},"source_name":"Microsoft-Windows-Security-Auditing"}
{"process_id":4,"computer_name":"AZAD3-OOS01.ad3.com","keywords":["Audit Success"],"log_name":"Security","level":"Information","record_number":"106496409","event_data":{"Status":"0x0","ProcessName":"C:\\Windows\\System32\\WindowsPowerShell\\v1.0\\powershell.exe","SubjectUserName":"zabbixsvc$","SubjectDomainName":"AD3","SubjectLogonId":"0x29494","ProcessId":"0xfd01c","SubjectUserSid":"S-1-5-21-2516547722-2112485390-2429236411-1185"},"message":"A process has exited.\n\nSubject:\n\tSecurity ID:\t\tS-1-5-21-2516547722-2112485390-2429236411-1185\n\tAccount Name:\t\tzabbixsvc$\n\tAccount Domain:\t\tAD3\n\tLogon ID:\t\t0x29494\n\nProcess Information:\n\tProcess ID:\t0xfd01c\n\tProcess Name:\tC:\\Windows\\System32\\WindowsPowerShell\\v1.0\\powershell.exe\n\tExit Status:\t0x0","type":"wineventlog","opcode":"Info","tags":["winlogbeat","beats_input_codec_plain_applied"],"thread_id":1481456,"@timestamp":"2018-12-27T12:44:34.916Z","event_id":4689,"task":"Process Termination","provider_guid":"{54849625-5478-4994-A5BA-3E3B0328C30D}","@version":"1","beat":{"hostname":"AZAD3-OOS01","name":"AZAD3-OOS01","version":"5.6.3"},"host":"AZAD3-OOS01","fields":{"logtype":"officeonline_event"},"source_name":"Microsoft-Windows-Security-Auditing"}
{"computer_name":"AZAD3-OOS04.ad3.com","process_id":4,"keywords":["Audit Success"],"log_name":"Security","level":"Information","record_number":"97868662","event_data":{"Status":"0x0","ProcessName":"C:\\Windows\\System32\\cmd.exe","SubjectUserName":"zabbixsvc$","SubjectDomainName":"AD3","ProcessId":"0xd9de4","SubjectLogonId":"0x2b49f","SubjectUserSid":"S-1-5-21-2516547722-2112485390-2429236411-1185"},"message":"A process has exited.\n\nSubject:\n\tSecurity ID:\t\tS-1-5-21-2516547722-2112485390-2429236411-1185\n\tAccount Name:\t\tzabbixsvc$\n\tAccount Domain:\t\tAD3\n\tLogon ID:\t\t0x2B49F\n\nProcess Information:\n\tProcess ID:\t0xd9de4\n\tProcess Name:\tC:\\Windows\\System32\\cmd.exe\n\tExit Status:\t0x0","opcode":"Info","type":"wineventlog","tags":["winlogbeat","beats_input_codec_plain_applied"],"thread_id":827132,"@timestamp":"2018-12-27T12:42:10.371Z","task":"Process Termination","event_id":4689,"provider_guid":"{54849625-5478-4994-A5BA-3E3B0328C30D}","@version":"1","beat":{"hostname":"AZAD3-OOS04","name":"AZAD3-OOS04","version":"5.6.3"},"host":"AZAD3-OOS04","fields":{"logtype":"officeonline_event"},"source_name":"Microsoft-Windows-Security-Auditing"}
{"computer_name":"AZAD3-OOS04.ad3.com","process_id":4,"keywords":["Audit Success"],"log_name":"Security","level":"Information","record_number":"97868745","event_data":{"NewProcessId":"0xd4874","TokenElevationType":"%%1936","NewProcessName":"C:\\Windows\\System32\\WindowsPowerShell\\v1.0\\powershell.exe","SubjectLogonId":"0x2b49f","TargetLogonId":"0x0","SubjectUserName":"zabbixsvc$","CommandLine":"powershell  -NoProfile -File C:\\AD365\\software\\Zabbix\\Scripts\\AppPoolsStatus.ps1 \"HostingService\"","SubjectDomainName":"AD3","ProcessId":"0xc9524","TargetUserName":"-","TargetDomainName":"-","SubjectUserSid":"S-1-5-21-2516547722-2112485390-2429236411-1185","TargetUserSid":"S-1-0-0"},"message":"A new process has been created.\n\nCreator Subject:\n\tSecurity ID:\t\tS-1-5-21-2516547722-2112485390-2429236411-1185\n\tAccount Name:\t\tzabbixsvc$\n\tAccount Domain:\t\tAD3\n\tLogon ID:\t\t0x2B49F\n\nTarget Subject:\n\tSecurity ID:\t\tS-1-0-0\n\tAccount Name:\t\t-\n\tAccount Domain:\t\t-\n\tLogon ID:\t\t0x0\n\nProcess Information:\n\tNew Process ID:\t\t0xd4874\n\tNew Process Name:\tC:\\Windows\\System32\\WindowsPowerShell\\v1.0\\powershell.exe\n\tToken Elevation Type:\tTokenElevationTypeDefault (1)\n\tCreator Process ID:\t0xc9524\n\tProcess Command Line:\tpowershell  -NoProfile -File C:\\AD365\\software\\Zabbix\\Scripts\\AppPoolsStatus.ps1 \"HostingService\"\n\nToken Elevation Type indicates the type of token that was assigned to the new process in accordance with User Account Control policy.\n\nType 1 is a full token with no privileges removed or groups disabled.  A full token is only used if User Account Control is disabled or if the user is the built-in Administrator account or a service account.\n\nType 2 is an elevated token with no privileges removed or groups disabled.  An elevated token is used when User Account Control is enabled and the user chooses to start the program using Run as administrator.  An elevated token is also used when an application is configured to always require administrative privilege or to always require maximum privilege, and the user is a member of the Administrators group.\n\nType 3 is a limited token with administrative privileges removed and administrative groups disabled.  The limited token is used when User Account Control is enabled, the application does not require administrative privilege, and the user does not choose to start the program using Run as administrator.","type":"wineventlog","opcode":"Info","version":2,"tags":["winlogbeat","beats_input_codec_plain_applied"],"thread_id":882228,"@timestamp":"2018-12-27T12:42:56.048Z","task":"Process Creation","event_id":4688,"provider_guid":"{54849625-5478-4994-A5BA-3E3B0328C30D}","@version":"1","beat":{"hostname":"AZAD3-OOS04","name":"AZAD3-OOS04","version":"5.6.3"},"host":"AZAD3-OOS04","fields":{"logtype":"officeonline_event"},"source_name":"Microsoft-Windows-Security-Auditing"}
{"process_id":4,"computer_name":"AZAD3-OOS03.ad3.com","keywords":["Audit Success"],"level":"Information","log_name":"Security","record_number":"99308051","event_data":{"NewProcessId":"0x11eae8","TokenElevationType":"%%1936","NewProcessName":"C:\\Windows\\System32\\cmd.exe","SubjectLogonId":"0x37ea3","TargetLogonId":"0x0","CommandLine":"cmd /C \"powershell -NoProfile -File C:\\AD365\\software\\Zabbix\\Scripts\\AppPoolsStatus.ps1 \"WordConversionService\"\"","SubjectUserName":"zabbixsvc$","SubjectDomainName":"AD3","TargetUserName":"-","ProcessId":"0xa40","TargetDomainName":"-","SubjectUserSid":"S-1-5-21-2516547722-2112485390-2429236411-1185","TargetUserSid":"S-1-0-0"},"message":"A new process has been created.\n\nCreator Subject:\n\tSecurity ID:\t\tS-1-5-21-2516547722-2112485390-2429236411-1185\n\tAccount Name:\t\tzabbixsvc$\n\tAccount Domain:\t\tAD3\n\tLogon ID:\t\t0x37EA3\n\nTarget Subject:\n\tSecurity ID:\t\tS-1-0-0\n\tAccount Name:\t\t-\n\tAccount Domain:\t\t-\n\tLogon ID:\t\t0x0\n\nProcess Information:\n\tNew Process ID:\t\t0x11eae8\n\tNew Process Name:\tC:\\Windows\\System32\\cmd.exe\n\tToken Elevation Type:\tTokenElevationTypeDefault (1)\n\tCreator Process ID:\t0xa40\n\tProcess Command Line:\tcmd /C \"powershell -NoProfile -File C:\\AD365\\software\\Zabbix\\Scripts\\AppPoolsStatus.ps1 \"WordConversionService\"\"\n\nToken Elevation Type indicates the type of token that was assigned to the new process in accordance with User Account Control policy.\n\nType 1 is a full token with no privileges removed or groups disabled.  A full token is only used if User Account Control is disabled or if the user is the built-in Administrator account or a service account.\n\nType 2 is an elevated token with no privileges removed or groups disabled.  An elevated token is used when User Account Control is enabled and the user chooses to start the program using Run as administrator.  An elevated token is also used when an application is configured to always require administrative privilege or to always require maximum privilege, and the user is a member of the Administrators group.\n\nType 3 is a limited token with administrative privileges removed and administrative groups disabled.  The limited token is used when User Account Control is enabled, the application does not require administrative privilege, and the user does not choose to start the program using Run as administrator.","type":"wineventlog","opcode":"Info","version":2,"tags":["winlogbeat","beats_input_codec_plain_applied"],"thread_id":1081996,"@timestamp":"2018-12-27T12:32:37.607Z","event_id":4688,"task":"Process Creation","provider_guid":"{54849625-5478-4994-A5BA-3E3B0328C30D}","@version":"1","beat":{"hostname":"AZAD3-OOS03","name":"AZAD3-OOS03","version":"5.6.3"},"host":"AZAD3-OOS03","fields":{"logtype":"officeonline_event"},"source_name":"Microsoft-Windows-Security-Auditing"}
{"process_id":4,"computer_name":"AZAD3-OOS01.ad3.com","keywords":["Audit Success"],"log_name":"Security","level":"Information","record_number":"106495894","event_data":{"NewProcessId":"0x16b5f4","TokenElevationType":"%%1936","NewProcessName":"C:\\Windows\\System32\\WindowsPowerShell\\v1.0\\powershell.exe","SubjectLogonId":"0x29494","TargetLogonId":"0x0","CommandLine":"powershell  -NoProfile -File C:\\AD365\\software\\Zabbix\\Scripts\\AppPoolsStatus.ps1 \"BroadcastService\"","SubjectUserName":"zabbixsvc$","SubjectDomainName":"AD3","ProcessId":"0x16d9c4","TargetUserName":"-","TargetDomainName":"-","SubjectUserSid":"S-1-5-21-2516547722-2112485390-2429236411-1185","TargetUserSid":"S-1-0-0"},"message":"A new process has been created.\n\nCreator Subject:\n\tSecurity ID:\t\tS-1-5-21-2516547722-2112485390-2429236411-1185\n\tAccount Name:\t\tzabbixsvc$\n\tAccount Domain:\t\tAD3\n\tLogon ID:\t\t0x29494\n\nTarget Subject:\n\tSecurity ID:\t\tS-1-0-0\n\tAccount Name:\t\t-\n\tAccount Domain:\t\t-\n\tLogon ID:\t\t0x0\n\nProcess Information:\n\tNew Process ID:\t\t0x16b5f4\n\tNew Process Name:\tC:\\Windows\\System32\\WindowsPowerShell\\v1.0\\powershell.exe\n\tToken Elevation Type:\tTokenElevationTypeDefault (1)\n\tCreator Process ID:\t0x16d9c4\n\tProcess Command Line:\tpowershell  -NoProfile -File C:\\AD365\\software\\Zabbix\\Scripts\\AppPoolsStatus.ps1 \"BroadcastService\"\n\nToken Elevation Type indicates the type of token that was assigned to the new process in accordance with User Account Control policy.\n\nType 1 is a full token with no privileges removed or groups disabled.  A full token is only used if User Account Control is disabled or if the user is the built-in Administrator account or a service account.\n\nType 2 is an elevated token with no privileges removed or groups disabled.  An elevated token is used when User Account Control is enabled and the user chooses to start the program using Run as administrator.  An elevated token is also used when an application is configured to always require administrative privilege or to always require maximum privilege, and the user is a member of the Administrators group.\n\nType 3 is a limited token with administrative privileges removed and administrative groups disabled.  The limited token is used when User Account Control is enabled, the application does not require administrative privilege, and the user does not choose to start the program using Run as administrator.","opcode":"Info","type":"wineventlog","version":2,"tags":["winlogbeat","beats_input_codec_plain_applied"],"thread_id":1297764,"@timestamp":"2018-12-27T12:42:24.125Z","task":"Process Creation","event_id":4688,"provider_guid":"{54849625-5478-4994-A5BA-3E3B0328C30D}","@version":"1","beat":{"hostname":"AZAD3-OOS01","name":"AZAD3-OOS01","version":"5.6.3"},"host":"AZAD3-OOS01","fields":{"logtype":"officeonline_event"},"source_name":"Microsoft-Windows-Security-Auditing"}
{"computer_name":"AZAD3-OOS01.ad3.com","process_id":4,"keywords":["Audit Success"],"level":"Information","log_name":"Security","record_number":"106498526","event_data":{"Status":"0x0","ProcessName":"C:\\Windows\\System32\\cmd.exe","SubjectUserName":"zabbixsvc$","SubjectDomainName":"AD3","ProcessId":"0x16da50","SubjectLogonId":"0x29494","SubjectUserSid":"S-1-5-21-2516547722-2112485390-2429236411-1185"},"message":"A process has exited.\n\nSubject:\n\tSecurity ID:\t\tS-1-5-21-2516547722-2112485390-2429236411-1185\n\tAccount Name:\t\tzabbixsvc$\n\tAccount Domain:\t\tAD3\n\tLogon ID:\t\t0x29494\n\nProcess Information:\n\tProcess ID:\t0x16da50\n\tProcess Name:\tC:\\Windows\\System32\\cmd.exe\n\tExit Status:\t0x0","type":"wineventlog","opcode":"Info","tags":["winlogbeat","beats_input_codec_plain_applied"],"thread_id":1066904,"@timestamp":"2018-12-27T12:55:25.170Z","task":"Process Termination","event_id":4689,"provider_guid":"{54849625-5478-4994-A5BA-3E3B0328C30D}","@version":"1","beat":{"hostname":"AZAD3-OOS01","name":"AZAD3-OOS01","version":"5.6.3"},"host":"AZAD3-OOS01","fields":{"logtype":"officeonline_event"},"source_name":"Microsoft-Windows-Security-Auditing"}
{"process_id":4,"computer_name":"AZAD3-OOS01.ad3.com","keywords":["Audit Success"],"level":"Information","log_name":"Security","record_number":"106492176","event_data":{"Status":"0x0","ProcessName":"C:\\Windows\\System32\\conhost.exe","SubjectUserName":"zabbixsvc$","SubjectDomainName":"AD3","SubjectLogonId":"0x29494","ProcessId":"0xfb924","SubjectUserSid":"S-1-5-21-2516547722-2112485390-2429236411-1185"},"message":"A process has exited.\n\nSubject:\n\tSecurity ID:\t\tS-1-5-21-2516547722-2112485390-2429236411-1185\n\tAccount Name:\t\tzabbixsvc$\n\tAccount Domain:\t\tAD3\n\tLogon ID:\t\t0x29494\n\nProcess Information:\n\tProcess ID:\t0xfb924\n\tProcess Name:\tC:\\Windows\\System32\\conhost.exe\n\tExit Status:\t0x0","type":"wineventlog","opcode":"Info","tags":["winlogbeat","beats_input_codec_plain_applied"],"thread_id":1241788,"@timestamp":"2018-12-27T12:23:23.244Z","event_id":4689,"task":"Process Termination","provider_guid":"{54849625-5478-4994-A5BA-3E3B0328C30D}","@version":"1","beat":{"hostname":"AZAD3-OOS01","name":"AZAD3-OOS01","version":"5.6.3"},"host":"AZAD3-OOS01","fields":{"logtype":"officeonline_event"},"source_name":"Microsoft-Windows-Security-Auditing"}
{"computer_name":"AZAD3-OOS04.ad3.com","keywords":["Classic"],"log_name":"Microsoft Office Web Apps","level":"Information","record_number":"16573679","event_data":{"param1":"<?xml version=\"1.0\" encoding=\"utf-16\"?>\n<HealthReport xmlns:xsd=\"http://www.w3.org/2001/XMLSchema\" xmlns:xsi=\"http://www.w3.org/2001/XMLSchema-instance\">\n  <HealthMessage>HealthReportingAdapter received 2 report(s) from WebOneNoteWatchdog successfully.</HealthMessage>\n  <Severity xsi:nil=\"true\" />\n</HealthReport>"},"message":"<?xml version=\"1.0\" encoding=\"utf-16\"?>\n<HealthReport xmlns:xsd=\"http://www.w3.org/2001/XMLSchema\" xmlns:xsi=\"http://www.w3.org/2001/XMLSchema-instance\">\n  <HealthMessage>HealthReportingAdapter received 2 report(s) from WebOneNoteWatchdog successfully.</HealthMessage>\n  <Severity xsi:nil=\"true\" />\n</HealthReport>","type":"wineventlog","opcode":"Info","tags":["winlogbeat","beats_input_codec_plain_applied"],"@timestamp":"2018-12-27T12:29:34.000Z","event_id":1692,"@version":"1","beat":{"hostname":"AZAD3-OOS04","name":"AZAD3-OOS04","version":"5.6.3"},"host":"AZAD3-OOS04","fields":{"logtype":"officeonline_event"},"source_name":"Office Web Apps Monitoring"}
{"computer_name":"AZAD3-OOS04.ad3.com","process_id":4,"keywords":["Audit Success"],"level":"Information","log_name":"Security","record_number":"97870383","event_data":{"Status":"0x0","SubjectUserName":"zabbixsvc$","ProcessName":"C:\\Windows\\System32\\WindowsPowerShell\\v1.0\\powershell.exe","SubjectDomainName":"AD3","SubjectLogonId":"0x2b49f","ProcessId":"0xd93e0","SubjectUserSid":"S-1-5-21-2516547722-2112485390-2429236411-1185"},"message":"A process has exited.\n\nSubject:\n\tSecurity ID:\t\tS-1-5-21-2516547722-2112485390-2429236411-1185\n\tAccount Name:\t\tzabbixsvc$\n\tAccount Domain:\t\tAD3\n\tLogon ID:\t\t0x2B49F\n\nProcess Information:\n\tProcess ID:\t0xd93e0\n\tProcess Name:\tC:\\Windows\\System32\\WindowsPowerShell\\v1.0\\powershell.exe\n\tExit Status:\t0x0","opcode":"Info","type":"wineventlog","tags":["winlogbeat","beats_input_codec_plain_applied"],"thread_id":888684,"@timestamp":"2018-12-27T12:52:00.141Z","task":"Process Termination","event_id":4689,"provider_guid":"{54849625-5478-4994-A5BA-3E3B0328C30D}","@version":"1","beat":{"hostname":"AZAD3-OOS04","name":"AZAD3-OOS04","version":"5.6.3"},"host":"AZAD3-OOS04","fields":{"logtype":"officeonline_event"},"source_name":"Microsoft-Windows-Security-Auditing"}
{"computer_name":"AZAD3-OOS02.ad3.com","keywords":["Classic"],"log_name":"Microsoft Office Web Apps","level":"Information","record_number":"17943123","event_data":{"param1":"<?xml version=\"1.0\" encoding=\"utf-16\"?>\n<HealthReport xmlns:xsd=\"http://www.w3.org/2001/XMLSchema\" xmlns:xsi=\"http://www.w3.org/2001/XMLSchema-instance\">\n  <HealthMessage>WebWordEditorWatchdog reported status for WebWordEditor in category 'Ping'. Reported status: OneNote.ashx appears to be healthy</HealthMessage>\n  <Severity xsi:nil=\"true\" />\n</HealthReport>"},"message":"<?xml version=\"1.0\" encoding=\"utf-16\"?>\n<HealthReport xmlns:xsd=\"http://www.w3.org/2001/XMLSchema\" xmlns:xsi=\"http://www.w3.org/2001/XMLSchema-instance\">\n  <HealthMessage>WebWordEditorWatchdog reported status for WebWordEditor in category 'Ping'. Reported status: OneNote.ashx appears to be healthy</HealthMessage>\n  <Severity xsi:nil=\"true\" />\n</HealthReport>","type":"wineventlog","opcode":"Info","tags":["winlogbeat","beats_input_codec_plain_applied"],"@timestamp":"2018-12-27T12:31:36.000Z","event_id":1695,"@version":"1","beat":{"hostname":"AZAD3-OOS02","name":"AZAD3-OOS02","version":"5.6.3"},"host":"AZAD3-OOS02","fields":{"logtype":"officeonline_event"},"source_name":"Office Web Apps Monitoring"}
{"process_id":4,"computer_name":"AZAD3-OOS04.ad3.com","keywords":["Audit Success"],"log_name":"Security","level":"Information","record_number":"97866825","event_data":{"Status":"0x0","ProcessName":"C:\\Windows\\System32\\conhost.exe","SubjectUserName":"AZAD3-OOS04$","SubjectDomainName":"AD3","SubjectLogonId":"0x3e7","ProcessId":"0xd63f4","SubjectUserSid":"S-1-5-18"},"message":"A process has exited.\n\nSubject:\n\tSecurity ID:\t\tS-1-5-18\n\tAccount Name:\t\tAZAD3-OOS04$\n\tAccount Domain:\t\tAD3\n\tLogon ID:\t\t0x3E7\n\nProcess Information:\n\tProcess ID:\t0xd63f4\n\tProcess Name:\tC:\\Windows\\System32\\conhost.exe\n\tExit Status:\t0x0","opcode":"Info","type":"wineventlog","tags":["winlogbeat","beats_input_codec_plain_applied"],"thread_id":866640,"@timestamp":"2018-12-27T12:32:53.808Z","task":"Process Termination","event_id":4689,"provider_guid":"{54849625-5478-4994-A5BA-3E3B0328C30D}","@version":"1","beat":{"hostname":"AZAD3-OOS04","name":"AZAD3-OOS04","version":"5.6.3"},"host":"AZAD3-OOS04","fields":{"logtype":"officeonline_event"},"source_name":"Microsoft-Windows-Security-Auditing"}
{"computer_name":"AZAD3-OOS02.ad3.com","keywords":["Classic"],"log_name":"Microsoft Office Web Apps","level":"Information","record_number":"17942901","event_data":{"param1":"<?xml version=\"1.0\" encoding=\"utf-16\"?>\n<HealthReport xmlns:xsd=\"http://www.w3.org/2001/XMLSchema\" xmlns:xsi=\"http://www.w3.org/2001/XMLSchema-instance\">\n  <HealthMessage>DiskCacheWatchdog reported status for DiskCache in category 'ServiceAvailability'. Reported status: Check that the Disk Cache Service is running</HealthMessage>\n  <Severity xsi:nil=\"true\" />\n</HealthReport>"},"message":"<?xml version=\"1.0\" encoding=\"utf-16\"?>\n<HealthReport xmlns:xsd=\"http://www.w3.org/2001/XMLSchema\" xmlns:xsi=\"http://www.w3.org/2001/XMLSchema-instance\">\n  <HealthMessage>DiskCacheWatchdog reported status for DiskCache in category 'ServiceAvailability'. Reported status: Check that the Disk Cache Service is running</HealthMessage>\n  <Severity xsi:nil=\"true\" />\n</HealthReport>","type":"wineventlog","opcode":"Info","tags":["winlogbeat","beats_input_codec_plain_applied"],"@timestamp":"2018-12-27T12:23:28.000Z","event_id":1074,"@version":"1","beat":{"hostname":"AZAD3-OOS02","name":"AZAD3-OOS02","version":"5.6.3"},"host":"AZAD3-OOS02","fields":{"logtype":"officeonline_event"},"source_name":"Office Web Apps Monitoring"}
{"process_id":4,"computer_name":"AZAD3-OOS02.ad3.com","keywords":["Audit Success"],"log_name":"Security","level":"Information","record_number":"98493929","event_data":{"Status":"0x0","ProcessName":"C:\\Windows\\System32\\WindowsPowerShell\\v1.0\\powershell.exe","SubjectUserName":"zabbixsvc$","SubjectDomainName":"AD3","ProcessId":"0xd4d18","SubjectLogonId":"0x1918c595bc","SubjectUserSid":"S-1-5-21-2516547722-2112485390-2429236411-1185"},"message":"A process has exited.\n\nSubject:\n\tSecurity ID:\t\tS-1-5-21-2516547722-2112485390-2429236411-1185\n\tAccount Name:\t\tzabbixsvc$\n\tAccount Domain:\t\tAD3\n\tLogon ID:\t\t0x1918C595BC\n\nProcess Information:\n\tProcess ID:\t0xd4d18\n\tProcess Name:\tC:\\Windows\\System32\\WindowsPowerShell\\v1.0\\powershell.exe\n\tExit Status:\t0x0","type":"wineventlog","opcode":"Info","tags":["winlogbeat","beats_input_codec_plain_applied"],"thread_id":873724,"@timestamp":"2018-12-27T12:47:52.307Z","event_id":4689,"task":"Process Termination","provider_guid":"{54849625-5478-4994-A5BA-3E3B0328C30D}","@version":"1","beat":{"hostname":"AZAD3-OOS02","name":"AZAD3-OOS02","version":"5.6.3"},"host":"AZAD3-OOS02","fields":{"logtype":"officeonline_event"},"source_name":"Microsoft-Windows-Security-Auditing"}
{"computer_name":"AZAD3-OOS01.ad3.com","keywords":["Classic"],"level":"Information","log_name":"Microsoft Office Web Apps","record_number":"18692284","event_data":{"param1":"<?xml version=\"1.0\" encoding=\"utf-16\"?>\n<HealthReport xmlns:xsd=\"http://www.w3.org/2001/XMLSchema\" xmlns:xsi=\"http://www.w3.org/2001/XMLSchema-instance\">\n  <HealthMessage>PowerPointViewingServicesWatchdog_Web reported status for WebPPTViewer in category 'RenameFileHandler'. Reported status: Contacting the RenameHandler.ashx web service succeeded</HealthMessage>\n  <Severity xsi:nil=\"true\" />\n</HealthReport>"},"message":"<?xml version=\"1.0\" encoding=\"utf-16\"?>\n<HealthReport xmlns:xsd=\"http://www.w3.org/2001/XMLSchema\" xmlns:xsi=\"http://www.w3.org/2001/XMLSchema-instance\">\n  <HealthMessage>PowerPointViewingServicesWatchdog_Web reported status for WebPPTViewer in category 'RenameFileHandler'. Reported status: Contacting the RenameHandler.ashx web service succeeded</HealthMessage>\n  <Severity xsi:nil=\"true\" />\n</HealthReport>","type":"wineventlog","opcode":"Info","tags":["winlogbeat","beats_input_codec_plain_applied"],"@timestamp":"2018-12-27T12:22:38.000Z","event_id":1693,"@version":"1","beat":{"hostname":"AZAD3-OOS01","name":"AZAD3-OOS01","version":"5.6.3"},"host":"AZAD3-OOS01","fields":{"logtype":"officeonline_event"},"source_name":"Office Web Apps Monitoring"}
{"computer_name":"AZAD3-OOS04.ad3.com","process_id":4,"keywords":["Audit Success"],"log_name":"Security","level":"Information","record_number":"97865902","event_data":{"NewProcessId":"0xda12c","TokenElevationType":"%%1936","NewProcessName":"C:\\Windows\\System32\\cmd.exe","SubjectLogonId":"0x2b49f","TargetLogonId":"0x0","CommandLine":"cmd /C \"powershell -NoProfile -File C:\\AD365\\software\\Zabbix\\Scripts\\AppPoolsStatus.ps1 \"DiskCache\"\"","SubjectUserName":"zabbixsvc$","SubjectDomainName":"AD3","TargetUserName":"-","ProcessId":"0x8b8","TargetDomainName":"-","SubjectUserSid":"S-1-5-21-2516547722-2112485390-2429236411-1185","TargetUserSid":"S-1-0-0"},"message":"A new process has been created.\n\nCreator Subject:\n\tSecurity ID:\t\tS-1-5-21-2516547722-2112485390-2429236411-1185\n\tAccount Name:\t\tzabbixsvc$\n\tAccount Domain:\t\tAD3\n\tLogon ID:\t\t0x2B49F\n\nTarget Subject:\n\tSecurity ID:\t\tS-1-0-0\n\tAccount Name:\t\t-\n\tAccount Domain:\t\t-\n\tLogon ID:\t\t0x0\n\nProcess Information:\n\tNew Process ID:\t\t0xda12c\n\tNew Process Name:\tC:\\Windows\\System32\\cmd.exe\n\tToken Elevation Type:\tTokenElevationTypeDefault (1)\n\tCreator Process ID:\t0x8b8\n\tProcess Command Line:\tcmd /C \"powershell -NoProfile -File C:\\AD365\\software\\Zabbix\\Scripts\\AppPoolsStatus.ps1 \"DiskCache\"\"\n\nToken Elevation Type indicates the type of token that was assigned to the new process in accordance with User Account Control policy.\n\nType 1 is a full token with no privileges removed or groups disabled.  A full token is only used if User Account Control is disabled or if the user is the built-in Administrator account or a service account.\n\nType 2 is an elevated token with no privileges removed or groups disabled.  An elevated token is used when User Account Control is enabled and the user chooses to start the program using Run as administrator.  An elevated token is also used when an application is configured to always require administrative privilege or to always require maximum privilege, and the user is a member of the Administrators group.\n\nType 3 is a limited token with administrative privileges removed and administrative groups disabled.  The limited token is used when User Account Control is enabled, the application does not require administrative privilege, and the user does not choose to start the program using Run as administrator.","type":"wineventlog","opcode":"Info","version":2,"tags":["winlogbeat","beats_input_codec_plain_applied"],"thread_id":882228,"@timestamp":"2018-12-27T12:27:51.501Z","task":"Process Creation","event_id":4688,"provider_guid":"{54849625-5478-4994-A5BA-3E3B0328C30D}","@version":"1","beat":{"hostname":"AZAD3-OOS04","name":"AZAD3-OOS04","version":"5.6.3"},"host":"AZAD3-OOS04","fields":{"logtype":"officeonline_event"},"source_name":"Microsoft-Windows-Security-Auditing"}
{"computer_name":"AZAD3-OOS01.ad3.com","keywords":["Classic"],"level":"Information","log_name":"Microsoft Office Web Apps","record_number":"18693035","event_data":{"param1":"<?xml version=\"1.0\" encoding=\"utf-16\"?>\n<HealthReport xmlns:xsd=\"http://www.w3.org/2001/XMLSchema\" xmlns:xsi=\"http://www.w3.org/2001/XMLSchema-instance\">\n  <HealthMessage>ImagingWatchdog reported status for Imaging in category 'NegativeDirect'. Reported status: Image validation failed on a invalid image as expected.</HealthMessage>\n  <Severity xsi:nil=\"true\" />\n</HealthReport>"},"message":"<?xml version=\"1.0\" encoding=\"utf-16\"?>\n<HealthReport xmlns:xsd=\"http://www.w3.org/2001/XMLSchema\" xmlns:xsi=\"http://www.w3.org/2001/XMLSchema-instance\">\n  <HealthMessage>ImagingWatchdog reported status for Imaging in category 'NegativeDirect'. Reported status: Image validation failed on a invalid image as expected.</HealthMessage>\n  <Severity xsi:nil=\"true\" />\n</HealthReport>","opcode":"Info","type":"wineventlog","tags":["winlogbeat","beats_input_codec_plain_applied"],"@timestamp":"2018-12-27T12:54:26.000Z","event_id":1189,"@version":"1","beat":{"hostname":"AZAD3-OOS01","name":"AZAD3-OOS01","version":"5.6.3"},"host":"AZAD3-OOS01","fields":{"logtype":"officeonline_event"},"source_name":"Office Web Apps Monitoring"}
{"computer_name":"AZAD3-OOS02.ad3.com","process_id":4,"keywords":["Audit Success"],"log_name":"Security","level":"Information","record_number":"98494396","event_data":{"Status":"0x0","ProcessName":"C:\\Windows\\System32\\conhost.exe","SubjectUserName":"zabbixsvc$","SubjectDomainName":"AD3","ProcessId":"0xd83b0","SubjectLogonId":"0x1918c595bc","SubjectUserSid":"S-1-5-21-2516547722-2112485390-2429236411-1185"},"message":"A process has exited.\n\nSubject:\n\tSecurity ID:\t\tS-1-5-21-2516547722-2112485390-2429236411-1185\n\tAccount Name:\t\tzabbixsvc$\n\tAccount Domain:\t\tAD3\n\tLogon ID:\t\t0x1918C595BC\n\nProcess Information:\n\tProcess ID:\t0xd83b0\n\tProcess Name:\tC:\\Windows\\System32\\conhost.exe\n\tExit Status:\t0x0","type":"wineventlog","opcode":"Info","tags":["winlogbeat","beats_input_codec_plain_applied"],"thread_id":890824,"@timestamp":"2018-12-27T12:50:16.456Z","task":"Process Termination","event_id":4689,"provider_guid":"{54849625-5478-4994-A5BA-3E3B0328C30D}","@version":"1","beat":{"hostname":"AZAD3-OOS02","name":"AZAD3-OOS02","version":"5.6.3"},"host":"AZAD3-OOS02","fields":{"logtype":"officeonline_event"},"source_name":"Microsoft-Windows-Security-Auditing"}
{"process_id":4,"computer_name":"AZAD3-OOS01.ad3.com","keywords":["Audit Success"],"level":"Information","log_name":"Security","record_number":"106493474","event_data":{"Status":"0x0","ProcessName":"C:\\Windows\\System32\\WindowsPowerShell\\v1.0\\powershell.exe","SubjectUserName":"zabbixsvc$","SubjectDomainName":"AD3","SubjectLogonId":"0x29494","ProcessId":"0x174364","SubjectUserSid":"S-1-5-21-2516547722-2112485390-2429236411-1185"},"message":"A process has exited.\n\nSubject:\n\tSecurity ID:\t\tS-1-5-21-2516547722-2112485390-2429236411-1185\n\tAccount Name:\t\tzabbixsvc$\n\tAccount Domain:\t\tAD3\n\tLogon ID:\t\t0x29494\n\nProcess Information:\n\tProcess ID:\t0x174364\n\tProcess Name:\tC:\\Windows\\System32\\WindowsPowerShell\\v1.0\\powershell.exe\n\tExit Status:\t0x0","opcode":"Info","type":"wineventlog","tags":["winlogbeat","beats_input_codec_plain_applied"],"thread_id":1297764,"@timestamp":"2018-12-27T12:29:26.740Z","task":"Process Termination","event_id":4689,"provider_guid":"{54849625-5478-4994-A5BA-3E3B0328C30D}","@version":"1","beat":{"hostname":"AZAD3-OOS01","name":"AZAD3-OOS01","version":"5.6.3"},"host":"AZAD3-OOS01","fields":{"logtype":"officeonline_event"},"source_name":"Microsoft-Windows-Security-Auditing"}
{"computer_name":"AZAD3-OOS02.ad3.com","keywords":["Classic"],"level":"Information","log_name":"Microsoft Office Web Apps","record_number":"17942924","event_data":{"param1":"<?xml version=\"1.0\" encoding=\"utf-16\"?>\n<HealthReport xmlns:xsd=\"http://www.w3.org/2001/XMLSchema\" xmlns:xsi=\"http://www.w3.org/2001/XMLSchema-instance\">\n  <HealthMessage>WordViewerWfeWatchdog reported status for WebWordViewer in category 'WordViewerFrontEnd'. Reported status: Contacting the ResReader.ashx web service succeeded</HealthMessage>\n  <Severity xsi:nil=\"true\" />\n</HealthReport>"},"message":"<?xml version=\"1.0\" encoding=\"utf-16\"?>\n<HealthReport xmlns:xsd=\"http://www.w3.org/2001/XMLSchema\" xmlns:xsi=\"http://www.w3.org/2001/XMLSchema-instance\">\n  <HealthMessage>WordViewerWfeWatchdog reported status for WebWordViewer in category 'WordViewerFrontEnd'. Reported status: Contacting the ResReader.ashx web service succeeded</HealthMessage>\n  <Severity xsi:nil=\"true\" />\n</HealthReport>","type":"wineventlog","opcode":"Info","tags":["winlogbeat","beats_input_codec_plain_applied"],"@timestamp":"2018-12-27T12:23:34.000Z","event_id":1699,"@version":"1","beat":{"hostname":"AZAD3-OOS02","name":"AZAD3-OOS02","version":"5.6.3"},"host":"AZAD3-OOS02","fields":{"logtype":"officeonline_event"},"source_name":"Office Web Apps Monitoring"}
