{"computer_name":"azad3-dc02.ad3.com","process_id":604,"keywords":["Audit Success"],"log_name":"Security","level":"Information","record_number":"407657071","event_data":{"Action":"%%16390","UserName":"NT AUTHORITY\\LOCAL SERVICE","LayerName":"ALE Listen v4 Layer","FilterId":"541546","Weight":"10376293542535364576","FilterKey":"{980BFD08-2D51-4789-B8EB-D3071C65A422}","Conditions":"\n\tCondition ID:\t{d78e1e87-8644-4ea5-9437-d809ecefc971}\n\tMatch value:\tEqual to\n\tCondition value:\t\n    00000000  5c 00 64 00 65 00 76 00-69 00 63 00 65 00 5c 00  \\.d.e.v.i.c.e.\\.\n    00000010  68 00 61 00 72 00 64 00-64 00 69 00 73 00 6b 00  h.a.r.d.d.i.s.k.\n    00000020  76 00 6f 00 6c 00 75 00-6d 00 65 00 33 00 5c 00  v.o.l.u.m.e.3.\\.\n    00000030  77 00 69 00 6e 00 64 00-6f 00 77 00 73 00 5c 00  w.i.n.d.o.w.s.\\.\n    00000040  73 00 79 00 73 00 74 00-65 00 6d 00 33 00 32 00  s.y.s.t.e.m.3.2.\n    00000050  5c 00 73 00 76 00 63 00-68 00 6f 00 73 00 74 00  \\.s.v.c.h.o.s.t.\n    00000060  2e 00 65 00 78 00 65 00-00 00                    ..e.x.e...\n\n\n\tCondition ID:\t{af043a0a-b34d-4f86-979c-c90371af6e66}\n\tMatch value:\tEqual to\n\tCondition value:\t\nO:SYG:SYD:(A;;CCRC;;;S-1-5-80-979556362-403687129-3954533659-2335141334-1547273080)\n\n\n\tCondition ID:\t{0c1ba1af-5765-453f-af22-a8f791ac775b}\n\tMatch value:\tEqual to\n\tCondition value:\t0x0251","UserSid":"S-1-5-19","ProviderName":"Microsoft Corporation","FilterType":"%%16388","ProviderKey":"{DECC16CA-3F33-4346-BE1E-8FB4AE0F3D62}","LayerId":"40","CalloutName":"-","ChangeType":"%%16384","CalloutKey":"{00000000-0000-0000-0000-000000000000}","LayerKey":"{88BB5DAD-76D7-4227-9C71-DF0A3ED7BE7E}","ProcessId":"1264","FilterName":"DFS Replication (RPC-EPMAP)"},"message":"A Windows Filtering Platform filter has been changed.\n\t\nSubject:\n\tSecurity ID:\t\tS-1-5-19\n\tAccount Name:\t\tNT AUTHORITY\\LOCAL SERVICE\n\nProcess Information:\n\tProcess ID:\t1264\n\nProvider Information:\n\tID:\t\t{DECC16CA-3F33-4346-BE1E-8FB4AE0F3D62}\n\tName:\t\tMicrosoft Corporation\n\nChange Information:\n\tChange Type:\tAdd\n\nFilter Information:\n\tID:\t\t{980BFD08-2D51-4789-B8EB-D3071C65A422}\n\tName:\t\tDFS Replication (RPC-EPMAP)\n\tType:\t\tNot persistent\n\tRun-Time ID:\t541546\n\nLayer Information:\n\tID:\t\t{88BB5DAD-76D7-4227-9C71-DF0A3ED7BE7E}\n\tName:\t\tALE Listen v4 Layer\n\tRun-Time ID:\t40\n\nCallout Information:\n\tID:\t\t{00000000-0000-0000-0000-000000000000}\n\tName:\t\t-\n\nAdditional Information:\n\tWeight:\t10376293542535364576\t\n\tConditions:\t\n\tCondition ID:\t{d78e1e87-8644-4ea5-9437-d809ecefc971}\n\tMatch value:\tEqual to\n\tCondition value:\t\n    00000000  5c 00 64 00 65 00 76 00-69 00 63 00 65 00 5c 00  \\.d.e.v.i.c.e.\\.\n    00000010  68 00 61 00 72 00 64 00-64 00 69 00 73 00 6b 00  h.a.r.d.d.i.s.k.\n    00000020  76 00 6f 00 6c 00 75 00-6d 00 65 00 33 00 5c 00  v.o.l.u.m.e.3.\\.\n    00000030  77 00 69 00 6e 00 64 00-6f 00 77 00 73 00 5c 00  w.i.n.d.o.w.s.\\.\n    00000040  73 00 79 00 73 00 74 00-65 00 6d 00 33 00 32 00  s.y.s.t.e.m.3.2.\n    00000050  5c 00 73 00 76 00 63 00-68 00 6f 00 73 00 74 00  \\.s.v.c.h.o.s.t.\n    00000060  2e 00 65 00 78 00 65 00-00 00                    ..e.x.e...\n\n\n\tCondition ID:\t{af043a0a-b34d-4f86-979c-c90371af6e66}\n\tMatch value:\tEqual to\n\tCondition value:\t\nO:SYG:SYD:(A;;CCRC;;;S-1-5-80-979556362-403687129-3954533659-2335141334-1547273080)\n\n\n\tCondition ID:\t{0c1ba1af-5765-453f-af22-a8f791ac775b}\n\tMatch value:\tEqual to\n\tCondition value:\t0x0251\n\n\tFilter Action:\tPermit","opcode":"Info","type":"wineventlog","tags":["winlogbeat","beats_input_codec_plain_applied"],"thread_id":12728,"@timestamp":"2019-04-04T12:09:49.077Z","event_id":5447,"task":"Other Policy Change Events","provider_guid":"{54849625-5478-4994-A5BA-3E3B0328C30D}","@version":"1","activity_id":"{8B9D1BDE-7BA7-46C9-B40D-E0860AA4AD3D}","beat":{"hostname":"azad3-dc02","name":"azad3-dc02","version":"5.6.3"},"host":"azad3-dc02","fields":{"logtype":"dc_event"},"source_name":"Microsoft-Windows-Security-Auditing"}
{"process_id":628,"computer_name":"azad3-dc01.ad3.com","keywords":["Audit Success"],"level":"Information","log_name":"Security","record_number":"532878390","event_data":{"Workstation":"azad3-cach01","Status":"0x0","PackageName":"MICROSOFT_AUTHENTICATION_PACKAGE_V1_0","TargetUserName":"spadmin"},"message":"The computer attempted to validate the credentials for an account.\n\nAuthentication Package:\tMICROSOFT_AUTHENTICATION_PACKAGE_V1_0\nLogon Account:\tspadmin\nSource Workstation:\tazad3-cach01\nError Code:\t0x0","type":"wineventlog","opcode":"Info","tags":["winlogbeat","beats_input_codec_plain_applied"],"thread_id":75744,"@timestamp":"2019-04-04T12:15:02.814Z","event_id":4776,"task":"Credential Validation","provider_guid":"{54849625-5478-4994-A5BA-3E3B0328C30D}","@version":"1","beat":{"hostname":"azad3-dc01","name":"azad3-dc01","version":"5.6.3"},"host":"azad3-dc01","fields":{"logtype":"dc_event"},"source_name":"Microsoft-Windows-Security-Auditing"}
{"computer_name":"azad3-dc01.ad3.com","process_id":628,"keywords":["Audit Success"],"level":"Information","log_name":"Security","record_number":"532861162","event_data":{"Workstation":"AZAD3-MON01","Status":"0x0","PackageName":"MICROSOFT_AUTHENTICATION_PACKAGE_V1_0","TargetUserName":"AZAD3-MON01$"},"message":"The computer attempted to validate the credentials for an account.\n\nAuthentication Package:\tMICROSOFT_AUTHENTICATION_PACKAGE_V1_0\nLogon Account:\tAZAD3-MON01$\nSource Workstation:\tAZAD3-MON01\nError Code:\t0x0","opcode":"Info","type":"wineventlog","tags":["winlogbeat","beats_input_codec_plain_applied"],"thread_id":75744,"@timestamp":"2019-04-04T11:47:11.184Z","event_id":4776,"task":"Credential Validation","provider_guid":"{54849625-5478-4994-A5BA-3E3B0328C30D}","@version":"1","beat":{"hostname":"azad3-dc01","name":"azad3-dc01","version":"5.6.3"},"host":"azad3-dc01","fields":{"logtype":"dc_event"},"source_name":"Microsoft-Windows-Security-Auditing"}
{"computer_name":"azad3-dc01.ad3.com","process_id":628,"keywords":["Audit Failure"],"level":"Information","log_name":"Security","record_number":"532877879","event_data":{"Workstation":"MSTSC","Status":"0xc0000064","PackageName":"MICROSOFT_AUTHENTICATION_PACKAGE_V1_0","TargetUserName":"quality"},"message":"The computer attempted to validate the credentials for an account.\n\nAuthentication Package:\tMICROSOFT_AUTHENTICATION_PACKAGE_V1_0\nLogon Account:\tquality\nSource Workstation:\tMSTSC\nError Code:\t0xC0000064","type":"wineventlog","opcode":"Info","tags":["winlogbeat","beats_input_codec_plain_applied"],"thread_id":69972,"@timestamp":"2019-04-04T12:14:41.561Z","task":"Credential Validation","event_id":4776,"provider_guid":"{54849625-5478-4994-A5BA-3E3B0328C30D}","@version":"1","beat":{"hostname":"azad3-dc01","name":"azad3-dc01","version":"5.6.3"},"host":"azad3-dc01","fields":{"logtype":"dc_event"},"source_name":"Microsoft-Windows-Security-Auditing"}
{"process_id":604,"computer_name":"azad3-dc02.ad3.com","keywords":["Audit Success"],"level":"Information","log_name":"Security","record_number":"407648339","event_data":{"TargetLogonId":"0x99b429f85","LogonType":"3","TargetUserName":"AZAD3-DC02$","TargetDomainName":"AD3","TargetUserSid":"S-1-5-18"},"message":"An account was logged off.\n\nSubject:\n\tSecurity ID:\t\tS-1-5-18\n\tAccount Name:\t\tAZAD3-DC02$\n\tAccount Domain:\t\tAD3\n\tLogon ID:\t\t0x99B429F85\n\nLogon Type:\t\t\t3\n\nThis event is generated when a logon session is destroyed. It may be positively correlated with a logon event using the Logon ID value. Logon IDs are only unique between reboots on the same computer.","opcode":"Info","type":"wineventlog","tags":["winlogbeat","beats_input_codec_plain_applied"],"thread_id":10684,"@timestamp":"2019-04-04T11:44:25.174Z","task":"Logoff","event_id":4634,"provider_guid":"{54849625-5478-4994-A5BA-3E3B0328C30D}","@version":"1","beat":{"hostname":"azad3-dc02","name":"azad3-dc02","version":"5.6.3"},"host":"azad3-dc02","fields":{"logtype":"dc_event"},"source_name":"Microsoft-Windows-Security-Auditing"}
{"computer_name":"azad3-dc01.ad3.com","process_id":628,"keywords":["Audit Success"],"level":"Information","log_name":"Security","record_number":"532874408","event_data":{"TargetLogonId":"0x109c4f6bc3","LogonType":"3","TargetUserName":"AZAD3-WFE32$","TargetDomainName":"AD3","TargetUserSid":"S-1-5-21-2516547722-2112485390-2429236411-2606"},"message":"An account was logged off.\n\nSubject:\n\tSecurity ID:\t\tS-1-5-21-2516547722-2112485390-2429236411-2606\n\tAccount Name:\t\tAZAD3-WFE32$\n\tAccount Domain:\t\tAD3\n\tLogon ID:\t\t0x109C4F6BC3\n\nLogon Type:\t\t\t3\n\nThis event is generated when a logon session is destroyed. It may be positively correlated with a logon event using the Logon ID value. Logon IDs are only unique between reboots on the same computer.","opcode":"Info","type":"wineventlog","tags":["winlogbeat","beats_input_codec_plain_applied"],"thread_id":54828,"@timestamp":"2019-04-04T12:09:04.077Z","task":"Logoff","event_id":4634,"provider_guid":"{54849625-5478-4994-A5BA-3E3B0328C30D}","@version":"1","beat":{"hostname":"azad3-dc01","name":"azad3-dc01","version":"5.6.3"},"host":"azad3-dc01","fields":{"logtype":"dc_event"},"source_name":"Microsoft-Windows-Security-Auditing"}
{"computer_name":"azad3-dc01.ad3.com","process_id":628,"keywords":["Audit Failure"],"log_name":"Security","level":"Information","record_number":"532881296","event_data":{"Workstation":"MSTSC","Status":"0xc000006a","PackageName":"MICROSOFT_AUTHENTICATION_PACKAGE_V1_0","TargetUserName":"htmlservice"},"message":"The computer attempted to validate the credentials for an account.\n\nAuthentication Package:\tMICROSOFT_AUTHENTICATION_PACKAGE_V1_0\nLogon Account:\thtmlservice\nSource Workstation:\tMSTSC\nError Code:\t0xC000006A","opcode":"Info","type":"wineventlog","tags":["winlogbeat","beats_input_codec_plain_applied"],"thread_id":69972,"@timestamp":"2019-04-04T12:19:54.218Z","event_id":4776,"task":"Credential Validation","provider_guid":"{54849625-5478-4994-A5BA-3E3B0328C30D}","@version":"1","beat":{"hostname":"azad3-dc01","name":"azad3-dc01","version":"5.6.3"},"host":"azad3-dc01","fields":{"logtype":"dc_event"},"source_name":"Microsoft-Windows-Security-Auditing"}
{"process_id":628,"computer_name":"azad3-dc01.ad3.com","keywords":["Audit Success"],"level":"Information","log_name":"Security","record_number":"532870203","event_data":{"Workstation":"azad3-wfe11","Status":"0x0","PackageName":"MICROSOFT_AUTHENTICATION_PACKAGE_V1_0","TargetUserName":"spadmin"},"message":"The computer attempted to validate the credentials for an account.\n\nAuthentication Package:\tMICROSOFT_AUTHENTICATION_PACKAGE_V1_0\nLogon Account:\tspadmin\nSource Workstation:\tazad3-wfe11\nError Code:\t0x0","opcode":"Info","type":"wineventlog","tags":["winlogbeat","beats_input_codec_plain_applied"],"thread_id":54828,"@timestamp":"2019-04-04T12:01:47.574Z","event_id":4776,"task":"Credential Validation","provider_guid":"{54849625-5478-4994-A5BA-3E3B0328C30D}","@version":"1","beat":{"hostname":"azad3-dc01","name":"azad3-dc01","version":"5.6.3"},"host":"azad3-dc01","fields":{"logtype":"dc_event"},"source_name":"Microsoft-Windows-Security-Auditing"}
{"computer_name":"azad3-dc01.ad3.com","process_id":628,"keywords":["Audit Success"],"log_name":"Security","level":"Information","record_number":"532874257","event_data":{"ProcessName":"-","LogonGuid":"{5A7BD1CE-D08E-8995-BB29-73E83CCE1F48}","TargetOutboundDomainName":"-","VirtualAccount":"%%1843","IpPort":"52102","TransmittedServices":"-","LmPackageName":"-","RestrictedAdminMode":"-","ElevatedToken":"%%1842","WorkstationName":"-","SubjectDomainName":"-","LogonProcessName":"Kerberos","TargetDomainName":"AD3.COM","LogonType":"3","SubjectLogonId":"0x0","TargetOutboundUserName":"-","KeyLength":"0","TargetLogonId":"0x109c4f58f7","TargetLinkedLogonId":"0x0","SubjectUserName":"-","IpAddress":"10.183.200.136","ProcessId":"0x0","ImpersonationLevel":"%%1833","TargetUserName":"spadmin","SubjectUserSid":"S-1-0-0","TargetUserSid":"S-1-5-21-2516547722-2112485390-2429236411-1106","AuthenticationPackageName":"Kerberos"},"message":"An account was successfully logged on.\n\nSubject:\n\tSecurity ID:\t\tS-1-0-0\n\tAccount Name:\t\t-\n\tAccount Domain:\t\t-\n\tLogon ID:\t\t0x0\n\nLogon Information:\n\tLogon Type:\t\t3\n\tRestricted Admin Mode:\t-\n\tVirtual Account:\t\tNo\n\tElevated Token:\t\tYes\n\nImpersonation Level:\t\tImpersonation\n\nNew Logon:\n\tSecurity ID:\t\tS-1-5-21-2516547722-2112485390-2429236411-1106\n\tAccount Name:\t\tspadmin\n\tAccount Domain:\t\tAD3.COM\n\tLogon ID:\t\t0x109C4F58F7\n\tLinked Logon ID:\t\t0x0\n\tNetwork Account Name:\t-\n\tNetwork Account Domain:\t-\n\tLogon GUID:\t\t{5A7BD1CE-D08E-8995-BB29-73E83CCE1F48}\n\nProcess Information:\n\tProcess ID:\t\t0x0\n\tProcess Name:\t\t-\n\nNetwork Information:\n\tWorkstation Name:\t-\n\tSource Network Address:\t10.183.200.136\n\tSource Port:\t\t52102\n\nDetailed Authentication Information:\n\tLogon Process:\t\tKerberos\n\tAuthentication Package:\tKerberos\n\tTransited Services:\t-\n\tPackage Name (NTLM only):\t-\n\tKey Length:\t\t0\n\nThis event is generated when a logon session is created. It is generated on the computer that was accessed.\n\nThe subject fields indicate the account on the local system which requested the logon. This is most commonly a service such as the Server service, or a local process such as Winlogon.exe or Services.exe.\n\nThe logon type field indicates the kind of logon that occurred. The most common types are 2 (interactive) and 3 (network).\n\nThe New Logon fields indicate the account for whom the new logon was created, i.e. the account that was logged on.\n\nThe network fields indicate where a remote logon request originated. Workstation name is not always available and may be left blank in some cases.\n\nThe impersonation level field indicates the extent to which a process in the logon session can impersonate.\n\nThe authentication information fields provide detailed information about this specific logon request.\n\t- Logon GUID is a unique identifier that can be used to correlate this event with a KDC event.\n\t- Transited services indicate which intermediate services have participated in this logon request.\n\t- Package name indicates which sub-protocol was used among the NTLM protocols.\n\t- Key length indicates the length of the generated session key. This will be 0 if no session key was requested.","opcode":"Info","type":"wineventlog","version":2,"tags":["winlogbeat","beats_input_codec_plain_applied"],"thread_id":60760,"@timestamp":"2019-04-04T12:08:52.196Z","task":"Logon","event_id":4624,"provider_guid":"{54849625-5478-4994-A5BA-3E3B0328C30D}","@version":"1","beat":{"hostname":"azad3-dc01","name":"azad3-dc01","version":"5.6.3"},"host":"azad3-dc01","fields":{"logtype":"dc_event"},"source_name":"Microsoft-Windows-Security-Auditing"}
{"computer_name":"azad3-dc01.ad3.com","process_id":628,"keywords":["Audit Success"],"level":"Information","log_name":"Security","record_number":"532862489","event_data":{"SubjectUserName":"azad3-dc01$","SubjectDomainName":"AD3","SubjectLogonId":"0x109c134a3d","PrivilegeList":"SeSecurityPrivilege\n\t\t\tSeBackupPrivilege\n\t\t\tSeRestorePrivilege\n\t\t\tSeTakeOwnershipPrivilege\n\t\t\tSeDebugPrivilege\n\t\t\tSeSystemEnvironmentPrivilege\n\t\t\tSeLoadDriverPrivilege\n\t\t\tSeImpersonatePrivilege\n\t\t\tSeDelegateSessionUserImpersonatePrivilege\n\t\t\tSeEnableDelegationPrivilege","SubjectUserSid":"S-1-5-18"},"message":"Special privileges assigned to new logon.\n\nSubject:\n\tSecurity ID:\t\tS-1-5-18\n\tAccount Name:\t\tazad3-dc01$\n\tAccount Domain:\t\tAD3\n\tLogon ID:\t\t0x109C134A3D\n\nPrivileges:\t\tSeSecurityPrivilege\n\t\t\tSeBackupPrivilege\n\t\t\tSeRestorePrivilege\n\t\t\tSeTakeOwnershipPrivilege\n\t\t\tSeDebugPrivilege\n\t\t\tSeSystemEnvironmentPrivilege\n\t\t\tSeLoadDriverPrivilege\n\t\t\tSeImpersonatePrivilege\n\t\t\tSeDelegateSessionUserImpersonatePrivilege\n\t\t\tSeEnableDelegationPrivilege","type":"wineventlog","opcode":"Info","tags":["winlogbeat","beats_input_codec_plain_applied"],"thread_id":69972,"@timestamp":"2019-04-04T11:49:35.402Z","event_id":4672,"task":"Special Logon","provider_guid":"{54849625-5478-4994-A5BA-3E3B0328C30D}","@version":"1","beat":{"hostname":"azad3-dc01","name":"azad3-dc01","version":"5.6.3"},"activity_id":"{62A6AD39-9ADC-457B-A089-D0AE92E3D7A4}","host":"azad3-dc01","fields":{"logtype":"dc_event"},"source_name":"Microsoft-Windows-Security-Auditing"}
{"process_id":628,"computer_name":"azad3-dc01.ad3.com","keywords":["Audit Success"],"level":"Information","log_name":"Security","record_number":"532866388","event_data":{"ProcessName":"-","LogonGuid":"{5A7BD1CE-D08E-8995-BB29-73E83CCE1F48}","TargetOutboundDomainName":"-","VirtualAccount":"%%1843","IpPort":"50334","TransmittedServices":"-","LmPackageName":"-","RestrictedAdminMode":"-","ElevatedToken":"%%1842","WorkstationName":"-","SubjectDomainName":"-","LogonProcessName":"Kerberos","TargetDomainName":"AD3.COM","LogonType":"3","SubjectLogonId":"0x0","TargetOutboundUserName":"-","KeyLength":"0","TargetLogonId":"0x109c32592c","SubjectUserName":"-","TargetLinkedLogonId":"0x0","IpAddress":"10.183.200.136","ProcessId":"0x0","ImpersonationLevel":"%%1833","TargetUserName":"spadmin","SubjectUserSid":"S-1-0-0","TargetUserSid":"S-1-5-21-2516547722-2112485390-2429236411-1106","AuthenticationPackageName":"Kerberos"},"message":"An account was successfully logged on.\n\nSubject:\n\tSecurity ID:\t\tS-1-0-0\n\tAccount Name:\t\t-\n\tAccount Domain:\t\t-\n\tLogon ID:\t\t0x0\n\nLogon Information:\n\tLogon Type:\t\t3\n\tRestricted Admin Mode:\t-\n\tVirtual Account:\t\tNo\n\tElevated Token:\t\tYes\n\nImpersonation Level:\t\tImpersonation\n\nNew Logon:\n\tSecurity ID:\t\tS-1-5-21-2516547722-2112485390-2429236411-1106\n\tAccount Name:\t\tspadmin\n\tAccount Domain:\t\tAD3.COM\n\tLogon ID:\t\t0x109C32592C\n\tLinked Logon ID:\t\t0x0\n\tNetwork Account Name:\t-\n\tNetwork Account Domain:\t-\n\tLogon GUID:\t\t{5A7BD1CE-D08E-8995-BB29-73E83CCE1F48}\n\nProcess Information:\n\tProcess ID:\t\t0x0\n\tProcess Name:\t\t-\n\nNetwork Information:\n\tWorkstation Name:\t-\n\tSource Network Address:\t10.183.200.136\n\tSource Port:\t\t50334\n\nDetailed Authentication Information:\n\tLogon Process:\t\tKerberos\n\tAuthentication Package:\tKerberos\n\tTransited Services:\t-\n\tPackage Name (NTLM only):\t-\n\tKey Length:\t\t0\n\nThis event is generated when a logon session is created. It is generated on the computer that was accessed.\n\nThe subject fields indicate the account on the local system which requested the logon. This is most commonly a service such as the Server service, or a local process such as Winlogon.exe or Services.exe.\n\nThe logon type field indicates the kind of logon that occurred. The most common types are 2 (interactive) and 3 (network).\n\nThe New Logon fields indicate the account for whom the new logon was created, i.e. the account that was logged on.\n\nThe network fields indicate where a remote logon request originated. Workstation name is not always available and may be left blank in some cases.\n\nThe impersonation level field indicates the extent to which a process in the logon session can impersonate.\n\nThe authentication information fields provide detailed information about this specific logon request.\n\t- Logon GUID is a unique identifier that can be used to correlate this event with a KDC event.\n\t- Transited services indicate which intermediate services have participated in this logon request.\n\t- Package name indicates which sub-protocol was used among the NTLM protocols.\n\t- Key length indicates the length of the generated session key. This will be 0 if no session key was requested.","opcode":"Info","type":"wineventlog","version":2,"tags":["winlogbeat","beats_input_codec_plain_applied"],"thread_id":74748,"@timestamp":"2019-04-04T11:55:19.695Z","task":"Logon","event_id":4624,"provider_guid":"{54849625-5478-4994-A5BA-3E3B0328C30D}","@version":"1","beat":{"hostname":"azad3-dc01","name":"azad3-dc01","version":"5.6.3"},"host":"azad3-dc01","fields":{"logtype":"dc_event"},"source_name":"Microsoft-Windows-Security-Auditing"}
{"process_id":628,"computer_name":"azad3-dc01.ad3.com","keywords":["Audit Success"],"level":"Information","log_name":"Security","record_number":"532874696","event_data":{"TargetLogonId":"0x109c50b2a9","SubjectUserName":"-","EventCountTotal":"1","LogonType":"3","GroupMembership":"\n\t\t%{S-1-5-32-544}\n\t\t%{S-1-1-0}\n\t\t%{S-1-5-32-554}\n\t\t%{S-1-5-32-545}\n\t\t%{S-1-5-32-560}\n\t\t%{S-1-5-2}\n\t\t%{S-1-5-11}\n\t\t%{S-1-5-15}\n\t\t%{S-1-5-21-2516547722-2112485390-2429236411-1000}\n\t\t%{S-1-5-21-2516547722-2112485390-2429236411-516}\n\t\t%{S-1-5-9}\n\t\t%{S-1-18-1}\n\t\t%{S-1-5-21-2516547722-2112485390-2429236411-572}\n\t\t%{S-1-16-16384}","SubjectDomainName":"-","SubjectLogonId":"0x0","TargetUserName":"azad3-dc01$","TargetDomainName":"AD3.COM","EventIdx":"1","SubjectUserSid":"S-1-0-0","TargetUserSid":"S-1-5-18"},"message":"Group membership information.\n\nSubject:\n\tSecurity ID:\t\tS-1-0-0\n\tAccount Name:\t\t-\n\tAccount Domain:\t\t-\n\tLogon ID:\t\t0x0\n\nLogon Type:\t\t\t3\n\nNew Logon:\n\tSecurity ID:\t\tS-1-5-18\n\tAccount Name:\t\tazad3-dc01$\n\tAccount Domain:\t\tAD3.COM\n\tLogon ID:\t\t0x109C50B2A9\n\nEvent in sequence:\t\t1 of 1\n\nGroup Membership:\t\t\t\n\t\t%{S-1-5-32-544}\n\t\t%{S-1-1-0}\n\t\t%{S-1-5-32-554}\n\t\t%{S-1-5-32-545}\n\t\t%{S-1-5-32-560}\n\t\t%{S-1-5-2}\n\t\t%{S-1-5-11}\n\t\t%{S-1-5-15}\n\t\t%{S-1-5-21-2516547722-2112485390-2429236411-1000}\n\t\t%{S-1-5-21-2516547722-2112485390-2429236411-516}\n\t\t%{S-1-5-9}\n\t\t%{S-1-18-1}\n\t\t%{S-1-5-21-2516547722-2112485390-2429236411-572}\n\t\t%{S-1-16-16384}\n\nThe subject fields indicate the account on the local system which requested the logon. This is most commonly a service such as the Server service, or a local process such as Winlogon.exe or Services.exe.\n\nThe logon type field indicates the kind of logon that occurred. The most common types are 2 (interactive) and 3 (network).\n\nThe New Logon fields indicate the account for whom the new logon was created, i.e. the account that was logged on.\n\nThis event is generated when the Audit Group Membership subcategory is configured.  The Logon ID field can be used to correlate this event with the corresponding user logon event as well as to any other security audit events generated during this logon session.","opcode":"Info","type":"wineventlog","tags":["winlogbeat","beats_input_codec_plain_applied"],"thread_id":65036,"@timestamp":"2019-04-04T12:09:34.567Z","event_id":4627,"task":"Group Membership","provider_guid":"{54849625-5478-4994-A5BA-3E3B0328C30D}","@version":"1","beat":{"hostname":"azad3-dc01","name":"azad3-dc01","version":"5.6.3"},"activity_id":"{AF1208D8-7241-42B4-9EF5-CC763FFCCBB5}","host":"azad3-dc01","fields":{"logtype":"dc_event"},"source_name":"Microsoft-Windows-Security-Auditing"}
{"process_id":628,"computer_name":"azad3-dc01.ad3.com","keywords":["Audit Success"],"log_name":"Security","level":"Information","record_number":"532883103","event_data":{"Status":"0x0","TicketEncryptionType":"0x12","LogonGuid":"{703DE81F-D958-922D-00FE-8A77A310CC5D}","ServiceName":"AZAD3-WFE32$","TicketOptions":"0x40810000","ServiceSid":"S-1-5-21-2516547722-2112485390-2429236411-2606","IpAddress":"::ffff:10.183.200.97","IpPort":"60920","TargetUserName":"admin@AD3.COM","TransmittedServices":"-","TargetDomainName":"AD3.COM"},"message":"A Kerberos service ticket was requested.\n\nAccount Information:\n\tAccount Name:\t\tadmin@AD3.COM\n\tAccount Domain:\t\tAD3.COM\n\tLogon GUID:\t\t{703DE81F-D958-922D-00FE-8A77A310CC5D}\n\nService Information:\n\tService Name:\t\tAZAD3-WFE32$\n\tService ID:\t\tS-1-5-21-2516547722-2112485390-2429236411-2606\n\nNetwork Information:\n\tClient Address:\t\t::ffff:10.183.200.97\n\tClient Port:\t\t60920\n\nAdditional Information:\n\tTicket Options:\t\t0x40810000\n\tTicket Encryption Type:\t0x12\n\tFailure Code:\t\t0x0\n\tTransited Services:\t-\n\nThis event is generated every time access is requested to a resource such as a computer or a Windows service.  The service name indicates the resource to which access was requested.\n\nThis event can be correlated with Windows logon events by comparing the Logon GUID fields in each event.  The logon event occurs on the machine that was accessed, which is often a different machine than the domain controller which issued the service ticket.\n\nTicket options, encryption types, and failure codes are defined in RFC 4120.","type":"wineventlog","opcode":"Info","tags":["winlogbeat","beats_input_codec_plain_applied"],"thread_id":74748,"@timestamp":"2019-04-04T12:22:38.648Z","event_id":4769,"task":"Kerberos Service Ticket Operations","provider_guid":"{54849625-5478-4994-A5BA-3E3B0328C30D}","@version":"1","beat":{"hostname":"azad3-dc01","name":"azad3-dc01","version":"5.6.3"},"host":"azad3-dc01","fields":{"logtype":"dc_event"},"source_name":"Microsoft-Windows-Security-Auditing"}
{"process_id":604,"computer_name":"azad3-dc02.ad3.com","keywords":["Audit Success"],"level":"Information","log_name":"Security","record_number":"407658357","event_data":{"Workstation":"azad3-wfe32","Status":"0x0","PackageName":"MICROSOFT_AUTHENTICATION_PACKAGE_V1_0","TargetUserName":"spapppool"},"message":"The computer attempted to validate the credentials for an account.\n\nAuthentication Package:\tMICROSOFT_AUTHENTICATION_PACKAGE_V1_0\nLogon Account:\tspapppool\nSource Workstation:\tazad3-wfe32\nError Code:\t0x0","opcode":"Info","type":"wineventlog","tags":["winlogbeat","beats_input_codec_plain_applied"],"thread_id":4264,"@timestamp":"2019-04-04T12:14:21.404Z","event_id":4776,"task":"Credential Validation","provider_guid":"{54849625-5478-4994-A5BA-3E3B0328C30D}","@version":"1","beat":{"hostname":"azad3-dc02","name":"azad3-dc02","version":"5.6.3"},"host":"azad3-dc02","fields":{"logtype":"dc_event"},"source_name":"Microsoft-Windows-Security-Auditing"}
{"computer_name":"azad3-dc01.ad3.com","process_id":628,"keywords":["Audit Success"],"log_name":"Security","level":"Information","record_number":"532878020","event_data":{"Status":"0x0","Workstation":"azad3-app01","PackageName":"MICROSOFT_AUTHENTICATION_PACKAGE_V1_0","TargetUserName":"spadmin"},"message":"The computer attempted to validate the credentials for an account.\n\nAuthentication Package:\tMICROSOFT_AUTHENTICATION_PACKAGE_V1_0\nLogon Account:\tspadmin\nSource Workstation:\tazad3-app01\nError Code:\t0x0","opcode":"Info","type":"wineventlog","tags":["winlogbeat","beats_input_codec_plain_applied"],"thread_id":75744,"@timestamp":"2019-04-04T12:15:00.130Z","task":"Credential Validation","event_id":4776,"provider_guid":"{54849625-5478-4994-A5BA-3E3B0328C30D}","@version":"1","beat":{"hostname":"azad3-dc01","name":"azad3-dc01","version":"5.6.3"},"host":"azad3-dc01","fields":{"logtype":"dc_event"},"source_name":"Microsoft-Windows-Security-Auditing"}
{"process_id":628,"computer_name":"azad3-dc01.ad3.com","keywords":["Audit Success"],"log_name":"Security","level":"Information","record_number":"532786178","event_data":{"ProcessName":"-","LogonGuid":"{D2116C9E-6CA8-87A2-7E39-4A8E3F5C2C84}","TargetOutboundDomainName":"-","VirtualAccount":"%%1843","IpPort":"-","TransmittedServices":"-","LmPackageName":"-","RestrictedAdminMode":"-","ElevatedToken":"%%1842","WorkstationName":"-","SubjectDomainName":"-","LogonProcessName":"Kerberos","TargetDomainName":"AD3.COM","LogonType":"3","SubjectLogonId":"0x0","TargetOutboundUserName":"-","KeyLength":"0","TargetLogonId":"0x109abd34a1","TargetLinkedLogonId":"0x0","SubjectUserName":"-","IpAddress":"-","TargetUserName":"azad3-dc01$","ImpersonationLevel":"%%1840","ProcessId":"0x0","SubjectUserSid":"S-1-0-0","AuthenticationPackageName":"Kerberos","TargetUserSid":"S-1-5-18"},"message":"An account was successfully logged on.\n\nSubject:\n\tSecurity ID:\t\tS-1-0-0\n\tAccount Name:\t\t-\n\tAccount Domain:\t\t-\n\tLogon ID:\t\t0x0\n\nLogon Information:\n\tLogon Type:\t\t3\n\tRestricted Admin Mode:\t-\n\tVirtual Account:\t\tNo\n\tElevated Token:\t\tYes\n\nImpersonation Level:\t\tDelegation\n\nNew Logon:\n\tSecurity ID:\t\tS-1-5-18\n\tAccount Name:\t\tazad3-dc01$\n\tAccount Domain:\t\tAD3.COM\n\tLogon ID:\t\t0x109ABD34A1\n\tLinked Logon ID:\t\t0x0\n\tNetwork Account Name:\t-\n\tNetwork Account Domain:\t-\n\tLogon GUID:\t\t{D2116C9E-6CA8-87A2-7E39-4A8E3F5C2C84}\n\nProcess Information:\n\tProcess ID:\t\t0x0\n\tProcess Name:\t\t-\n\nNetwork Information:\n\tWorkstation Name:\t-\n\tSource Network Address:\t-\n\tSource Port:\t\t-\n\nDetailed Authentication Information:\n\tLogon Process:\t\tKerberos\n\tAuthentication Package:\tKerberos\n\tTransited Services:\t-\n\tPackage Name (NTLM only):\t-\n\tKey Length:\t\t0\n\nThis event is generated when a logon session is created. It is generated on the computer that was accessed.\n\nThe subject fields indicate the account on the local system which requested the logon. This is most commonly a service such as the Server service, or a local process such as Winlogon.exe or Services.exe.\n\nThe logon type field indicates the kind of logon that occurred. The most common types are 2 (interactive) and 3 (network).\n\nThe New Logon fields indicate the account for whom the new logon was created, i.e. the account that was logged on.\n\nThe network fields indicate where a remote logon request originated. Workstation name is not always available and may be left blank in some cases.\n\nThe impersonation level field indicates the extent to which a process in the logon session can impersonate.\n\nThe authentication information fields provide detailed information about this specific logon request.\n\t- Logon GUID is a unique identifier that can be used to correlate this event with a KDC event.\n\t- Transited services indicate which intermediate services have participated in this logon request.\n\t- Package name indicates which sub-protocol was used among the NTLM protocols.\n\t- Key length indicates the length of the generated session key. This will be 0 if no session key was requested.","opcode":"Info","type":"wineventlog","version":2,"tags":["winlogbeat","beats_input_codec_plain_applied"],"thread_id":72296,"@timestamp":"2019-04-04T09:19:35.346Z","task":"Logon","event_id":4624,"provider_guid":"{54849625-5478-4994-A5BA-3E3B0328C30D}","@version":"1","activity_id":"{30BE63F3-965A-483D-A118-96F773AC69BA}","beat":{"hostname":"azad3-dc01","name":"azad3-dc01","version":"5.6.3"},"host":"azad3-dc01","fields":{"logtype":"dc_event"},"source_name":"Microsoft-Windows-Security-Auditing"}
{"computer_name":"azad3-dc01.ad3.com","process_id":628,"keywords":["Audit Success"],"log_name":"Security","level":"Information","record_number":"532786798","event_data":{"Workstation":"azad3-wfe32","Status":"0x0","PackageName":"MICROSOFT_AUTHENTICATION_PACKAGE_V1_0","TargetUserName":"spadmin"},"message":"The computer attempted to validate the credentials for an account.\n\nAuthentication Package:\tMICROSOFT_AUTHENTICATION_PACKAGE_V1_0\nLogon Account:\tspadmin\nSource Workstation:\tazad3-wfe32\nError Code:\t0x0","opcode":"Info","type":"wineventlog","tags":["winlogbeat","beats_input_codec_plain_applied"],"thread_id":72296,"@timestamp":"2019-04-04T09:20:05.807Z","task":"Credential Validation","event_id":4776,"provider_guid":"{54849625-5478-4994-A5BA-3E3B0328C30D}","@version":"1","beat":{"hostname":"azad3-dc01","name":"azad3-dc01","version":"5.6.3"},"host":"azad3-dc01","fields":{"logtype":"dc_event"},"source_name":"Microsoft-Windows-Security-Auditing"}
{"computer_name":"azad3-dc01.ad3.com","process_id":628,"keywords":["Audit Failure"],"level":"Information","log_name":"Security","record_number":"532803574","event_data":{"Workstation":"MSTSC","Status":"0xc0000064","PackageName":"MICROSOFT_AUTHENTICATION_PACKAGE_V1_0","TargetUserName":"user3"},"message":"The computer attempted to validate the credentials for an account.\n\nAuthentication Package:\tMICROSOFT_AUTHENTICATION_PACKAGE_V1_0\nLogon Account:\tuser3\nSource Workstation:\tMSTSC\nError Code:\t0xC0000064","type":"wineventlog","opcode":"Info","tags":["winlogbeat","beats_input_codec_plain_applied"],"thread_id":54828,"@timestamp":"2019-04-04T09:57:00.927Z","event_id":4776,"task":"Credential Validation","provider_guid":"{54849625-5478-4994-A5BA-3E3B0328C30D}","@version":"1","beat":{"hostname":"azad3-dc01","name":"azad3-dc01","version":"5.6.3"},"host":"azad3-dc01","fields":{"logtype":"dc_event"},"source_name":"Microsoft-Windows-Security-Auditing"}
{"process_id":604,"computer_name":"azad3-dc02.ad3.com","keywords":["Audit Failure"],"level":"Information","log_name":"Security","record_number":"407648016","event_data":{"PreAuthType":"2","Status":"0x18","ServiceName":"krbtgt/AD3.COM","TicketOptions":"0x40810010","TargetSid":"S-1-5-21-2516547722-2112485390-2429236411-2135","IpAddress":"::ffff:10.183.200.146","IpPort":"59819","TargetUserName":"rr609917"},"message":"Kerberos pre-authentication failed.\n\nAccount Information:\n\tSecurity ID:\t\tS-1-5-21-2516547722-2112485390-2429236411-2135\n\tAccount Name:\t\trr609917\n\nService Information:\n\tService Name:\t\tkrbtgt/AD3.COM\n\nNetwork Information:\n\tClient Address:\t\t::ffff:10.183.200.146\n\tClient Port:\t\t59819\n\nAdditional Information:\n\tTicket Options:\t\t0x40810010\n\tFailure Code:\t\t0x18\n\tPre-Authentication Type:\t2\n\nCertificate Information:\n\tCertificate Issuer Name:\t\t\n\tCertificate Serial Number: \t\n\tCertificate Thumbprint:\t\t\n\nCertificate information is only provided if a certificate was used for pre-authentication.\n\nPre-authentication types, ticket options and failure codes are defined in RFC 4120.\n\nIf the ticket was malformed or damaged during transit and could not be decrypted, then many fields in this event might not be present.","opcode":"Info","type":"wineventlog","tags":["winlogbeat","beats_input_codec_plain_applied"],"thread_id":7940,"@timestamp":"2019-04-04T11:43:54.788Z","task":"Kerberos Authentication Service","event_id":4771,"provider_guid":"{54849625-5478-4994-A5BA-3E3B0328C30D}","@version":"1","beat":{"hostname":"azad3-dc02","name":"azad3-dc02","version":"5.6.3"},"host":"azad3-dc02","fields":{"logtype":"dc_event"},"source_name":"Microsoft-Windows-Security-Auditing"}
{"process_id":628,"computer_name":"azad3-dc01.ad3.com","keywords":["Audit Failure"],"log_name":"Security","level":"Information","record_number":"532881714","event_data":{"Workstation":"MSTSC","Status":"0xc0000064","PackageName":"MICROSOFT_AUTHENTICATION_PACKAGE_V1_0","TargetUserName":"rr6012s6"},"message":"The computer attempted to validate the credentials for an account.\n\nAuthentication Package:\tMICROSOFT_AUTHENTICATION_PACKAGE_V1_0\nLogon Account:\trr6012s6\nSource Workstation:\tMSTSC\nError Code:\t0xC0000064","opcode":"Info","type":"wineventlog","tags":["winlogbeat","beats_input_codec_plain_applied"],"thread_id":69972,"@timestamp":"2019-04-04T12:20:10.724Z","task":"Credential Validation","event_id":4776,"provider_guid":"{54849625-5478-4994-A5BA-3E3B0328C30D}","@version":"1","beat":{"hostname":"azad3-dc01","name":"azad3-dc01","version":"5.6.3"},"host":"azad3-dc01","fields":{"logtype":"dc_event"},"source_name":"Microsoft-Windows-Security-Auditing"}
{"computer_name":"azad3-dc01.ad3.com","process_id":628,"keywords":["Audit Success"],"level":"Information","log_name":"Security","record_number":"532784455","event_data":{"Workstation":"azad3-app01","Status":"0x0","PackageName":"MICROSOFT_AUTHENTICATION_PACKAGE_V1_0","TargetUserName":"spadmin"},"message":"The computer attempted to validate the credentials for an account.\n\nAuthentication Package:\tMICROSOFT_AUTHENTICATION_PACKAGE_V1_0\nLogon Account:\tspadmin\nSource Workstation:\tazad3-app01\nError Code:\t0x0","opcode":"Info","type":"wineventlog","tags":["winlogbeat","beats_input_codec_plain_applied"],"thread_id":54828,"@timestamp":"2019-04-04T09:15:32.010Z","task":"Credential Validation","event_id":4776,"provider_guid":"{54849625-5478-4994-A5BA-3E3B0328C30D}","@version":"1","beat":{"hostname":"azad3-dc01","name":"azad3-dc01","version":"5.6.3"},"host":"azad3-dc01","fields":{"logtype":"dc_event"},"source_name":"Microsoft-Windows-Security-Auditing"}
{"computer_name":"azad3-dc02.ad3.com","process_id":604,"keywords":["Audit Success"],"log_name":"Security","level":"Information","record_number":"407600130","event_data":{"Status":"0x0","TicketEncryptionType":"0x12","LogonGuid":"{A3480F8D-F7E0-FFDF-5BCA-D8B4947A3B92}","ServiceName":"AZAD3-HTMLSRV05$","TicketOptions":"0x40810000","ServiceSid":"S-1-5-21-2516547722-2112485390-2429236411-1178","IpAddress":"::ffff:10.183.201.19","IpPort":"54225","TransmittedServices":"-","TargetUserName":"htmlservice@AD3.COM","TargetDomainName":"AD3.COM"},"message":"A Kerberos service ticket was requested.\n\nAccount Information:\n\tAccount Name:\t\thtmlservice@AD3.COM\n\tAccount Domain:\t\tAD3.COM\n\tLogon GUID:\t\t{A3480F8D-F7E0-FFDF-5BCA-D8B4947A3B92}\n\nService Information:\n\tService Name:\t\tAZAD3-HTMLSRV05$\n\tService ID:\t\tS-1-5-21-2516547722-2112485390-2429236411-1178\n\nNetwork Information:\n\tClient Address:\t\t::ffff:10.183.201.19\n\tClient Port:\t\t54225\n\nAdditional Information:\n\tTicket Options:\t\t0x40810000\n\tTicket Encryption Type:\t0x12\n\tFailure Code:\t\t0x0\n\tTransited Services:\t-\n\nThis event is generated every time access is requested to a resource such as a computer or a Windows service.  The service name indicates the resource to which access was requested.\n\nThis event can be correlated with Windows logon events by comparing the Logon GUID fields in each event.  The logon event occurs on the machine that was accessed, which is often a different machine than the domain controller which issued the service ticket.\n\nTicket options, encryption types, and failure codes are defined in RFC 4120.","opcode":"Info","type":"wineventlog","tags":["winlogbeat","beats_input_codec_plain_applied"],"thread_id":7408,"@timestamp":"2019-04-04T09:40:17.883Z","task":"Kerberos Service Ticket Operations","event_id":4769,"provider_guid":"{54849625-5478-4994-A5BA-3E3B0328C30D}","@version":"1","beat":{"hostname":"azad3-dc02","name":"azad3-dc02","version":"5.6.3"},"host":"azad3-dc02","fields":{"logtype":"dc_event"},"source_name":"Microsoft-Windows-Security-Auditing"}
{"computer_name":"azad3-dc01.ad3.com","process_id":628,"keywords":["Audit Failure"],"log_name":"Security","level":"Information","record_number":"532784422","event_data":{"Status":"0xc0000064","PackageName":"MICROSOFT_AUTHENTICATION_PACKAGE_V1_0","TargetUserName":"QUICKBOOKS"},"message":"The computer attempted to validate the credentials for an account.\n\nAuthentication Package:\tMICROSOFT_AUTHENTICATION_PACKAGE_V1_0\nLogon Account:\tQUICKBOOKS\nSource Workstation:\t\nError Code:\t0xC0000064","opcode":"Info","type":"wineventlog","tags":["winlogbeat","beats_input_codec_plain_applied"],"thread_id":54828,"@timestamp":"2019-04-04T09:15:26.053Z","task":"Credential Validation","event_id":4776,"provider_guid":"{54849625-5478-4994-A5BA-3E3B0328C30D}","@version":"1","beat":{"hostname":"azad3-dc01","name":"azad3-dc01","version":"5.6.3"},"host":"azad3-dc01","fields":{"logtype":"dc_event"},"source_name":"Microsoft-Windows-Security-Auditing"}
{"process_id":604,"computer_name":"azad3-dc02.ad3.com","keywords":["Audit Failure"],"level":"Information","log_name":"Security","record_number":"407602809","event_data":{"PreAuthType":"-","Status":"0x12","TicketEncryptionType":"0xffffffff","ServiceName":"krbtgt/AD3.COM","TicketOptions":"0x40810010","TargetSid":"S-1-0-0","IpPort":"51089","ServiceSid":"S-1-0-0","IpAddress":"::ffff:10.183.200.141","TargetUserName":"rr601512","TargetDomainName":"AD3.COM"},"message":"A Kerberos authentication ticket (TGT) was requested.\n\nAccount Information:\n\tAccount Name:\t\trr601512\n\tSupplied Realm Name:\tAD3.COM\n\tUser ID:\t\t\tS-1-0-0\n\nService Information:\n\tService Name:\t\tkrbtgt/AD3.COM\n\tService ID:\t\tS-1-0-0\n\nNetwork Information:\n\tClient Address:\t\t::ffff:10.183.200.141\n\tClient Port:\t\t51089\n\nAdditional Information:\n\tTicket Options:\t\t0x40810010\n\tResult Code:\t\t0x12\n\tTicket Encryption Type:\t0xFFFFFFFF\n\tPre-Authentication Type:\t-\n\nCertificate Information:\n\tCertificate Issuer Name:\t\t\n\tCertificate Serial Number:\t\n\tCertificate Thumbprint:\t\t\n\nCertificate information is only provided if a certificate was used for pre-authentication.\n\nPre-authentication types, ticket options, encryption types and result codes are defined in RFC 4120.","opcode":"Info","type":"wineventlog","tags":["winlogbeat","beats_input_codec_plain_applied"],"thread_id":7408,"@timestamp":"2019-04-04T09:46:26.350Z","task":"Kerberos Authentication Service","event_id":4768,"provider_guid":"{54849625-5478-4994-A5BA-3E3B0328C30D}","@version":"1","beat":{"hostname":"azad3-dc02","name":"azad3-dc02","version":"5.6.3"},"host":"azad3-dc02","fields":{"logtype":"dc_event"},"source_name":"Microsoft-Windows-Security-Auditing"}
{"computer_name":"azad3-dc01.ad3.com","process_id":628,"keywords":["Audit Success"],"log_name":"Security","level":"Information","record_number":"532786448","event_data":{"Workstation":"azad3-wfe11","Status":"0x0","PackageName":"MICROSOFT_AUTHENTICATION_PACKAGE_V1_0","TargetUserName":"spadmin"},"message":"The computer attempted to validate the credentials for an account.\n\nAuthentication Package:\tMICROSOFT_AUTHENTICATION_PACKAGE_V1_0\nLogon Account:\tspadmin\nSource Workstation:\tazad3-wfe11\nError Code:\t0x0","opcode":"Info","type":"wineventlog","tags":["winlogbeat","beats_input_codec_plain_applied"],"thread_id":39316,"@timestamp":"2019-04-04T09:20:03.518Z","task":"Credential Validation","event_id":4776,"provider_guid":"{54849625-5478-4994-A5BA-3E3B0328C30D}","@version":"1","beat":{"hostname":"azad3-dc01","name":"azad3-dc01","version":"5.6.3"},"host":"azad3-dc01","fields":{"logtype":"dc_event"},"source_name":"Microsoft-Windows-Security-Auditing"}
{"computer_name":"azad3-dc02.ad3.com","process_id":604,"keywords":["Audit Success"],"level":"Information","log_name":"Security","record_number":"407649868","event_data":{"PreAuthType":"2","Status":"0x0","TicketEncryptionType":"0x12","ServiceName":"krbtgt","TicketOptions":"0x40810010","TargetSid":"S-1-5-21-2516547722-2112485390-2429236411-1104","IpPort":"65467","IpAddress":"::ffff:10.183.200.91","ServiceSid":"S-1-5-21-2516547722-2112485390-2429236411-502","TargetUserName":"admin","TargetDomainName":"ad3"},"message":"A Kerberos authentication ticket (TGT) was requested.\n\nAccount Information:\n\tAccount Name:\t\tadmin\n\tSupplied Realm Name:\tad3\n\tUser ID:\t\t\tS-1-5-21-2516547722-2112485390-2429236411-1104\n\nService Information:\n\tService Name:\t\tkrbtgt\n\tService ID:\t\tS-1-5-21-2516547722-2112485390-2429236411-502\n\nNetwork Information:\n\tClient Address:\t\t::ffff:10.183.200.91\n\tClient Port:\t\t65467\n\nAdditional Information:\n\tTicket Options:\t\t0x40810010\n\tResult Code:\t\t0x0\n\tTicket Encryption Type:\t0x12\n\tPre-Authentication Type:\t2\n\nCertificate Information:\n\tCertificate Issuer Name:\t\t\n\tCertificate Serial Number:\t\n\tCertificate Thumbprint:\t\t\n\nCertificate information is only provided if a certificate was used for pre-authentication.\n\nPre-authentication types, ticket options, encryption types and result codes are defined in RFC 4120.","type":"wineventlog","opcode":"Info","tags":["winlogbeat","beats_input_codec_plain_applied"],"thread_id":11316,"@timestamp":"2019-04-04T11:48:03.919Z","task":"Kerberos Authentication Service","event_id":4768,"provider_guid":"{54849625-5478-4994-A5BA-3E3B0328C30D}","@version":"1","beat":{"hostname":"azad3-dc02","name":"azad3-dc02","version":"5.6.3"},"host":"azad3-dc02","fields":{"logtype":"dc_event"},"source_name":"Microsoft-Windows-Security-Auditing"}
{"process_id":604,"computer_name":"azad3-dc02.ad3.com","keywords":["Audit Success"],"level":"Information","log_name":"Security","record_number":"407607562","event_data":{"TargetLogonId":"0x99aba9f4a","SubjectUserName":"-","LogonType":"3","EventCountTotal":"1","GroupMembership":"\n\t\t%{S-1-5-21-2516547722-2112485390-2429236411-513}\n\t\t%{S-1-1-0}\n\t\t%{S-1-5-32-545}\n\t\t%{S-1-5-32-554}\n\t\t%{S-1-5-32-544}\n\t\t%{S-1-5-2}\n\t\t%{S-1-5-11}\n\t\t%{S-1-5-15}\n\t\t%{S-1-5-21-2516547722-2112485390-2429236411-512}\n\t\t%{S-1-18-1}\n\t\t%{S-1-5-21-2516547722-2112485390-2429236411-572}\n\t\t%{S-1-16-12288}","SubjectDomainName":"-","SubjectLogonId":"0x0","TargetUserName":"spadmin","TargetDomainName":"AD3.COM","EventIdx":"1","SubjectUserSid":"S-1-0-0","TargetUserSid":"S-1-5-21-2516547722-2112485390-2429236411-1106"},"message":"Group membership information.\n\nSubject:\n\tSecurity ID:\t\tS-1-0-0\n\tAccount Name:\t\t-\n\tAccount Domain:\t\t-\n\tLogon ID:\t\t0x0\n\nLogon Type:\t\t\t3\n\nNew Logon:\n\tSecurity ID:\t\tS-1-5-21-2516547722-2112485390-2429236411-1106\n\tAccount Name:\t\tspadmin\n\tAccount Domain:\t\tAD3.COM\n\tLogon ID:\t\t0x99ABA9F4A\n\nEvent in sequence:\t\t1 of 1\n\nGroup Membership:\t\t\t\n\t\t%{S-1-5-21-2516547722-2112485390-2429236411-513}\n\t\t%{S-1-1-0}\n\t\t%{S-1-5-32-545}\n\t\t%{S-1-5-32-554}\n\t\t%{S-1-5-32-544}\n\t\t%{S-1-5-2}\n\t\t%{S-1-5-11}\n\t\t%{S-1-5-15}\n\t\t%{S-1-5-21-2516547722-2112485390-2429236411-512}\n\t\t%{S-1-18-1}\n\t\t%{S-1-5-21-2516547722-2112485390-2429236411-572}\n\t\t%{S-1-16-12288}\n\nThe subject fields indicate the account on the local system which requested the logon. This is most commonly a service such as the Server service, or a local process such as Winlogon.exe or Services.exe.\n\nThe logon type field indicates the kind of logon that occurred. The most common types are 2 (interactive) and 3 (network).\n\nThe New Logon fields indicate the account for whom the new logon was created, i.e. the account that was logged on.\n\nThis event is generated when the Audit Group Membership subcategory is configured.  The Logon ID field can be used to correlate this event with the corresponding user logon event as well as to any other security audit events generated during this logon session.","opcode":"Info","type":"wineventlog","tags":["winlogbeat","beats_input_codec_plain_applied"],"thread_id":10288,"@timestamp":"2019-04-04T09:57:00.825Z","task":"Group Membership","event_id":4627,"provider_guid":"{54849625-5478-4994-A5BA-3E3B0328C30D}","@version":"1","beat":{"hostname":"azad3-dc02","name":"azad3-dc02","version":"5.6.3"},"host":"azad3-dc02","fields":{"logtype":"dc_event"},"source_name":"Microsoft-Windows-Security-Auditing"}
{"computer_name":"azad3-dc01.ad3.com","process_id":628,"keywords":["Audit Success"],"log_name":"Security","level":"Information","record_number":"532791370","event_data":{"Status":"0x0","Workstation":"azad3-wfe33","PackageName":"MICROSOFT_AUTHENTICATION_PACKAGE_V1_0","TargetUserName":"spadmin"},"message":"The computer attempted to validate the credentials for an account.\n\nAuthentication Package:\tMICROSOFT_AUTHENTICATION_PACKAGE_V1_0\nLogon Account:\tspadmin\nSource Workstation:\tazad3-wfe33\nError Code:\t0x0","opcode":"Info","type":"wineventlog","tags":["winlogbeat","beats_input_codec_plain_applied"],"thread_id":75744,"@timestamp":"2019-04-04T09:30:01.444Z","task":"Credential Validation","event_id":4776,"provider_guid":"{54849625-5478-4994-A5BA-3E3B0328C30D}","@version":"1","beat":{"hostname":"azad3-dc01","name":"azad3-dc01","version":"5.6.3"},"host":"azad3-dc01","fields":{"logtype":"dc_event"},"source_name":"Microsoft-Windows-Security-Auditing"}
{"computer_name":"azad3-dc01.ad3.com","process_id":628,"keywords":["Audit Success"],"level":"Information","log_name":"Security","record_number":"532870395","event_data":{"TargetLogonId":"0x109c39af02","LogonType":"3","TargetUserName":"spadmin","TargetDomainName":"AD3","TargetUserSid":"S-1-5-21-2516547722-2112485390-2429236411-1106"},"message":"An account was logged off.\n\nSubject:\n\tSecurity ID:\t\tS-1-5-21-2516547722-2112485390-2429236411-1106\n\tAccount Name:\t\tspadmin\n\tAccount Domain:\t\tAD3\n\tLogon ID:\t\t0x109C39AF02\n\nLogon Type:\t\t\t3\n\nThis event is generated when a logon session is destroyed. It may be positively correlated with a logon event using the Logon ID value. Logon IDs are only unique between reboots on the same computer.","type":"wineventlog","opcode":"Info","tags":["winlogbeat","beats_input_codec_plain_applied"],"thread_id":75744,"@timestamp":"2019-04-04T12:02:06.340Z","event_id":4634,"task":"Logoff","provider_guid":"{54849625-5478-4994-A5BA-3E3B0328C30D}","@version":"1","beat":{"hostname":"azad3-dc01","name":"azad3-dc01","version":"5.6.3"},"host":"azad3-dc01","fields":{"logtype":"dc_event"},"source_name":"Microsoft-Windows-Security-Auditing"}
