{"computer_name":"AZAD3-OOS01.ad3.com","process_id":4,"keywords":["Audit Success"],"level":"Information","log_name":"Security","record_number":"106493911","event_data":{"Status":"0x0","ProcessName":"C:\\Windows\\System32\\cmd.exe","SubjectUserName":"zabbixsvc$","SubjectDomainName":"AD3","ProcessId":"0x1751a0","SubjectLogonId":"0x29494","SubjectUserSid":"S-1-5-21-2516547722-2112485390-2429236411-1185"},"message":"A process has exited.\n\nSubject:\n\tSecurity ID:\t\tS-1-5-21-2516547722-2112485390-2429236411-1185\n\tAccount Name:\t\tzabbixsvc$\n\tAccount Domain:\t\tAD3\n\tLogon ID:\t\t0x29494\n\nProcess Information:\n\tProcess ID:\t0x1751a0\n\tProcess Name:\tC:\\Windows\\System32\\cmd.exe\n\tExit Status:\t0x0","type":"wineventlog","opcode":"Info","tags":["winlogbeat","beats_input_codec_plain_applied"],"thread_id":947852,"@timestamp":"2018-12-27T12:31:40.569Z","task":"Process Termination","event_id":4689,"provider_guid":"{54849625-5478-4994-A5BA-3E3B0328C30D}","@version":"1","beat":{"hostname":"AZAD3-OOS01","name":"AZAD3-OOS01","version":"5.6.3"},"host":"AZAD3-OOS01","fields":{"logtype":"officeonline_event"},"source_name":"Microsoft-Windows-Security-Auditing"}
{"process_id":4,"computer_name":"AZAD3-OOS02.ad3.com","keywords":["Audit Success"],"level":"Information","log_name":"Security","record_number":"98495268","event_data":{"NewProcessId":"0xd9288","TokenElevationType":"%%1936","NewProcessName":"C:\\Windows\\System32\\cmd.exe","SubjectLogonId":"0x1918c595bc","TargetLogonId":"0x0","CommandLine":"cmd /C \"powershell -NoProfile -File C:\\AD365\\software\\Zabbix\\Scripts\\AppPoolsStatus.ps1 \"OpenFromUrlWeb\"\"","SubjectUserName":"zabbixsvc$","SubjectDomainName":"AD3","TargetUserName":"-","ProcessId":"0xd63b8","TargetDomainName":"-","SubjectUserSid":"S-1-5-21-2516547722-2112485390-2429236411-1185","TargetUserSid":"S-1-0-0"},"message":"A new process has been created.\n\nCreator Subject:\n\tSecurity ID:\t\tS-1-5-21-2516547722-2112485390-2429236411-1185\n\tAccount Name:\t\tzabbixsvc$\n\tAccount Domain:\t\tAD3\n\tLogon ID:\t\t0x1918C595BC\n\nTarget Subject:\n\tSecurity ID:\t\tS-1-0-0\n\tAccount Name:\t\t-\n\tAccount Domain:\t\t-\n\tLogon ID:\t\t0x0\n\nProcess Information:\n\tNew Process ID:\t\t0xd9288\n\tNew Process Name:\tC:\\Windows\\System32\\cmd.exe\n\tToken Elevation Type:\tTokenElevationTypeDefault (1)\n\tCreator Process ID:\t0xd63b8\n\tProcess Command Line:\tcmd /C \"powershell -NoProfile -File C:\\AD365\\software\\Zabbix\\Scripts\\AppPoolsStatus.ps1 \"OpenFromUrlWeb\"\"\n\nToken Elevation Type indicates the type of token that was assigned to the new process in accordance with User Account Control policy.\n\nType 1 is a full token with no privileges removed or groups disabled.  A full token is only used if User Account Control is disabled or if the user is the built-in Administrator account or a service account.\n\nType 2 is an elevated token with no privileges removed or groups disabled.  An elevated token is used when User Account Control is enabled and the user chooses to start the program using Run as administrator.  An elevated token is also used when an application is configured to always require administrative privilege or to always require maximum privilege, and the user is a member of the Administrators group.\n\nType 3 is a limited token with administrative privileges removed and administrative groups disabled.  The limited token is used when User Account Control is enabled, the application does not require administrative privilege, and the user does not choose to start the program using Run as administrator.","type":"wineventlog","opcode":"Info","version":2,"tags":["winlogbeat","beats_input_codec_plain_applied"],"thread_id":875068,"@timestamp":"2018-12-27T12:55:11.271Z","event_id":4688,"task":"Process Creation","provider_guid":"{54849625-5478-4994-A5BA-3E3B0328C30D}","@version":"1","beat":{"hostname":"AZAD3-OOS02","name":"AZAD3-OOS02","version":"5.6.3"},"host":"AZAD3-OOS02","fields":{"logtype":"officeonline_event"},"source_name":"Microsoft-Windows-Security-Auditing"}
{"computer_name":"AZAD3-OOS03.ad3.com","process_id":4,"keywords":["Audit Success"],"log_name":"Security","level":"Information","record_number":"99310439","event_data":{"NewProcessId":"0x123344","TokenElevationType":"%%1936","NewProcessName":"C:\\Windows\\System32\\conhost.exe","SubjectLogonId":"0x37ea3","TargetLogonId":"0x0","CommandLine":"\\??\\C:\\Windows\\system32\\conhost.exe 0xffffffff","SubjectUserName":"zabbixsvc$","SubjectDomainName":"AD3","ProcessId":"0x123354","TargetUserName":"-","TargetDomainName":"-","SubjectUserSid":"S-1-5-21-2516547722-2112485390-2429236411-1185","TargetUserSid":"S-1-0-0"},"message":"A new process has been created.\n\nCreator Subject:\n\tSecurity ID:\t\tS-1-5-21-2516547722-2112485390-2429236411-1185\n\tAccount Name:\t\tzabbixsvc$\n\tAccount Domain:\t\tAD3\n\tLogon ID:\t\t0x37EA3\n\nTarget Subject:\n\tSecurity ID:\t\tS-1-0-0\n\tAccount Name:\t\t-\n\tAccount Domain:\t\t-\n\tLogon ID:\t\t0x0\n\nProcess Information:\n\tNew Process ID:\t\t0x123344\n\tNew Process Name:\tC:\\Windows\\System32\\conhost.exe\n\tToken Elevation Type:\tTokenElevationTypeDefault (1)\n\tCreator Process ID:\t0x123354\n\tProcess Command Line:\t\\??\\C:\\Windows\\system32\\conhost.exe 0xffffffff\n\nToken Elevation Type indicates the type of token that was assigned to the new process in accordance with User Account Control policy.\n\nType 1 is a full token with no privileges removed or groups disabled.  A full token is only used if User Account Control is disabled or if the user is the built-in Administrator account or a service account.\n\nType 2 is an elevated token with no privileges removed or groups disabled.  An elevated token is used when User Account Control is enabled and the user chooses to start the program using Run as administrator.  An elevated token is also used when an application is configured to always require administrative privilege or to always require maximum privilege, and the user is a member of the Administrators group.\n\nType 3 is a limited token with administrative privileges removed and administrative groups disabled.  The limited token is used when User Account Control is enabled, the application does not require administrative privilege, and the user does not choose to start the program using Run as administrator.","type":"wineventlog","opcode":"Info","version":2,"tags":["winlogbeat","beats_input_codec_plain_applied"],"thread_id":1104016,"@timestamp":"2018-12-27T12:45:36.024Z","event_id":4688,"task":"Process Creation","provider_guid":"{54849625-5478-4994-A5BA-3E3B0328C30D}","@version":"1","beat":{"hostname":"AZAD3-OOS03","name":"AZAD3-OOS03","version":"5.6.3"},"host":"AZAD3-OOS03","fields":{"logtype":"officeonline_event"},"source_name":"Microsoft-Windows-Security-Auditing"}
{"computer_name":"AZAD3-OOS04.ad3.com","process_id":4,"keywords":["Audit Success"],"level":"Information","log_name":"Security","record_number":"97867184","event_data":{"NewProcessId":"0xd80dc","TokenElevationType":"%%1936","SubjectLogonId":"0x2b49f","NewProcessName":"C:\\Windows\\System32\\cmd.exe","TargetLogonId":"0x0","SubjectUserName":"zabbixsvc$","CommandLine":"cmd /C \"powershell -NoProfile -File C:\\AD365\\software\\Zabbix\\Scripts\\AppPoolsStatus.ps1 \"DiskCache\"\"","SubjectDomainName":"AD3","ProcessId":"0x8b8","TargetUserName":"-","TargetDomainName":"-","SubjectUserSid":"S-1-5-21-2516547722-2112485390-2429236411-1185","TargetUserSid":"S-1-0-0"},"message":"A new process has been created.\n\nCreator Subject:\n\tSecurity ID:\t\tS-1-5-21-2516547722-2112485390-2429236411-1185\n\tAccount Name:\t\tzabbixsvc$\n\tAccount Domain:\t\tAD3\n\tLogon ID:\t\t0x2B49F\n\nTarget Subject:\n\tSecurity ID:\t\tS-1-0-0\n\tAccount Name:\t\t-\n\tAccount Domain:\t\t-\n\tLogon ID:\t\t0x0\n\nProcess Information:\n\tNew Process ID:\t\t0xd80dc\n\tNew Process Name:\tC:\\Windows\\System32\\cmd.exe\n\tToken Elevation Type:\tTokenElevationTypeDefault (1)\n\tCreator Process ID:\t0x8b8\n\tProcess Command Line:\tcmd /C \"powershell -NoProfile -File C:\\AD365\\software\\Zabbix\\Scripts\\AppPoolsStatus.ps1 \"DiskCache\"\"\n\nToken Elevation Type indicates the type of token that was assigned to the new process in accordance with User Account Control policy.\n\nType 1 is a full token with no privileges removed or groups disabled.  A full token is only used if User Account Control is disabled or if the user is the built-in Administrator account or a service account.\n\nType 2 is an elevated token with no privileges removed or groups disabled.  An elevated token is used when User Account Control is enabled and the user chooses to start the program using Run as administrator.  An elevated token is also used when an application is configured to always require administrative privilege or to always require maximum privilege, and the user is a member of the Administrators group.\n\nType 3 is a limited token with administrative privileges removed and administrative groups disabled.  The limited token is used when User Account Control is enabled, the application does not require administrative privilege, and the user does not choose to start the program using Run as administrator.","opcode":"Info","type":"wineventlog","version":2,"tags":["winlogbeat","beats_input_codec_plain_applied"],"thread_id":866640,"@timestamp":"2018-12-27T12:34:51.620Z","event_id":4688,"task":"Process Creation","provider_guid":"{54849625-5478-4994-A5BA-3E3B0328C30D}","@version":"1","beat":{"hostname":"AZAD3-OOS04","name":"AZAD3-OOS04","version":"5.6.3"},"host":"AZAD3-OOS04","fields":{"logtype":"officeonline_event"},"source_name":"Microsoft-Windows-Security-Auditing"}
{"process_id":4,"computer_name":"AZAD3-OOS04.ad3.com","keywords":["Audit Success"],"level":"Information","log_name":"Security","record_number":"97866554","event_data":{"Status":"0x0","SubjectUserName":"zabbixsvc$","ProcessName":"C:\\Windows\\System32\\WindowsPowerShell\\v1.0\\powershell.exe","SubjectDomainName":"AD3","SubjectLogonId":"0x2b49f","ProcessId":"0xd6694","SubjectUserSid":"S-1-5-21-2516547722-2112485390-2429236411-1185"},"message":"A process has exited.\n\nSubject:\n\tSecurity ID:\t\tS-1-5-21-2516547722-2112485390-2429236411-1185\n\tAccount Name:\t\tzabbixsvc$\n\tAccount Domain:\t\tAD3\n\tLogon ID:\t\t0x2B49F\n\nProcess Information:\n\tProcess ID:\t0xd6694\n\tProcess Name:\tC:\\Windows\\System32\\WindowsPowerShell\\v1.0\\powershell.exe\n\tExit Status:\t0x0","opcode":"Info","type":"wineventlog","tags":["winlogbeat","beats_input_codec_plain_applied"],"thread_id":866640,"@timestamp":"2018-12-27T12:31:04.831Z","event_id":4689,"task":"Process Termination","provider_guid":"{54849625-5478-4994-A5BA-3E3B0328C30D}","@version":"1","beat":{"hostname":"AZAD3-OOS04","name":"AZAD3-OOS04","version":"5.6.3"},"host":"AZAD3-OOS04","fields":{"logtype":"officeonline_event"},"source_name":"Microsoft-Windows-Security-Auditing"}
{"process_id":4,"computer_name":"AZAD3-OOS02.ad3.com","keywords":["Audit Success"],"level":"Information","log_name":"Security","record_number":"98491235","event_data":{"NewProcessId":"0xd7a0c","TokenElevationType":"%%1936","SubjectLogonId":"0x1918c595bc","NewProcessName":"C:\\Windows\\System32\\cmd.exe","TargetLogonId":"0x0","CommandLine":"cmd /C \"powershell -NoProfile -File C:\\AD365\\software\\Zabbix\\Scripts\\AppPoolsStatus.ps1 \"BroadcastService\"\"","SubjectUserName":"zabbixsvc$","SubjectDomainName":"AD3","ProcessId":"0xd63b8","TargetUserName":"-","TargetDomainName":"-","SubjectUserSid":"S-1-5-21-2516547722-2112485390-2429236411-1185","TargetUserSid":"S-1-0-0"},"message":"A new process has been created.\n\nCreator Subject:\n\tSecurity ID:\t\tS-1-5-21-2516547722-2112485390-2429236411-1185\n\tAccount Name:\t\tzabbixsvc$\n\tAccount Domain:\t\tAD3\n\tLogon ID:\t\t0x1918C595BC\n\nTarget Subject:\n\tSecurity ID:\t\tS-1-0-0\n\tAccount Name:\t\t-\n\tAccount Domain:\t\t-\n\tLogon ID:\t\t0x0\n\nProcess Information:\n\tNew Process ID:\t\t0xd7a0c\n\tNew Process Name:\tC:\\Windows\\System32\\cmd.exe\n\tToken Elevation Type:\tTokenElevationTypeDefault (1)\n\tCreator Process ID:\t0xd63b8\n\tProcess Command Line:\tcmd /C \"powershell -NoProfile -File C:\\AD365\\software\\Zabbix\\Scripts\\AppPoolsStatus.ps1 \"BroadcastService\"\"\n\nToken Elevation Type indicates the type of token that was assigned to the new process in accordance with User Account Control policy.\n\nType 1 is a full token with no privileges removed or groups disabled.  A full token is only used if User Account Control is disabled or if the user is the built-in Administrator account or a service account.\n\nType 2 is an elevated token with no privileges removed or groups disabled.  An elevated token is used when User Account Control is enabled and the user chooses to start the program using Run as administrator.  An elevated token is also used when an application is configured to always require administrative privilege or to always require maximum privilege, and the user is a member of the Administrators group.\n\nType 3 is a limited token with administrative privileges removed and administrative groups disabled.  The limited token is used when User Account Control is enabled, the application does not require administrative privilege, and the user does not choose to start the program using Run as administrator.","type":"wineventlog","opcode":"Info","version":2,"tags":["winlogbeat","beats_input_codec_plain_applied"],"thread_id":890824,"@timestamp":"2018-12-27T12:32:59.197Z","task":"Process Creation","event_id":4688,"provider_guid":"{54849625-5478-4994-A5BA-3E3B0328C30D}","@version":"1","beat":{"hostname":"AZAD3-OOS02","name":"AZAD3-OOS02","version":"5.6.3"},"host":"AZAD3-OOS02","fields":{"logtype":"officeonline_event"},"source_name":"Microsoft-Windows-Security-Auditing"}
{"computer_name":"AZAD3-OOS04.ad3.com","process_id":4,"keywords":["Audit Success"],"level":"Information","log_name":"Security","record_number":"97868059","event_data":{"NewProcessId":"0xd9a10","TokenElevationType":"%%1936","SubjectLogonId":"0x2b49f","NewProcessName":"C:\\Windows\\System32\\WindowsPowerShell\\v1.0\\powershell.exe","TargetLogonId":"0x0","SubjectUserName":"zabbixsvc$","CommandLine":"powershell  -NoProfile -File C:\\AD365\\software\\Zabbix\\Scripts\\AppPoolsName.ps1","SubjectDomainName":"AD3","ProcessId":"0xd32c4","TargetUserName":"-","TargetDomainName":"-","SubjectUserSid":"S-1-5-21-2516547722-2112485390-2429236411-1185","TargetUserSid":"S-1-0-0"},"message":"A new process has been created.\n\nCreator Subject:\n\tSecurity ID:\t\tS-1-5-21-2516547722-2112485390-2429236411-1185\n\tAccount Name:\t\tzabbixsvc$\n\tAccount Domain:\t\tAD3\n\tLogon ID:\t\t0x2B49F\n\nTarget Subject:\n\tSecurity ID:\t\tS-1-0-0\n\tAccount Name:\t\t-\n\tAccount Domain:\t\t-\n\tLogon ID:\t\t0x0\n\nProcess Information:\n\tNew Process ID:\t\t0xd9a10\n\tNew Process Name:\tC:\\Windows\\System32\\WindowsPowerShell\\v1.0\\powershell.exe\n\tToken Elevation Type:\tTokenElevationTypeDefault (1)\n\tCreator Process ID:\t0xd32c4\n\tProcess Command Line:\tpowershell  -NoProfile -File C:\\AD365\\software\\Zabbix\\Scripts\\AppPoolsName.ps1\n\nToken Elevation Type indicates the type of token that was assigned to the new process in accordance with User Account Control policy.\n\nType 1 is a full token with no privileges removed or groups disabled.  A full token is only used if User Account Control is disabled or if the user is the built-in Administrator account or a service account.\n\nType 2 is an elevated token with no privileges removed or groups disabled.  An elevated token is used when User Account Control is enabled and the user chooses to start the program using Run as administrator.  An elevated token is also used when an application is configured to always require administrative privilege or to always require maximum privilege, and the user is a member of the Administrators group.\n\nType 3 is a limited token with administrative privileges removed and administrative groups disabled.  The limited token is used when User Account Control is enabled, the application does not require administrative privilege, and the user does not choose to start the program using Run as administrator.","type":"wineventlog","opcode":"Info","version":2,"tags":["winlogbeat","beats_input_codec_plain_applied"],"thread_id":866640,"@timestamp":"2018-12-27T12:38:59.322Z","event_id":4688,"task":"Process Creation","provider_guid":"{54849625-5478-4994-A5BA-3E3B0328C30D}","@version":"1","beat":{"hostname":"AZAD3-OOS04","name":"AZAD3-OOS04","version":"5.6.3"},"host":"AZAD3-OOS04","fields":{"logtype":"officeonline_event"},"source_name":"Microsoft-Windows-Security-Auditing"}
{"process_id":4,"computer_name":"AZAD3-OOS01.ad3.com","keywords":["Audit Success"],"log_name":"Security","level":"Information","record_number":"106493066","event_data":{"Status":"0x0","ProcessName":"C:\\Windows\\System32\\cmd.exe","SubjectUserName":"zabbixsvc$","SubjectDomainName":"AD3","SubjectLogonId":"0x29494","ProcessId":"0x12e534","SubjectUserSid":"S-1-5-21-2516547722-2112485390-2429236411-1185"},"message":"A process has exited.\n\nSubject:\n\tSecurity ID:\t\tS-1-5-21-2516547722-2112485390-2429236411-1185\n\tAccount Name:\t\tzabbixsvc$\n\tAccount Domain:\t\tAD3\n\tLogon ID:\t\t0x29494\n\nProcess Information:\n\tProcess ID:\t0x12e534\n\tProcess Name:\tC:\\Windows\\System32\\cmd.exe\n\tExit Status:\t0x0","type":"wineventlog","opcode":"Info","tags":["winlogbeat","beats_input_codec_plain_applied"],"thread_id":1297764,"@timestamp":"2018-12-27T12:27:27.488Z","event_id":4689,"task":"Process Termination","provider_guid":"{54849625-5478-4994-A5BA-3E3B0328C30D}","@version":"1","beat":{"hostname":"AZAD3-OOS01","name":"AZAD3-OOS01","version":"5.6.3"},"host":"AZAD3-OOS01","fields":{"logtype":"officeonline_event"},"source_name":"Microsoft-Windows-Security-Auditing"}
{"computer_name":"AZAD3-OOS04.ad3.com","process_id":4,"keywords":["Audit Success"],"level":"Information","log_name":"Security","record_number":"97869421","event_data":{"Status":"0x0","SubjectUserName":"zabbixsvc$","ProcessName":"C:\\Windows\\System32\\cmd.exe","SubjectDomainName":"AD3","SubjectLogonId":"0x2b49f","ProcessId":"0xd9bcc","SubjectUserSid":"S-1-5-21-2516547722-2112485390-2429236411-1185"},"message":"A process has exited.\n\nSubject:\n\tSecurity ID:\t\tS-1-5-21-2516547722-2112485390-2429236411-1185\n\tAccount Name:\t\tzabbixsvc$\n\tAccount Domain:\t\tAD3\n\tLogon ID:\t\t0x2B49F\n\nProcess Information:\n\tProcess ID:\t0xd9bcc\n\tProcess Name:\tC:\\Windows\\System32\\cmd.exe\n\tExit Status:\t0x0","type":"wineventlog","opcode":"Info","tags":["winlogbeat","beats_input_codec_plain_applied"],"thread_id":888684,"@timestamp":"2018-12-27T12:46:12.028Z","event_id":4689,"task":"Process Termination","provider_guid":"{54849625-5478-4994-A5BA-3E3B0328C30D}","@version":"1","beat":{"hostname":"AZAD3-OOS04","name":"AZAD3-OOS04","version":"5.6.3"},"host":"AZAD3-OOS04","fields":{"logtype":"officeonline_event"},"source_name":"Microsoft-Windows-Security-Auditing"}
{"process_id":4,"computer_name":"AZAD3-OOS01.ad3.com","keywords":["Audit Success"],"log_name":"Security","level":"Information","record_number":"106492774","event_data":{"Status":"0x0","ProcessName":"C:\\Windows\\System32\\WindowsPowerShell\\v1.0\\powershell.exe","SubjectUserName":"zabbixsvc$","SubjectDomainName":"AD3","ProcessId":"0xf8b44","SubjectLogonId":"0x29494","SubjectUserSid":"S-1-5-21-2516547722-2112485390-2429236411-1185"},"message":"A process has exited.\n\nSubject:\n\tSecurity ID:\t\tS-1-5-21-2516547722-2112485390-2429236411-1185\n\tAccount Name:\t\tzabbixsvc$\n\tAccount Domain:\t\tAD3\n\tLogon ID:\t\t0x29494\n\nProcess Information:\n\tProcess ID:\t0xf8b44\n\tProcess Name:\tC:\\Windows\\System32\\WindowsPowerShell\\v1.0\\powershell.exe\n\tExit Status:\t0x0","opcode":"Info","type":"wineventlog","tags":["winlogbeat","beats_input_codec_plain_applied"],"thread_id":947852,"@timestamp":"2018-12-27T12:25:39.836Z","task":"Process Termination","event_id":4689,"provider_guid":"{54849625-5478-4994-A5BA-3E3B0328C30D}","@version":"1","beat":{"hostname":"AZAD3-OOS01","name":"AZAD3-OOS01","version":"5.6.3"},"host":"AZAD3-OOS01","fields":{"logtype":"officeonline_event"},"source_name":"Microsoft-Windows-Security-Auditing"}
{"process_id":4,"computer_name":"AZAD3-OOS01.ad3.com","keywords":["Audit Success"],"log_name":"Security","level":"Information","record_number":"106497006","event_data":{"Status":"0x0","SubjectUserName":"zabbixsvc$","ProcessName":"C:\\Windows\\System32\\conhost.exe","SubjectDomainName":"AD3","SubjectLogonId":"0x29494","ProcessId":"0x16d080","SubjectUserSid":"S-1-5-21-2516547722-2112485390-2429236411-1185"},"message":"A process has exited.\n\nSubject:\n\tSecurity ID:\t\tS-1-5-21-2516547722-2112485390-2429236411-1185\n\tAccount Name:\t\tzabbixsvc$\n\tAccount Domain:\t\tAD3\n\tLogon ID:\t\t0x29494\n\nProcess Information:\n\tProcess ID:\t0x16d080\n\tProcess Name:\tC:\\Windows\\System32\\conhost.exe\n\tExit Status:\t0x0","opcode":"Info","type":"wineventlog","tags":["winlogbeat","beats_input_codec_plain_applied"],"thread_id":947852,"@timestamp":"2018-12-27T12:47:32.637Z","event_id":4689,"task":"Process Termination","provider_guid":"{54849625-5478-4994-A5BA-3E3B0328C30D}","@version":"1","beat":{"hostname":"AZAD3-OOS01","name":"AZAD3-OOS01","version":"5.6.3"},"host":"AZAD3-OOS01","fields":{"logtype":"officeonline_event"},"source_name":"Microsoft-Windows-Security-Auditing"}
{"process_id":4,"computer_name":"AZAD3-OOS03.ad3.com","keywords":["Audit Success"],"log_name":"Security","level":"Information","record_number":"99310831","event_data":{"NewProcessId":"0x11f87c","TokenElevationType":"%%1936","NewProcessName":"C:\\Program Files (x86)\\Tanium\\Tanium Client\\TaniumClient.exe","SubjectLogonId":"0x3e7","TargetLogonId":"0x0","SubjectUserName":"AZAD3-OOS03$","CommandLine":"\"C:\\Program Files (x86)\\Tanium\\Tanium Client\\TaniumClient.exe\" -a","SubjectDomainName":"AD3","ProcessId":"0xebf60","TargetUserName":"-","TargetDomainName":"-","SubjectUserSid":"S-1-5-18","TargetUserSid":"S-1-0-0"},"message":"A new process has been created.\n\nCreator Subject:\n\tSecurity ID:\t\tS-1-5-18\n\tAccount Name:\t\tAZAD3-OOS03$\n\tAccount Domain:\t\tAD3\n\tLogon ID:\t\t0x3E7\n\nTarget Subject:\n\tSecurity ID:\t\tS-1-0-0\n\tAccount Name:\t\t-\n\tAccount Domain:\t\t-\n\tLogon ID:\t\t0x0\n\nProcess Information:\n\tNew Process ID:\t\t0x11f87c\n\tNew Process Name:\tC:\\Program Files (x86)\\Tanium\\Tanium Client\\TaniumClient.exe\n\tToken Elevation Type:\tTokenElevationTypeDefault (1)\n\tCreator Process ID:\t0xebf60\n\tProcess Command Line:\t\"C:\\Program Files (x86)\\Tanium\\Tanium Client\\TaniumClient.exe\" -a\n\nToken Elevation Type indicates the type of token that was assigned to the new process in accordance with User Account Control policy.\n\nType 1 is a full token with no privileges removed or groups disabled.  A full token is only used if User Account Control is disabled or if the user is the built-in Administrator account or a service account.\n\nType 2 is an elevated token with no privileges removed or groups disabled.  An elevated token is used when User Account Control is enabled and the user chooses to start the program using Run as administrator.  An elevated token is also used when an application is configured to always require administrative privilege or to always require maximum privilege, and the user is a member of the Administrators group.\n\nType 3 is a limited token with administrative privileges removed and administrative groups disabled.  The limited token is used when User Account Control is enabled, the application does not require administrative privilege, and the user does not choose to start the program using Run as administrator.","type":"wineventlog","opcode":"Info","version":2,"tags":["winlogbeat","beats_input_codec_plain_applied"],"thread_id":1081996,"@timestamp":"2018-12-27T12:47:48.312Z","event_id":4688,"task":"Process Creation","provider_guid":"{54849625-5478-4994-A5BA-3E3B0328C30D}","@version":"1","beat":{"hostname":"AZAD3-OOS03","name":"AZAD3-OOS03","version":"5.6.3"},"host":"AZAD3-OOS03","fields":{"logtype":"officeonline_event"},"source_name":"Microsoft-Windows-Security-Auditing"}
{"process_id":4,"computer_name":"AZAD3-OOS02.ad3.com","keywords":["Audit Success"],"log_name":"Security","level":"Information","record_number":"98495022","event_data":{"Status":"0x0","ProcessName":"C:\\Windows\\System32\\cmd.exe","SubjectUserName":"zabbixsvc$","SubjectDomainName":"AD3","SubjectLogonId":"0x1918c595bc","ProcessId":"0xd67c8","SubjectUserSid":"S-1-5-21-2516547722-2112485390-2429236411-1185"},"message":"A process has exited.\n\nSubject:\n\tSecurity ID:\t\tS-1-5-21-2516547722-2112485390-2429236411-1185\n\tAccount Name:\t\tzabbixsvc$\n\tAccount Domain:\t\tAD3\n\tLogon ID:\t\t0x1918C595BC\n\nProcess Information:\n\tProcess ID:\t0xd67c8\n\tProcess Name:\tC:\\Windows\\System32\\cmd.exe\n\tExit Status:\t0x0","opcode":"Info","type":"wineventlog","tags":["winlogbeat","beats_input_codec_plain_applied"],"thread_id":743980,"@timestamp":"2018-12-27T12:54:06.508Z","event_id":4689,"task":"Process Termination","provider_guid":"{54849625-5478-4994-A5BA-3E3B0328C30D}","@version":"1","beat":{"hostname":"AZAD3-OOS02","name":"AZAD3-OOS02","version":"5.6.3"},"host":"AZAD3-OOS02","fields":{"logtype":"officeonline_event"},"source_name":"Microsoft-Windows-Security-Auditing"}
{"computer_name":"AZAD3-OOS01.ad3.com","process_id":4,"keywords":["Audit Success"],"log_name":"Security","level":"Information","record_number":"106492672","event_data":{"NewProcessId":"0x124d28","TokenElevationType":"%%1936","SubjectLogonId":"0x29494","NewProcessName":"C:\\Windows\\System32\\WindowsPowerShell\\v1.0\\powershell.exe","TargetLogonId":"0x0","SubjectUserName":"zabbixsvc$","CommandLine":"powershell  -NoProfile -File C:\\AD365\\software\\Zabbix\\Scripts\\AppPoolsStatus.ps1 \"BroadcastService\"","SubjectDomainName":"AD3","ProcessId":"0xdaa78","TargetUserName":"-","TargetDomainName":"-","SubjectUserSid":"S-1-5-21-2516547722-2112485390-2429236411-1185","TargetUserSid":"S-1-0-0"},"message":"A new process has been created.\n\nCreator Subject:\n\tSecurity ID:\t\tS-1-5-21-2516547722-2112485390-2429236411-1185\n\tAccount Name:\t\tzabbixsvc$\n\tAccount Domain:\t\tAD3\n\tLogon ID:\t\t0x29494\n\nTarget Subject:\n\tSecurity ID:\t\tS-1-0-0\n\tAccount Name:\t\t-\n\tAccount Domain:\t\t-\n\tLogon ID:\t\t0x0\n\nProcess Information:\n\tNew Process ID:\t\t0x124d28\n\tNew Process Name:\tC:\\Windows\\System32\\WindowsPowerShell\\v1.0\\powershell.exe\n\tToken Elevation Type:\tTokenElevationTypeDefault (1)\n\tCreator Process ID:\t0xdaa78\n\tProcess Command Line:\tpowershell  -NoProfile -File C:\\AD365\\software\\Zabbix\\Scripts\\AppPoolsStatus.ps1 \"BroadcastService\"\n\nToken Elevation Type indicates the type of token that was assigned to the new process in accordance with User Account Control policy.\n\nType 1 is a full token with no privileges removed or groups disabled.  A full token is only used if User Account Control is disabled or if the user is the built-in Administrator account or a service account.\n\nType 2 is an elevated token with no privileges removed or groups disabled.  An elevated token is used when User Account Control is enabled and the user chooses to start the program using Run as administrator.  An elevated token is also used when an application is configured to always require administrative privilege or to always require maximum privilege, and the user is a member of the Administrators group.\n\nType 3 is a limited token with administrative privileges removed and administrative groups disabled.  The limited token is used when User Account Control is enabled, the application does not require administrative privilege, and the user does not choose to start the program using Run as administrator.","opcode":"Info","type":"wineventlog","version":2,"tags":["winlogbeat","beats_input_codec_plain_applied"],"thread_id":1061788,"@timestamp":"2018-12-27T12:25:24.039Z","event_id":4688,"task":"Process Creation","provider_guid":"{54849625-5478-4994-A5BA-3E3B0328C30D}","@version":"1","beat":{"hostname":"AZAD3-OOS01","name":"AZAD3-OOS01","version":"5.6.3"},"host":"AZAD3-OOS01","fields":{"logtype":"officeonline_event"},"source_name":"Microsoft-Windows-Security-Auditing"}
{"process_id":4,"computer_name":"AZAD3-OOS03.ad3.com","keywords":["Audit Success"],"log_name":"Security","level":"Information","record_number":"99308427","event_data":{"Status":"0x0","ProcessName":"C:\\Windows\\System32\\conhost.exe","SubjectUserName":"AZAD3-OOS03$","SubjectDomainName":"AD3","ProcessId":"0x122c3c","SubjectLogonId":"0x3e7","SubjectUserSid":"S-1-5-18"},"message":"A process has exited.\n\nSubject:\n\tSecurity ID:\t\tS-1-5-18\n\tAccount Name:\t\tAZAD3-OOS03$\n\tAccount Domain:\t\tAD3\n\tLogon ID:\t\t0x3E7\n\nProcess Information:\n\tProcess ID:\t0x122c3c\n\tProcess Name:\tC:\\Windows\\System32\\conhost.exe\n\tExit Status:\t0x0","type":"wineventlog","opcode":"Info","tags":["winlogbeat","beats_input_codec_plain_applied"],"thread_id":1104016,"@timestamp":"2018-12-27T12:34:50.050Z","event_id":4689,"task":"Process Termination","provider_guid":"{54849625-5478-4994-A5BA-3E3B0328C30D}","@version":"1","beat":{"hostname":"AZAD3-OOS03","name":"AZAD3-OOS03","version":"5.6.3"},"host":"AZAD3-OOS03","fields":{"logtype":"officeonline_event"},"source_name":"Microsoft-Windows-Security-Auditing"}
{"computer_name":"AZAD3-OOS02.ad3.com","process_id":4,"keywords":["Audit Success"],"log_name":"Security","level":"Information","record_number":"98490987","event_data":{"Status":"0x0","SubjectUserName":"zabbixsvc$","ProcessName":"C:\\Windows\\System32\\conhost.exe","SubjectDomainName":"AD3","SubjectLogonId":"0x1918c595bc","ProcessId":"0xd4f98","SubjectUserSid":"S-1-5-21-2516547722-2112485390-2429236411-1185"},"message":"A process has exited.\n\nSubject:\n\tSecurity ID:\t\tS-1-5-21-2516547722-2112485390-2429236411-1185\n\tAccount Name:\t\tzabbixsvc$\n\tAccount Domain:\t\tAD3\n\tLogon ID:\t\t0x1918C595BC\n\nProcess Information:\n\tProcess ID:\t0xd4f98\n\tProcess Name:\tC:\\Windows\\System32\\conhost.exe\n\tExit Status:\t0x0","type":"wineventlog","opcode":"Info","tags":["winlogbeat","beats_input_codec_plain_applied"],"thread_id":883144,"@timestamp":"2018-12-27T12:31:14.730Z","task":"Process Termination","event_id":4689,"provider_guid":"{54849625-5478-4994-A5BA-3E3B0328C30D}","@version":"1","beat":{"hostname":"AZAD3-OOS02","name":"AZAD3-OOS02","version":"5.6.3"},"host":"AZAD3-OOS02","fields":{"logtype":"officeonline_event"},"source_name":"Microsoft-Windows-Security-Auditing"}
{"process_id":4,"computer_name":"AZAD3-OOS02.ad3.com","keywords":["Audit Success"],"log_name":"Security","level":"Information","record_number":"98490793","event_data":{"Status":"0x0","ProcessName":"C:\\Windows\\System32\\cmd.exe","SubjectUserName":"zabbixsvc$","SubjectDomainName":"AD3","SubjectLogonId":"0x1918c595bc","ProcessId":"0xcd13c","SubjectUserSid":"S-1-5-21-2516547722-2112485390-2429236411-1185"},"message":"A process has exited.\n\nSubject:\n\tSecurity ID:\t\tS-1-5-21-2516547722-2112485390-2429236411-1185\n\tAccount Name:\t\tzabbixsvc$\n\tAccount Domain:\t\tAD3\n\tLogon ID:\t\t0x1918C595BC\n\nProcess Information:\n\tProcess ID:\t0xcd13c\n\tProcess Name:\tC:\\Windows\\System32\\cmd.exe\n\tExit Status:\t0x0","opcode":"Info","type":"wineventlog","tags":["winlogbeat","beats_input_codec_plain_applied"],"thread_id":864456,"@timestamp":"2018-12-27T12:30:12.006Z","event_id":4689,"task":"Process Termination","provider_guid":"{54849625-5478-4994-A5BA-3E3B0328C30D}","@version":"1","beat":{"hostname":"AZAD3-OOS02","name":"AZAD3-OOS02","version":"5.6.3"},"host":"AZAD3-OOS02","fields":{"logtype":"officeonline_event"},"source_name":"Microsoft-Windows-Security-Auditing"}
{"process_id":608,"computer_name":"AZAD3-OOS01.ad3.com","keywords":["Audit Success"],"level":"Information","log_name":"Security","record_number":"106496087","event_data":{"ProcessName":"C:\\Windows\\System32\\wbem\\WmiPrvSE.exe","LogonGuid":"{00000000-0000-0000-0000-000000000000}","IpPort":"-","SubjectLogonId":"0x3e7","TargetLogonGuid":"{00000000-0000-0000-0000-000000000000}","TargetInfo":"ldap/azad3-dc01.ad3.com/ad3.com","SubjectUserName":"AZAD3-OOS01$","TargetServerName":"azad3-dc01.ad3.com","IpAddress":"-","SubjectDomainName":"AD3","ProcessId":"0x124100","TargetUserName":"admin","TargetDomainName":"AD3.COM","SubjectUserSid":"S-1-5-18"},"message":"A logon was attempted using explicit credentials.\n\nSubject:\n\tSecurity ID:\t\tS-1-5-18\n\tAccount Name:\t\tAZAD3-OOS01$\n\tAccount Domain:\t\tAD3\n\tLogon ID:\t\t0x3E7\n\tLogon GUID:\t\t{00000000-0000-0000-0000-000000000000}\n\nAccount Whose Credentials Were Used:\n\tAccount Name:\t\tadmin\n\tAccount Domain:\t\tAD3.COM\n\tLogon GUID:\t\t{00000000-0000-0000-0000-000000000000}\n\nTarget Server:\n\tTarget Server Name:\tazad3-dc01.ad3.com\n\tAdditional Information:\tldap/azad3-dc01.ad3.com/ad3.com\n\nProcess Information:\n\tProcess ID:\t\t0x124100\n\tProcess Name:\t\tC:\\Windows\\System32\\wbem\\WmiPrvSE.exe\n\nNetwork Information:\n\tNetwork Address:\t-\n\tPort:\t\t\t-\n\nThis event is generated when a process attempts to log on an account by explicitly specifying that accounts credentials.  This most commonly occurs in batch-type configurations such as scheduled tasks, or when using the RUNAS command.","type":"wineventlog","opcode":"Info","tags":["winlogbeat","beats_input_codec_plain_applied"],"thread_id":1105140,"@timestamp":"2018-12-27T12:43:06.510Z","task":"Logon","event_id":4648,"provider_guid":"{54849625-5478-4994-A5BA-3E3B0328C30D}","@version":"1","beat":{"hostname":"AZAD3-OOS01","name":"AZAD3-OOS01","version":"5.6.3"},"host":"AZAD3-OOS01","fields":{"logtype":"officeonline_event"},"source_name":"Microsoft-Windows-Security-Auditing"}
{"process_id":4,"computer_name":"AZAD3-OOS01.ad3.com","keywords":["Audit Success"],"level":"Information","log_name":"Security","record_number":"106496011","event_data":{"NewProcessId":"0x10c248","TokenElevationType":"%%1936","SubjectLogonId":"0x29494","NewProcessName":"C:\\Windows\\System32\\cmd.exe","TargetLogonId":"0x0","SubjectUserName":"zabbixsvc$","CommandLine":"cmd /C \"powershell -NoProfile -File C:\\AD365\\software\\Zabbix\\Scripts\\AppPoolsStatus.ps1 \"WebWordEditor\"\"","SubjectDomainName":"AD3","ProcessId":"0x978","TargetUserName":"-","TargetDomainName":"-","SubjectUserSid":"S-1-5-21-2516547722-2112485390-2429236411-1185","TargetUserSid":"S-1-0-0"},"message":"A new process has been created.\n\nCreator Subject:\n\tSecurity ID:\t\tS-1-5-21-2516547722-2112485390-2429236411-1185\n\tAccount Name:\t\tzabbixsvc$\n\tAccount Domain:\t\tAD3\n\tLogon ID:\t\t0x29494\n\nTarget Subject:\n\tSecurity ID:\t\tS-1-0-0\n\tAccount Name:\t\t-\n\tAccount Domain:\t\t-\n\tLogon ID:\t\t0x0\n\nProcess Information:\n\tNew Process ID:\t\t0x10c248\n\tNew Process Name:\tC:\\Windows\\System32\\cmd.exe\n\tToken Elevation Type:\tTokenElevationTypeDefault (1)\n\tCreator Process ID:\t0x978\n\tProcess Command Line:\tcmd /C \"powershell -NoProfile -File C:\\AD365\\software\\Zabbix\\Scripts\\AppPoolsStatus.ps1 \"WebWordEditor\"\"\n\nToken Elevation Type indicates the type of token that was assigned to the new process in accordance with User Account Control policy.\n\nType 1 is a full token with no privileges removed or groups disabled.  A full token is only used if User Account Control is disabled or if the user is the built-in Administrator account or a service account.\n\nType 2 is an elevated token with no privileges removed or groups disabled.  An elevated token is used when User Account Control is enabled and the user chooses to start the program using Run as administrator.  An elevated token is also used when an application is configured to always require administrative privilege or to always require maximum privilege, and the user is a member of the Administrators group.\n\nType 3 is a limited token with administrative privileges removed and administrative groups disabled.  The limited token is used when User Account Control is enabled, the application does not require administrative privilege, and the user does not choose to start the program using Run as administrator.","opcode":"Info","type":"wineventlog","version":2,"tags":["winlogbeat","beats_input_codec_plain_applied"],"thread_id":1297764,"@timestamp":"2018-12-27T12:42:42.544Z","event_id":4688,"task":"Process Creation","provider_guid":"{54849625-5478-4994-A5BA-3E3B0328C30D}","@version":"1","beat":{"hostname":"AZAD3-OOS01","name":"AZAD3-OOS01","version":"5.6.3"},"host":"AZAD3-OOS01","fields":{"logtype":"officeonline_event"},"source_name":"Microsoft-Windows-Security-Auditing"}
{"computer_name":"AZAD3-OOS02.ad3.com","process_id":4,"keywords":["Audit Success"],"level":"Information","log_name":"Security","record_number":"98490200","event_data":{"Status":"0x0","ProcessName":"C:\\Windows\\System32\\conhost.exe","SubjectUserName":"zabbixsvc$","SubjectDomainName":"AD3","SubjectLogonId":"0x1918c595bc","ProcessId":"0x9b8","SubjectUserSid":"S-1-5-21-2516547722-2112485390-2429236411-1185"},"message":"A process has exited.\n\nSubject:\n\tSecurity ID:\t\tS-1-5-21-2516547722-2112485390-2429236411-1185\n\tAccount Name:\t\tzabbixsvc$\n\tAccount Domain:\t\tAD3\n\tLogon ID:\t\t0x1918C595BC\n\nProcess Information:\n\tProcess ID:\t0x9b8\n\tProcess Name:\tC:\\Windows\\System32\\conhost.exe\n\tExit Status:\t0x0","type":"wineventlog","opcode":"Info","tags":["winlogbeat","beats_input_codec_plain_applied"],"thread_id":743980,"@timestamp":"2018-12-27T12:27:08.700Z","task":"Process Termination","event_id":4689,"provider_guid":"{54849625-5478-4994-A5BA-3E3B0328C30D}","@version":"1","beat":{"hostname":"AZAD3-OOS02","name":"AZAD3-OOS02","version":"5.6.3"},"host":"AZAD3-OOS02","fields":{"logtype":"officeonline_event"},"source_name":"Microsoft-Windows-Security-Auditing"}
{"process_id":4,"computer_name":"AZAD3-OOS02.ad3.com","keywords":["Audit Success"],"level":"Information","log_name":"Security","record_number":"98492717","event_data":{"NewProcessId":"0xd1fd8","TokenElevationType":"%%1936","SubjectLogonId":"0x1918c595bc","NewProcessName":"C:\\Windows\\System32\\conhost.exe","TargetLogonId":"0x0","SubjectUserName":"zabbixsvc$","CommandLine":"\\??\\C:\\Windows\\system32\\conhost.exe 0xffffffff","SubjectDomainName":"AD3","ProcessId":"0xd51d8","TargetUserName":"-","TargetDomainName":"-","SubjectUserSid":"S-1-5-21-2516547722-2112485390-2429236411-1185","TargetUserSid":"S-1-0-0"},"message":"A new process has been created.\n\nCreator Subject:\n\tSecurity ID:\t\tS-1-5-21-2516547722-2112485390-2429236411-1185\n\tAccount Name:\t\tzabbixsvc$\n\tAccount Domain:\t\tAD3\n\tLogon ID:\t\t0x1918C595BC\n\nTarget Subject:\n\tSecurity ID:\t\tS-1-0-0\n\tAccount Name:\t\t-\n\tAccount Domain:\t\t-\n\tLogon ID:\t\t0x0\n\nProcess Information:\n\tNew Process ID:\t\t0xd1fd8\n\tNew Process Name:\tC:\\Windows\\System32\\conhost.exe\n\tToken Elevation Type:\tTokenElevationTypeDefault (1)\n\tCreator Process ID:\t0xd51d8\n\tProcess Command Line:\t\\??\\C:\\Windows\\system32\\conhost.exe 0xffffffff\n\nToken Elevation Type indicates the type of token that was assigned to the new process in accordance with User Account Control policy.\n\nType 1 is a full token with no privileges removed or groups disabled.  A full token is only used if User Account Control is disabled or if the user is the built-in Administrator account or a service account.\n\nType 2 is an elevated token with no privileges removed or groups disabled.  An elevated token is used when User Account Control is enabled and the user chooses to start the program using Run as administrator.  An elevated token is also used when an application is configured to always require administrative privilege or to always require maximum privilege, and the user is a member of the Administrators group.\n\nType 3 is a limited token with administrative privileges removed and administrative groups disabled.  The limited token is used when User Account Control is enabled, the application does not require administrative privilege, and the user does not choose to start the program using Run as administrator.","type":"wineventlog","opcode":"Info","version":2,"tags":["winlogbeat","beats_input_codec_plain_applied"],"thread_id":880892,"@timestamp":"2018-12-27T12:41:06.123Z","task":"Process Creation","event_id":4688,"provider_guid":"{54849625-5478-4994-A5BA-3E3B0328C30D}","@version":"1","beat":{"hostname":"AZAD3-OOS02","name":"AZAD3-OOS02","version":"5.6.3"},"host":"AZAD3-OOS02","fields":{"logtype":"officeonline_event"},"source_name":"Microsoft-Windows-Security-Auditing"}
{"computer_name":"AZAD3-OOS02.ad3.com","process_id":4,"keywords":["Audit Success"],"log_name":"Security","level":"Information","record_number":"98492294","event_data":{"NewProcessId":"0xd8e90","TokenElevationType":"%%1936","SubjectLogonId":"0x1918c595bc","NewProcessName":"C:\\Windows\\System32\\WindowsPowerShell\\v1.0\\powershell.exe","TargetLogonId":"0x0","CommandLine":"powershell  -NoProfile -File C:\\AD365\\software\\Zabbix\\Scripts\\AppPoolsStatus.ps1 \"WordConversionService\"","SubjectUserName":"zabbixsvc$","SubjectDomainName":"AD3","ProcessId":"0xd05e4","TargetUserName":"-","TargetDomainName":"-","SubjectUserSid":"S-1-5-21-2516547722-2112485390-2429236411-1185","TargetUserSid":"S-1-0-0"},"message":"A new process has been created.\n\nCreator Subject:\n\tSecurity ID:\t\tS-1-5-21-2516547722-2112485390-2429236411-1185\n\tAccount Name:\t\tzabbixsvc$\n\tAccount Domain:\t\tAD3\n\tLogon ID:\t\t0x1918C595BC\n\nTarget Subject:\n\tSecurity ID:\t\tS-1-0-0\n\tAccount Name:\t\t-\n\tAccount Domain:\t\t-\n\tLogon ID:\t\t0x0\n\nProcess Information:\n\tNew Process ID:\t\t0xd8e90\n\tNew Process Name:\tC:\\Windows\\System32\\WindowsPowerShell\\v1.0\\powershell.exe\n\tToken Elevation Type:\tTokenElevationTypeDefault (1)\n\tCreator Process ID:\t0xd05e4\n\tProcess Command Line:\tpowershell  -NoProfile -File C:\\AD365\\software\\Zabbix\\Scripts\\AppPoolsStatus.ps1 \"WordConversionService\"\n\nToken Elevation Type indicates the type of token that was assigned to the new process in accordance with User Account Control policy.\n\nType 1 is a full token with no privileges removed or groups disabled.  A full token is only used if User Account Control is disabled or if the user is the built-in Administrator account or a service account.\n\nType 2 is an elevated token with no privileges removed or groups disabled.  An elevated token is used when User Account Control is enabled and the user chooses to start the program using Run as administrator.  An elevated token is also used when an application is configured to always require administrative privilege or to always require maximum privilege, and the user is a member of the Administrators group.\n\nType 3 is a limited token with administrative privileges removed and administrative groups disabled.  The limited token is used when User Account Control is enabled, the application does not require administrative privilege, and the user does not choose to start the program using Run as administrator.","opcode":"Info","type":"wineventlog","version":2,"tags":["winlogbeat","beats_input_codec_plain_applied"],"thread_id":743980,"@timestamp":"2018-12-27T12:38:20.275Z","event_id":4688,"task":"Process Creation","provider_guid":"{54849625-5478-4994-A5BA-3E3B0328C30D}","@version":"1","beat":{"hostname":"AZAD3-OOS02","name":"AZAD3-OOS02","version":"5.6.3"},"host":"AZAD3-OOS02","fields":{"logtype":"officeonline_event"},"source_name":"Microsoft-Windows-Security-Auditing"}
{"process_id":4,"computer_name":"AZAD3-OOS01.ad3.com","keywords":["Audit Success"],"level":"Information","log_name":"Security","record_number":"106495659","event_data":{"NewProcessId":"0x109e9c","TokenElevationType":"%%1936","SubjectLogonId":"0x29494","NewProcessName":"C:\\Windows\\System32\\WindowsPowerShell\\v1.0\\powershell.exe","TargetLogonId":"0x0","CommandLine":"powershell  -NoProfile -File C:\\AD365\\software\\Zabbix\\Scripts\\AppPoolsStatus.ps1 \"WebWordEditor\"","SubjectUserName":"zabbixsvc$","SubjectDomainName":"AD3","ProcessId":"0x14d5f4","TargetUserName":"-","TargetDomainName":"-","SubjectUserSid":"S-1-5-21-2516547722-2112485390-2429236411-1185","TargetUserSid":"S-1-0-0"},"message":"A new process has been created.\n\nCreator Subject:\n\tSecurity ID:\t\tS-1-5-21-2516547722-2112485390-2429236411-1185\n\tAccount Name:\t\tzabbixsvc$\n\tAccount Domain:\t\tAD3\n\tLogon ID:\t\t0x29494\n\nTarget Subject:\n\tSecurity ID:\t\tS-1-0-0\n\tAccount Name:\t\t-\n\tAccount Domain:\t\t-\n\tLogon ID:\t\t0x0\n\nProcess Information:\n\tNew Process ID:\t\t0x109e9c\n\tNew Process Name:\tC:\\Windows\\System32\\WindowsPowerShell\\v1.0\\powershell.exe\n\tToken Elevation Type:\tTokenElevationTypeDefault (1)\n\tCreator Process ID:\t0x14d5f4\n\tProcess Command Line:\tpowershell  -NoProfile -File C:\\AD365\\software\\Zabbix\\Scripts\\AppPoolsStatus.ps1 \"WebWordEditor\"\n\nToken Elevation Type indicates the type of token that was assigned to the new process in accordance with User Account Control policy.\n\nType 1 is a full token with no privileges removed or groups disabled.  A full token is only used if User Account Control is disabled or if the user is the built-in Administrator account or a service account.\n\nType 2 is an elevated token with no privileges removed or groups disabled.  An elevated token is used when User Account Control is enabled and the user chooses to start the program using Run as administrator.  An elevated token is also used when an application is configured to always require administrative privilege or to always require maximum privilege, and the user is a member of the Administrators group.\n\nType 3 is a limited token with administrative privileges removed and administrative groups disabled.  The limited token is used when User Account Control is enabled, the application does not require administrative privilege, and the user does not choose to start the program using Run as administrator.","opcode":"Info","type":"wineventlog","version":2,"tags":["winlogbeat","beats_input_codec_plain_applied"],"thread_id":947852,"@timestamp":"2018-12-27T12:40:42.890Z","event_id":4688,"task":"Process Creation","provider_guid":"{54849625-5478-4994-A5BA-3E3B0328C30D}","@version":"1","beat":{"hostname":"AZAD3-OOS01","name":"AZAD3-OOS01","version":"5.6.3"},"host":"AZAD3-OOS01","fields":{"logtype":"officeonline_event"},"source_name":"Microsoft-Windows-Security-Auditing"}
{"process_id":4,"computer_name":"AZAD3-OOS02.ad3.com","keywords":["Audit Success"],"level":"Information","log_name":"Security","record_number":"98490543","event_data":{"Status":"0x0","ProcessName":"C:\\Windows\\System32\\WindowsPowerShell\\v1.0\\powershell.exe","SubjectUserName":"zabbixsvc$","SubjectDomainName":"AD3","SubjectLogonId":"0x1918c595bc","ProcessId":"0xc6c1c","SubjectUserSid":"S-1-5-21-2516547722-2112485390-2429236411-1185"},"message":"A process has exited.\n\nSubject:\n\tSecurity ID:\t\tS-1-5-21-2516547722-2112485390-2429236411-1185\n\tAccount Name:\t\tzabbixsvc$\n\tAccount Domain:\t\tAD3\n\tLogon ID:\t\t0x1918C595BC\n\nProcess Information:\n\tProcess ID:\t0xc6c1c\n\tProcess Name:\tC:\\Windows\\System32\\WindowsPowerShell\\v1.0\\powershell.exe\n\tExit Status:\t0x0","type":"wineventlog","opcode":"Info","tags":["winlogbeat","beats_input_codec_plain_applied"],"thread_id":890824,"@timestamp":"2018-12-27T12:29:01.403Z","task":"Process Termination","event_id":4689,"provider_guid":"{54849625-5478-4994-A5BA-3E3B0328C30D}","@version":"1","beat":{"hostname":"AZAD3-OOS02","name":"AZAD3-OOS02","version":"5.6.3"},"host":"AZAD3-OOS02","fields":{"logtype":"officeonline_event"},"source_name":"Microsoft-Windows-Security-Auditing"}
