{"computer_name":"azad3-dc02.ad3.com","process_id":604,"keywords":["Audit Success"],"log_name":"Security","level":"Information","record_number":"407658990","event_data":{"SubjectUserName":"deployuser","SubjectDomainName":"AD3","SubjectLogonId":"0x99b693eac","SubjectUserSid":"S-1-5-21-2516547722-2112485390-2429236411-1134","PrivilegeList":"SeSecurityPrivilege\n\t\t\tSeBackupPrivilege\n\t\t\tSeRestorePrivilege\n\t\t\tSeTakeOwnershipPrivilege\n\t\t\tSeDebugPrivilege\n\t\t\tSeSystemEnvironmentPrivilege\n\t\t\tSeLoadDriverPrivilege\n\t\t\tSeImpersonatePrivilege\n\t\t\tSeDelegateSessionUserImpersonatePrivilege\n\t\t\tSeEnableDelegationPrivilege"},"message":"Special privileges assigned to new logon.\n\nSubject:\n\tSecurity ID:\t\tS-1-5-21-2516547722-2112485390-2429236411-1134\n\tAccount Name:\t\tdeployuser\n\tAccount Domain:\t\tAD3\n\tLogon ID:\t\t0x99B693EAC\n\nPrivileges:\t\tSeSecurityPrivilege\n\t\t\tSeBackupPrivilege\n\t\t\tSeRestorePrivilege\n\t\t\tSeTakeOwnershipPrivilege\n\t\t\tSeDebugPrivilege\n\t\t\tSeSystemEnvironmentPrivilege\n\t\t\tSeLoadDriverPrivilege\n\t\t\tSeImpersonatePrivilege\n\t\t\tSeDelegateSessionUserImpersonatePrivilege\n\t\t\tSeEnableDelegationPrivilege","type":"wineventlog","opcode":"Info","tags":["winlogbeat","beats_input_codec_plain_applied"],"thread_id":4544,"@timestamp":"2019-04-04T12:15:05.046Z","event_id":4672,"task":"Special Logon","provider_guid":"{54849625-5478-4994-A5BA-3E3B0328C30D}","@version":"1","activity_id":"{7B381289-8125-40AA-9E95-CBEF6D1293C4}","beat":{"hostname":"azad3-dc02","name":"azad3-dc02","version":"5.6.3"},"host":"azad3-dc02","fields":{"logtype":"dc_event"},"source_name":"Microsoft-Windows-Security-Auditing"}
{"process_id":604,"computer_name":"azad3-dc02.ad3.com","keywords":["Audit Failure"],"log_name":"Security","level":"Information","record_number":"407656713","event_data":{"Workstation":"MSTSC","Status":"0xc000006a","PackageName":"MICROSOFT_AUTHENTICATION_PACKAGE_V1_0","TargetUserName":"rr609917"},"message":"The computer attempted to validate the credentials for an account.\n\nAuthentication Package:\tMICROSOFT_AUTHENTICATION_PACKAGE_V1_0\nLogon Account:\trr609917\nSource Workstation:\tMSTSC\nError Code:\t0xC000006A","type":"wineventlog","opcode":"Info","tags":["winlogbeat","beats_input_codec_plain_applied"],"thread_id":12728,"@timestamp":"2019-04-04T12:08:44.036Z","event_id":4776,"task":"Credential Validation","provider_guid":"{54849625-5478-4994-A5BA-3E3B0328C30D}","@version":"1","beat":{"hostname":"azad3-dc02","name":"azad3-dc02","version":"5.6.3"},"host":"azad3-dc02","fields":{"logtype":"dc_event"},"source_name":"Microsoft-Windows-Security-Auditing"}
{"process_id":4,"computer_name":"azad3-dc02.ad3.com","keywords":["Audit Success"],"log_name":"Security","level":"Information","record_number":"407655036","event_data":{"MandatoryLabel":"S-1-16-16384","ParentProcessName":"C:\\Program Files\\Microsoft Monitoring Agent\\Agent\\MonitoringHost.exe","NewProcessId":"0xc38","TokenElevationType":"%%1936","NewProcessName":"C:\\Windows\\System32\\cscript.exe","SubjectLogonId":"0x3e7","TargetLogonId":"0x0","CommandLine":"\"C:\\Windows\\system32\\cscript.exe\" /nologo \"MonitorKnowledgeDiscovery.vbs\"","SubjectUserName":"azad3-dc02$","SubjectDomainName":"AD3","ProcessId":"0x1c24","TargetUserName":"-","TargetDomainName":"-","SubjectUserSid":"S-1-5-18","TargetUserSid":"S-1-0-0"},"message":"A new process has been created.\n\nCreator Subject:\n\tSecurity ID:\t\tS-1-5-18\n\tAccount Name:\t\tazad3-dc02$\n\tAccount Domain:\t\tAD3\n\tLogon ID:\t\t0x3E7\n\nTarget Subject:\n\tSecurity ID:\t\tS-1-0-0\n\tAccount Name:\t\t-\n\tAccount Domain:\t\t-\n\tLogon ID:\t\t0x0\n\nProcess Information:\n\tNew Process ID:\t\t0xc38\n\tNew Process Name:\tC:\\Windows\\System32\\cscript.exe\n\tToken Elevation Type:\t%%1936\n\tMandatory Label:\t\tS-1-16-16384\n\tCreator Process ID:\t0x1c24\n\tCreator Process Name:\tC:\\Program Files\\Microsoft Monitoring Agent\\Agent\\MonitoringHost.exe\n\tProcess Command Line:\t\"C:\\Windows\\system32\\cscript.exe\" /nologo \"MonitorKnowledgeDiscovery.vbs\"\n\nToken Elevation Type indicates the type of token that was assigned to the new process in accordance with User Account Control policy.\n\nType 1 is a full token with no privileges removed or groups disabled.  A full token is only used if User Account Control is disabled or if the user is the built-in Administrator account or a service account.\n\nType 2 is an elevated token with no privileges removed or groups disabled.  An elevated token is used when User Account Control is enabled and the user chooses to start the program using Run as administrator.  An elevated token is also used when an application is configured to always require administrative privilege or to always require maximum privilege, and the user is a member of the Administrators group.\n\nType 3 is a limited token with administrative privileges removed and administrative groups disabled.  The limited token is used when User Account Control is enabled, the application does not require administrative privilege, and the user does not choose to start the program using Run as administrator.","opcode":"Info","type":"wineventlog","version":2,"tags":["winlogbeat","beats_input_codec_plain_applied"],"thread_id":9272,"@timestamp":"2019-04-04T12:03:24.004Z","event_id":4688,"task":"Process Creation","provider_guid":"{54849625-5478-4994-A5BA-3E3B0328C30D}","@version":"1","beat":{"hostname":"azad3-dc02","name":"azad3-dc02","version":"5.6.3"},"host":"azad3-dc02","fields":{"logtype":"dc_event"},"source_name":"Microsoft-Windows-Security-Auditing"}
{"process_id":628,"computer_name":"azad3-dc01.ad3.com","keywords":["Audit Success"],"log_name":"Security","level":"Information","record_number":"532867101","event_data":{"TargetLogonId":"0x109c33eaa5","SubjectUserName":"-","EventCountTotal":"1","LogonType":"3","GroupMembership":"\n\t\t%{S-1-5-21-2516547722-2112485390-2429236411-513}\n\t\t%{S-1-1-0}\n\t\t%{S-1-5-32-545}\n\t\t%{S-1-5-32-554}\n\t\t%{S-1-5-32-544}\n\t\t%{S-1-5-2}\n\t\t%{S-1-5-11}\n\t\t%{S-1-5-15}\n\t\t%{S-1-5-21-2516547722-2112485390-2429236411-512}\n\t\t%{S-1-18-1}\n\t\t%{S-1-5-21-2516547722-2112485390-2429236411-572}\n\t\t%{S-1-16-12288}","SubjectDomainName":"-","SubjectLogonId":"0x0","TargetUserName":"admin","TargetDomainName":"AD3.COM","SubjectUserSid":"S-1-0-0","EventIdx":"1","TargetUserSid":"S-1-5-21-2516547722-2112485390-2429236411-1104"},"message":"Group membership information.\n\nSubject:\n\tSecurity ID:\t\tS-1-0-0\n\tAccount Name:\t\t-\n\tAccount Domain:\t\t-\n\tLogon ID:\t\t0x0\n\nLogon Type:\t\t\t3\n\nNew Logon:\n\tSecurity ID:\t\tS-1-5-21-2516547722-2112485390-2429236411-1104\n\tAccount Name:\t\tadmin\n\tAccount Domain:\t\tAD3.COM\n\tLogon ID:\t\t0x109C33EAA5\n\nEvent in sequence:\t\t1 of 1\n\nGroup Membership:\t\t\t\n\t\t%{S-1-5-21-2516547722-2112485390-2429236411-513}\n\t\t%{S-1-1-0}\n\t\t%{S-1-5-32-545}\n\t\t%{S-1-5-32-554}\n\t\t%{S-1-5-32-544}\n\t\t%{S-1-5-2}\n\t\t%{S-1-5-11}\n\t\t%{S-1-5-15}\n\t\t%{S-1-5-21-2516547722-2112485390-2429236411-512}\n\t\t%{S-1-18-1}\n\t\t%{S-1-5-21-2516547722-2112485390-2429236411-572}\n\t\t%{S-1-16-12288}\n\nThe subject fields indicate the account on the local system which requested the logon. This is most commonly a service such as the Server service, or a local process such as Winlogon.exe or Services.exe.\n\nThe logon type field indicates the kind of logon that occurred. The most common types are 2 (interactive) and 3 (network).\n\nThe New Logon fields indicate the account for whom the new logon was created, i.e. the account that was logged on.\n\nThis event is generated when the Audit Group Membership subcategory is configured.  The Logon ID field can be used to correlate this event with the corresponding user logon event as well as to any other security audit events generated during this logon session.","opcode":"Info","type":"wineventlog","tags":["winlogbeat","beats_input_codec_plain_applied"],"thread_id":74700,"@timestamp":"2019-04-04T11:56:56.072Z","task":"Group Membership","event_id":4627,"provider_guid":"{54849625-5478-4994-A5BA-3E3B0328C30D}","@version":"1","beat":{"hostname":"azad3-dc01","name":"azad3-dc01","version":"5.6.3"},"host":"azad3-dc01","fields":{"logtype":"dc_event"},"source_name":"Microsoft-Windows-Security-Auditing"}
{"process_id":628,"computer_name":"azad3-dc01.ad3.com","keywords":["Audit Success"],"level":"Information","log_name":"Security","record_number":"532801149","event_data":{"Workstation":"AZAD3-MON01","Status":"0x0","PackageName":"MICROSOFT_AUTHENTICATION_PACKAGE_V1_0","TargetUserName":"AZAD3-MON01$"},"message":"The computer attempted to validate the credentials for an account.\n\nAuthentication Package:\tMICROSOFT_AUTHENTICATION_PACKAGE_V1_0\nLogon Account:\tAZAD3-MON01$\nSource Workstation:\tAZAD3-MON01\nError Code:\t0x0","opcode":"Info","type":"wineventlog","tags":["winlogbeat","beats_input_codec_plain_applied"],"thread_id":65036,"@timestamp":"2019-04-04T09:52:12.304Z","event_id":4776,"task":"Credential Validation","provider_guid":"{54849625-5478-4994-A5BA-3E3B0328C30D}","@version":"1","beat":{"hostname":"azad3-dc01","name":"azad3-dc01","version":"5.6.3"},"host":"azad3-dc01","fields":{"logtype":"dc_event"},"source_name":"Microsoft-Windows-Security-Auditing"}
{"computer_name":"azad3-dc02.ad3.com","process_id":604,"keywords":["Audit Success"],"level":"Information","log_name":"Security","record_number":"407650210","event_data":{"TargetLogonId":"0x99b47ef71","SubjectUserName":"-","EventCountTotal":"1","LogonType":"3","GroupMembership":"\n\t\t%{S-1-5-21-2516547722-2112485390-2429236411-513}\n\t\t%{S-1-1-0}\n\t\t%{S-1-5-32-545}\n\t\t%{S-1-5-32-554}\n\t\t%{S-1-5-32-544}\n\t\t%{S-1-5-2}\n\t\t%{S-1-5-11}\n\t\t%{S-1-5-15}\n\t\t%{S-1-5-21-2516547722-2112485390-2429236411-512}\n\t\t%{S-1-18-1}\n\t\t%{S-1-5-21-2516547722-2112485390-2429236411-572}\n\t\t%{S-1-16-12288}","SubjectDomainName":"-","TargetUserName":"admin","SubjectLogonId":"0x0","TargetDomainName":"AD3.COM","SubjectUserSid":"S-1-0-0","EventIdx":"1","TargetUserSid":"S-1-5-21-2516547722-2112485390-2429236411-1104"},"message":"Group membership information.\n\nSubject:\n\tSecurity ID:\t\tS-1-0-0\n\tAccount Name:\t\t-\n\tAccount Domain:\t\t-\n\tLogon ID:\t\t0x0\n\nLogon Type:\t\t\t3\n\nNew Logon:\n\tSecurity ID:\t\tS-1-5-21-2516547722-2112485390-2429236411-1104\n\tAccount Name:\t\tadmin\n\tAccount Domain:\t\tAD3.COM\n\tLogon ID:\t\t0x99B47EF71\n\nEvent in sequence:\t\t1 of 1\n\nGroup Membership:\t\t\t\n\t\t%{S-1-5-21-2516547722-2112485390-2429236411-513}\n\t\t%{S-1-1-0}\n\t\t%{S-1-5-32-545}\n\t\t%{S-1-5-32-554}\n\t\t%{S-1-5-32-544}\n\t\t%{S-1-5-2}\n\t\t%{S-1-5-11}\n\t\t%{S-1-5-15}\n\t\t%{S-1-5-21-2516547722-2112485390-2429236411-512}\n\t\t%{S-1-18-1}\n\t\t%{S-1-5-21-2516547722-2112485390-2429236411-572}\n\t\t%{S-1-16-12288}\n\nThe subject fields indicate the account on the local system which requested the logon. This is most commonly a service such as the Server service, or a local process such as Winlogon.exe or Services.exe.\n\nThe logon type field indicates the kind of logon that occurred. The most common types are 2 (interactive) and 3 (network).\n\nThe New Logon fields indicate the account for whom the new logon was created, i.e. the account that was logged on.\n\nThis event is generated when the Audit Group Membership subcategory is configured.  The Logon ID field can be used to correlate this event with the corresponding user logon event as well as to any other security audit events generated during this logon session.","type":"wineventlog","opcode":"Info","tags":["winlogbeat","beats_input_codec_plain_applied"],"thread_id":4544,"@timestamp":"2019-04-04T11:49:03.982Z","task":"Group Membership","event_id":4627,"provider_guid":"{54849625-5478-4994-A5BA-3E3B0328C30D}","@version":"1","activity_id":"{5A50E4B7-C5BB-4C92-AD6B-40D59CE5A239}","beat":{"hostname":"azad3-dc02","name":"azad3-dc02","version":"5.6.3"},"host":"azad3-dc02","fields":{"logtype":"dc_event"},"source_name":"Microsoft-Windows-Security-Auditing"}
{"computer_name":"azad3-dc01.ad3.com","process_id":628,"keywords":["Audit Failure"],"log_name":"Security","level":"Information","record_number":"532858696","event_data":{"Workstation":"MSTSC","Status":"0xc0000064","PackageName":"MICROSOFT_AUTHENTICATION_PACKAGE_V1_0","TargetUserName":"penny"},"message":"The computer attempted to validate the credentials for an account.\n\nAuthentication Package:\tMICROSOFT_AUTHENTICATION_PACKAGE_V1_0\nLogon Account:\tpenny\nSource Workstation:\tMSTSC\nError Code:\t0xC0000064","type":"wineventlog","opcode":"Info","tags":["winlogbeat","beats_input_codec_plain_applied"],"thread_id":39316,"@timestamp":"2019-04-04T11:43:10.619Z","event_id":4776,"task":"Credential Validation","provider_guid":"{54849625-5478-4994-A5BA-3E3B0328C30D}","@version":"1","beat":{"hostname":"azad3-dc01","name":"azad3-dc01","version":"5.6.3"},"host":"azad3-dc01","fields":{"logtype":"dc_event"},"source_name":"Microsoft-Windows-Security-Auditing"}
{"computer_name":"azad3-dc02.ad3.com","process_id":604,"keywords":["Audit Success"],"log_name":"Security","level":"Information","record_number":"407607694","event_data":{"TargetLogonId":"0x99abb00a0","SubjectUserName":"-","LogonType":"3","EventCountTotal":"1","GroupMembership":"\n\t\t%{S-1-5-21-2516547722-2112485390-2429236411-513}\n\t\t%{S-1-1-0}\n\t\t%{S-1-5-32-545}\n\t\t%{S-1-5-32-554}\n\t\t%{S-1-5-32-544}\n\t\t%{S-1-5-2}\n\t\t%{S-1-5-11}\n\t\t%{S-1-5-15}\n\t\t%{S-1-5-21-2516547722-2112485390-2429236411-512}\n\t\t%{S-1-18-1}\n\t\t%{S-1-5-21-2516547722-2112485390-2429236411-572}\n\t\t%{S-1-16-12288}","SubjectDomainName":"-","SubjectLogonId":"0x0","TargetUserName":"spadmin","TargetDomainName":"AD3.COM","SubjectUserSid":"S-1-0-0","EventIdx":"1","TargetUserSid":"S-1-5-21-2516547722-2112485390-2429236411-1106"},"message":"Group membership information.\n\nSubject:\n\tSecurity ID:\t\tS-1-0-0\n\tAccount Name:\t\t-\n\tAccount Domain:\t\t-\n\tLogon ID:\t\t0x0\n\nLogon Type:\t\t\t3\n\nNew Logon:\n\tSecurity ID:\t\tS-1-5-21-2516547722-2112485390-2429236411-1106\n\tAccount Name:\t\tspadmin\n\tAccount Domain:\t\tAD3.COM\n\tLogon ID:\t\t0x99ABB00A0\n\nEvent in sequence:\t\t1 of 1\n\nGroup Membership:\t\t\t\n\t\t%{S-1-5-21-2516547722-2112485390-2429236411-513}\n\t\t%{S-1-1-0}\n\t\t%{S-1-5-32-545}\n\t\t%{S-1-5-32-554}\n\t\t%{S-1-5-32-544}\n\t\t%{S-1-5-2}\n\t\t%{S-1-5-11}\n\t\t%{S-1-5-15}\n\t\t%{S-1-5-21-2516547722-2112485390-2429236411-512}\n\t\t%{S-1-18-1}\n\t\t%{S-1-5-21-2516547722-2112485390-2429236411-572}\n\t\t%{S-1-16-12288}\n\nThe subject fields indicate the account on the local system which requested the logon. This is most commonly a service such as the Server service, or a local process such as Winlogon.exe or Services.exe.\n\nThe logon type field indicates the kind of logon that occurred. The most common types are 2 (interactive) and 3 (network).\n\nThe New Logon fields indicate the account for whom the new logon was created, i.e. the account that was logged on.\n\nThis event is generated when the Audit Group Membership subcategory is configured.  The Logon ID field can be used to correlate this event with the corresponding user logon event as well as to any other security audit events generated during this logon session.","type":"wineventlog","opcode":"Info","tags":["winlogbeat","beats_input_codec_plain_applied"],"thread_id":10288,"@timestamp":"2019-04-04T09:57:25.589Z","task":"Group Membership","event_id":4627,"provider_guid":"{54849625-5478-4994-A5BA-3E3B0328C30D}","@version":"1","beat":{"hostname":"azad3-dc02","name":"azad3-dc02","version":"5.6.3"},"host":"azad3-dc02","fields":{"logtype":"dc_event"},"source_name":"Microsoft-Windows-Security-Auditing"}
{"computer_name":"azad3-dc02.ad3.com","process_id":604,"keywords":["Audit Success"],"log_name":"Security","level":"Information","record_number":"407596045","event_data":{"Status":"0x0","PreAuthType":"2","TicketEncryptionType":"0x12","ServiceName":"krbtgt","TicketOptions":"0x40810010","TargetSid":"S-1-5-21-2516547722-2112485390-2429236411-1104","ServiceSid":"S-1-5-21-2516547722-2112485390-2429236411-502","IpPort":"64647","IpAddress":"::ffff:10.183.200.136","TargetUserName":"admin","TargetDomainName":"ad3"},"message":"A Kerberos authentication ticket (TGT) was requested.\n\nAccount Information:\n\tAccount Name:\t\tadmin\n\tSupplied Realm Name:\tad3\n\tUser ID:\t\t\tS-1-5-21-2516547722-2112485390-2429236411-1104\n\nService Information:\n\tService Name:\t\tkrbtgt\n\tService ID:\t\tS-1-5-21-2516547722-2112485390-2429236411-502\n\nNetwork Information:\n\tClient Address:\t\t::ffff:10.183.200.136\n\tClient Port:\t\t64647\n\nAdditional Information:\n\tTicket Options:\t\t0x40810010\n\tResult Code:\t\t0x0\n\tTicket Encryption Type:\t0x12\n\tPre-Authentication Type:\t2\n\nCertificate Information:\n\tCertificate Issuer Name:\t\t\n\tCertificate Serial Number:\t\n\tCertificate Thumbprint:\t\t\n\nCertificate information is only provided if a certificate was used for pre-authentication.\n\nPre-authentication types, ticket options, encryption types and result codes are defined in RFC 4120.","type":"wineventlog","opcode":"Info","tags":["winlogbeat","beats_input_codec_plain_applied"],"thread_id":7940,"@timestamp":"2019-04-04T09:30:04.568Z","event_id":4768,"task":"Kerberos Authentication Service","provider_guid":"{54849625-5478-4994-A5BA-3E3B0328C30D}","@version":"1","beat":{"hostname":"azad3-dc02","name":"azad3-dc02","version":"5.6.3"},"host":"azad3-dc02","fields":{"logtype":"dc_event"},"source_name":"Microsoft-Windows-Security-Auditing"}
{"computer_name":"azad3-dc02.ad3.com","process_id":604,"keywords":["Audit Success"],"log_name":"Security","level":"Information","record_number":"407596041","event_data":{"PreAuthType":"2","Status":"0x0","TicketEncryptionType":"0x12","ServiceName":"krbtgt","TicketOptions":"0x40810010","TargetSid":"S-1-5-21-2516547722-2112485390-2429236411-1104","ServiceSid":"S-1-5-21-2516547722-2112485390-2429236411-502","IpPort":"64641","IpAddress":"::ffff:10.183.200.136","TargetUserName":"admin","TargetDomainName":"ad3"},"message":"A Kerberos authentication ticket (TGT) was requested.\n\nAccount Information:\n\tAccount Name:\t\tadmin\n\tSupplied Realm Name:\tad3\n\tUser ID:\t\t\tS-1-5-21-2516547722-2112485390-2429236411-1104\n\nService Information:\n\tService Name:\t\tkrbtgt\n\tService ID:\t\tS-1-5-21-2516547722-2112485390-2429236411-502\n\nNetwork Information:\n\tClient Address:\t\t::ffff:10.183.200.136\n\tClient Port:\t\t64641\n\nAdditional Information:\n\tTicket Options:\t\t0x40810010\n\tResult Code:\t\t0x0\n\tTicket Encryption Type:\t0x12\n\tPre-Authentication Type:\t2\n\nCertificate Information:\n\tCertificate Issuer Name:\t\t\n\tCertificate Serial Number:\t\n\tCertificate Thumbprint:\t\t\n\nCertificate information is only provided if a certificate was used for pre-authentication.\n\nPre-authentication types, ticket options, encryption types and result codes are defined in RFC 4120.","opcode":"Info","type":"wineventlog","tags":["winlogbeat","beats_input_codec_plain_applied"],"thread_id":7940,"@timestamp":"2019-04-04T09:30:04.219Z","task":"Kerberos Authentication Service","event_id":4768,"provider_guid":"{54849625-5478-4994-A5BA-3E3B0328C30D}","@version":"1","beat":{"hostname":"azad3-dc02","name":"azad3-dc02","version":"5.6.3"},"host":"azad3-dc02","fields":{"logtype":"dc_event"},"source_name":"Microsoft-Windows-Security-Auditing"}
{"process_id":628,"computer_name":"azad3-dc01.ad3.com","keywords":["Audit Success"],"log_name":"Security","level":"Information","record_number":"532803801","event_data":{"Status":"0x0","Workstation":"azad3-wfe32","PackageName":"MICROSOFT_AUTHENTICATION_PACKAGE_V1_0","TargetUserName":"spadmin"},"message":"The computer attempted to validate the credentials for an account.\n\nAuthentication Package:\tMICROSOFT_AUTHENTICATION_PACKAGE_V1_0\nLogon Account:\tspadmin\nSource Workstation:\tazad3-wfe32\nError Code:\t0x0","opcode":"Info","type":"wineventlog","tags":["winlogbeat","beats_input_codec_plain_applied"],"thread_id":75744,"@timestamp":"2019-04-04T09:57:31.953Z","task":"Credential Validation","event_id":4776,"provider_guid":"{54849625-5478-4994-A5BA-3E3B0328C30D}","@version":"1","beat":{"hostname":"azad3-dc01","name":"azad3-dc01","version":"5.6.3"},"host":"azad3-dc01","fields":{"logtype":"dc_event"},"source_name":"Microsoft-Windows-Security-Auditing"}
{"process_id":604,"computer_name":"azad3-dc02.ad3.com","keywords":["Audit Success"],"level":"Information","log_name":"Security","record_number":"407650344","event_data":{"Status":"0x0","TicketEncryptionType":"0x12","LogonGuid":"{90526456-EF8A-48FD-43AA-208D7975EB55}","ServiceName":"AZAD3-WFE21$","TicketOptions":"0x40810000","IpAddress":"::ffff:10.183.200.91","IpPort":"49305","ServiceSid":"S-1-5-21-2516547722-2112485390-2429236411-2107","TransmittedServices":"-","TargetUserName":"spadmin@AD3.COM","TargetDomainName":"AD3.COM"},"message":"A Kerberos service ticket was requested.\n\nAccount Information:\n\tAccount Name:\t\tspadmin@AD3.COM\n\tAccount Domain:\t\tAD3.COM\n\tLogon GUID:\t\t{90526456-EF8A-48FD-43AA-208D7975EB55}\n\nService Information:\n\tService Name:\t\tAZAD3-WFE21$\n\tService ID:\t\tS-1-5-21-2516547722-2112485390-2429236411-2107\n\nNetwork Information:\n\tClient Address:\t\t::ffff:10.183.200.91\n\tClient Port:\t\t49305\n\nAdditional Information:\n\tTicket Options:\t\t0x40810000\n\tTicket Encryption Type:\t0x12\n\tFailure Code:\t\t0x0\n\tTransited Services:\t-\n\nThis event is generated every time access is requested to a resource such as a computer or a Windows service.  The service name indicates the resource to which access was requested.\n\nThis event can be correlated with Windows logon events by comparing the Logon GUID fields in each event.  The logon event occurs on the machine that was accessed, which is often a different machine than the domain controller which issued the service ticket.\n\nTicket options, encryption types, and failure codes are defined in RFC 4120.","type":"wineventlog","opcode":"Info","tags":["winlogbeat","beats_input_codec_plain_applied"],"thread_id":10288,"@timestamp":"2019-04-04T11:49:21.617Z","task":"Kerberos Service Ticket Operations","event_id":4769,"provider_guid":"{54849625-5478-4994-A5BA-3E3B0328C30D}","@version":"1","beat":{"hostname":"azad3-dc02","name":"azad3-dc02","version":"5.6.3"},"host":"azad3-dc02","fields":{"logtype":"dc_event"},"source_name":"Microsoft-Windows-Security-Auditing"}
{"process_id":604,"computer_name":"azad3-dc02.ad3.com","keywords":["Audit Success"],"log_name":"Security","level":"Information","record_number":"407657058","event_data":{"Action":"%%16390","UserName":"NT AUTHORITY\\LOCAL SERVICE","LayerName":"ALE Receive/Accept v6 Layer","FilterId":"541533","FilterKey":"{288B857C-3E3C-484F-9EB6-C32BEFBAAB5D}","Weight":"10376539900785721344","Conditions":"\n\tCondition ID:\t{af043a0a-b34d-4f86-979c-c90371af6e66}\n\tMatch value:\tEqual to\n\tCondition value:\t\nO:SYG:SYD:(A;;CCRC;;;S-1-5-80-979556362-403687129-3954533659-2335141334-1547273080)\n\n\n\tCondition ID:\t{0c1ba1af-5765-453f-af22-a8f791ac775b}\n\tMatch value:\tEqual to\n\tCondition value:\t0x0087\n\n\tCondition ID:\t{3971ef2b-623e-4f9a-8cb1-6e79b806b9a7}\n\tMatch value:\tEqual to\n\tCondition value:\t0x06","UserSid":"S-1-5-19","ProviderName":"Microsoft Corporation","FilterType":"%%16388","ProviderKey":"{DECC16CA-3F33-4346-BE1E-8FB4AE0F3D62}","LayerId":"46","ChangeType":"%%16384","CalloutName":"-","CalloutKey":"{00000000-0000-0000-0000-000000000000}","LayerKey":"{A3B42C97-9F04-4672-B87E-CEE9C483257F}","ProcessId":"1264","FilterName":"File and Printer Sharing (Spooler Service - RPC-EPMAP)"},"message":"A Windows Filtering Platform filter has been changed.\n\t\nSubject:\n\tSecurity ID:\t\tS-1-5-19\n\tAccount Name:\t\tNT AUTHORITY\\LOCAL SERVICE\n\nProcess Information:\n\tProcess ID:\t1264\n\nProvider Information:\n\tID:\t\t{DECC16CA-3F33-4346-BE1E-8FB4AE0F3D62}\n\tName:\t\tMicrosoft Corporation\n\nChange Information:\n\tChange Type:\tAdd\n\nFilter Information:\n\tID:\t\t{288B857C-3E3C-484F-9EB6-C32BEFBAAB5D}\n\tName:\t\tFile and Printer Sharing (Spooler Service - RPC-EPMAP)\n\tType:\t\tNot persistent\n\tRun-Time ID:\t541533\n\nLayer Information:\n\tID:\t\t{A3B42C97-9F04-4672-B87E-CEE9C483257F}\n\tName:\t\tALE Receive/Accept v6 Layer\n\tRun-Time ID:\t46\n\nCallout Information:\n\tID:\t\t{00000000-0000-0000-0000-000000000000}\n\tName:\t\t-\n\nAdditional Information:\n\tWeight:\t10376539900785721344\t\n\tConditions:\t\n\tCondition ID:\t{af043a0a-b34d-4f86-979c-c90371af6e66}\n\tMatch value:\tEqual to\n\tCondition value:\t\nO:SYG:SYD:(A;;CCRC;;;S-1-5-80-979556362-403687129-3954533659-2335141334-1547273080)\n\n\n\tCondition ID:\t{0c1ba1af-5765-453f-af22-a8f791ac775b}\n\tMatch value:\tEqual to\n\tCondition value:\t0x0087\n\n\tCondition ID:\t{3971ef2b-623e-4f9a-8cb1-6e79b806b9a7}\n\tMatch value:\tEqual to\n\tCondition value:\t0x06\n\n\tFilter Action:\tPermit","opcode":"Info","type":"wineventlog","tags":["winlogbeat","beats_input_codec_plain_applied"],"thread_id":12728,"@timestamp":"2019-04-04T12:09:49.076Z","task":"Other Policy Change Events","event_id":5447,"provider_guid":"{54849625-5478-4994-A5BA-3E3B0328C30D}","@version":"1","activity_id":"{48BA21BC-3BEC-4F94-8ADF-879A5E1570DB}","beat":{"hostname":"azad3-dc02","name":"azad3-dc02","version":"5.6.3"},"host":"azad3-dc02","fields":{"logtype":"dc_event"},"source_name":"Microsoft-Windows-Security-Auditing"}
{"computer_name":"azad3-dc02.ad3.com","process_id":604,"keywords":["Audit Success"],"level":"Information","log_name":"Security","record_number":"407596076","event_data":{"TargetLogonId":"0x99a9c6d05","LogonType":"3","TargetUserName":"AZAD3-DC02$","TargetDomainName":"AD3","TargetUserSid":"S-1-5-18"},"message":"An account was logged off.\n\nSubject:\n\tSecurity ID:\t\tS-1-5-18\n\tAccount Name:\t\tAZAD3-DC02$\n\tAccount Domain:\t\tAD3\n\tLogon ID:\t\t0x99A9C6D05\n\nLogon Type:\t\t\t3\n\nThis event is generated when a logon session is destroyed. It may be positively correlated with a logon event using the Logon ID value. Logon IDs are only unique between reboots on the same computer.","opcode":"Info","type":"wineventlog","tags":["winlogbeat","beats_input_codec_plain_applied"],"thread_id":4544,"@timestamp":"2019-04-04T09:30:14.436Z","task":"Logoff","event_id":4634,"provider_guid":"{54849625-5478-4994-A5BA-3E3B0328C30D}","@version":"1","beat":{"hostname":"azad3-dc02","name":"azad3-dc02","version":"5.6.3"},"host":"azad3-dc02","fields":{"logtype":"dc_event"},"source_name":"Microsoft-Windows-Security-Auditing"}
{"process_id":11208,"computer_name":"azad3-dc01.ad3.com","level":"Information","log_name":"Microsoft-Windows-DSC/Operational","record_number":"1323346","event_data":{"logName":"C:\\Windows\\System32\\Configuration\\ConfigurationStatus\\{7864D569-56C1-11E9-A951-000D3A01E033}-0.details.json","JobId":"{7864D569-56C1-11E9-A951-000D3A01E033}"},"message":"Job {7864D569-56C1-11E9-A951-000D3A01E033} : Details logging started to C:\\Windows\\System32\\Configuration\\ConfigurationStatus\\{7864D569-56C1-11E9-A951-000D3A01E033}-0.details.json.","type":"wineventlog","opcode":"Info","tags":["winlogbeat","beats_input_codec_plain_applied"],"thread_id":70472,"@timestamp":"2019-04-04T10:07:37.021Z","event_id":4512,"provider_guid":"{50DF9E12-A8C4-4939-B281-47E1325BA63E}","@version":"1","beat":{"hostname":"azad3-dc01","name":"azad3-dc01","version":"5.6.3"},"activity_id":"{CAC884A9-858D-4302-B5B8-8DDB4B1E5813}","host":"azad3-dc01","fields":{"logtype":"dc_event"},"user":{"identifier":"S-1-5-18","domain":"NT AUTHORITY","name":"SYSTEM","type":"User"},"source_name":"Microsoft-Windows-DSC"}
{"computer_name":"azad3-dc01.ad3.com","process_id":628,"keywords":["Audit Success"],"log_name":"Security","level":"Information","record_number":"532868171","event_data":{"PreAuthType":"2","Status":"0x0","TicketEncryptionType":"0x12","ServiceName":"krbtgt","TicketOptions":"0x40810010","TargetSid":"S-1-5-21-2516547722-2112485390-2429236411-1104","ServiceSid":"S-1-5-21-2516547722-2112485390-2429236411-502","IpAddress":"::ffff:10.183.200.81","IpPort":"56906","TargetUserName":"admin","TargetDomainName":"AD3"},"message":"A Kerberos authentication ticket (TGT) was requested.\n\nAccount Information:\n\tAccount Name:\t\tadmin\n\tSupplied Realm Name:\tAD3\n\tUser ID:\t\t\tS-1-5-21-2516547722-2112485390-2429236411-1104\n\nService Information:\n\tService Name:\t\tkrbtgt\n\tService ID:\t\tS-1-5-21-2516547722-2112485390-2429236411-502\n\nNetwork Information:\n\tClient Address:\t\t::ffff:10.183.200.81\n\tClient Port:\t\t56906\n\nAdditional Information:\n\tTicket Options:\t\t0x40810010\n\tResult Code:\t\t0x0\n\tTicket Encryption Type:\t0x12\n\tPre-Authentication Type:\t2\n\nCertificate Information:\n\tCertificate Issuer Name:\t\t\n\tCertificate Serial Number:\t\n\tCertificate Thumbprint:\t\t\n\nCertificate information is only provided if a certificate was used for pre-authentication.\n\nPre-authentication types, ticket options, encryption types and result codes are defined in RFC 4120.","opcode":"Info","type":"wineventlog","tags":["winlogbeat","beats_input_codec_plain_applied"],"thread_id":74748,"@timestamp":"2019-04-04T11:59:00.710Z","task":"Kerberos Authentication Service","event_id":4768,"provider_guid":"{54849625-5478-4994-A5BA-3E3B0328C30D}","@version":"1","beat":{"hostname":"azad3-dc01","name":"azad3-dc01","version":"5.6.3"},"host":"azad3-dc01","fields":{"logtype":"dc_event"},"source_name":"Microsoft-Windows-Security-Auditing"}
{"computer_name":"azad3-dc01.ad3.com","process_id":628,"keywords":["Audit Failure"],"log_name":"Security","level":"Information","record_number":"532859345","event_data":{"Status":"0xc0000064","PackageName":"MICROSOFT_AUTHENTICATION_PACKAGE_V1_0","TargetUserName":"LOCALADMIN"},"message":"The computer attempted to validate the credentials for an account.\n\nAuthentication Package:\tMICROSOFT_AUTHENTICATION_PACKAGE_V1_0\nLogon Account:\tLOCALADMIN\nSource Workstation:\t\nError Code:\t0xC0000064","opcode":"Info","type":"wineventlog","tags":["winlogbeat","beats_input_codec_plain_applied"],"thread_id":75744,"@timestamp":"2019-04-04T11:44:26.944Z","task":"Credential Validation","event_id":4776,"provider_guid":"{54849625-5478-4994-A5BA-3E3B0328C30D}","@version":"1","beat":{"hostname":"azad3-dc01","name":"azad3-dc01","version":"5.6.3"},"host":"azad3-dc01","fields":{"logtype":"dc_event"},"source_name":"Microsoft-Windows-Security-Auditing"}
{"process_id":628,"computer_name":"azad3-dc01.ad3.com","keywords":["Audit Success"],"level":"Information","log_name":"Security","record_number":"532791627","event_data":{"Workstation":"AZAD3-MON01","Status":"0x0","PackageName":"MICROSOFT_AUTHENTICATION_PACKAGE_V1_0","TargetUserName":"AZAD3-MON01$"},"message":"The computer attempted to validate the credentials for an account.\n\nAuthentication Package:\tMICROSOFT_AUTHENTICATION_PACKAGE_V1_0\nLogon Account:\tAZAD3-MON01$\nSource Workstation:\tAZAD3-MON01\nError Code:\t0x0","opcode":"Info","type":"wineventlog","tags":["winlogbeat","beats_input_codec_plain_applied"],"thread_id":75744,"@timestamp":"2019-04-04T09:30:16.363Z","task":"Credential Validation","event_id":4776,"provider_guid":"{54849625-5478-4994-A5BA-3E3B0328C30D}","@version":"1","beat":{"hostname":"azad3-dc01","name":"azad3-dc01","version":"5.6.3"},"host":"azad3-dc01","fields":{"logtype":"dc_event"},"source_name":"Microsoft-Windows-Security-Auditing"}
{"computer_name":"azad3-dc01.ad3.com","process_id":628,"keywords":["Audit Success"],"log_name":"Security","level":"Information","record_number":"532878093","event_data":{"Status":"0x0","PreAuthType":"2","TicketEncryptionType":"0x12","ServiceName":"krbtgt","TicketOptions":"0x40810010","TargetSid":"S-1-5-21-2516547722-2112485390-2429236411-1104","IpPort":"65178","ServiceSid":"S-1-5-21-2516547722-2112485390-2429236411-502","IpAddress":"::ffff:10.183.200.81","TargetUserName":"admin","TargetDomainName":"AD3"},"message":"A Kerberos authentication ticket (TGT) was requested.\n\nAccount Information:\n\tAccount Name:\t\tadmin\n\tSupplied Realm Name:\tAD3\n\tUser ID:\t\t\tS-1-5-21-2516547722-2112485390-2429236411-1104\n\nService Information:\n\tService Name:\t\tkrbtgt\n\tService ID:\t\tS-1-5-21-2516547722-2112485390-2429236411-502\n\nNetwork Information:\n\tClient Address:\t\t::ffff:10.183.200.81\n\tClient Port:\t\t65178\n\nAdditional Information:\n\tTicket Options:\t\t0x40810010\n\tResult Code:\t\t0x0\n\tTicket Encryption Type:\t0x12\n\tPre-Authentication Type:\t2\n\nCertificate Information:\n\tCertificate Issuer Name:\t\t\n\tCertificate Serial Number:\t\n\tCertificate Thumbprint:\t\t\n\nCertificate information is only provided if a certificate was used for pre-authentication.\n\nPre-authentication types, ticket options, encryption types and result codes are defined in RFC 4120.","opcode":"Info","type":"wineventlog","tags":["winlogbeat","beats_input_codec_plain_applied"],"thread_id":74748,"@timestamp":"2019-04-04T12:15:01.021Z","task":"Kerberos Authentication Service","event_id":4768,"provider_guid":"{54849625-5478-4994-A5BA-3E3B0328C30D}","@version":"1","beat":{"hostname":"azad3-dc01","name":"azad3-dc01","version":"5.6.3"},"host":"azad3-dc01","fields":{"logtype":"dc_event"},"source_name":"Microsoft-Windows-Security-Auditing"}
{"process_id":628,"computer_name":"azad3-dc01.ad3.com","keywords":["Audit Success"],"level":"Information","log_name":"Security","record_number":"532783753","event_data":{"TargetLogonId":"0x109ab8af7f","SubjectUserName":"-","EventCountTotal":"1","LogonType":"3","GroupMembership":"\n\t\t%{S-1-5-32-544}\n\t\t%{S-1-1-0}\n\t\t%{S-1-5-32-554}\n\t\t%{S-1-5-32-545}\n\t\t%{S-1-5-32-560}\n\t\t%{S-1-5-2}\n\t\t%{S-1-5-11}\n\t\t%{S-1-5-15}\n\t\t%{S-1-5-21-2516547722-2112485390-2429236411-1000}\n\t\t%{S-1-5-21-2516547722-2112485390-2429236411-516}\n\t\t%{S-1-5-9}\n\t\t%{S-1-18-1}\n\t\t%{S-1-5-21-2516547722-2112485390-2429236411-572}\n\t\t%{S-1-16-16384}","SubjectDomainName":"-","SubjectLogonId":"0x0","TargetUserName":"azad3-dc01$","TargetDomainName":"AD3.COM","SubjectUserSid":"S-1-0-0","EventIdx":"1","TargetUserSid":"S-1-5-18"},"message":"Group membership information.\n\nSubject:\n\tSecurity ID:\t\tS-1-0-0\n\tAccount Name:\t\t-\n\tAccount Domain:\t\t-\n\tLogon ID:\t\t0x0\n\nLogon Type:\t\t\t3\n\nNew Logon:\n\tSecurity ID:\t\tS-1-5-18\n\tAccount Name:\t\tazad3-dc01$\n\tAccount Domain:\t\tAD3.COM\n\tLogon ID:\t\t0x109AB8AF7F\n\nEvent in sequence:\t\t1 of 1\n\nGroup Membership:\t\t\t\n\t\t%{S-1-5-32-544}\n\t\t%{S-1-1-0}\n\t\t%{S-1-5-32-554}\n\t\t%{S-1-5-32-545}\n\t\t%{S-1-5-32-560}\n\t\t%{S-1-5-2}\n\t\t%{S-1-5-11}\n\t\t%{S-1-5-15}\n\t\t%{S-1-5-21-2516547722-2112485390-2429236411-1000}\n\t\t%{S-1-5-21-2516547722-2112485390-2429236411-516}\n\t\t%{S-1-5-9}\n\t\t%{S-1-18-1}\n\t\t%{S-1-5-21-2516547722-2112485390-2429236411-572}\n\t\t%{S-1-16-16384}\n\nThe subject fields indicate the account on the local system which requested the logon. This is most commonly a service such as the Server service, or a local process such as Winlogon.exe or Services.exe.\n\nThe logon type field indicates the kind of logon that occurred. The most common types are 2 (interactive) and 3 (network).\n\nThe New Logon fields indicate the account for whom the new logon was created, i.e. the account that was logged on.\n\nThis event is generated when the Audit Group Membership subcategory is configured.  The Logon ID field can be used to correlate this event with the corresponding user logon event as well as to any other security audit events generated during this logon session.","type":"wineventlog","opcode":"Info","tags":["winlogbeat","beats_input_codec_plain_applied"],"thread_id":63988,"@timestamp":"2019-04-04T09:14:34.329Z","event_id":4627,"task":"Group Membership","provider_guid":"{54849625-5478-4994-A5BA-3E3B0328C30D}","@version":"1","beat":{"hostname":"azad3-dc01","name":"azad3-dc01","version":"5.6.3"},"activity_id":"{7F260D57-7DB3-4E39-B3ED-38A82674690F}","host":"azad3-dc01","fields":{"logtype":"dc_event"},"source_name":"Microsoft-Windows-Security-Auditing"}
{"computer_name":"azad3-dc01.ad3.com","process_id":628,"keywords":["Audit Success"],"log_name":"Security","level":"Information","record_number":"532862244","event_data":{"TargetLogonId":"0x109c12bcf1","LogonType":"3","TargetUserName":"spadmin","TargetDomainName":"AD3","TargetUserSid":"S-1-5-21-2516547722-2112485390-2429236411-1106"},"message":"An account was logged off.\n\nSubject:\n\tSecurity ID:\t\tS-1-5-21-2516547722-2112485390-2429236411-1106\n\tAccount Name:\t\tspadmin\n\tAccount Domain:\t\tAD3\n\tLogon ID:\t\t0x109C12BCF1\n\nLogon Type:\t\t\t3\n\nThis event is generated when a logon session is destroyed. It may be positively correlated with a logon event using the Logon ID value. Logon IDs are only unique between reboots on the same computer.","type":"wineventlog","opcode":"Info","tags":["winlogbeat","beats_input_codec_plain_applied"],"thread_id":69972,"@timestamp":"2019-04-04T11:49:20.642Z","event_id":4634,"task":"Logoff","provider_guid":"{54849625-5478-4994-A5BA-3E3B0328C30D}","@version":"1","beat":{"hostname":"azad3-dc01","name":"azad3-dc01","version":"5.6.3"},"host":"azad3-dc01","fields":{"logtype":"dc_event"},"source_name":"Microsoft-Windows-Security-Auditing"}
{"computer_name":"azad3-dc01.ad3.com","process_id":628,"keywords":["Audit Success"],"level":"Information","log_name":"Security","record_number":"532795806","event_data":{"PreAuthType":"2","Status":"0x0","TicketEncryptionType":"0x12","ServiceName":"krbtgt","TicketOptions":"0x40810010","TargetSid":"S-1-5-21-2516547722-2112485390-2429236411-1104","IpPort":"51813","IpAddress":"::ffff:10.183.200.81","ServiceSid":"S-1-5-21-2516547722-2112485390-2429236411-502","TargetUserName":"admin","TargetDomainName":"AD3"},"message":"A Kerberos authentication ticket (TGT) was requested.\n\nAccount Information:\n\tAccount Name:\t\tadmin\n\tSupplied Realm Name:\tAD3\n\tUser ID:\t\t\tS-1-5-21-2516547722-2112485390-2429236411-1104\n\nService Information:\n\tService Name:\t\tkrbtgt\n\tService ID:\t\tS-1-5-21-2516547722-2112485390-2429236411-502\n\nNetwork Information:\n\tClient Address:\t\t::ffff:10.183.200.81\n\tClient Port:\t\t51813\n\nAdditional Information:\n\tTicket Options:\t\t0x40810010\n\tResult Code:\t\t0x0\n\tTicket Encryption Type:\t0x12\n\tPre-Authentication Type:\t2\n\nCertificate Information:\n\tCertificate Issuer Name:\t\t\n\tCertificate Serial Number:\t\n\tCertificate Thumbprint:\t\t\n\nCertificate information is only provided if a certificate was used for pre-authentication.\n\nPre-authentication types, ticket options, encryption types and result codes are defined in RFC 4120.","opcode":"Info","type":"wineventlog","tags":["winlogbeat","beats_input_codec_plain_applied"],"thread_id":75688,"@timestamp":"2019-04-04T09:40:02.172Z","task":"Kerberos Authentication Service","event_id":4768,"provider_guid":"{54849625-5478-4994-A5BA-3E3B0328C30D}","@version":"1","beat":{"hostname":"azad3-dc01","name":"azad3-dc01","version":"5.6.3"},"host":"azad3-dc01","fields":{"logtype":"dc_event"},"source_name":"Microsoft-Windows-Security-Auditing"}
{"computer_name":"azad3-dc01.ad3.com","process_id":628,"keywords":["Audit Success"],"log_name":"Security","level":"Information","record_number":"532803604","event_data":{"Status":"0x0","TicketEncryptionType":"0x12","LogonGuid":"{928A3A73-E703-99E5-B3AB-31D2FACA5DFB}","ServiceName":"AZAD3-WFE11$","TicketOptions":"0x40810000","ServiceSid":"S-1-5-21-2516547722-2112485390-2429236411-2101","IpAddress":"::ffff:10.183.200.81","IpPort":"60434","TargetUserName":"admin@AD3.COM","TransmittedServices":"-","TargetDomainName":"AD3.COM"},"message":"A Kerberos service ticket was requested.\n\nAccount Information:\n\tAccount Name:\t\tadmin@AD3.COM\n\tAccount Domain:\t\tAD3.COM\n\tLogon GUID:\t\t{928A3A73-E703-99E5-B3AB-31D2FACA5DFB}\n\nService Information:\n\tService Name:\t\tAZAD3-WFE11$\n\tService ID:\t\tS-1-5-21-2516547722-2112485390-2429236411-2101\n\nNetwork Information:\n\tClient Address:\t\t::ffff:10.183.200.81\n\tClient Port:\t\t60434\n\nAdditional Information:\n\tTicket Options:\t\t0x40810000\n\tTicket Encryption Type:\t0x12\n\tFailure Code:\t\t0x0\n\tTransited Services:\t-\n\nThis event is generated every time access is requested to a resource such as a computer or a Windows service.  The service name indicates the resource to which access was requested.\n\nThis event can be correlated with Windows logon events by comparing the Logon GUID fields in each event.  The logon event occurs on the machine that was accessed, which is often a different machine than the domain controller which issued the service ticket.\n\nTicket options, encryption types, and failure codes are defined in RFC 4120.","type":"wineventlog","opcode":"Info","tags":["winlogbeat","beats_input_codec_plain_applied"],"thread_id":74748,"@timestamp":"2019-04-04T09:57:01.569Z","task":"Kerberos Service Ticket Operations","event_id":4769,"provider_guid":"{54849625-5478-4994-A5BA-3E3B0328C30D}","@version":"1","beat":{"hostname":"azad3-dc01","name":"azad3-dc01","version":"5.6.3"},"host":"azad3-dc01","fields":{"logtype":"dc_event"},"source_name":"Microsoft-Windows-Security-Auditing"}
{"process_id":628,"computer_name":"azad3-dc01.ad3.com","keywords":["Audit Failure"],"level":"Information","log_name":"Security","record_number":"532860435","event_data":{"Workstation":"MSTSC","Status":"0xc0000064","PackageName":"MICROSOFT_AUTHENTICATION_PACKAGE_V1_0","TargetUserName":"administrator"},"message":"The computer attempted to validate the credentials for an account.\n\nAuthentication Package:\tMICROSOFT_AUTHENTICATION_PACKAGE_V1_0\nLogon Account:\tadministrator\nSource Workstation:\tMSTSC\nError Code:\t0xC0000064","type":"wineventlog","opcode":"Info","tags":["winlogbeat","beats_input_codec_plain_applied"],"thread_id":75744,"@timestamp":"2019-04-04T11:45:53.813Z","event_id":4776,"task":"Credential Validation","provider_guid":"{54849625-5478-4994-A5BA-3E3B0328C30D}","@version":"1","beat":{"hostname":"azad3-dc01","name":"azad3-dc01","version":"5.6.3"},"host":"azad3-dc01","fields":{"logtype":"dc_event"},"source_name":"Microsoft-Windows-Security-Auditing"}
{"process_id":604,"computer_name":"azad3-dc02.ad3.com","keywords":["Audit Failure"],"log_name":"Security","level":"Information","record_number":"407647932","event_data":{"Status":"0xc000006a","Workstation":"MSTSC","PackageName":"MICROSOFT_AUTHENTICATION_PACKAGE_V1_0","TargetUserName":"htmlservice"},"message":"The computer attempted to validate the credentials for an account.\n\nAuthentication Package:\tMICROSOFT_AUTHENTICATION_PACKAGE_V1_0\nLogon Account:\thtmlservice\nSource Workstation:\tMSTSC\nError Code:\t0xC000006A","type":"wineventlog","opcode":"Info","tags":["winlogbeat","beats_input_codec_plain_applied"],"thread_id":4544,"@timestamp":"2019-04-04T11:43:38.141Z","task":"Credential Validation","event_id":4776,"provider_guid":"{54849625-5478-4994-A5BA-3E3B0328C30D}","@version":"1","beat":{"hostname":"azad3-dc02","name":"azad3-dc02","version":"5.6.3"},"host":"azad3-dc02","fields":{"logtype":"dc_event"},"source_name":"Microsoft-Windows-Security-Auditing"}
{"computer_name":"azad3-dc01.ad3.com","process_id":628,"keywords":["Audit Failure"],"log_name":"Security","level":"Information","record_number":"532871069","event_data":{"Status":"0xc0000064","PackageName":"MICROSOFT_AUTHENTICATION_PACKAGE_V1_0","TargetUserName":"SUPP0RT"},"message":"The computer attempted to validate the credentials for an account.\n\nAuthentication Package:\tMICROSOFT_AUTHENTICATION_PACKAGE_V1_0\nLogon Account:\tSUPP0RT\nSource Workstation:\t\nError Code:\t0xC0000064","type":"wineventlog","opcode":"Info","tags":["winlogbeat","beats_input_codec_plain_applied"],"thread_id":75744,"@timestamp":"2019-04-04T12:03:26.611Z","event_id":4776,"task":"Credential Validation","provider_guid":"{54849625-5478-4994-A5BA-3E3B0328C30D}","@version":"1","beat":{"hostname":"azad3-dc01","name":"azad3-dc01","version":"5.6.3"},"host":"azad3-dc01","fields":{"logtype":"dc_event"},"source_name":"Microsoft-Windows-Security-Auditing"}
{"process_id":604,"computer_name":"azad3-dc02.ad3.com","keywords":["Audit Success"],"log_name":"Security","level":"Information","record_number":"407658933","event_data":{"Workstation":"azad3-cach01","Status":"0x0","PackageName":"MICROSOFT_AUTHENTICATION_PACKAGE_V1_0","TargetUserName":"spadmin"},"message":"The computer attempted to validate the credentials for an account.\n\nAuthentication Package:\tMICROSOFT_AUTHENTICATION_PACKAGE_V1_0\nLogon Account:\tspadmin\nSource Workstation:\tazad3-cach01\nError Code:\t0x0","type":"wineventlog","opcode":"Info","tags":["winlogbeat","beats_input_codec_plain_applied"],"thread_id":4544,"@timestamp":"2019-04-04T12:15:02.836Z","task":"Credential Validation","event_id":4776,"provider_guid":"{54849625-5478-4994-A5BA-3E3B0328C30D}","@version":"1","beat":{"hostname":"azad3-dc02","name":"azad3-dc02","version":"5.6.3"},"host":"azad3-dc02","fields":{"logtype":"dc_event"},"source_name":"Microsoft-Windows-Security-Auditing"}
{"process_id":628,"computer_name":"azad3-dc01.ad3.com","keywords":["Audit Success"],"log_name":"Security","level":"Information","record_number":"532868454","event_data":{"Workstation":"azad3-wfe11","Status":"0x0","PackageName":"MICROSOFT_AUTHENTICATION_PACKAGE_V1_0","TargetUserName":"spapppool"},"message":"The computer attempted to validate the credentials for an account.\n\nAuthentication Package:\tMICROSOFT_AUTHENTICATION_PACKAGE_V1_0\nLogon Account:\tspapppool\nSource Workstation:\tazad3-wfe11\nError Code:\t0x0","opcode":"Info","type":"wineventlog","tags":["winlogbeat","beats_input_codec_plain_applied"],"thread_id":54828,"@timestamp":"2019-04-04T11:59:20.637Z","task":"Credential Validation","event_id":4776,"provider_guid":"{54849625-5478-4994-A5BA-3E3B0328C30D}","@version":"1","beat":{"hostname":"azad3-dc01","name":"azad3-dc01","version":"5.6.3"},"host":"azad3-dc01","fields":{"logtype":"dc_event"},"source_name":"Microsoft-Windows-Security-Auditing"}
{"process_id":4,"computer_name":"azad3-dc01.ad3.com","keywords":["Audit Success"],"level":"Information","log_name":"Security","record_number":"532806386","event_data":{"ObjectType":"Token","ProcessName":"C:\\Windows\\System32\\svchost.exe","SubjectUserName":"azad3-dc01$","OldSd":"D:(A;;GA;;;SY)(A;;GA;;;LS)","ObjectServer":"Security","HandleId":"0x7ef0","SubjectDomainName":"AD3","ProcessId":"0x51c","SubjectLogonId":"0x3e7","NewSd":"D:(A;;GA;;;SY)(A;;RC;;;OW)(A;;GA;;;S-1-5-86-1544737700-199408000-2549878335-3519669259-381336952)","SubjectUserSid":"S-1-5-18","ObjectName":"-"},"message":"Permissions on an object were changed.\n\nSubject:\n\tSecurity ID:\t\tS-1-5-18\n\tAccount Name:\t\tazad3-dc01$\n\tAccount Domain:\t\tAD3\n\tLogon ID:\t\t0x3E7\n\nObject:\n\tObject Server:\tSecurity\n\tObject Type:\tToken\n\tObject Name:\t-\n\tHandle ID:\t0x7ef0\n\nProcess:\n\tProcess ID:\t0x51c\n\tProcess Name:\tC:\\Windows\\System32\\svchost.exe\n\nPermissions Change:\n\tOriginal Security Descriptor:\tD:(A;;GA;;;SY)(A;;GA;;;LS)\n\tNew Security Descriptor:\tD:(A;;GA;;;SY)(A;;RC;;;OW)(A;;GA;;;S-1-5-86-1544737700-199408000-2549878335-3519669259-381336952)","opcode":"Info","type":"wineventlog","tags":["winlogbeat","beats_input_codec_plain_applied"],"thread_id":74620,"@timestamp":"2019-04-04T10:02:48.418Z","task":"Authorization Policy Change","event_id":4670,"provider_guid":"{54849625-5478-4994-A5BA-3E3B0328C30D}","@version":"1","beat":{"hostname":"azad3-dc01","name":"azad3-dc01","version":"5.6.3"},"host":"azad3-dc01","fields":{"logtype":"dc_event"},"source_name":"Microsoft-Windows-Security-Auditing"}
