{"process_id":4,"computer_name":"AZAD3-OOS01.ad3.com","keywords":["Audit Success"],"log_name":"Security","level":"Information","record_number":"106497378","event_data":{"NewProcessId":"0x1454c0","TokenElevationType":"%%1936","SubjectLogonId":"0x3e7","NewProcessName":"C:\\Windows\\SysWOW64\\wbem\\WmiPrvSE.exe","TargetLogonId":"0x3e5","SubjectUserName":"AZAD3-OOS01$","CommandLine":"C:\\Windows\\sysWOW64\\wbem\\wmiprvse.exe -secured -Embedding","SubjectDomainName":"AD3","TargetUserName":"LOCAL SERVICE","ProcessId":"0x2a4","TargetDomainName":"NT AUTHORITY","SubjectUserSid":"S-1-5-18","TargetUserSid":"S-1-5-19"},"message":"A new process has been created.\n\nCreator Subject:\n\tSecurity ID:\t\tS-1-5-18\n\tAccount Name:\t\tAZAD3-OOS01$\n\tAccount Domain:\t\tAD3\n\tLogon ID:\t\t0x3E7\n\nTarget Subject:\n\tSecurity ID:\t\tS-1-5-19\n\tAccount Name:\t\tLOCAL SERVICE\n\tAccount Domain:\t\tNT AUTHORITY\n\tLogon ID:\t\t0x3E5\n\nProcess Information:\n\tNew Process ID:\t\t0x1454c0\n\tNew Process Name:\tC:\\Windows\\SysWOW64\\wbem\\WmiPrvSE.exe\n\tToken Elevation Type:\tTokenElevationTypeDefault (1)\n\tCreator Process ID:\t0x2a4\n\tProcess Command Line:\tC:\\Windows\\sysWOW64\\wbem\\wmiprvse.exe -secured -Embedding\n\nToken Elevation Type indicates the type of token that was assigned to the new process in accordance with User Account Control policy.\n\nType 1 is a full token with no privileges removed or groups disabled.  A full token is only used if User Account Control is disabled or if the user is the built-in Administrator account or a service account.\n\nType 2 is an elevated token with no privileges removed or groups disabled.  An elevated token is used when User Account Control is enabled and the user chooses to start the program using Run as administrator.  An elevated token is also used when an application is configured to always require administrative privilege or to always require maximum privilege, and the user is a member of the Administrators group.\n\nType 3 is a limited token with administrative privileges removed and administrative groups disabled.  The limited token is used when User Account Control is enabled, the application does not require administrative privilege, and the user does not choose to start the program using Run as administrator.","opcode":"Info","type":"wineventlog","version":2,"tags":["winlogbeat","beats_input_codec_plain_applied"],"thread_id":1061788,"@timestamp":"2018-12-27T12:49:37.805Z","task":"Process Creation","event_id":4688,"provider_guid":"{54849625-5478-4994-A5BA-3E3B0328C30D}","@version":"1","beat":{"hostname":"AZAD3-OOS01","name":"AZAD3-OOS01","version":"5.6.3"},"host":"AZAD3-OOS01","fields":{"logtype":"officeonline_event"},"source_name":"Microsoft-Windows-Security-Auditing"}
{"computer_name":"AZAD3-OOS02.ad3.com","keywords":["Classic"],"log_name":"Microsoft Office Web Apps","level":"Information","record_number":"17943531","event_data":{"param1":"<?xml version=\"1.0\" encoding=\"utf-16\"?>\n<HealthReport xmlns:xsd=\"http://www.w3.org/2001/XMLSchema\" xmlns:xsi=\"http://www.w3.org/2001/XMLSchema-instance\">\n  <HealthMessage>AgentManagerWatchdog reported status for ExcelServicesWfeWatchdog in category 'Recent Watchdog Reports'. Reported status: ExcelServicesWfeWatchdog has reported recently.</HealthMessage>\n  <Severity xsi:nil=\"true\" />\n</HealthReport>"},"message":"<?xml version=\"1.0\" encoding=\"utf-16\"?>\n<HealthReport xmlns:xsd=\"http://www.w3.org/2001/XMLSchema\" xmlns:xsi=\"http://www.w3.org/2001/XMLSchema-instance\">\n  <HealthMessage>AgentManagerWatchdog reported status for ExcelServicesWfeWatchdog in category 'Recent Watchdog Reports'. Reported status: ExcelServicesWfeWatchdog has reported recently.</HealthMessage>\n  <Severity xsi:nil=\"true\" />\n</HealthReport>","opcode":"Info","type":"wineventlog","tags":["winlogbeat","beats_input_codec_plain_applied"],"@timestamp":"2018-12-27T12:48:46.000Z","event_id":1095,"@version":"1","beat":{"hostname":"AZAD3-OOS02","name":"AZAD3-OOS02","version":"5.6.3"},"host":"AZAD3-OOS02","fields":{"logtype":"officeonline_event"},"source_name":"Office Web Apps Monitoring"}
{"computer_name":"AZAD3-OOS03.ad3.com","process_id":4,"keywords":["Audit Success"],"level":"Information","log_name":"Security","record_number":"99311609","event_data":{"Status":"0x1","ProcessName":"C:\\Program Files (x86)\\Tanium\\Tanium Client\\TaniumClient.exe","SubjectUserName":"AZAD3-OOS03$","SubjectDomainName":"AD3","SubjectLogonId":"0x3e7","ProcessId":"0x123480","SubjectUserSid":"S-1-5-18"},"message":"A process has exited.\n\nSubject:\n\tSecurity ID:\t\tS-1-5-18\n\tAccount Name:\t\tAZAD3-OOS03$\n\tAccount Domain:\t\tAD3\n\tLogon ID:\t\t0x3E7\n\nProcess Information:\n\tProcess ID:\t0x123480\n\tProcess Name:\tC:\\Program Files (x86)\\Tanium\\Tanium Client\\TaniumClient.exe\n\tExit Status:\t0x1","opcode":"Info","type":"wineventlog","tags":["winlogbeat","beats_input_codec_plain_applied"],"thread_id":1050452,"@timestamp":"2018-12-27T12:52:11.627Z","task":"Process Termination","event_id":4689,"provider_guid":"{54849625-5478-4994-A5BA-3E3B0328C30D}","@version":"1","beat":{"hostname":"AZAD3-OOS03","name":"AZAD3-OOS03","version":"5.6.3"},"host":"AZAD3-OOS03","fields":{"logtype":"officeonline_event"},"source_name":"Microsoft-Windows-Security-Auditing"}
{"computer_name":"AZAD3-OOS04.ad3.com","process_id":4,"keywords":["Audit Success"],"level":"Information","log_name":"Security","record_number":"97865407","event_data":{"Status":"0x0","SubjectUserName":"zabbixsvc$","ProcessName":"C:\\Windows\\System32\\WindowsPowerShell\\v1.0\\powershell.exe","SubjectDomainName":"AD3","SubjectLogonId":"0x2b49f","ProcessId":"0xcb408","SubjectUserSid":"S-1-5-21-2516547722-2112485390-2429236411-1185"},"message":"A process has exited.\n\nSubject:\n\tSecurity ID:\t\tS-1-5-21-2516547722-2112485390-2429236411-1185\n\tAccount Name:\t\tzabbixsvc$\n\tAccount Domain:\t\tAD3\n\tLogon ID:\t\t0x2B49F\n\nProcess Information:\n\tProcess ID:\t0xcb408\n\tProcess Name:\tC:\\Windows\\System32\\WindowsPowerShell\\v1.0\\powershell.exe\n\tExit Status:\t0x0","opcode":"Info","type":"wineventlog","tags":["winlogbeat","beats_input_codec_plain_applied"],"thread_id":827132,"@timestamp":"2018-12-27T12:24:58.786Z","event_id":4689,"task":"Process Termination","provider_guid":"{54849625-5478-4994-A5BA-3E3B0328C30D}","@version":"1","beat":{"hostname":"AZAD3-OOS04","name":"AZAD3-OOS04","version":"5.6.3"},"host":"AZAD3-OOS04","fields":{"logtype":"officeonline_event"},"source_name":"Microsoft-Windows-Security-Auditing"}
{"computer_name":"AZAD3-OOS02.ad3.com","process_id":4,"keywords":["Audit Success"],"log_name":"Security","level":"Information","record_number":"98494993","event_data":{"Status":"0x0","ProcessName":"C:\\Windows\\System32\\conhost.exe","SubjectUserName":"zabbixsvc$","SubjectDomainName":"AD3","ProcessId":"0xd8ffc","SubjectLogonId":"0x1918c595bc","SubjectUserSid":"S-1-5-21-2516547722-2112485390-2429236411-1185"},"message":"A process has exited.\n\nSubject:\n\tSecurity ID:\t\tS-1-5-21-2516547722-2112485390-2429236411-1185\n\tAccount Name:\t\tzabbixsvc$\n\tAccount Domain:\t\tAD3\n\tLogon ID:\t\t0x1918C595BC\n\nProcess Information:\n\tProcess ID:\t0xd8ffc\n\tProcess Name:\tC:\\Windows\\System32\\conhost.exe\n\tExit Status:\t0x0","opcode":"Info","type":"wineventlog","tags":["winlogbeat","beats_input_codec_plain_applied"],"thread_id":864456,"@timestamp":"2018-12-27T12:54:01.311Z","event_id":4689,"task":"Process Termination","provider_guid":"{54849625-5478-4994-A5BA-3E3B0328C30D}","@version":"1","beat":{"hostname":"AZAD3-OOS02","name":"AZAD3-OOS02","version":"5.6.3"},"host":"AZAD3-OOS02","fields":{"logtype":"officeonline_event"},"source_name":"Microsoft-Windows-Security-Auditing"}
{"computer_name":"AZAD3-OOS02.ad3.com","keywords":["Classic"],"log_name":"Microsoft Office Web Apps","level":"Information","record_number":"17943281","event_data":{"param1":"<?xml version=\"1.0\" encoding=\"utf-16\"?>\n<HealthReport xmlns:xsd=\"http://www.w3.org/2001/XMLSchema\" xmlns:xsi=\"http://www.w3.org/2001/XMLSchema-instance\">\n  <HealthMessage>HealthReportingAdapter received 1 report(s) from FarmStateManagerWatchdog successfully.</HealthMessage>\n  <Severity xsi:nil=\"true\" />\n</HealthReport>"},"message":"<?xml version=\"1.0\" encoding=\"utf-16\"?>\n<HealthReport xmlns:xsd=\"http://www.w3.org/2001/XMLSchema\" xmlns:xsi=\"http://www.w3.org/2001/XMLSchema-instance\">\n  <HealthMessage>HealthReportingAdapter received 1 report(s) from FarmStateManagerWatchdog successfully.</HealthMessage>\n  <Severity xsi:nil=\"true\" />\n</HealthReport>","type":"wineventlog","opcode":"Info","tags":["winlogbeat","beats_input_codec_plain_applied"],"@timestamp":"2018-12-27T12:39:27.000Z","event_id":1098,"@version":"1","beat":{"hostname":"AZAD3-OOS02","name":"AZAD3-OOS02","version":"5.6.3"},"host":"AZAD3-OOS02","fields":{"logtype":"officeonline_event"},"source_name":"Office Web Apps Monitoring"}
{"process_id":4,"computer_name":"AZAD3-OOS02.ad3.com","keywords":["Audit Success"],"level":"Information","log_name":"Security","record_number":"98489545","event_data":{"Status":"0x0","SubjectUserName":"zabbixsvc$","ProcessName":"C:\\Windows\\System32\\conhost.exe","SubjectDomainName":"AD3","SubjectLogonId":"0x1918c595bc","ProcessId":"0xd1f20","SubjectUserSid":"S-1-5-21-2516547722-2112485390-2429236411-1185"},"message":"A process has exited.\n\nSubject:\n\tSecurity ID:\t\tS-1-5-21-2516547722-2112485390-2429236411-1185\n\tAccount Name:\t\tzabbixsvc$\n\tAccount Domain:\t\tAD3\n\tLogon ID:\t\t0x1918C595BC\n\nProcess Information:\n\tProcess ID:\t0xd1f20\n\tProcess Name:\tC:\\Windows\\System32\\conhost.exe\n\tExit Status:\t0x0","type":"wineventlog","opcode":"Info","tags":["winlogbeat","beats_input_codec_plain_applied"],"thread_id":830388,"@timestamp":"2018-12-27T12:23:16.504Z","task":"Process Termination","event_id":4689,"provider_guid":"{54849625-5478-4994-A5BA-3E3B0328C30D}","@version":"1","beat":{"hostname":"AZAD3-OOS02","name":"AZAD3-OOS02","version":"5.6.3"},"host":"AZAD3-OOS02","fields":{"logtype":"officeonline_event"},"source_name":"Microsoft-Windows-Security-Auditing"}
{"process_id":4,"computer_name":"AZAD3-OOS03.ad3.com","keywords":["Audit Success"],"log_name":"Security","level":"Information","record_number":"99308710","event_data":{"Status":"0x0","ProcessName":"C:\\Windows\\System32\\cmd.exe","SubjectUserName":"zabbixsvc$","SubjectDomainName":"AD3","SubjectLogonId":"0x37ea3","ProcessId":"0x122c14","SubjectUserSid":"S-1-5-21-2516547722-2112485390-2429236411-1185"},"message":"A process has exited.\n\nSubject:\n\tSecurity ID:\t\tS-1-5-21-2516547722-2112485390-2429236411-1185\n\tAccount Name:\t\tzabbixsvc$\n\tAccount Domain:\t\tAD3\n\tLogon ID:\t\t0x37EA3\n\nProcess Information:\n\tProcess ID:\t0x122c14\n\tProcess Name:\tC:\\Windows\\System32\\cmd.exe\n\tExit Status:\t0x0","type":"wineventlog","opcode":"Info","tags":["winlogbeat","beats_input_codec_plain_applied"],"thread_id":1104016,"@timestamp":"2018-12-27T12:36:29.933Z","event_id":4689,"task":"Process Termination","provider_guid":"{54849625-5478-4994-A5BA-3E3B0328C30D}","@version":"1","beat":{"hostname":"AZAD3-OOS03","name":"AZAD3-OOS03","version":"5.6.3"},"host":"AZAD3-OOS03","fields":{"logtype":"officeonline_event"},"source_name":"Microsoft-Windows-Security-Auditing"}
{"process_id":4,"computer_name":"AZAD3-OOS01.ad3.com","keywords":["Audit Success"],"log_name":"Security","level":"Information","record_number":"106496959","event_data":{"Status":"0x0","ProcessName":"C:\\Windows\\System32\\conhost.exe","SubjectUserName":"zabbixsvc$","SubjectDomainName":"AD3","ProcessId":"0xd6734","SubjectLogonId":"0x29494","SubjectUserSid":"S-1-5-21-2516547722-2112485390-2429236411-1185"},"message":"A process has exited.\n\nSubject:\n\tSecurity ID:\t\tS-1-5-21-2516547722-2112485390-2429236411-1185\n\tAccount Name:\t\tzabbixsvc$\n\tAccount Domain:\t\tAD3\n\tLogon ID:\t\t0x29494\n\nProcess Information:\n\tProcess ID:\t0xd6734\n\tProcess Name:\tC:\\Windows\\System32\\conhost.exe\n\tExit Status:\t0x0","opcode":"Info","type":"wineventlog","tags":["winlogbeat","beats_input_codec_plain_applied"],"thread_id":947852,"@timestamp":"2018-12-27T12:47:26.291Z","event_id":4689,"task":"Process Termination","provider_guid":"{54849625-5478-4994-A5BA-3E3B0328C30D}","@version":"1","beat":{"hostname":"AZAD3-OOS01","name":"AZAD3-OOS01","version":"5.6.3"},"host":"AZAD3-OOS01","fields":{"logtype":"officeonline_event"},"source_name":"Microsoft-Windows-Security-Auditing"}
{"process_id":4,"computer_name":"AZAD3-OOS02.ad3.com","keywords":["Audit Success"],"log_name":"Security","level":"Information","record_number":"98495277","event_data":{"Status":"0x0","ProcessName":"C:\\Windows\\System32\\WindowsPowerShell\\v1.0\\powershell.exe","SubjectUserName":"zabbixsvc$","SubjectDomainName":"AD3","ProcessId":"0xd0f78","SubjectLogonId":"0x1918c595bc","SubjectUserSid":"S-1-5-21-2516547722-2112485390-2429236411-1185"},"message":"A process has exited.\n\nSubject:\n\tSecurity ID:\t\tS-1-5-21-2516547722-2112485390-2429236411-1185\n\tAccount Name:\t\tzabbixsvc$\n\tAccount Domain:\t\tAD3\n\tLogon ID:\t\t0x1918C595BC\n\nProcess Information:\n\tProcess ID:\t0xd0f78\n\tProcess Name:\tC:\\Windows\\System32\\WindowsPowerShell\\v1.0\\powershell.exe\n\tExit Status:\t0x0","opcode":"Info","type":"wineventlog","tags":["winlogbeat","beats_input_codec_plain_applied"],"thread_id":880788,"@timestamp":"2018-12-27T12:55:12.478Z","task":"Process Termination","event_id":4689,"provider_guid":"{54849625-5478-4994-A5BA-3E3B0328C30D}","@version":"1","beat":{"hostname":"AZAD3-OOS02","name":"AZAD3-OOS02","version":"5.6.3"},"host":"AZAD3-OOS02","fields":{"logtype":"officeonline_event"},"source_name":"Microsoft-Windows-Security-Auditing"}
{"process_id":4,"computer_name":"AZAD3-OOS01.ad3.com","keywords":["Audit Success"],"log_name":"Security","level":"Information","record_number":"106498261","event_data":{"Status":"0x0","ProcessName":"C:\\Windows\\System32\\WindowsPowerShell\\v1.0\\powershell.exe","SubjectUserName":"zabbixsvc$","SubjectDomainName":"AD3","SubjectLogonId":"0x29494","ProcessId":"0x1082c0","SubjectUserSid":"S-1-5-21-2516547722-2112485390-2429236411-1185"},"message":"A process has exited.\n\nSubject:\n\tSecurity ID:\t\tS-1-5-21-2516547722-2112485390-2429236411-1185\n\tAccount Name:\t\tzabbixsvc$\n\tAccount Domain:\t\tAD3\n\tLogon ID:\t\t0x29494\n\nProcess Information:\n\tProcess ID:\t0x1082c0\n\tProcess Name:\tC:\\Windows\\System32\\WindowsPowerShell\\v1.0\\powershell.exe\n\tExit Status:\t0x0","type":"wineventlog","opcode":"Info","tags":["winlogbeat","beats_input_codec_plain_applied"],"thread_id":962480,"@timestamp":"2018-12-27T12:54:26.738Z","task":"Process Termination","event_id":4689,"provider_guid":"{54849625-5478-4994-A5BA-3E3B0328C30D}","@version":"1","beat":{"hostname":"AZAD3-OOS01","name":"AZAD3-OOS01","version":"5.6.3"},"host":"AZAD3-OOS01","fields":{"logtype":"officeonline_event"},"source_name":"Microsoft-Windows-Security-Auditing"}
{"computer_name":"AZAD3-OOS02.ad3.com","process_id":4,"keywords":["Audit Success"],"log_name":"Security","level":"Information","record_number":"98494388","event_data":{"Status":"0x0","SubjectUserName":"zabbixsvc$","ProcessName":"C:\\Windows\\System32\\WindowsPowerShell\\v1.0\\powershell.exe","SubjectDomainName":"AD3","SubjectLogonId":"0x1918c595bc","ProcessId":"0xbb8ec","SubjectUserSid":"S-1-5-21-2516547722-2112485390-2429236411-1185"},"message":"A process has exited.\n\nSubject:\n\tSecurity ID:\t\tS-1-5-21-2516547722-2112485390-2429236411-1185\n\tAccount Name:\t\tzabbixsvc$\n\tAccount Domain:\t\tAD3\n\tLogon ID:\t\t0x1918C595BC\n\nProcess Information:\n\tProcess ID:\t0xbb8ec\n\tProcess Name:\tC:\\Windows\\System32\\WindowsPowerShell\\v1.0\\powershell.exe\n\tExit Status:\t0x0","type":"wineventlog","opcode":"Info","tags":["winlogbeat","beats_input_codec_plain_applied"],"thread_id":875068,"@timestamp":"2018-12-27T12:50:15.435Z","task":"Process Termination","event_id":4689,"provider_guid":"{54849625-5478-4994-A5BA-3E3B0328C30D}","@version":"1","beat":{"hostname":"AZAD3-OOS02","name":"AZAD3-OOS02","version":"5.6.3"},"host":"AZAD3-OOS02","fields":{"logtype":"officeonline_event"},"source_name":"Microsoft-Windows-Security-Auditing"}
{"process_id":4,"computer_name":"AZAD3-OOS02.ad3.com","keywords":["Audit Success"],"level":"Information","log_name":"Security","record_number":"98494169","event_data":{"Status":"0x0","ProcessName":"C:\\Windows\\System32\\WindowsPowerShell\\v1.0\\powershell.exe","SubjectUserName":"zabbixsvc$","SubjectDomainName":"AD3","SubjectLogonId":"0x1918c595bc","ProcessId":"0xce944","SubjectUserSid":"S-1-5-21-2516547722-2112485390-2429236411-1185"},"message":"A process has exited.\n\nSubject:\n\tSecurity ID:\t\tS-1-5-21-2516547722-2112485390-2429236411-1185\n\tAccount Name:\t\tzabbixsvc$\n\tAccount Domain:\t\tAD3\n\tLogon ID:\t\t0x1918C595BC\n\nProcess Information:\n\tProcess ID:\t0xce944\n\tProcess Name:\tC:\\Windows\\System32\\WindowsPowerShell\\v1.0\\powershell.exe\n\tExit Status:\t0x0","type":"wineventlog","opcode":"Info","tags":["winlogbeat","beats_input_codec_plain_applied"],"thread_id":743980,"@timestamp":"2018-12-27T12:49:08.702Z","event_id":4689,"task":"Process Termination","provider_guid":"{54849625-5478-4994-A5BA-3E3B0328C30D}","@version":"1","beat":{"hostname":"AZAD3-OOS02","name":"AZAD3-OOS02","version":"5.6.3"},"host":"AZAD3-OOS02","fields":{"logtype":"officeonline_event"},"source_name":"Microsoft-Windows-Security-Auditing"}
{"computer_name":"AZAD3-OOS01.ad3.com","process_id":4,"keywords":["Audit Success"],"level":"Information","log_name":"Security","record_number":"106497627","event_data":{"Status":"0x0","ProcessName":"C:\\Windows\\System32\\WindowsPowerShell\\v1.0\\powershell.exe","SubjectUserName":"zabbixsvc$","SubjectDomainName":"AD3","SubjectLogonId":"0x29494","ProcessId":"0xf5f7c","SubjectUserSid":"S-1-5-21-2516547722-2112485390-2429236411-1185"},"message":"A process has exited.\n\nSubject:\n\tSecurity ID:\t\tS-1-5-21-2516547722-2112485390-2429236411-1185\n\tAccount Name:\t\tzabbixsvc$\n\tAccount Domain:\t\tAD3\n\tLogon ID:\t\t0x29494\n\nProcess Information:\n\tProcess ID:\t0xf5f7c\n\tProcess Name:\tC:\\Windows\\System32\\WindowsPowerShell\\v1.0\\powershell.exe\n\tExit Status:\t0x0","type":"wineventlog","opcode":"Info","tags":["winlogbeat","beats_input_codec_plain_applied"],"thread_id":962480,"@timestamp":"2018-12-27T12:51:22.547Z","task":"Process Termination","event_id":4689,"provider_guid":"{54849625-5478-4994-A5BA-3E3B0328C30D}","@version":"1","beat":{"hostname":"AZAD3-OOS01","name":"AZAD3-OOS01","version":"5.6.3"},"host":"AZAD3-OOS01","fields":{"logtype":"officeonline_event"},"source_name":"Microsoft-Windows-Security-Auditing"}
{"process_id":4,"computer_name":"AZAD3-OOS01.ad3.com","keywords":["Audit Success"],"level":"Information","log_name":"Security","record_number":"106497979","event_data":{"NewProcessId":"0x16e7e8","TokenElevationType":"%%1936","NewProcessName":"C:\\Windows\\System32\\cscript.exe","SubjectLogonId":"0x3e7","TargetLogonId":"0x0","CommandLine":"\"C:\\Windows\\system32\\cscript.exe\" /nologo \"MonitorKnowledgeDiscovery.vbs\"","SubjectUserName":"AZAD3-OOS01$","SubjectDomainName":"AD3","TargetUserName":"-","ProcessId":"0xba0","TargetDomainName":"-","SubjectUserSid":"S-1-5-18","TargetUserSid":"S-1-0-0"},"message":"A new process has been created.\n\nCreator Subject:\n\tSecurity ID:\t\tS-1-5-18\n\tAccount Name:\t\tAZAD3-OOS01$\n\tAccount Domain:\t\tAD3\n\tLogon ID:\t\t0x3E7\n\nTarget Subject:\n\tSecurity ID:\t\tS-1-0-0\n\tAccount Name:\t\t-\n\tAccount Domain:\t\t-\n\tLogon ID:\t\t0x0\n\nProcess Information:\n\tNew Process ID:\t\t0x16e7e8\n\tNew Process Name:\tC:\\Windows\\System32\\cscript.exe\n\tToken Elevation Type:\tTokenElevationTypeDefault (1)\n\tCreator Process ID:\t0xba0\n\tProcess Command Line:\t\"C:\\Windows\\system32\\cscript.exe\" /nologo \"MonitorKnowledgeDiscovery.vbs\"\n\nToken Elevation Type indicates the type of token that was assigned to the new process in accordance with User Account Control policy.\n\nType 1 is a full token with no privileges removed or groups disabled.  A full token is only used if User Account Control is disabled or if the user is the built-in Administrator account or a service account.\n\nType 2 is an elevated token with no privileges removed or groups disabled.  An elevated token is used when User Account Control is enabled and the user chooses to start the program using Run as administrator.  An elevated token is also used when an application is configured to always require administrative privilege or to always require maximum privilege, and the user is a member of the Administrators group.\n\nType 3 is a limited token with administrative privileges removed and administrative groups disabled.  The limited token is used when User Account Control is enabled, the application does not require administrative privilege, and the user does not choose to start the program using Run as administrator.","type":"wineventlog","opcode":"Info","version":2,"tags":["winlogbeat","beats_input_codec_plain_applied"],"thread_id":1576348,"@timestamp":"2018-12-27T12:52:46.002Z","task":"Process Creation","event_id":4688,"provider_guid":"{54849625-5478-4994-A5BA-3E3B0328C30D}","@version":"1","beat":{"hostname":"AZAD3-OOS01","name":"AZAD3-OOS01","version":"5.6.3"},"host":"AZAD3-OOS01","fields":{"logtype":"officeonline_event"},"source_name":"Microsoft-Windows-Security-Auditing"}
{"computer_name":"AZAD3-OOS04.ad3.com","process_id":4,"keywords":["Audit Success"],"log_name":"Security","level":"Information","record_number":"97869685","event_data":{"Status":"0x0","ProcessName":"C:\\Windows\\System32\\WindowsPowerShell\\v1.0\\powershell.exe","SubjectUserName":"zabbixsvc$","SubjectDomainName":"AD3","SubjectLogonId":"0x2b49f","ProcessId":"0xd1ce4","SubjectUserSid":"S-1-5-21-2516547722-2112485390-2429236411-1185"},"message":"A process has exited.\n\nSubject:\n\tSecurity ID:\t\tS-1-5-21-2516547722-2112485390-2429236411-1185\n\tAccount Name:\t\tzabbixsvc$\n\tAccount Domain:\t\tAD3\n\tLogon ID:\t\t0x2B49F\n\nProcess Information:\n\tProcess ID:\t0xd1ce4\n\tProcess Name:\tC:\\Windows\\System32\\WindowsPowerShell\\v1.0\\powershell.exe\n\tExit Status:\t0x0","type":"wineventlog","opcode":"Info","tags":["winlogbeat","beats_input_codec_plain_applied"],"thread_id":893120,"@timestamp":"2018-12-27T12:47:58.113Z","event_id":4689,"task":"Process Termination","provider_guid":"{54849625-5478-4994-A5BA-3E3B0328C30D}","@version":"1","beat":{"hostname":"AZAD3-OOS04","name":"AZAD3-OOS04","version":"5.6.3"},"host":"AZAD3-OOS04","fields":{"logtype":"officeonline_event"},"source_name":"Microsoft-Windows-Security-Auditing"}
{"computer_name":"AZAD3-OOS01.ad3.com","process_id":4,"keywords":["Audit Success"],"level":"Information","log_name":"Security","record_number":"106496785","event_data":{"Status":"0x0","ProcessName":"C:\\Windows\\System32\\cmd.exe","SubjectUserName":"zabbixsvc$","SubjectDomainName":"AD3","SubjectLogonId":"0x29494","ProcessId":"0x13ae34","SubjectUserSid":"S-1-5-21-2516547722-2112485390-2429236411-1185"},"message":"A process has exited.\n\nSubject:\n\tSecurity ID:\t\tS-1-5-21-2516547722-2112485390-2429236411-1185\n\tAccount Name:\t\tzabbixsvc$\n\tAccount Domain:\t\tAD3\n\tLogon ID:\t\t0x29494\n\nProcess Information:\n\tProcess ID:\t0x13ae34\n\tProcess Name:\tC:\\Windows\\System32\\cmd.exe\n\tExit Status:\t0x0","type":"wineventlog","opcode":"Info","tags":["winlogbeat","beats_input_codec_plain_applied"],"thread_id":1061788,"@timestamp":"2018-12-27T12:46:28.584Z","event_id":4689,"task":"Process Termination","provider_guid":"{54849625-5478-4994-A5BA-3E3B0328C30D}","@version":"1","beat":{"hostname":"AZAD3-OOS01","name":"AZAD3-OOS01","version":"5.6.3"},"host":"AZAD3-OOS01","fields":{"logtype":"officeonline_event"},"source_name":"Microsoft-Windows-Security-Auditing"}
{"computer_name":"AZAD3-OOS01.ad3.com","process_id":4,"keywords":["Audit Success"],"level":"Information","log_name":"Security","record_number":"106494540","event_data":{"Status":"0x0","ProcessName":"C:\\Windows\\System32\\cmd.exe","SubjectUserName":"zabbixsvc$","SubjectDomainName":"AD3","SubjectLogonId":"0x29494","ProcessId":"0x13415c","SubjectUserSid":"S-1-5-21-2516547722-2112485390-2429236411-1185"},"message":"A process has exited.\n\nSubject:\n\tSecurity ID:\t\tS-1-5-21-2516547722-2112485390-2429236411-1185\n\tAccount Name:\t\tzabbixsvc$\n\tAccount Domain:\t\tAD3\n\tLogon ID:\t\t0x29494\n\nProcess Information:\n\tProcess ID:\t0x13415c\n\tProcess Name:\tC:\\Windows\\System32\\cmd.exe\n\tExit Status:\t0x0","opcode":"Info","type":"wineventlog","tags":["winlogbeat","beats_input_codec_plain_applied"],"thread_id":1061788,"@timestamp":"2018-12-27T12:35:25.079Z","event_id":4689,"task":"Process Termination","provider_guid":"{54849625-5478-4994-A5BA-3E3B0328C30D}","@version":"1","beat":{"hostname":"AZAD3-OOS01","name":"AZAD3-OOS01","version":"5.6.3"},"host":"AZAD3-OOS01","fields":{"logtype":"officeonline_event"},"source_name":"Microsoft-Windows-Security-Auditing"}
{"process_id":4,"computer_name":"AZAD3-OOS04.ad3.com","keywords":["Audit Success"],"level":"Information","log_name":"Security","record_number":"97868683","event_data":{"NewProcessId":"0xd9e8c","TokenElevationType":"%%1936","NewProcessName":"C:\\Windows\\System32\\wbem\\WmiApSrv.exe","SubjectLogonId":"0x3e7","TargetLogonId":"0x0","SubjectUserName":"AZAD3-OOS04$","CommandLine":"C:\\Windows\\system32\\wbem\\WmiApSrv.exe","SubjectDomainName":"AD3","TargetUserName":"-","ProcessId":"0x254","TargetDomainName":"-","SubjectUserSid":"S-1-5-18","TargetUserSid":"S-1-0-0"},"message":"A new process has been created.\n\nCreator Subject:\n\tSecurity ID:\t\tS-1-5-18\n\tAccount Name:\t\tAZAD3-OOS04$\n\tAccount Domain:\t\tAD3\n\tLogon ID:\t\t0x3E7\n\nTarget Subject:\n\tSecurity ID:\t\tS-1-0-0\n\tAccount Name:\t\t-\n\tAccount Domain:\t\t-\n\tLogon ID:\t\t0x0\n\nProcess Information:\n\tNew Process ID:\t\t0xd9e8c\n\tNew Process Name:\tC:\\Windows\\System32\\wbem\\WmiApSrv.exe\n\tToken Elevation Type:\tTokenElevationTypeDefault (1)\n\tCreator Process ID:\t0x254\n\tProcess Command Line:\tC:\\Windows\\system32\\wbem\\WmiApSrv.exe\n\nToken Elevation Type indicates the type of token that was assigned to the new process in accordance with User Account Control policy.\n\nType 1 is a full token with no privileges removed or groups disabled.  A full token is only used if User Account Control is disabled or if the user is the built-in Administrator account or a service account.\n\nType 2 is an elevated token with no privileges removed or groups disabled.  An elevated token is used when User Account Control is enabled and the user chooses to start the program using Run as administrator.  An elevated token is also used when an application is configured to always require administrative privilege or to always require maximum privilege, and the user is a member of the Administrators group.\n\nType 3 is a limited token with administrative privileges removed and administrative groups disabled.  The limited token is used when User Account Control is enabled, the application does not require administrative privilege, and the user does not choose to start the program using Run as administrator.","type":"wineventlog","opcode":"Info","version":2,"tags":["winlogbeat","beats_input_codec_plain_applied"],"thread_id":855996,"@timestamp":"2018-12-27T12:42:38.166Z","event_id":4688,"task":"Process Creation","provider_guid":"{54849625-5478-4994-A5BA-3E3B0328C30D}","@version":"1","beat":{"hostname":"AZAD3-OOS04","name":"AZAD3-OOS04","version":"5.6.3"},"host":"AZAD3-OOS04","fields":{"logtype":"officeonline_event"},"source_name":"Microsoft-Windows-Security-Auditing"}
{"process_id":4,"computer_name":"AZAD3-OOS01.ad3.com","keywords":["Audit Success"],"level":"Information","log_name":"Security","record_number":"106495259","event_data":{"NewProcessId":"0x160514","TokenElevationType":"%%1936","SubjectLogonId":"0x3e7","NewProcessName":"C:\\Windows\\System32\\cscript.exe","TargetLogonId":"0x0","CommandLine":"\"C:\\Windows\\system32\\cscript.exe\" /nologo \"MonitorKnowledgeDiscovery.vbs\"","SubjectUserName":"AZAD3-OOS01$","SubjectDomainName":"AD3","TargetUserName":"-","ProcessId":"0xba0","TargetDomainName":"-","SubjectUserSid":"S-1-5-18","TargetUserSid":"S-1-0-0"},"message":"A new process has been created.\n\nCreator Subject:\n\tSecurity ID:\t\tS-1-5-18\n\tAccount Name:\t\tAZAD3-OOS01$\n\tAccount Domain:\t\tAD3\n\tLogon ID:\t\t0x3E7\n\nTarget Subject:\n\tSecurity ID:\t\tS-1-0-0\n\tAccount Name:\t\t-\n\tAccount Domain:\t\t-\n\tLogon ID:\t\t0x0\n\nProcess Information:\n\tNew Process ID:\t\t0x160514\n\tNew Process Name:\tC:\\Windows\\System32\\cscript.exe\n\tToken Elevation Type:\tTokenElevationTypeDefault (1)\n\tCreator Process ID:\t0xba0\n\tProcess Command Line:\t\"C:\\Windows\\system32\\cscript.exe\" /nologo \"MonitorKnowledgeDiscovery.vbs\"\n\nToken Elevation Type indicates the type of token that was assigned to the new process in accordance with User Account Control policy.\n\nType 1 is a full token with no privileges removed or groups disabled.  A full token is only used if User Account Control is disabled or if the user is the built-in Administrator account or a service account.\n\nType 2 is an elevated token with no privileges removed or groups disabled.  An elevated token is used when User Account Control is enabled and the user chooses to start the program using Run as administrator.  An elevated token is also used when an application is configured to always require administrative privilege or to always require maximum privilege, and the user is a member of the Administrators group.\n\nType 3 is a limited token with administrative privileges removed and administrative groups disabled.  The limited token is used when User Account Control is enabled, the application does not require administrative privilege, and the user does not choose to start the program using Run as administrator.","opcode":"Info","type":"wineventlog","version":2,"tags":["winlogbeat","beats_input_codec_plain_applied"],"thread_id":1481456,"@timestamp":"2018-12-27T12:38:46.002Z","task":"Process Creation","event_id":4688,"provider_guid":"{54849625-5478-4994-A5BA-3E3B0328C30D}","@version":"1","beat":{"hostname":"AZAD3-OOS01","name":"AZAD3-OOS01","version":"5.6.3"},"host":"AZAD3-OOS01","fields":{"logtype":"officeonline_event"},"source_name":"Microsoft-Windows-Security-Auditing"}
{"process_id":4,"computer_name":"AZAD3-OOS03.ad3.com","keywords":["Audit Success"],"level":"Information","log_name":"Security","record_number":"99310844","event_data":{"NewProcessId":"0x1231c8","TokenElevationType":"%%1936","SubjectLogonId":"0x3e7","NewProcessName":"C:\\Windows\\servicing\\TrustedInstaller.exe","TargetLogonId":"0x0","SubjectUserName":"AZAD3-OOS03$","CommandLine":"C:\\Windows\\servicing\\TrustedInstaller.exe","SubjectDomainName":"AD3","ProcessId":"0x26c","TargetUserName":"-","TargetDomainName":"-","SubjectUserSid":"S-1-5-18","TargetUserSid":"S-1-0-0"},"message":"A new process has been created.\n\nCreator Subject:\n\tSecurity ID:\t\tS-1-5-18\n\tAccount Name:\t\tAZAD3-OOS03$\n\tAccount Domain:\t\tAD3\n\tLogon ID:\t\t0x3E7\n\nTarget Subject:\n\tSecurity ID:\t\tS-1-0-0\n\tAccount Name:\t\t-\n\tAccount Domain:\t\t-\n\tLogon ID:\t\t0x0\n\nProcess Information:\n\tNew Process ID:\t\t0x1231c8\n\tNew Process Name:\tC:\\Windows\\servicing\\TrustedInstaller.exe\n\tToken Elevation Type:\tTokenElevationTypeDefault (1)\n\tCreator Process ID:\t0x26c\n\tProcess Command Line:\tC:\\Windows\\servicing\\TrustedInstaller.exe\n\nToken Elevation Type indicates the type of token that was assigned to the new process in accordance with User Account Control policy.\n\nType 1 is a full token with no privileges removed or groups disabled.  A full token is only used if User Account Control is disabled or if the user is the built-in Administrator account or a service account.\n\nType 2 is an elevated token with no privileges removed or groups disabled.  An elevated token is used when User Account Control is enabled and the user chooses to start the program using Run as administrator.  An elevated token is also used when an application is configured to always require administrative privilege or to always require maximum privilege, and the user is a member of the Administrators group.\n\nType 3 is a limited token with administrative privileges removed and administrative groups disabled.  The limited token is used when User Account Control is enabled, the application does not require administrative privilege, and the user does not choose to start the program using Run as administrator.","type":"wineventlog","opcode":"Info","version":2,"tags":["winlogbeat","beats_input_codec_plain_applied"],"thread_id":1050452,"@timestamp":"2018-12-27T12:47:55.188Z","task":"Process Creation","event_id":4688,"provider_guid":"{54849625-5478-4994-A5BA-3E3B0328C30D}","@version":"1","beat":{"hostname":"AZAD3-OOS03","name":"AZAD3-OOS03","version":"5.6.3"},"host":"AZAD3-OOS03","fields":{"logtype":"officeonline_event"},"source_name":"Microsoft-Windows-Security-Auditing"}
{"process_id":4,"computer_name":"AZAD3-OOS01.ad3.com","keywords":["Audit Success"],"level":"Information","log_name":"Security","record_number":"106498340","event_data":{"Status":"0x0","ProcessName":"C:\\Windows\\System32\\WindowsPowerShell\\v1.0\\powershell.exe","SubjectUserName":"zabbixsvc$","SubjectDomainName":"AD3","SubjectLogonId":"0x29494","ProcessId":"0xfd31c","SubjectUserSid":"S-1-5-21-2516547722-2112485390-2429236411-1185"},"message":"A process has exited.\n\nSubject:\n\tSecurity ID:\t\tS-1-5-21-2516547722-2112485390-2429236411-1185\n\tAccount Name:\t\tzabbixsvc$\n\tAccount Domain:\t\tAD3\n\tLogon ID:\t\t0x29494\n\nProcess Information:\n\tProcess ID:\t0xfd31c\n\tProcess Name:\tC:\\Windows\\System32\\WindowsPowerShell\\v1.0\\powershell.exe\n\tExit Status:\t0x0","opcode":"Info","type":"wineventlog","tags":["winlogbeat","beats_input_codec_plain_applied"],"thread_id":1572376,"@timestamp":"2018-12-27T12:54:38.845Z","event_id":4689,"task":"Process Termination","provider_guid":"{54849625-5478-4994-A5BA-3E3B0328C30D}","@version":"1","beat":{"hostname":"AZAD3-OOS01","name":"AZAD3-OOS01","version":"5.6.3"},"host":"AZAD3-OOS01","fields":{"logtype":"officeonline_event"},"source_name":"Microsoft-Windows-Security-Auditing"}
{"computer_name":"AZAD3-OOS02.ad3.com","process_id":4,"keywords":["Audit Success"],"log_name":"Security","level":"Information","record_number":"98494180","event_data":{"NewProcessId":"0xbfdc8","TokenElevationType":"%%1936","NewProcessName":"C:\\Windows\\System32\\WindowsPowerShell\\v1.0\\powershell.exe","SubjectLogonId":"0x1918c595bc","TargetLogonId":"0x0","CommandLine":"powershell  -NoProfile -File C:\\AD365\\software\\Zabbix\\Scripts\\AppPoolsStatus.ps1 \"OpenFromUrlHost\"","SubjectUserName":"zabbixsvc$","SubjectDomainName":"AD3","TargetUserName":"-","ProcessId":"0xd872c","TargetDomainName":"-","SubjectUserSid":"S-1-5-21-2516547722-2112485390-2429236411-1185","TargetUserSid":"S-1-0-0"},"message":"A new process has been created.\n\nCreator Subject:\n\tSecurity ID:\t\tS-1-5-21-2516547722-2112485390-2429236411-1185\n\tAccount Name:\t\tzabbixsvc$\n\tAccount Domain:\t\tAD3\n\tLogon ID:\t\t0x1918C595BC\n\nTarget Subject:\n\tSecurity ID:\t\tS-1-0-0\n\tAccount Name:\t\t-\n\tAccount Domain:\t\t-\n\tLogon ID:\t\t0x0\n\nProcess Information:\n\tNew Process ID:\t\t0xbfdc8\n\tNew Process Name:\tC:\\Windows\\System32\\WindowsPowerShell\\v1.0\\powershell.exe\n\tToken Elevation Type:\tTokenElevationTypeDefault (1)\n\tCreator Process ID:\t0xd872c\n\tProcess Command Line:\tpowershell  -NoProfile -File C:\\AD365\\software\\Zabbix\\Scripts\\AppPoolsStatus.ps1 \"OpenFromUrlHost\"\n\nToken Elevation Type indicates the type of token that was assigned to the new process in accordance with User Account Control policy.\n\nType 1 is a full token with no privileges removed or groups disabled.  A full token is only used if User Account Control is disabled or if the user is the built-in Administrator account or a service account.\n\nType 2 is an elevated token with no privileges removed or groups disabled.  An elevated token is used when User Account Control is enabled and the user chooses to start the program using Run as administrator.  An elevated token is also used when an application is configured to always require administrative privilege or to always require maximum privilege, and the user is a member of the Administrators group.\n\nType 3 is a limited token with administrative privileges removed and administrative groups disabled.  The limited token is used when User Account Control is enabled, the application does not require administrative privilege, and the user does not choose to start the program using Run as administrator.","opcode":"Info","type":"wineventlog","version":2,"tags":["winlogbeat","beats_input_codec_plain_applied"],"thread_id":875068,"@timestamp":"2018-12-27T12:49:10.726Z","event_id":4688,"task":"Process Creation","provider_guid":"{54849625-5478-4994-A5BA-3E3B0328C30D}","@version":"1","beat":{"hostname":"AZAD3-OOS02","name":"AZAD3-OOS02","version":"5.6.3"},"host":"AZAD3-OOS02","fields":{"logtype":"officeonline_event"},"source_name":"Microsoft-Windows-Security-Auditing"}
{"computer_name":"AZAD3-OOS01.ad3.com","keywords":["Classic"],"level":"Information","log_name":"Microsoft Office Web Apps","record_number":"18692386","event_data":{"param1":"<?xml version=\"1.0\" encoding=\"utf-16\"?>\n<HealthReport xmlns:xsd=\"http://www.w3.org/2001/XMLSchema\" xmlns:xsi=\"http://www.w3.org/2001/XMLSchema-instance\">\n  <HealthMessage>HealthReportingAdapter received 1 report(s) from FarmStateManagerWatchdog successfully.</HealthMessage>\n  <Severity xsi:nil=\"true\" />\n</HealthReport>"},"message":"<?xml version=\"1.0\" encoding=\"utf-16\"?>\n<HealthReport xmlns:xsd=\"http://www.w3.org/2001/XMLSchema\" xmlns:xsi=\"http://www.w3.org/2001/XMLSchema-instance\">\n  <HealthMessage>HealthReportingAdapter received 1 report(s) from FarmStateManagerWatchdog successfully.</HealthMessage>\n  <Severity xsi:nil=\"true\" />\n</HealthReport>","type":"wineventlog","opcode":"Info","tags":["winlogbeat","beats_input_codec_plain_applied"],"@timestamp":"2018-12-27T12:26:37.000Z","event_id":1098,"@version":"1","beat":{"hostname":"AZAD3-OOS01","name":"AZAD3-OOS01","version":"5.6.3"},"host":"AZAD3-OOS01","fields":{"logtype":"officeonline_event"},"source_name":"Office Web Apps Monitoring"}
{"computer_name":"AZAD3-OOS04.ad3.com","process_id":4,"keywords":["Audit Success"],"level":"Information","log_name":"Security","record_number":"97864485","event_data":{"Status":"0x0","SubjectUserName":"zabbixsvc$","ProcessName":"C:\\Windows\\System32\\WindowsPowerShell\\v1.0\\powershell.exe","SubjectDomainName":"AD3","SubjectLogonId":"0x2b49f","ProcessId":"0xd9b08","SubjectUserSid":"S-1-5-21-2516547722-2112485390-2429236411-1185"},"message":"A process has exited.\n\nSubject:\n\tSecurity ID:\t\tS-1-5-21-2516547722-2112485390-2429236411-1185\n\tAccount Name:\t\tzabbixsvc$\n\tAccount Domain:\t\tAD3\n\tLogon ID:\t\t0x2B49F\n\nProcess Information:\n\tProcess ID:\t0xd9b08\n\tProcess Name:\tC:\\Windows\\System32\\WindowsPowerShell\\v1.0\\powershell.exe\n\tExit Status:\t0x0","opcode":"Info","type":"wineventlog","tags":["winlogbeat","beats_input_codec_plain_applied"],"thread_id":866640,"@timestamp":"2018-12-27T12:20:50.637Z","event_id":4689,"task":"Process Termination","provider_guid":"{54849625-5478-4994-A5BA-3E3B0328C30D}","@version":"1","beat":{"hostname":"AZAD3-OOS04","name":"AZAD3-OOS04","version":"5.6.3"},"host":"AZAD3-OOS04","fields":{"logtype":"officeonline_event"},"source_name":"Microsoft-Windows-Security-Auditing"}
{"computer_name":"AZAD3-OOS02.ad3.com","process_id":4,"keywords":["Audit Success"],"level":"Information","log_name":"Security","record_number":"98491229","event_data":{"NewProcessId":"0xd81a8","TokenElevationType":"%%1936","SubjectLogonId":"0x1918c595bc","NewProcessName":"C:\\Windows\\System32\\cmd.exe","TargetLogonId":"0x0","CommandLine":"cmd /C \"powershell -NoProfile -File C:\\AD365\\software\\Zabbix\\Scripts\\AppPoolsStatus.ps1 \".NET v4.5 Classic\"\"","SubjectUserName":"zabbixsvc$","SubjectDomainName":"AD3","TargetUserName":"-","ProcessId":"0xd63b8","TargetDomainName":"-","SubjectUserSid":"S-1-5-21-2516547722-2112485390-2429236411-1185","TargetUserSid":"S-1-0-0"},"message":"A new process has been created.\n\nCreator Subject:\n\tSecurity ID:\t\tS-1-5-21-2516547722-2112485390-2429236411-1185\n\tAccount Name:\t\tzabbixsvc$\n\tAccount Domain:\t\tAD3\n\tLogon ID:\t\t0x1918C595BC\n\nTarget Subject:\n\tSecurity ID:\t\tS-1-0-0\n\tAccount Name:\t\t-\n\tAccount Domain:\t\t-\n\tLogon ID:\t\t0x0\n\nProcess Information:\n\tNew Process ID:\t\t0xd81a8\n\tNew Process Name:\tC:\\Windows\\System32\\cmd.exe\n\tToken Elevation Type:\tTokenElevationTypeDefault (1)\n\tCreator Process ID:\t0xd63b8\n\tProcess Command Line:\tcmd /C \"powershell -NoProfile -File C:\\AD365\\software\\Zabbix\\Scripts\\AppPoolsStatus.ps1 \".NET v4.5 Classic\"\"\n\nToken Elevation Type indicates the type of token that was assigned to the new process in accordance with User Account Control policy.\n\nType 1 is a full token with no privileges removed or groups disabled.  A full token is only used if User Account Control is disabled or if the user is the built-in Administrator account or a service account.\n\nType 2 is an elevated token with no privileges removed or groups disabled.  An elevated token is used when User Account Control is enabled and the user chooses to start the program using Run as administrator.  An elevated token is also used when an application is configured to always require administrative privilege or to always require maximum privilege, and the user is a member of the Administrators group.\n\nType 3 is a limited token with administrative privileges removed and administrative groups disabled.  The limited token is used when User Account Control is enabled, the application does not require administrative privilege, and the user does not choose to start the program using Run as administrator.","opcode":"Info","type":"wineventlog","version":2,"tags":["winlogbeat","beats_input_codec_plain_applied"],"thread_id":890824,"@timestamp":"2018-12-27T12:32:58.558Z","task":"Process Creation","event_id":4688,"provider_guid":"{54849625-5478-4994-A5BA-3E3B0328C30D}","@version":"1","beat":{"hostname":"AZAD3-OOS02","name":"AZAD3-OOS02","version":"5.6.3"},"host":"AZAD3-OOS02","fields":{"logtype":"officeonline_event"},"source_name":"Microsoft-Windows-Security-Auditing"}
{"computer_name":"AZAD3-OOS02.ad3.com","process_id":4,"keywords":["Audit Success"],"level":"Information","log_name":"Security","record_number":"98492104","event_data":{"Status":"0x0","ProcessName":"C:\\Windows\\System32\\cmd.exe","SubjectUserName":"zabbixsvc$","SubjectDomainName":"AD3","SubjectLogonId":"0x1918c595bc","ProcessId":"0xd4a70","SubjectUserSid":"S-1-5-21-2516547722-2112485390-2429236411-1185"},"message":"A process has exited.\n\nSubject:\n\tSecurity ID:\t\tS-1-5-21-2516547722-2112485390-2429236411-1185\n\tAccount Name:\t\tzabbixsvc$\n\tAccount Domain:\t\tAD3\n\tLogon ID:\t\t0x1918C595BC\n\nProcess Information:\n\tProcess ID:\t0xd4a70\n\tProcess Name:\tC:\\Windows\\System32\\cmd.exe\n\tExit Status:\t0x0","type":"wineventlog","opcode":"Info","tags":["winlogbeat","beats_input_codec_plain_applied"],"thread_id":837224,"@timestamp":"2018-12-27T12:37:19.557Z","event_id":4689,"task":"Process Termination","provider_guid":"{54849625-5478-4994-A5BA-3E3B0328C30D}","@version":"1","beat":{"hostname":"AZAD3-OOS02","name":"AZAD3-OOS02","version":"5.6.3"},"host":"AZAD3-OOS02","fields":{"logtype":"officeonline_event"},"source_name":"Microsoft-Windows-Security-Auditing"}
{"computer_name":"AZAD3-OOS04.ad3.com","process_id":4,"keywords":["Audit Success"],"log_name":"Security","level":"Information","record_number":"97866975","event_data":{"Status":"0x0","ProcessName":"C:\\Windows\\System32\\cmd.exe","SubjectUserName":"zabbixsvc$","SubjectDomainName":"AD3","ProcessId":"0xd0f18","SubjectLogonId":"0x2b49f","SubjectUserSid":"S-1-5-21-2516547722-2112485390-2429236411-1185"},"message":"A process has exited.\n\nSubject:\n\tSecurity ID:\t\tS-1-5-21-2516547722-2112485390-2429236411-1185\n\tAccount Name:\t\tzabbixsvc$\n\tAccount Domain:\t\tAD3\n\tLogon ID:\t\t0x2B49F\n\nProcess Information:\n\tProcess ID:\t0xd0f18\n\tProcess Name:\tC:\\Windows\\System32\\cmd.exe\n\tExit Status:\t0x0","opcode":"Info","type":"wineventlog","tags":["winlogbeat","beats_input_codec_plain_applied"],"thread_id":881336,"@timestamp":"2018-12-27T12:33:49.595Z","event_id":4689,"task":"Process Termination","provider_guid":"{54849625-5478-4994-A5BA-3E3B0328C30D}","@version":"1","beat":{"hostname":"AZAD3-OOS04","name":"AZAD3-OOS04","version":"5.6.3"},"host":"AZAD3-OOS04","fields":{"logtype":"officeonline_event"},"source_name":"Microsoft-Windows-Security-Auditing"}
{"process_id":4,"computer_name":"AZAD3-OOS04.ad3.com","keywords":["Audit Success"],"log_name":"Security","level":"Information","record_number":"97866330","event_data":{"NewProcessId":"0xda3ac","TokenElevationType":"%%1936","SubjectLogonId":"0x2b49f","NewProcessName":"C:\\Windows\\System32\\conhost.exe","TargetLogonId":"0x0","SubjectUserName":"zabbixsvc$","CommandLine":"\\??\\C:\\Windows\\system32\\conhost.exe 0xffffffff","SubjectDomainName":"AD3","ProcessId":"0xcb358","TargetUserName":"-","TargetDomainName":"-","SubjectUserSid":"S-1-5-21-2516547722-2112485390-2429236411-1185","TargetUserSid":"S-1-0-0"},"message":"A new process has been created.\n\nCreator Subject:\n\tSecurity ID:\t\tS-1-5-21-2516547722-2112485390-2429236411-1185\n\tAccount Name:\t\tzabbixsvc$\n\tAccount Domain:\t\tAD3\n\tLogon ID:\t\t0x2B49F\n\nTarget Subject:\n\tSecurity ID:\t\tS-1-0-0\n\tAccount Name:\t\t-\n\tAccount Domain:\t\t-\n\tLogon ID:\t\t0x0\n\nProcess Information:\n\tNew Process ID:\t\t0xda3ac\n\tNew Process Name:\tC:\\Windows\\System32\\conhost.exe\n\tToken Elevation Type:\tTokenElevationTypeDefault (1)\n\tCreator Process ID:\t0xcb358\n\tProcess Command Line:\t\\??\\C:\\Windows\\system32\\conhost.exe 0xffffffff\n\nToken Elevation Type indicates the type of token that was assigned to the new process in accordance with User Account Control policy.\n\nType 1 is a full token with no privileges removed or groups disabled.  A full token is only used if User Account Control is disabled or if the user is the built-in Administrator account or a service account.\n\nType 2 is an elevated token with no privileges removed or groups disabled.  An elevated token is used when User Account Control is enabled and the user chooses to start the program using Run as administrator.  An elevated token is also used when an application is configured to always require administrative privilege or to always require maximum privilege, and the user is a member of the Administrators group.\n\nType 3 is a limited token with administrative privileges removed and administrative groups disabled.  The limited token is used when User Account Control is enabled, the application does not require administrative privilege, and the user does not choose to start the program using Run as administrator.","opcode":"Info","type":"wineventlog","version":2,"tags":["winlogbeat","beats_input_codec_plain_applied"],"thread_id":827132,"@timestamp":"2018-12-27T12:29:57.459Z","event_id":4688,"task":"Process Creation","provider_guid":"{54849625-5478-4994-A5BA-3E3B0328C30D}","@version":"1","beat":{"hostname":"AZAD3-OOS04","name":"AZAD3-OOS04","version":"5.6.3"},"host":"AZAD3-OOS04","fields":{"logtype":"officeonline_event"},"source_name":"Microsoft-Windows-Security-Auditing"}
{"computer_name":"AZAD3-OOS01.ad3.com","keywords":["Classic"],"level":"Information","log_name":"Microsoft Office Web Apps","record_number":"18692995","event_data":{"param1":"<?xml version=\"1.0\" encoding=\"utf-16\"?>\n<HealthReport xmlns:xsd=\"http://www.w3.org/2001/XMLSchema\" xmlns:xsi=\"http://www.w3.org/2001/XMLSchema-instance\">\n  <HealthMessage>PowerPointViewingServicesWatchdog_App reported status for PPTConversionService in category '0'. Reported status: </HealthMessage>\n  <Severity xsi:nil=\"true\" />\n</HealthReport>"},"message":"<?xml version=\"1.0\" encoding=\"utf-16\"?>\n<HealthReport xmlns:xsd=\"http://www.w3.org/2001/XMLSchema\" xmlns:xsi=\"http://www.w3.org/2001/XMLSchema-instance\">\n  <HealthMessage>PowerPointViewingServicesWatchdog_App reported status for PPTConversionService in category '0'. Reported status: </HealthMessage>\n  <Severity xsi:nil=\"true\" />\n</HealthReport>","type":"wineventlog","opcode":"Info","tags":["winlogbeat","beats_input_codec_plain_applied"],"@timestamp":"2018-12-27T12:50:46.000Z","event_id":1556,"@version":"1","beat":{"hostname":"AZAD3-OOS01","name":"AZAD3-OOS01","version":"5.6.3"},"host":"AZAD3-OOS01","fields":{"logtype":"officeonline_event"},"source_name":"Office Web Apps Monitoring"}
