{"process_id":604,"computer_name":"azad3-dc02.ad3.com","keywords":["Audit Success"],"log_name":"Security","level":"Information","record_number":"407605400","event_data":{"ProcessName":"-","LogonGuid":"{ADF760EF-CEC3-5951-BED8-9A26011BDCA7}","TargetOutboundDomainName":"-","VirtualAccount":"%%1843","IpPort":"11534","TransmittedServices":"-","LmPackageName":"-","RestrictedAdminMode":"-","ElevatedToken":"%%1842","WorkstationName":"-","SubjectDomainName":"-","LogonProcessName":"Kerberos","TargetDomainName":"AD3.COM","LogonType":"3","SubjectLogonId":"0x0","KeyLength":"0","TargetOutboundUserName":"-","TargetLogonId":"0x99ab483c2","SubjectUserName":"-","TargetLinkedLogonId":"0x0","IpAddress":"10.183.200.156","ProcessId":"0x0","ImpersonationLevel":"%%1840","TargetUserName":"AZAD3-UTIL01$","SubjectUserSid":"S-1-0-0","AuthenticationPackageName":"Kerberos","TargetUserSid":"S-1-5-21-2516547722-2112485390-2429236411-1607"},"message":"An account was successfully logged on.\n\nSubject:\n\tSecurity ID:\t\tS-1-0-0\n\tAccount Name:\t\t-\n\tAccount Domain:\t\t-\n\tLogon ID:\t\t0x0\n\nLogon Information:\n\tLogon Type:\t\t3\n\tRestricted Admin Mode:\t-\n\tVirtual Account:\t\tNo\n\tElevated Token:\t\tYes\n\nImpersonation Level:\t\tDelegation\n\nNew Logon:\n\tSecurity ID:\t\tS-1-5-21-2516547722-2112485390-2429236411-1607\n\tAccount Name:\t\tAZAD3-UTIL01$\n\tAccount Domain:\t\tAD3.COM\n\tLogon ID:\t\t0x99AB483C2\n\tLinked Logon ID:\t\t0x0\n\tNetwork Account Name:\t-\n\tNetwork Account Domain:\t-\n\tLogon GUID:\t\t{ADF760EF-CEC3-5951-BED8-9A26011BDCA7}\n\nProcess Information:\n\tProcess ID:\t\t0x0\n\tProcess Name:\t\t-\n\nNetwork Information:\n\tWorkstation Name:\t-\n\tSource Network Address:\t10.183.200.156\n\tSource Port:\t\t11534\n\nDetailed Authentication Information:\n\tLogon Process:\t\tKerberos\n\tAuthentication Package:\tKerberos\n\tTransited Services:\t-\n\tPackage Name (NTLM only):\t-\n\tKey Length:\t\t0\n\nThis event is generated when a logon session is created. It is generated on the computer that was accessed.\n\nThe subject fields indicate the account on the local system which requested the logon. This is most commonly a service such as the Server service, or a local process such as Winlogon.exe or Services.exe.\n\nThe logon type field indicates the kind of logon that occurred. The most common types are 2 (interactive) and 3 (network).\n\nThe New Logon fields indicate the account for whom the new logon was created, i.e. the account that was logged on.\n\nThe network fields indicate where a remote logon request originated. Workstation name is not always available and may be left blank in some cases.\n\nThe impersonation level field indicates the extent to which a process in the logon session can impersonate.\n\nThe authentication information fields provide detailed information about this specific logon request.\n\t- Logon GUID is a unique identifier that can be used to correlate this event with a KDC event.\n\t- Transited services indicate which intermediate services have participated in this logon request.\n\t- Package name indicates which sub-protocol was used among the NTLM protocols.\n\t- Key length indicates the length of the generated session key. This will be 0 if no session key was requested.","opcode":"Info","type":"wineventlog","version":2,"tags":["winlogbeat","beats_input_codec_plain_applied"],"thread_id":4544,"@timestamp":"2019-04-04T09:51:35.434Z","task":"Logon","event_id":4624,"provider_guid":"{54849625-5478-4994-A5BA-3E3B0328C30D}","@version":"1","beat":{"hostname":"azad3-dc02","name":"azad3-dc02","version":"5.6.3"},"activity_id":"{FBEB435E-B560-46FF-BF60-F4F7C447D31B}","host":"azad3-dc02","fields":{"logtype":"dc_event"},"source_name":"Microsoft-Windows-Security-Auditing"}
{"process_id":604,"computer_name":"azad3-dc02.ad3.com","keywords":["Audit Success"],"log_name":"Security","level":"Information","record_number":"407656867","event_data":{"Status":"0x0","PreAuthType":"2","TicketEncryptionType":"0x12","ServiceName":"krbtgt","TicketOptions":"0x40810010","TargetSid":"S-1-5-21-2516547722-2112485390-2429236411-1104","ServiceSid":"S-1-5-21-2516547722-2112485390-2429236411-502","IpAddress":"::ffff:10.183.200.141","IpPort":"56298","TargetUserName":"admin","TargetDomainName":"ad3"},"message":"A Kerberos authentication ticket (TGT) was requested.\n\nAccount Information:\n\tAccount Name:\t\tadmin\n\tSupplied Realm Name:\tad3\n\tUser ID:\t\t\tS-1-5-21-2516547722-2112485390-2429236411-1104\n\nService Information:\n\tService Name:\t\tkrbtgt\n\tService ID:\t\tS-1-5-21-2516547722-2112485390-2429236411-502\n\nNetwork Information:\n\tClient Address:\t\t::ffff:10.183.200.141\n\tClient Port:\t\t56298\n\nAdditional Information:\n\tTicket Options:\t\t0x40810010\n\tResult Code:\t\t0x0\n\tTicket Encryption Type:\t0x12\n\tPre-Authentication Type:\t2\n\nCertificate Information:\n\tCertificate Issuer Name:\t\t\n\tCertificate Serial Number:\t\n\tCertificate Thumbprint:\t\t\n\nCertificate information is only provided if a certificate was used for pre-authentication.\n\nPre-authentication types, ticket options, encryption types and result codes are defined in RFC 4120.","opcode":"Info","type":"wineventlog","tags":["winlogbeat","beats_input_codec_plain_applied"],"thread_id":10288,"@timestamp":"2019-04-04T12:09:17.255Z","event_id":4768,"task":"Kerberos Authentication Service","provider_guid":"{54849625-5478-4994-A5BA-3E3B0328C30D}","@version":"1","beat":{"hostname":"azad3-dc02","name":"azad3-dc02","version":"5.6.3"},"host":"azad3-dc02","fields":{"logtype":"dc_event"},"source_name":"Microsoft-Windows-Security-Auditing"}
{"computer_name":"azad3-dc02.ad3.com","process_id":604,"keywords":["Audit Success"],"level":"Information","log_name":"Security","record_number":"407657036","event_data":{"ProcessName":"-","LogonGuid":"{4ED7D5D1-1ED8-BD77-3777-6C56D7A26CFC}","TargetOutboundDomainName":"-","VirtualAccount":"%%1843","IpPort":"63668","TransmittedServices":"-","LmPackageName":"-","RestrictedAdminMode":"-","ElevatedToken":"%%1842","WorkstationName":"-","SubjectDomainName":"-","LogonProcessName":"Kerberos","TargetDomainName":"AD3.COM","LogonType":"3","SubjectLogonId":"0x0","KeyLength":"0","TargetOutboundUserName":"-","TargetLogonId":"0x99b629177","TargetLinkedLogonId":"0x0","SubjectUserName":"-","IpAddress":"10.183.200.93","ImpersonationLevel":"%%1840","ProcessId":"0x0","TargetUserName":"AZAD3-WFE23$","SubjectUserSid":"S-1-0-0","TargetUserSid":"S-1-5-21-2516547722-2112485390-2429236411-2604","AuthenticationPackageName":"Kerberos"},"message":"An account was successfully logged on.\n\nSubject:\n\tSecurity ID:\t\tS-1-0-0\n\tAccount Name:\t\t-\n\tAccount Domain:\t\t-\n\tLogon ID:\t\t0x0\n\nLogon Information:\n\tLogon Type:\t\t3\n\tRestricted Admin Mode:\t-\n\tVirtual Account:\t\tNo\n\tElevated Token:\t\tYes\n\nImpersonation Level:\t\tDelegation\n\nNew Logon:\n\tSecurity ID:\t\tS-1-5-21-2516547722-2112485390-2429236411-2604\n\tAccount Name:\t\tAZAD3-WFE23$\n\tAccount Domain:\t\tAD3.COM\n\tLogon ID:\t\t0x99B629177\n\tLinked Logon ID:\t\t0x0\n\tNetwork Account Name:\t-\n\tNetwork Account Domain:\t-\n\tLogon GUID:\t\t{4ED7D5D1-1ED8-BD77-3777-6C56D7A26CFC}\n\nProcess Information:\n\tProcess ID:\t\t0x0\n\tProcess Name:\t\t-\n\nNetwork Information:\n\tWorkstation Name:\t-\n\tSource Network Address:\t10.183.200.93\n\tSource Port:\t\t63668\n\nDetailed Authentication Information:\n\tLogon Process:\t\tKerberos\n\tAuthentication Package:\tKerberos\n\tTransited Services:\t-\n\tPackage Name (NTLM only):\t-\n\tKey Length:\t\t0\n\nThis event is generated when a logon session is created. It is generated on the computer that was accessed.\n\nThe subject fields indicate the account on the local system which requested the logon. This is most commonly a service such as the Server service, or a local process such as Winlogon.exe or Services.exe.\n\nThe logon type field indicates the kind of logon that occurred. The most common types are 2 (interactive) and 3 (network).\n\nThe New Logon fields indicate the account for whom the new logon was created, i.e. the account that was logged on.\n\nThe network fields indicate where a remote logon request originated. Workstation name is not always available and may be left blank in some cases.\n\nThe impersonation level field indicates the extent to which a process in the logon session can impersonate.\n\nThe authentication information fields provide detailed information about this specific logon request.\n\t- Logon GUID is a unique identifier that can be used to correlate this event with a KDC event.\n\t- Transited services indicate which intermediate services have participated in this logon request.\n\t- Package name indicates which sub-protocol was used among the NTLM protocols.\n\t- Key length indicates the length of the generated session key. This will be 0 if no session key was requested.","opcode":"Info","type":"wineventlog","version":2,"tags":["winlogbeat","beats_input_codec_plain_applied"],"thread_id":12728,"@timestamp":"2019-04-04T12:09:45.235Z","task":"Logon","event_id":4624,"provider_guid":"{54849625-5478-4994-A5BA-3E3B0328C30D}","@version":"1","activity_id":"{3260D589-B1A7-4FC1-8412-13E788CFFEA2}","beat":{"hostname":"azad3-dc02","name":"azad3-dc02","version":"5.6.3"},"host":"azad3-dc02","fields":{"logtype":"dc_event"},"source_name":"Microsoft-Windows-Security-Auditing"}
{"computer_name":"azad3-dc02.ad3.com","process_id":604,"keywords":["Audit Success"],"log_name":"Security","level":"Information","record_number":"407654268","event_data":{"Status":"0x0","TicketEncryptionType":"0x12","LogonGuid":"{D829FF52-B397-2163-3FC3-B9536B19A8FE}","ServiceName":"AZAD3-APP01$","TicketOptions":"0x40810008","ServiceSid":"S-1-5-21-2516547722-2112485390-2429236411-1601","IpPort":"50985","IpAddress":"::ffff:10.183.200.136","TransmittedServices":"-","TargetUserName":"spadmin@AD3.COM","TargetDomainName":"AD3.COM"},"message":"A Kerberos service ticket was requested.\n\nAccount Information:\n\tAccount Name:\t\tspadmin@AD3.COM\n\tAccount Domain:\t\tAD3.COM\n\tLogon GUID:\t\t{D829FF52-B397-2163-3FC3-B9536B19A8FE}\n\nService Information:\n\tService Name:\t\tAZAD3-APP01$\n\tService ID:\t\tS-1-5-21-2516547722-2112485390-2429236411-1601\n\nNetwork Information:\n\tClient Address:\t\t::ffff:10.183.200.136\n\tClient Port:\t\t50985\n\nAdditional Information:\n\tTicket Options:\t\t0x40810008\n\tTicket Encryption Type:\t0x12\n\tFailure Code:\t\t0x0\n\tTransited Services:\t-\n\nThis event is generated every time access is requested to a resource such as a computer or a Windows service.  The service name indicates the resource to which access was requested.\n\nThis event can be correlated with Windows logon events by comparing the Logon GUID fields in each event.  The logon event occurs on the machine that was accessed, which is often a different machine than the domain controller which issued the service ticket.\n\nTicket options, encryption types, and failure codes are defined in RFC 4120.","type":"wineventlog","opcode":"Info","tags":["winlogbeat","beats_input_codec_plain_applied"],"thread_id":10288,"@timestamp":"2019-04-04T12:00:32.092Z","event_id":4769,"task":"Kerberos Service Ticket Operations","provider_guid":"{54849625-5478-4994-A5BA-3E3B0328C30D}","@version":"1","beat":{"hostname":"azad3-dc02","name":"azad3-dc02","version":"5.6.3"},"host":"azad3-dc02","fields":{"logtype":"dc_event"},"source_name":"Microsoft-Windows-Security-Auditing"}
{"computer_name":"azad3-dc01.ad3.com","process_id":628,"keywords":["Audit Failure"],"level":"Information","log_name":"Security","record_number":"532883064","event_data":{"Status":"0xc000006a","Workstation":"MSTSC","PackageName":"MICROSOFT_AUTHENTICATION_PACKAGE_V1_0","TargetUserName":"htmlservice"},"message":"The computer attempted to validate the credentials for an account.\n\nAuthentication Package:\tMICROSOFT_AUTHENTICATION_PACKAGE_V1_0\nLogon Account:\thtmlservice\nSource Workstation:\tMSTSC\nError Code:\t0xC000006A","type":"wineventlog","opcode":"Info","tags":["winlogbeat","beats_input_codec_plain_applied"],"thread_id":69972,"@timestamp":"2019-04-04T12:22:30.855Z","event_id":4776,"task":"Credential Validation","provider_guid":"{54849625-5478-4994-A5BA-3E3B0328C30D}","@version":"1","beat":{"hostname":"azad3-dc01","name":"azad3-dc01","version":"5.6.3"},"host":"azad3-dc01","fields":{"logtype":"dc_event"},"source_name":"Microsoft-Windows-Security-Auditing"}
{"process_id":628,"computer_name":"azad3-dc01.ad3.com","keywords":["Audit Success"],"log_name":"Security","level":"Information","record_number":"532874419","event_data":{"PreAuthType":"2","Status":"0x0","TicketEncryptionType":"0x12","ServiceName":"krbtgt","TicketOptions":"0x40810010","TargetSid":"S-1-5-21-2516547722-2112485390-2429236411-1123","ServiceSid":"S-1-5-21-2516547722-2112485390-2429236411-502","IpPort":"54517","IpAddress":"::ffff:10.183.201.14","TargetUserName":"htmlservice","TargetDomainName":"AD3"},"message":"A Kerberos authentication ticket (TGT) was requested.\n\nAccount Information:\n\tAccount Name:\t\thtmlservice\n\tSupplied Realm Name:\tAD3\n\tUser ID:\t\t\tS-1-5-21-2516547722-2112485390-2429236411-1123\n\nService Information:\n\tService Name:\t\tkrbtgt\n\tService ID:\t\tS-1-5-21-2516547722-2112485390-2429236411-502\n\nNetwork Information:\n\tClient Address:\t\t::ffff:10.183.201.14\n\tClient Port:\t\t54517\n\nAdditional Information:\n\tTicket Options:\t\t0x40810010\n\tResult Code:\t\t0x0\n\tTicket Encryption Type:\t0x12\n\tPre-Authentication Type:\t2\n\nCertificate Information:\n\tCertificate Issuer Name:\t\t\n\tCertificate Serial Number:\t\n\tCertificate Thumbprint:\t\t\n\nCertificate information is only provided if a certificate was used for pre-authentication.\n\nPre-authentication types, ticket options, encryption types and result codes are defined in RFC 4120.","type":"wineventlog","opcode":"Info","tags":["winlogbeat","beats_input_codec_plain_applied"],"thread_id":60760,"@timestamp":"2019-04-04T12:09:04.969Z","task":"Kerberos Authentication Service","event_id":4768,"provider_guid":"{54849625-5478-4994-A5BA-3E3B0328C30D}","@version":"1","beat":{"hostname":"azad3-dc01","name":"azad3-dc01","version":"5.6.3"},"host":"azad3-dc01","fields":{"logtype":"dc_event"},"source_name":"Microsoft-Windows-Security-Auditing"}
{"computer_name":"azad3-dc02.ad3.com","process_id":604,"keywords":["Audit Success"],"level":"Information","log_name":"Security","record_number":"407658804","event_data":{"Workstation":"azad3-wfe13","Status":"0x0","PackageName":"MICROSOFT_AUTHENTICATION_PACKAGE_V1_0","TargetUserName":"spadmin"},"message":"The computer attempted to validate the credentials for an account.\n\nAuthentication Package:\tMICROSOFT_AUTHENTICATION_PACKAGE_V1_0\nLogon Account:\tspadmin\nSource Workstation:\tazad3-wfe13\nError Code:\t0x0","type":"wineventlog","opcode":"Info","tags":["winlogbeat","beats_input_codec_plain_applied"],"thread_id":4544,"@timestamp":"2019-04-04T12:15:01.928Z","task":"Credential Validation","event_id":4776,"provider_guid":"{54849625-5478-4994-A5BA-3E3B0328C30D}","@version":"1","beat":{"hostname":"azad3-dc02","name":"azad3-dc02","version":"5.6.3"},"host":"azad3-dc02","fields":{"logtype":"dc_event"},"source_name":"Microsoft-Windows-Security-Auditing"}
{"process_id":628,"computer_name":"azad3-dc01.ad3.com","keywords":["Audit Success"],"log_name":"Security","level":"Information","record_number":"532881973","event_data":{"TargetLogonId":"0x109c5b6228","LogonType":"3","TargetUserName":"AZAD3-SQL01$","TargetDomainName":"AD3","TargetUserSid":"S-1-5-21-2516547722-2112485390-2429236411-1110"},"message":"An account was logged off.\n\nSubject:\n\tSecurity ID:\t\tS-1-5-21-2516547722-2112485390-2429236411-1110\n\tAccount Name:\t\tAZAD3-SQL01$\n\tAccount Domain:\t\tAD3\n\tLogon ID:\t\t0x109C5B6228\n\nLogon Type:\t\t\t3\n\nThis event is generated when a logon session is destroyed. It may be positively correlated with a logon event using the Logon ID value. Logon IDs are only unique between reboots on the same computer.","type":"wineventlog","opcode":"Info","tags":["winlogbeat","beats_input_codec_plain_applied"],"thread_id":69972,"@timestamp":"2019-04-04T12:20:31.904Z","event_id":4634,"task":"Logoff","provider_guid":"{54849625-5478-4994-A5BA-3E3B0328C30D}","@version":"1","beat":{"hostname":"azad3-dc01","name":"azad3-dc01","version":"5.6.3"},"host":"azad3-dc01","fields":{"logtype":"dc_event"},"source_name":"Microsoft-Windows-Security-Auditing"}
{"computer_name":"azad3-dc01.ad3.com","process_id":628,"keywords":["Audit Failure"],"log_name":"Security","level":"Information","record_number":"532875782","event_data":{"Workstation":"MSTSC","Status":"0xc0000064","PackageName":"MICROSOFT_AUTHENTICATION_PACKAGE_V1_0","TargetUserName":"pt"},"message":"The computer attempted to validate the credentials for an account.\n\nAuthentication Package:\tMICROSOFT_AUTHENTICATION_PACKAGE_V1_0\nLogon Account:\tpt\nSource Workstation:\tMSTSC\nError Code:\t0xC0000064","type":"wineventlog","opcode":"Info","tags":["winlogbeat","beats_input_codec_plain_applied"],"thread_id":75744,"@timestamp":"2019-04-04T12:11:14.177Z","task":"Credential Validation","event_id":4776,"provider_guid":"{54849625-5478-4994-A5BA-3E3B0328C30D}","@version":"1","beat":{"hostname":"azad3-dc01","name":"azad3-dc01","version":"5.6.3"},"host":"azad3-dc01","fields":{"logtype":"dc_event"},"source_name":"Microsoft-Windows-Security-Auditing"}
{"process_id":604,"computer_name":"azad3-dc02.ad3.com","keywords":["Audit Success"],"log_name":"Security","level":"Information","record_number":"407652243","event_data":{"Workstation":"azad3-wfe11","Status":"0x0","PackageName":"MICROSOFT_AUTHENTICATION_PACKAGE_V1_0","TargetUserName":"spadmin"},"message":"The computer attempted to validate the credentials for an account.\n\nAuthentication Package:\tMICROSOFT_AUTHENTICATION_PACKAGE_V1_0\nLogon Account:\tspadmin\nSource Workstation:\tazad3-wfe11\nError Code:\t0x0","type":"wineventlog","opcode":"Info","tags":["winlogbeat","beats_input_codec_plain_applied"],"thread_id":10684,"@timestamp":"2019-04-04T11:55:01.736Z","task":"Credential Validation","event_id":4776,"provider_guid":"{54849625-5478-4994-A5BA-3E3B0328C30D}","@version":"1","beat":{"hostname":"azad3-dc02","name":"azad3-dc02","version":"5.6.3"},"host":"azad3-dc02","fields":{"logtype":"dc_event"},"source_name":"Microsoft-Windows-Security-Auditing"}
{"computer_name":"azad3-dc01.ad3.com","process_id":628,"keywords":["Audit Success"],"level":"Information","log_name":"Security","record_number":"532786512","event_data":{"Workstation":"azad3-cach02","Status":"0x0","PackageName":"MICROSOFT_AUTHENTICATION_PACKAGE_V1_0","TargetUserName":"spadmin"},"message":"The computer attempted to validate the credentials for an account.\n\nAuthentication Package:\tMICROSOFT_AUTHENTICATION_PACKAGE_V1_0\nLogon Account:\tspadmin\nSource Workstation:\tazad3-cach02\nError Code:\t0x0","opcode":"Info","type":"wineventlog","tags":["winlogbeat","beats_input_codec_plain_applied"],"thread_id":39316,"@timestamp":"2019-04-04T09:20:04.026Z","event_id":4776,"task":"Credential Validation","provider_guid":"{54849625-5478-4994-A5BA-3E3B0328C30D}","@version":"1","beat":{"hostname":"azad3-dc01","name":"azad3-dc01","version":"5.6.3"},"host":"azad3-dc01","fields":{"logtype":"dc_event"},"source_name":"Microsoft-Windows-Security-Auditing"}
{"computer_name":"azad3-dc02.ad3.com","process_id":604,"keywords":["Audit Success"],"log_name":"Security","level":"Information","record_number":"407658699","event_data":{"Status":"0x0","Workstation":"azad3-wfe13","PackageName":"MICROSOFT_AUTHENTICATION_PACKAGE_V1_0","TargetUserName":"spadmin"},"message":"The computer attempted to validate the credentials for an account.\n\nAuthentication Package:\tMICROSOFT_AUTHENTICATION_PACKAGE_V1_0\nLogon Account:\tspadmin\nSource Workstation:\tazad3-wfe13\nError Code:\t0x0","opcode":"Info","type":"wineventlog","tags":["winlogbeat","beats_input_codec_plain_applied"],"thread_id":4544,"@timestamp":"2019-04-04T12:15:00.889Z","task":"Credential Validation","event_id":4776,"provider_guid":"{54849625-5478-4994-A5BA-3E3B0328C30D}","@version":"1","beat":{"hostname":"azad3-dc02","name":"azad3-dc02","version":"5.6.3"},"host":"azad3-dc02","fields":{"logtype":"dc_event"},"source_name":"Microsoft-Windows-Security-Auditing"}
{"process_id":628,"computer_name":"azad3-dc01.ad3.com","keywords":["Audit Success"],"level":"Information","log_name":"Security","record_number":"532861266","event_data":{"Status":"0x0","Workstation":"azad3-app01","PackageName":"MICROSOFT_AUTHENTICATION_PACKAGE_V1_0","TargetUserName":"spadmin"},"message":"The computer attempted to validate the credentials for an account.\n\nAuthentication Package:\tMICROSOFT_AUTHENTICATION_PACKAGE_V1_0\nLogon Account:\tspadmin\nSource Workstation:\tazad3-app01\nError Code:\t0x0","type":"wineventlog","opcode":"Info","tags":["winlogbeat","beats_input_codec_plain_applied"],"thread_id":75744,"@timestamp":"2019-04-04T11:47:26.467Z","event_id":4776,"task":"Credential Validation","provider_guid":"{54849625-5478-4994-A5BA-3E3B0328C30D}","@version":"1","beat":{"hostname":"azad3-dc01","name":"azad3-dc01","version":"5.6.3"},"host":"azad3-dc01","fields":{"logtype":"dc_event"},"source_name":"Microsoft-Windows-Security-Auditing"}
{"process_id":628,"computer_name":"azad3-dc01.ad3.com","keywords":["Audit Success"],"log_name":"Security","level":"Information","record_number":"532800979","event_data":{"Status":"0x0","TicketEncryptionType":"0x12","LogonGuid":"{14343A0A-AB59-F2B1-14F0-FF648F9AC611}","ServiceName":"AZAD3-WFE32$","TicketOptions":"0x40810000","ServiceSid":"S-1-5-21-2516547722-2112485390-2429236411-2606","IpPort":"65313","IpAddress":"::ffff:10.183.200.97","TransmittedServices":"-","TargetUserName":"admin@AD3.COM","TargetDomainName":"AD3.COM"},"message":"A Kerberos service ticket was requested.\n\nAccount Information:\n\tAccount Name:\t\tadmin@AD3.COM\n\tAccount Domain:\t\tAD3.COM\n\tLogon GUID:\t\t{14343A0A-AB59-F2B1-14F0-FF648F9AC611}\n\nService Information:\n\tService Name:\t\tAZAD3-WFE32$\n\tService ID:\t\tS-1-5-21-2516547722-2112485390-2429236411-2606\n\nNetwork Information:\n\tClient Address:\t\t::ffff:10.183.200.97\n\tClient Port:\t\t65313\n\nAdditional Information:\n\tTicket Options:\t\t0x40810000\n\tTicket Encryption Type:\t0x12\n\tFailure Code:\t\t0x0\n\tTransited Services:\t-\n\nThis event is generated every time access is requested to a resource such as a computer or a Windows service.  The service name indicates the resource to which access was requested.\n\nThis event can be correlated with Windows logon events by comparing the Logon GUID fields in each event.  The logon event occurs on the machine that was accessed, which is often a different machine than the domain controller which issued the service ticket.\n\nTicket options, encryption types, and failure codes are defined in RFC 4120.","type":"wineventlog","opcode":"Info","tags":["winlogbeat","beats_input_codec_plain_applied"],"thread_id":74748,"@timestamp":"2019-04-04T09:51:53.819Z","event_id":4769,"task":"Kerberos Service Ticket Operations","provider_guid":"{54849625-5478-4994-A5BA-3E3B0328C30D}","@version":"1","beat":{"hostname":"azad3-dc01","name":"azad3-dc01","version":"5.6.3"},"host":"azad3-dc01","fields":{"logtype":"dc_event"},"source_name":"Microsoft-Windows-Security-Auditing"}
{"process_id":628,"computer_name":"azad3-dc01.ad3.com","keywords":["Audit Success"],"log_name":"Security","level":"Information","record_number":"532869405","event_data":{"ProcessName":"-","LogonGuid":"{5A7BD1CE-D08E-8995-BB29-73E83CCE1F48}","TargetOutboundDomainName":"-","VirtualAccount":"%%1843","IpPort":"50926","TransmittedServices":"-","LmPackageName":"-","RestrictedAdminMode":"-","ElevatedToken":"%%1842","WorkstationName":"-","SubjectDomainName":"-","LogonProcessName":"Kerberos","TargetDomainName":"AD3.COM","LogonType":"3","SubjectLogonId":"0x0","TargetOutboundUserName":"-","KeyLength":"0","TargetLogonId":"0x109c381c5c","SubjectUserName":"-","TargetLinkedLogonId":"0x0","IpAddress":"10.183.200.136","ImpersonationLevel":"%%1833","TargetUserName":"spadmin","ProcessId":"0x0","SubjectUserSid":"S-1-0-0","AuthenticationPackageName":"Kerberos","TargetUserSid":"S-1-5-21-2516547722-2112485390-2429236411-1106"},"message":"An account was successfully logged on.\n\nSubject:\n\tSecurity ID:\t\tS-1-0-0\n\tAccount Name:\t\t-\n\tAccount Domain:\t\t-\n\tLogon ID:\t\t0x0\n\nLogon Information:\n\tLogon Type:\t\t3\n\tRestricted Admin Mode:\t-\n\tVirtual Account:\t\tNo\n\tElevated Token:\t\tYes\n\nImpersonation Level:\t\tImpersonation\n\nNew Logon:\n\tSecurity ID:\t\tS-1-5-21-2516547722-2112485390-2429236411-1106\n\tAccount Name:\t\tspadmin\n\tAccount Domain:\t\tAD3.COM\n\tLogon ID:\t\t0x109C381C5C\n\tLinked Logon ID:\t\t0x0\n\tNetwork Account Name:\t-\n\tNetwork Account Domain:\t-\n\tLogon GUID:\t\t{5A7BD1CE-D08E-8995-BB29-73E83CCE1F48}\n\nProcess Information:\n\tProcess ID:\t\t0x0\n\tProcess Name:\t\t-\n\nNetwork Information:\n\tWorkstation Name:\t-\n\tSource Network Address:\t10.183.200.136\n\tSource Port:\t\t50926\n\nDetailed Authentication Information:\n\tLogon Process:\t\tKerberos\n\tAuthentication Package:\tKerberos\n\tTransited Services:\t-\n\tPackage Name (NTLM only):\t-\n\tKey Length:\t\t0\n\nThis event is generated when a logon session is created. It is generated on the computer that was accessed.\n\nThe subject fields indicate the account on the local system which requested the logon. This is most commonly a service such as the Server service, or a local process such as Winlogon.exe or Services.exe.\n\nThe logon type field indicates the kind of logon that occurred. The most common types are 2 (interactive) and 3 (network).\n\nThe New Logon fields indicate the account for whom the new logon was created, i.e. the account that was logged on.\n\nThe network fields indicate where a remote logon request originated. Workstation name is not always available and may be left blank in some cases.\n\nThe impersonation level field indicates the extent to which a process in the logon session can impersonate.\n\nThe authentication information fields provide detailed information about this specific logon request.\n\t- Logon GUID is a unique identifier that can be used to correlate this event with a KDC event.\n\t- Transited services indicate which intermediate services have participated in this logon request.\n\t- Package name indicates which sub-protocol was used among the NTLM protocols.\n\t- Key length indicates the length of the generated session key. This will be 0 if no session key was requested.","opcode":"Info","type":"wineventlog","version":2,"tags":["winlogbeat","beats_input_codec_plain_applied"],"thread_id":74700,"@timestamp":"2019-04-04T12:00:20.379Z","event_id":4624,"task":"Logon","provider_guid":"{54849625-5478-4994-A5BA-3E3B0328C30D}","@version":"1","beat":{"hostname":"azad3-dc01","name":"azad3-dc01","version":"5.6.3"},"host":"azad3-dc01","fields":{"logtype":"dc_event"},"source_name":"Microsoft-Windows-Security-Auditing"}
{"process_id":628,"computer_name":"azad3-dc01.ad3.com","keywords":["Audit Success"],"log_name":"Security","level":"Information","record_number":"532858855","event_data":{"Workstation":"AZAD3-MON01","Status":"0x0","PackageName":"MICROSOFT_AUTHENTICATION_PACKAGE_V1_0","TargetUserName":"AZAD3-MON01$"},"message":"The computer attempted to validate the credentials for an account.\n\nAuthentication Package:\tMICROSOFT_AUTHENTICATION_PACKAGE_V1_0\nLogon Account:\tAZAD3-MON01$\nSource Workstation:\tAZAD3-MON01\nError Code:\t0x0","opcode":"Info","type":"wineventlog","tags":["winlogbeat","beats_input_codec_plain_applied"],"thread_id":69972,"@timestamp":"2019-04-04T11:43:36.299Z","event_id":4776,"task":"Credential Validation","provider_guid":"{54849625-5478-4994-A5BA-3E3B0328C30D}","@version":"1","beat":{"hostname":"azad3-dc01","name":"azad3-dc01","version":"5.6.3"},"host":"azad3-dc01","fields":{"logtype":"dc_event"},"source_name":"Microsoft-Windows-Security-Auditing"}
{"process_id":628,"computer_name":"azad3-dc01.ad3.com","keywords":["Audit Failure"],"level":"Information","log_name":"Security","record_number":"532874615","event_data":{"Status":"0xc0000064","PackageName":"MICROSOFT_AUTHENTICATION_PACKAGE_V1_0","TargetUserName":"ADMINISTRAREUR"},"message":"The computer attempted to validate the credentials for an account.\n\nAuthentication Package:\tMICROSOFT_AUTHENTICATION_PACKAGE_V1_0\nLogon Account:\tADMINISTRAREUR\nSource Workstation:\t\nError Code:\t0xC0000064","opcode":"Info","type":"wineventlog","tags":["winlogbeat","beats_input_codec_plain_applied"],"thread_id":65036,"@timestamp":"2019-04-04T12:09:28.959Z","task":"Credential Validation","event_id":4776,"provider_guid":"{54849625-5478-4994-A5BA-3E3B0328C30D}","@version":"1","beat":{"hostname":"azad3-dc01","name":"azad3-dc01","version":"5.6.3"},"host":"azad3-dc01","fields":{"logtype":"dc_event"},"source_name":"Microsoft-Windows-Security-Auditing"}
{"process_id":628,"computer_name":"azad3-dc01.ad3.com","keywords":["Audit Success"],"log_name":"Security","level":"Information","record_number":"532874359","event_data":{"Status":"0x0","PreAuthType":"2","TicketEncryptionType":"0x12","ServiceName":"krbtgt","TicketOptions":"0x40810010","TargetSid":"S-1-5-21-2516547722-2112485390-2429236411-1104","IpPort":"62330","IpAddress":"::ffff:10.183.200.81","ServiceSid":"S-1-5-21-2516547722-2112485390-2429236411-502","TargetUserName":"admin","TargetDomainName":"AD3"},"message":"A Kerberos authentication ticket (TGT) was requested.\n\nAccount Information:\n\tAccount Name:\t\tadmin\n\tSupplied Realm Name:\tAD3\n\tUser ID:\t\t\tS-1-5-21-2516547722-2112485390-2429236411-1104\n\nService Information:\n\tService Name:\t\tkrbtgt\n\tService ID:\t\tS-1-5-21-2516547722-2112485390-2429236411-502\n\nNetwork Information:\n\tClient Address:\t\t::ffff:10.183.200.81\n\tClient Port:\t\t62330\n\nAdditional Information:\n\tTicket Options:\t\t0x40810010\n\tResult Code:\t\t0x0\n\tTicket Encryption Type:\t0x12\n\tPre-Authentication Type:\t2\n\nCertificate Information:\n\tCertificate Issuer Name:\t\t\n\tCertificate Serial Number:\t\n\tCertificate Thumbprint:\t\t\n\nCertificate information is only provided if a certificate was used for pre-authentication.\n\nPre-authentication types, ticket options, encryption types and result codes are defined in RFC 4120.","type":"wineventlog","opcode":"Info","tags":["winlogbeat","beats_input_codec_plain_applied"],"thread_id":74748,"@timestamp":"2019-04-04T12:09:01.821Z","task":"Kerberos Authentication Service","event_id":4768,"provider_guid":"{54849625-5478-4994-A5BA-3E3B0328C30D}","@version":"1","beat":{"hostname":"azad3-dc01","name":"azad3-dc01","version":"5.6.3"},"host":"azad3-dc01","fields":{"logtype":"dc_event"},"source_name":"Microsoft-Windows-Security-Auditing"}
{"computer_name":"azad3-dc01.ad3.com","process_id":628,"keywords":["Audit Success"],"log_name":"Security","level":"Information","record_number":"532877331","event_data":{"Status":"0x0","TicketEncryptionType":"0x12","LogonGuid":"{721E01D4-8332-68CC-1129-7CAE679E5BF4}","ServiceName":"AZAD3-WFE11$","TicketOptions":"0x40810000","ServiceSid":"S-1-5-21-2516547722-2112485390-2429236411-2101","IpAddress":"::ffff:10.183.200.81","IpPort":"64674","TransmittedServices":"-","TargetUserName":"admin@AD3.COM","TargetDomainName":"AD3.COM"},"message":"A Kerberos service ticket was requested.\n\nAccount Information:\n\tAccount Name:\t\tadmin@AD3.COM\n\tAccount Domain:\t\tAD3.COM\n\tLogon GUID:\t\t{721E01D4-8332-68CC-1129-7CAE679E5BF4}\n\nService Information:\n\tService Name:\t\tAZAD3-WFE11$\n\tService ID:\t\tS-1-5-21-2516547722-2112485390-2429236411-2101\n\nNetwork Information:\n\tClient Address:\t\t::ffff:10.183.200.81\n\tClient Port:\t\t64674\n\nAdditional Information:\n\tTicket Options:\t\t0x40810000\n\tTicket Encryption Type:\t0x12\n\tFailure Code:\t\t0x0\n\tTransited Services:\t-\n\nThis event is generated every time access is requested to a resource such as a computer or a Windows service.  The service name indicates the resource to which access was requested.\n\nThis event can be correlated with Windows logon events by comparing the Logon GUID fields in each event.  The logon event occurs on the machine that was accessed, which is often a different machine than the domain controller which issued the service ticket.\n\nTicket options, encryption types, and failure codes are defined in RFC 4120.","type":"wineventlog","opcode":"Info","tags":["winlogbeat","beats_input_codec_plain_applied"],"thread_id":74700,"@timestamp":"2019-04-04T12:14:00.779Z","event_id":4769,"task":"Kerberos Service Ticket Operations","provider_guid":"{54849625-5478-4994-A5BA-3E3B0328C30D}","@version":"1","beat":{"hostname":"azad3-dc01","name":"azad3-dc01","version":"5.6.3"},"host":"azad3-dc01","fields":{"logtype":"dc_event"},"source_name":"Microsoft-Windows-Security-Auditing"}
{"computer_name":"azad3-dc02.ad3.com","process_id":604,"keywords":["Audit Success"],"level":"Information","log_name":"Security","record_number":"407658609","event_data":{"TargetLogonId":"0x99b680d64","LogonType":"3","TargetUserName":"admin","TargetDomainName":"AD3","TargetUserSid":"S-1-5-21-2516547722-2112485390-2429236411-1104"},"message":"An account was logged off.\n\nSubject:\n\tSecurity ID:\t\tS-1-5-21-2516547722-2112485390-2429236411-1104\n\tAccount Name:\t\tadmin\n\tAccount Domain:\t\tAD3\n\tLogon ID:\t\t0x99B680D64\n\nLogon Type:\t\t\t3\n\nThis event is generated when a logon session is destroyed. It may be positively correlated with a logon event using the Logon ID value. Logon IDs are only unique between reboots on the same computer.","opcode":"Info","type":"wineventlog","tags":["winlogbeat","beats_input_codec_plain_applied"],"thread_id":4544,"@timestamp":"2019-04-04T12:14:41.380Z","task":"Logoff","event_id":4634,"provider_guid":"{54849625-5478-4994-A5BA-3E3B0328C30D}","@version":"1","beat":{"hostname":"azad3-dc02","name":"azad3-dc02","version":"5.6.3"},"host":"azad3-dc02","fields":{"logtype":"dc_event"},"source_name":"Microsoft-Windows-Security-Auditing"}
{"process_id":604,"computer_name":"azad3-dc02.ad3.com","keywords":["Audit Success"],"log_name":"Security","level":"Information","record_number":"407596029","event_data":{"Workstation":"azad3-cach02","Status":"0x0","PackageName":"MICROSOFT_AUTHENTICATION_PACKAGE_V1_0","TargetUserName":"spadmin"},"message":"The computer attempted to validate the credentials for an account.\n\nAuthentication Package:\tMICROSOFT_AUTHENTICATION_PACKAGE_V1_0\nLogon Account:\tspadmin\nSource Workstation:\tazad3-cach02\nError Code:\t0x0","opcode":"Info","type":"wineventlog","tags":["winlogbeat","beats_input_codec_plain_applied"],"thread_id":4544,"@timestamp":"2019-04-04T09:30:03.185Z","event_id":4776,"task":"Credential Validation","provider_guid":"{54849625-5478-4994-A5BA-3E3B0328C30D}","@version":"1","beat":{"hostname":"azad3-dc02","name":"azad3-dc02","version":"5.6.3"},"host":"azad3-dc02","fields":{"logtype":"dc_event"},"source_name":"Microsoft-Windows-Security-Auditing"}
{"process_id":604,"computer_name":"azad3-dc02.ad3.com","keywords":["Audit Success"],"log_name":"Security","level":"Information","record_number":"407602870","event_data":{"ProcessName":"-","LogonGuid":"{8F1E82C6-6BA5-7F4B-849A-B40F64EB2B12}","TargetOutboundDomainName":"-","VirtualAccount":"%%1843","IpPort":"50405","TransmittedServices":"-","LmPackageName":"-","RestrictedAdminMode":"-","ElevatedToken":"%%1842","WorkstationName":"-","SubjectDomainName":"-","LogonProcessName":"Kerberos","TargetDomainName":"AD3.COM","LogonType":"3","SubjectLogonId":"0x0","KeyLength":"0","TargetOutboundUserName":"-","TargetLogonId":"0x99aad7d82","SubjectUserName":"-","TargetLinkedLogonId":"0x0","IpAddress":"10.183.200.136","TargetUserName":"spadmin","ProcessId":"0x0","ImpersonationLevel":"%%1833","SubjectUserSid":"S-1-0-0","TargetUserSid":"S-1-5-21-2516547722-2112485390-2429236411-1106","AuthenticationPackageName":"Kerberos"},"message":"An account was successfully logged on.\n\nSubject:\n\tSecurity ID:\t\tS-1-0-0\n\tAccount Name:\t\t-\n\tAccount Domain:\t\t-\n\tLogon ID:\t\t0x0\n\nLogon Information:\n\tLogon Type:\t\t3\n\tRestricted Admin Mode:\t-\n\tVirtual Account:\t\tNo\n\tElevated Token:\t\tYes\n\nImpersonation Level:\t\tImpersonation\n\nNew Logon:\n\tSecurity ID:\t\tS-1-5-21-2516547722-2112485390-2429236411-1106\n\tAccount Name:\t\tspadmin\n\tAccount Domain:\t\tAD3.COM\n\tLogon ID:\t\t0x99AAD7D82\n\tLinked Logon ID:\t\t0x0\n\tNetwork Account Name:\t-\n\tNetwork Account Domain:\t-\n\tLogon GUID:\t\t{8F1E82C6-6BA5-7F4B-849A-B40F64EB2B12}\n\nProcess Information:\n\tProcess ID:\t\t0x0\n\tProcess Name:\t\t-\n\nNetwork Information:\n\tWorkstation Name:\t-\n\tSource Network Address:\t10.183.200.136\n\tSource Port:\t\t50405\n\nDetailed Authentication Information:\n\tLogon Process:\t\tKerberos\n\tAuthentication Package:\tKerberos\n\tTransited Services:\t-\n\tPackage Name (NTLM only):\t-\n\tKey Length:\t\t0\n\nThis event is generated when a logon session is created. It is generated on the computer that was accessed.\n\nThe subject fields indicate the account on the local system which requested the logon. This is most commonly a service such as the Server service, or a local process such as Winlogon.exe or Services.exe.\n\nThe logon type field indicates the kind of logon that occurred. The most common types are 2 (interactive) and 3 (network).\n\nThe New Logon fields indicate the account for whom the new logon was created, i.e. the account that was logged on.\n\nThe network fields indicate where a remote logon request originated. Workstation name is not always available and may be left blank in some cases.\n\nThe impersonation level field indicates the extent to which a process in the logon session can impersonate.\n\nThe authentication information fields provide detailed information about this specific logon request.\n\t- Logon GUID is a unique identifier that can be used to correlate this event with a KDC event.\n\t- Transited services indicate which intermediate services have participated in this logon request.\n\t- Package name indicates which sub-protocol was used among the NTLM protocols.\n\t- Key length indicates the length of the generated session key. This will be 0 if no session key was requested.","type":"wineventlog","opcode":"Info","version":2,"tags":["winlogbeat","beats_input_codec_plain_applied"],"thread_id":7408,"@timestamp":"2019-04-04T09:46:43.315Z","event_id":4624,"task":"Logon","provider_guid":"{54849625-5478-4994-A5BA-3E3B0328C30D}","@version":"1","beat":{"hostname":"azad3-dc02","name":"azad3-dc02","version":"5.6.3"},"host":"azad3-dc02","fields":{"logtype":"dc_event"},"source_name":"Microsoft-Windows-Security-Auditing"}
{"process_id":604,"computer_name":"azad3-dc02.ad3.com","keywords":["Audit Success"],"level":"Information","log_name":"Security","record_number":"407652066","event_data":{"SubjectUserName":"deployuser","SubjectDomainName":"AD3","SubjectLogonId":"0x99b4eb4a8","PrivilegeList":"SeSecurityPrivilege\n\t\t\tSeBackupPrivilege\n\t\t\tSeRestorePrivilege\n\t\t\tSeTakeOwnershipPrivilege\n\t\t\tSeDebugPrivilege\n\t\t\tSeSystemEnvironmentPrivilege\n\t\t\tSeLoadDriverPrivilege\n\t\t\tSeImpersonatePrivilege\n\t\t\tSeDelegateSessionUserImpersonatePrivilege\n\t\t\tSeEnableDelegationPrivilege","SubjectUserSid":"S-1-5-21-2516547722-2112485390-2429236411-1134"},"message":"Special privileges assigned to new logon.\n\nSubject:\n\tSecurity ID:\t\tS-1-5-21-2516547722-2112485390-2429236411-1134\n\tAccount Name:\t\tdeployuser\n\tAccount Domain:\t\tAD3\n\tLogon ID:\t\t0x99B4EB4A8\n\nPrivileges:\t\tSeSecurityPrivilege\n\t\t\tSeBackupPrivilege\n\t\t\tSeRestorePrivilege\n\t\t\tSeTakeOwnershipPrivilege\n\t\t\tSeDebugPrivilege\n\t\t\tSeSystemEnvironmentPrivilege\n\t\t\tSeLoadDriverPrivilege\n\t\t\tSeImpersonatePrivilege\n\t\t\tSeDelegateSessionUserImpersonatePrivilege\n\t\t\tSeEnableDelegationPrivilege","type":"wineventlog","opcode":"Info","tags":["winlogbeat","beats_input_codec_plain_applied"],"thread_id":4544,"@timestamp":"2019-04-04T11:54:29.025Z","task":"Special Logon","event_id":4672,"provider_guid":"{54849625-5478-4994-A5BA-3E3B0328C30D}","@version":"1","activity_id":"{E9563F1B-A866-49D8-BF36-CBDC0B75808D}","beat":{"hostname":"azad3-dc02","name":"azad3-dc02","version":"5.6.3"},"host":"azad3-dc02","fields":{"logtype":"dc_event"},"source_name":"Microsoft-Windows-Security-Auditing"}
{"computer_name":"azad3-dc01.ad3.com","process_id":628,"keywords":["Audit Failure"],"log_name":"Security","level":"Information","record_number":"532803698","event_data":{"Status":"0xc0000064","PackageName":"MICROSOFT_AUTHENTICATION_PACKAGE_V1_0","TargetUserName":"LOCALADMIN"},"message":"The computer attempted to validate the credentials for an account.\n\nAuthentication Package:\tMICROSOFT_AUTHENTICATION_PACKAGE_V1_0\nLogon Account:\tLOCALADMIN\nSource Workstation:\t\nError Code:\t0xC0000064","opcode":"Info","type":"wineventlog","tags":["winlogbeat","beats_input_codec_plain_applied"],"thread_id":54828,"@timestamp":"2019-04-04T09:57:06.689Z","task":"Credential Validation","event_id":4776,"provider_guid":"{54849625-5478-4994-A5BA-3E3B0328C30D}","@version":"1","beat":{"hostname":"azad3-dc01","name":"azad3-dc01","version":"5.6.3"},"host":"azad3-dc01","fields":{"logtype":"dc_event"},"source_name":"Microsoft-Windows-Security-Auditing"}
{"computer_name":"azad3-dc01.ad3.com","process_id":628,"keywords":["Audit Success"],"log_name":"Security","level":"Information","record_number":"532858654","event_data":{"TargetLogonId":"0x109c0dfe60","SubjectUserName":"-","LogonType":"3","EventCountTotal":"1","GroupMembership":"\n\t\t%{S-1-5-21-2516547722-2112485390-2429236411-513}\n\t\t%{S-1-1-0}\n\t\t%{S-1-5-32-545}\n\t\t%{S-1-5-32-554}\n\t\t%{S-1-5-32-544}\n\t\t%{S-1-5-2}\n\t\t%{S-1-5-11}\n\t\t%{S-1-5-15}\n\t\t%{S-1-5-21-2516547722-2112485390-2429236411-512}\n\t\t%{S-1-18-1}\n\t\t%{S-1-5-21-2516547722-2112485390-2429236411-572}\n\t\t%{S-1-16-12288}","SubjectDomainName":"-","SubjectLogonId":"0x0","TargetUserName":"deployuser","TargetDomainName":"AD3.COM","SubjectUserSid":"S-1-0-0","EventIdx":"1","TargetUserSid":"S-1-5-21-2516547722-2112485390-2429236411-1134"},"message":"Group membership information.\n\nSubject:\n\tSecurity ID:\t\tS-1-0-0\n\tAccount Name:\t\t-\n\tAccount Domain:\t\t-\n\tLogon ID:\t\t0x0\n\nLogon Type:\t\t\t3\n\nNew Logon:\n\tSecurity ID:\t\tS-1-5-21-2516547722-2112485390-2429236411-1134\n\tAccount Name:\t\tdeployuser\n\tAccount Domain:\t\tAD3.COM\n\tLogon ID:\t\t0x109C0DFE60\n\nEvent in sequence:\t\t1 of 1\n\nGroup Membership:\t\t\t\n\t\t%{S-1-5-21-2516547722-2112485390-2429236411-513}\n\t\t%{S-1-1-0}\n\t\t%{S-1-5-32-545}\n\t\t%{S-1-5-32-554}\n\t\t%{S-1-5-32-544}\n\t\t%{S-1-5-2}\n\t\t%{S-1-5-11}\n\t\t%{S-1-5-15}\n\t\t%{S-1-5-21-2516547722-2112485390-2429236411-512}\n\t\t%{S-1-18-1}\n\t\t%{S-1-5-21-2516547722-2112485390-2429236411-572}\n\t\t%{S-1-16-12288}\n\nThe subject fields indicate the account on the local system which requested the logon. This is most commonly a service such as the Server service, or a local process such as Winlogon.exe or Services.exe.\n\nThe logon type field indicates the kind of logon that occurred. The most common types are 2 (interactive) and 3 (network).\n\nThe New Logon fields indicate the account for whom the new logon was created, i.e. the account that was logged on.\n\nThis event is generated when the Audit Group Membership subcategory is configured.  The Logon ID field can be used to correlate this event with the corresponding user logon event as well as to any other security audit events generated during this logon session.","opcode":"Info","type":"wineventlog","tags":["winlogbeat","beats_input_codec_plain_applied"],"thread_id":75744,"@timestamp":"2019-04-04T11:43:07.025Z","event_id":4627,"task":"Group Membership","provider_guid":"{54849625-5478-4994-A5BA-3E3B0328C30D}","@version":"1","beat":{"hostname":"azad3-dc01","name":"azad3-dc01","version":"5.6.3"},"activity_id":"{00D0AF32-0B8E-4970-A290-E04008FC459A}","host":"azad3-dc01","fields":{"logtype":"dc_event"},"source_name":"Microsoft-Windows-Security-Auditing"}
{"process_id":628,"computer_name":"azad3-dc01.ad3.com","keywords":["Audit Success"],"log_name":"Security","level":"Information","record_number":"532861021","event_data":{"TargetLogonId":"0x109c113899","LogonType":"3","TargetUserName":"admin","TargetDomainName":"AD3","TargetUserSid":"S-1-5-21-2516547722-2112485390-2429236411-1104"},"message":"An account was logged off.\n\nSubject:\n\tSecurity ID:\t\tS-1-5-21-2516547722-2112485390-2429236411-1104\n\tAccount Name:\t\tadmin\n\tAccount Domain:\t\tAD3\n\tLogon ID:\t\t0x109C113899\n\nLogon Type:\t\t\t3\n\nThis event is generated when a logon session is destroyed. It may be positively correlated with a logon event using the Logon ID value. Logon IDs are only unique between reboots on the same computer.","type":"wineventlog","opcode":"Info","tags":["winlogbeat","beats_input_codec_plain_applied"],"thread_id":69972,"@timestamp":"2019-04-04T11:47:01.342Z","event_id":4634,"task":"Logoff","provider_guid":"{54849625-5478-4994-A5BA-3E3B0328C30D}","@version":"1","beat":{"hostname":"azad3-dc01","name":"azad3-dc01","version":"5.6.3"},"host":"azad3-dc01","fields":{"logtype":"dc_event"},"source_name":"Microsoft-Windows-Security-Auditing"}
{"process_id":604,"computer_name":"azad3-dc02.ad3.com","keywords":["Audit Success"],"log_name":"Security","level":"Information","record_number":"407650961","event_data":{"PreAuthType":"2","Status":"0x0","TicketEncryptionType":"0x12","ServiceName":"krbtgt","TicketOptions":"0x40810010","TargetSid":"S-1-5-21-2516547722-2112485390-2429236411-1123","IpPort":"49585","IpAddress":"::ffff:10.183.201.11","ServiceSid":"S-1-5-21-2516547722-2112485390-2429236411-502","TargetUserName":"htmlservice","TargetDomainName":"AD3"},"message":"A Kerberos authentication ticket (TGT) was requested.\n\nAccount Information:\n\tAccount Name:\t\thtmlservice\n\tSupplied Realm Name:\tAD3\n\tUser ID:\t\t\tS-1-5-21-2516547722-2112485390-2429236411-1123\n\nService Information:\n\tService Name:\t\tkrbtgt\n\tService ID:\t\tS-1-5-21-2516547722-2112485390-2429236411-502\n\nNetwork Information:\n\tClient Address:\t\t::ffff:10.183.201.11\n\tClient Port:\t\t49585\n\nAdditional Information:\n\tTicket Options:\t\t0x40810010\n\tResult Code:\t\t0x0\n\tTicket Encryption Type:\t0x12\n\tPre-Authentication Type:\t2\n\nCertificate Information:\n\tCertificate Issuer Name:\t\t\n\tCertificate Serial Number:\t\n\tCertificate Thumbprint:\t\t\n\nCertificate information is only provided if a certificate was used for pre-authentication.\n\nPre-authentication types, ticket options, encryption types and result codes are defined in RFC 4120.","type":"wineventlog","opcode":"Info","tags":["winlogbeat","beats_input_codec_plain_applied"],"thread_id":11316,"@timestamp":"2019-04-04T11:50:30.588Z","event_id":4768,"task":"Kerberos Authentication Service","provider_guid":"{54849625-5478-4994-A5BA-3E3B0328C30D}","@version":"1","beat":{"hostname":"azad3-dc02","name":"azad3-dc02","version":"5.6.3"},"host":"azad3-dc02","fields":{"logtype":"dc_event"},"source_name":"Microsoft-Windows-Security-Auditing"}
{"process_id":628,"computer_name":"azad3-dc01.ad3.com","keywords":["Audit Success"],"level":"Information","log_name":"Security","record_number":"532861692","event_data":{"TargetLogonId":"0x109c11cb77","SubjectUserName":"-","EventCountTotal":"1","LogonType":"3","GroupMembership":"\n\t\t%{S-1-5-21-2516547722-2112485390-2429236411-513}\n\t\t%{S-1-1-0}\n\t\t%{S-1-5-32-545}\n\t\t%{S-1-5-32-554}\n\t\t%{S-1-5-32-544}\n\t\t%{S-1-5-2}\n\t\t%{S-1-5-11}\n\t\t%{S-1-5-15}\n\t\t%{S-1-5-21-2516547722-2112485390-2429236411-512}\n\t\t%{S-1-18-1}\n\t\t%{S-1-5-21-2516547722-2112485390-2429236411-572}\n\t\t%{S-1-16-12288}","SubjectDomainName":"-","SubjectLogonId":"0x0","TargetUserName":"spadmin","TargetDomainName":"AD3.COM","SubjectUserSid":"S-1-0-0","EventIdx":"1","TargetUserSid":"S-1-5-21-2516547722-2112485390-2429236411-1106"},"message":"Group membership information.\n\nSubject:\n\tSecurity ID:\t\tS-1-0-0\n\tAccount Name:\t\t-\n\tAccount Domain:\t\t-\n\tLogon ID:\t\t0x0\n\nLogon Type:\t\t\t3\n\nNew Logon:\n\tSecurity ID:\t\tS-1-5-21-2516547722-2112485390-2429236411-1106\n\tAccount Name:\t\tspadmin\n\tAccount Domain:\t\tAD3.COM\n\tLogon ID:\t\t0x109C11CB77\n\nEvent in sequence:\t\t1 of 1\n\nGroup Membership:\t\t\t\n\t\t%{S-1-5-21-2516547722-2112485390-2429236411-513}\n\t\t%{S-1-1-0}\n\t\t%{S-1-5-32-545}\n\t\t%{S-1-5-32-554}\n\t\t%{S-1-5-32-544}\n\t\t%{S-1-5-2}\n\t\t%{S-1-5-11}\n\t\t%{S-1-5-15}\n\t\t%{S-1-5-21-2516547722-2112485390-2429236411-512}\n\t\t%{S-1-18-1}\n\t\t%{S-1-5-21-2516547722-2112485390-2429236411-572}\n\t\t%{S-1-16-12288}\n\nThe subject fields indicate the account on the local system which requested the logon. This is most commonly a service such as the Server service, or a local process such as Winlogon.exe or Services.exe.\n\nThe logon type field indicates the kind of logon that occurred. The most common types are 2 (interactive) and 3 (network).\n\nThe New Logon fields indicate the account for whom the new logon was created, i.e. the account that was logged on.\n\nThis event is generated when the Audit Group Membership subcategory is configured.  The Logon ID field can be used to correlate this event with the corresponding user logon event as well as to any other security audit events generated during this logon session.","type":"wineventlog","opcode":"Info","tags":["winlogbeat","beats_input_codec_plain_applied"],"thread_id":74700,"@timestamp":"2019-04-04T11:48:09.516Z","task":"Group Membership","event_id":4627,"provider_guid":"{54849625-5478-4994-A5BA-3E3B0328C30D}","@version":"1","beat":{"hostname":"azad3-dc01","name":"azad3-dc01","version":"5.6.3"},"host":"azad3-dc01","fields":{"logtype":"dc_event"},"source_name":"Microsoft-Windows-Security-Auditing"}
