{"process_id":4,"computer_name":"AZAD3-OOS04.ad3.com","keywords":["Audit Success"],"log_name":"Security","level":"Information","record_number":"97868714","event_data":{"Status":"0x0","ProcessName":"C:\\Windows\\System32\\cmd.exe","SubjectUserName":"zabbixsvc$","SubjectDomainName":"AD3","SubjectLogonId":"0x2b49f","ProcessId":"0xd9a44","SubjectUserSid":"S-1-5-21-2516547722-2112485390-2429236411-1185"},"message":"A process has exited.\n\nSubject:\n\tSecurity ID:\t\tS-1-5-21-2516547722-2112485390-2429236411-1185\n\tAccount Name:\t\tzabbixsvc$\n\tAccount Domain:\t\tAD3\n\tLogon ID:\t\t0x2B49F\n\nProcess Information:\n\tProcess ID:\t0xd9a44\n\tProcess Name:\tC:\\Windows\\System32\\cmd.exe\n\tExit Status:\t0x0","type":"wineventlog","opcode":"Info","tags":["winlogbeat","beats_input_codec_plain_applied"],"thread_id":855996,"@timestamp":"2018-12-27T12:42:50.762Z","task":"Process Termination","event_id":4689,"provider_guid":"{54849625-5478-4994-A5BA-3E3B0328C30D}","@version":"1","beat":{"hostname":"AZAD3-OOS04","name":"AZAD3-OOS04","version":"5.6.3"},"host":"AZAD3-OOS04","fields":{"logtype":"officeonline_event"},"source_name":"Microsoft-Windows-Security-Auditing"}
{"computer_name":"AZAD3-OOS04.ad3.com","process_id":4,"keywords":["Audit Success"],"log_name":"Security","level":"Information","record_number":"97871417","event_data":{"NewProcessId":"0xd866c","TokenElevationType":"%%1936","SubjectLogonId":"0x3e7","NewProcessName":"C:\\Program Files (x86)\\Tanium\\Tanium Client\\Tools\\EPI\\TaniumExecWrapper.exe","TargetLogonId":"0x0","CommandLine":"\"C:\\Program Files (x86)\\Tanium\\Tanium Client\\Tools\\EPI\\TaniumExecWrapper.exe\" --timeout 45 --loglevel error -- \"C:\\Program Files (x86)\\Tanium\\Tanium Client\\Tools\\EPI\\TaniumEndpointIndex.exe\" -v","SubjectUserName":"AZAD3-OOS04$","SubjectDomainName":"AD3","TargetUserName":"-","ProcessId":"0xd6c68","TargetDomainName":"-","SubjectUserSid":"S-1-5-18","TargetUserSid":"S-1-0-0"},"message":"A new process has been created.\n\nCreator Subject:\n\tSecurity ID:\t\tS-1-5-18\n\tAccount Name:\t\tAZAD3-OOS04$\n\tAccount Domain:\t\tAD3\n\tLogon ID:\t\t0x3E7\n\nTarget Subject:\n\tSecurity ID:\t\tS-1-0-0\n\tAccount Name:\t\t-\n\tAccount Domain:\t\t-\n\tLogon ID:\t\t0x0\n\nProcess Information:\n\tNew Process ID:\t\t0xd866c\n\tNew Process Name:\tC:\\Program Files (x86)\\Tanium\\Tanium Client\\Tools\\EPI\\TaniumExecWrapper.exe\n\tToken Elevation Type:\tTokenElevationTypeDefault (1)\n\tCreator Process ID:\t0xd6c68\n\tProcess Command Line:\t\"C:\\Program Files (x86)\\Tanium\\Tanium Client\\Tools\\EPI\\TaniumExecWrapper.exe\" --timeout 45 --loglevel error -- \"C:\\Program Files (x86)\\Tanium\\Tanium Client\\Tools\\EPI\\TaniumEndpointIndex.exe\" -v\n\nToken Elevation Type indicates the type of token that was assigned to the new process in accordance with User Account Control policy.\n\nType 1 is a full token with no privileges removed or groups disabled.  A full token is only used if User Account Control is disabled or if the user is the built-in Administrator account or a service account.\n\nType 2 is an elevated token with no privileges removed or groups disabled.  An elevated token is used when User Account Control is enabled and the user chooses to start the program using Run as administrator.  An elevated token is also used when an application is configured to always require administrative privilege or to always require maximum privilege, and the user is a member of the Administrators group.\n\nType 3 is a limited token with administrative privileges removed and administrative groups disabled.  The limited token is used when User Account Control is enabled, the application does not require administrative privilege, and the user does not choose to start the program using Run as administrator.","opcode":"Info","type":"wineventlog","version":2,"tags":["winlogbeat","beats_input_codec_plain_applied"],"thread_id":866640,"@timestamp":"2018-12-27T12:56:42.855Z","task":"Process Creation","event_id":4688,"provider_guid":"{54849625-5478-4994-A5BA-3E3B0328C30D}","@version":"1","beat":{"hostname":"AZAD3-OOS04","name":"AZAD3-OOS04","version":"5.6.3"},"host":"AZAD3-OOS04","fields":{"logtype":"officeonline_event"},"source_name":"Microsoft-Windows-Security-Auditing"}
{"process_id":4,"computer_name":"AZAD3-OOS02.ad3.com","keywords":["Audit Success"],"log_name":"Security","level":"Information","record_number":"98493585","event_data":{"Status":"0x0","ProcessName":"C:\\Windows\\System32\\cmd.exe","SubjectUserName":"zabbixsvc$","SubjectDomainName":"AD3","SubjectLogonId":"0x1918c595bc","ProcessId":"0xd9084","SubjectUserSid":"S-1-5-21-2516547722-2112485390-2429236411-1185"},"message":"A process has exited.\n\nSubject:\n\tSecurity ID:\t\tS-1-5-21-2516547722-2112485390-2429236411-1185\n\tAccount Name:\t\tzabbixsvc$\n\tAccount Domain:\t\tAD3\n\tLogon ID:\t\t0x1918C595BC\n\nProcess Information:\n\tProcess ID:\t0xd9084\n\tProcess Name:\tC:\\Windows\\System32\\cmd.exe\n\tExit Status:\t0x0","type":"wineventlog","opcode":"Info","tags":["winlogbeat","beats_input_codec_plain_applied"],"thread_id":830388,"@timestamp":"2018-12-27T12:45:52.527Z","task":"Process Termination","event_id":4689,"provider_guid":"{54849625-5478-4994-A5BA-3E3B0328C30D}","@version":"1","beat":{"hostname":"AZAD3-OOS02","name":"AZAD3-OOS02","version":"5.6.3"},"host":"AZAD3-OOS02","fields":{"logtype":"officeonline_event"},"source_name":"Microsoft-Windows-Security-Auditing"}
{"process_id":4,"computer_name":"AZAD3-OOS02.ad3.com","keywords":["Audit Success"],"log_name":"Security","level":"Information","record_number":"98495050","event_data":{"Status":"0x0","ProcessName":"C:\\Windows\\System32\\WindowsPowerShell\\v1.0\\powershell.exe","SubjectUserName":"zabbixsvc$","SubjectDomainName":"AD3","ProcessId":"0xc1408","SubjectLogonId":"0x1918c595bc","SubjectUserSid":"S-1-5-21-2516547722-2112485390-2429236411-1185"},"message":"A process has exited.\n\nSubject:\n\tSecurity ID:\t\tS-1-5-21-2516547722-2112485390-2429236411-1185\n\tAccount Name:\t\tzabbixsvc$\n\tAccount Domain:\t\tAD3\n\tLogon ID:\t\t0x1918C595BC\n\nProcess Information:\n\tProcess ID:\t0xc1408\n\tProcess Name:\tC:\\Windows\\System32\\WindowsPowerShell\\v1.0\\powershell.exe\n\tExit Status:\t0x0","type":"wineventlog","opcode":"Info","tags":["winlogbeat","beats_input_codec_plain_applied"],"thread_id":864164,"@timestamp":"2018-12-27T12:54:10.418Z","task":"Process Termination","event_id":4689,"provider_guid":"{54849625-5478-4994-A5BA-3E3B0328C30D}","@version":"1","beat":{"hostname":"AZAD3-OOS02","name":"AZAD3-OOS02","version":"5.6.3"},"host":"AZAD3-OOS02","fields":{"logtype":"officeonline_event"},"source_name":"Microsoft-Windows-Security-Auditing"}
{"computer_name":"AZAD3-OOS02.ad3.com","process_id":4,"keywords":["Audit Success"],"level":"Information","log_name":"Security","record_number":"98493227","event_data":{"NewProcessId":"0xd78a4","TokenElevationType":"%%1936","NewProcessName":"C:\\Windows\\System32\\cmd.exe","SubjectLogonId":"0x1918c595bc","TargetLogonId":"0x0","SubjectUserName":"zabbixsvc$","CommandLine":"cmd /C \"powershell -NoProfile -File C:\\AD365\\software\\Zabbix\\Scripts\\AppPoolsStatus.ps1 \"ExcelServicesEcs\"\"","SubjectDomainName":"AD3","ProcessId":"0xd63b8","TargetUserName":"-","TargetDomainName":"-","SubjectUserSid":"S-1-5-21-2516547722-2112485390-2429236411-1185","TargetUserSid":"S-1-0-0"},"message":"A new process has been created.\n\nCreator Subject:\n\tSecurity ID:\t\tS-1-5-21-2516547722-2112485390-2429236411-1185\n\tAccount Name:\t\tzabbixsvc$\n\tAccount Domain:\t\tAD3\n\tLogon ID:\t\t0x1918C595BC\n\nTarget Subject:\n\tSecurity ID:\t\tS-1-0-0\n\tAccount Name:\t\t-\n\tAccount Domain:\t\t-\n\tLogon ID:\t\t0x0\n\nProcess Information:\n\tNew Process ID:\t\t0xd78a4\n\tNew Process Name:\tC:\\Windows\\System32\\cmd.exe\n\tToken Elevation Type:\tTokenElevationTypeDefault (1)\n\tCreator Process ID:\t0xd63b8\n\tProcess Command Line:\tcmd /C \"powershell -NoProfile -File C:\\AD365\\software\\Zabbix\\Scripts\\AppPoolsStatus.ps1 \"ExcelServicesEcs\"\"\n\nToken Elevation Type indicates the type of token that was assigned to the new process in accordance with User Account Control policy.\n\nType 1 is a full token with no privileges removed or groups disabled.  A full token is only used if User Account Control is disabled or if the user is the built-in Administrator account or a service account.\n\nType 2 is an elevated token with no privileges removed or groups disabled.  An elevated token is used when User Account Control is enabled and the user chooses to start the program using Run as administrator.  An elevated token is also used when an application is configured to always require administrative privilege or to always require maximum privilege, and the user is a member of the Administrators group.\n\nType 3 is a limited token with administrative privileges removed and administrative groups disabled.  The limited token is used when User Account Control is enabled, the application does not require administrative privilege, and the user does not choose to start the program using Run as administrator.","type":"wineventlog","opcode":"Info","version":2,"tags":["winlogbeat","beats_input_codec_plain_applied"],"thread_id":880892,"@timestamp":"2018-12-27T12:44:03.676Z","task":"Process Creation","event_id":4688,"provider_guid":"{54849625-5478-4994-A5BA-3E3B0328C30D}","@version":"1","beat":{"hostname":"AZAD3-OOS02","name":"AZAD3-OOS02","version":"5.6.3"},"host":"AZAD3-OOS02","fields":{"logtype":"officeonline_event"},"source_name":"Microsoft-Windows-Security-Auditing"}
{"computer_name":"AZAD3-OOS03.ad3.com","process_id":4,"keywords":["Audit Success"],"log_name":"Security","level":"Information","record_number":"99311360","event_data":{"Status":"0x0","ProcessName":"C:\\Windows\\System32\\cmd.exe","SubjectUserName":"zabbixsvc$","SubjectDomainName":"AD3","SubjectLogonId":"0x37ea3","ProcessId":"0x122e60","SubjectUserSid":"S-1-5-21-2516547722-2112485390-2429236411-1185"},"message":"A process has exited.\n\nSubject:\n\tSecurity ID:\t\tS-1-5-21-2516547722-2112485390-2429236411-1185\n\tAccount Name:\t\tzabbixsvc$\n\tAccount Domain:\t\tAD3\n\tLogon ID:\t\t0x37EA3\n\nProcess Information:\n\tProcess ID:\t0x122e60\n\tProcess Name:\tC:\\Windows\\System32\\cmd.exe\n\tExit Status:\t0x0","type":"wineventlog","opcode":"Info","tags":["winlogbeat","beats_input_codec_plain_applied"],"thread_id":968812,"@timestamp":"2018-12-27T12:50:38.756Z","event_id":4689,"task":"Process Termination","provider_guid":"{54849625-5478-4994-A5BA-3E3B0328C30D}","@version":"1","beat":{"hostname":"AZAD3-OOS03","name":"AZAD3-OOS03","version":"5.6.3"},"host":"AZAD3-OOS03","fields":{"logtype":"officeonline_event"},"source_name":"Microsoft-Windows-Security-Auditing"}
{"computer_name":"AZAD3-OOS03.ad3.com","process_id":4,"keywords":["Audit Success"],"log_name":"Security","level":"Information","record_number":"99310939","event_data":{"Status":"0x0","ProcessName":"C:\\Windows\\System32\\WindowsPowerShell\\v1.0\\powershell.exe","SubjectUserName":"zabbixsvc$","SubjectDomainName":"AD3","SubjectLogonId":"0x37ea3","ProcessId":"0x120e2c","SubjectUserSid":"S-1-5-21-2516547722-2112485390-2429236411-1185"},"message":"A process has exited.\n\nSubject:\n\tSecurity ID:\t\tS-1-5-21-2516547722-2112485390-2429236411-1185\n\tAccount Name:\t\tzabbixsvc$\n\tAccount Domain:\t\tAD3\n\tLogon ID:\t\t0x37EA3\n\nProcess Information:\n\tProcess ID:\t0x120e2c\n\tProcess Name:\tC:\\Windows\\System32\\WindowsPowerShell\\v1.0\\powershell.exe\n\tExit Status:\t0x0","opcode":"Info","type":"wineventlog","tags":["winlogbeat","beats_input_codec_plain_applied"],"thread_id":1189464,"@timestamp":"2018-12-27T12:48:39.596Z","task":"Process Termination","event_id":4689,"provider_guid":"{54849625-5478-4994-A5BA-3E3B0328C30D}","@version":"1","beat":{"hostname":"AZAD3-OOS03","name":"AZAD3-OOS03","version":"5.6.3"},"host":"AZAD3-OOS03","fields":{"logtype":"officeonline_event"},"source_name":"Microsoft-Windows-Security-Auditing"}
{"computer_name":"AZAD3-OOS01.ad3.com","process_id":4,"keywords":["Audit Success"],"log_name":"Security","level":"Information","record_number":"106492541","event_data":{"Status":"0x0","ProcessName":"C:\\Windows\\System32\\WindowsPowerShell\\v1.0\\powershell.exe","SubjectUserName":"zabbixsvc$","SubjectDomainName":"AD3","SubjectLogonId":"0x29494","ProcessId":"0x188ac4","SubjectUserSid":"S-1-5-21-2516547722-2112485390-2429236411-1185"},"message":"A process has exited.\n\nSubject:\n\tSecurity ID:\t\tS-1-5-21-2516547722-2112485390-2429236411-1185\n\tAccount Name:\t\tzabbixsvc$\n\tAccount Domain:\t\tAD3\n\tLogon ID:\t\t0x29494\n\nProcess Information:\n\tProcess ID:\t0x188ac4\n\tProcess Name:\tC:\\Windows\\System32\\WindowsPowerShell\\v1.0\\powershell.exe\n\tExit Status:\t0x0","opcode":"Info","type":"wineventlog","tags":["winlogbeat","beats_input_codec_plain_applied"],"thread_id":1297764,"@timestamp":"2018-12-27T12:24:44.009Z","event_id":4689,"task":"Process Termination","provider_guid":"{54849625-5478-4994-A5BA-3E3B0328C30D}","@version":"1","beat":{"hostname":"AZAD3-OOS01","name":"AZAD3-OOS01","version":"5.6.3"},"host":"AZAD3-OOS01","fields":{"logtype":"officeonline_event"},"source_name":"Microsoft-Windows-Security-Auditing"}
{"computer_name":"AZAD3-OOS02.ad3.com","keywords":["Classic"],"level":"Information","log_name":"Microsoft Office Web Apps","record_number":"17943223","event_data":{"param1":"<?xml version=\"1.0\" encoding=\"utf-16\"?>\n<HealthReport xmlns:xsd=\"http://www.w3.org/2001/XMLSchema\" xmlns:xsi=\"http://www.w3.org/2001/XMLSchema-instance\">\n  <HealthMessage>HealthReportingAdapter received 1 report(s) from Rtc2Watchdog successfully.</HealthMessage>\n  <Severity xsi:nil=\"true\" />\n</HealthReport>"},"message":"<?xml version=\"1.0\" encoding=\"utf-16\"?>\n<HealthReport xmlns:xsd=\"http://www.w3.org/2001/XMLSchema\" xmlns:xsi=\"http://www.w3.org/2001/XMLSchema-instance\">\n  <HealthMessage>HealthReportingAdapter received 1 report(s) from Rtc2Watchdog successfully.</HealthMessage>\n  <Severity xsi:nil=\"true\" />\n</HealthReport>","opcode":"Info","type":"wineventlog","tags":["winlogbeat","beats_input_codec_plain_applied"],"@timestamp":"2018-12-27T12:35:37.000Z","event_id":1601,"@version":"1","beat":{"hostname":"AZAD3-OOS02","name":"AZAD3-OOS02","version":"5.6.3"},"host":"AZAD3-OOS02","fields":{"logtype":"officeonline_event"},"source_name":"Office Web Apps Monitoring"}
{"process_id":4,"computer_name":"AZAD3-OOS02.ad3.com","keywords":["Audit Success"],"level":"Information","log_name":"Security","record_number":"98495206","event_data":{"NewProcessId":"0xc9eb8","TokenElevationType":"%%1936","NewProcessName":"C:\\Windows\\System32\\WindowsPowerShell\\v1.0\\powershell.exe","SubjectLogonId":"0x1918c595bc","TargetLogonId":"0x0","SubjectUserName":"zabbixsvc$","CommandLine":"powershell  -NoProfile -File C:\\AD365\\software\\Zabbix\\Scripts\\AppPoolsStatus.ps1 \"ExcelServicesEcs\"","SubjectDomainName":"AD3","ProcessId":"0xd8de4","TargetUserName":"-","TargetDomainName":"-","SubjectUserSid":"S-1-5-21-2516547722-2112485390-2429236411-1185","TargetUserSid":"S-1-0-0"},"message":"A new process has been created.\n\nCreator Subject:\n\tSecurity ID:\t\tS-1-5-21-2516547722-2112485390-2429236411-1185\n\tAccount Name:\t\tzabbixsvc$\n\tAccount Domain:\t\tAD3\n\tLogon ID:\t\t0x1918C595BC\n\nTarget Subject:\n\tSecurity ID:\t\tS-1-0-0\n\tAccount Name:\t\t-\n\tAccount Domain:\t\t-\n\tLogon ID:\t\t0x0\n\nProcess Information:\n\tNew Process ID:\t\t0xc9eb8\n\tNew Process Name:\tC:\\Windows\\System32\\WindowsPowerShell\\v1.0\\powershell.exe\n\tToken Elevation Type:\tTokenElevationTypeDefault (1)\n\tCreator Process ID:\t0xd8de4\n\tProcess Command Line:\tpowershell  -NoProfile -File C:\\AD365\\software\\Zabbix\\Scripts\\AppPoolsStatus.ps1 \"ExcelServicesEcs\"\n\nToken Elevation Type indicates the type of token that was assigned to the new process in accordance with User Account Control policy.\n\nType 1 is a full token with no privileges removed or groups disabled.  A full token is only used if User Account Control is disabled or if the user is the built-in Administrator account or a service account.\n\nType 2 is an elevated token with no privileges removed or groups disabled.  An elevated token is used when User Account Control is enabled and the user chooses to start the program using Run as administrator.  An elevated token is also used when an application is configured to always require administrative privilege or to always require maximum privilege, and the user is a member of the Administrators group.\n\nType 3 is a limited token with administrative privileges removed and administrative groups disabled.  The limited token is used when User Account Control is enabled, the application does not require administrative privilege, and the user does not choose to start the program using Run as administrator.","opcode":"Info","type":"wineventlog","version":2,"tags":["winlogbeat","beats_input_codec_plain_applied"],"thread_id":854880,"@timestamp":"2018-12-27T12:55:03.029Z","task":"Process Creation","event_id":4688,"provider_guid":"{54849625-5478-4994-A5BA-3E3B0328C30D}","@version":"1","beat":{"hostname":"AZAD3-OOS02","name":"AZAD3-OOS02","version":"5.6.3"},"host":"AZAD3-OOS02","fields":{"logtype":"officeonline_event"},"source_name":"Microsoft-Windows-Security-Auditing"}
{"computer_name":"AZAD3-OOS04.ad3.com","process_id":4,"keywords":["Audit Success"],"log_name":"Security","level":"Information","record_number":"97866178","event_data":{"Status":"0x0","ProcessName":"C:\\Windows\\System32\\cmd.exe","SubjectUserName":"zabbixsvc$","SubjectDomainName":"AD3","SubjectLogonId":"0x2b49f","ProcessId":"0xd8b08","SubjectUserSid":"S-1-5-21-2516547722-2112485390-2429236411-1185"},"message":"A process has exited.\n\nSubject:\n\tSecurity ID:\t\tS-1-5-21-2516547722-2112485390-2429236411-1185\n\tAccount Name:\t\tzabbixsvc$\n\tAccount Domain:\t\tAD3\n\tLogon ID:\t\t0x2B49F\n\nProcess Information:\n\tProcess ID:\t0xd8b08\n\tProcess Name:\tC:\\Windows\\System32\\cmd.exe\n\tExit Status:\t0x0","opcode":"Info","type":"wineventlog","tags":["winlogbeat","beats_input_codec_plain_applied"],"thread_id":866640,"@timestamp":"2018-12-27T12:29:02.775Z","event_id":4689,"task":"Process Termination","provider_guid":"{54849625-5478-4994-A5BA-3E3B0328C30D}","@version":"1","beat":{"hostname":"AZAD3-OOS04","name":"AZAD3-OOS04","version":"5.6.3"},"host":"AZAD3-OOS04","fields":{"logtype":"officeonline_event"},"source_name":"Microsoft-Windows-Security-Auditing"}
{"process_id":4,"computer_name":"AZAD3-OOS03.ad3.com","keywords":["Audit Success"],"level":"Information","log_name":"Security","record_number":"99311442","event_data":{"NewProcessId":"0x123704","TokenElevationType":"%%1936","NewProcessName":"C:\\Windows\\System32\\cmd.exe","SubjectLogonId":"0x37ea3","TargetLogonId":"0x0","CommandLine":"cmd /C \"powershell -NoProfile -File C:\\AD365\\software\\Zabbix\\Scripts\\AppPoolsStatus.ps1 \"ExcelServicesEcs\"\"","SubjectUserName":"zabbixsvc$","SubjectDomainName":"AD3","ProcessId":"0xa40","TargetUserName":"-","TargetDomainName":"-","SubjectUserSid":"S-1-5-21-2516547722-2112485390-2429236411-1185","TargetUserSid":"S-1-0-0"},"message":"A new process has been created.\n\nCreator Subject:\n\tSecurity ID:\t\tS-1-5-21-2516547722-2112485390-2429236411-1185\n\tAccount Name:\t\tzabbixsvc$\n\tAccount Domain:\t\tAD3\n\tLogon ID:\t\t0x37EA3\n\nTarget Subject:\n\tSecurity ID:\t\tS-1-0-0\n\tAccount Name:\t\t-\n\tAccount Domain:\t\t-\n\tLogon ID:\t\t0x0\n\nProcess Information:\n\tNew Process ID:\t\t0x123704\n\tNew Process Name:\tC:\\Windows\\System32\\cmd.exe\n\tToken Elevation Type:\tTokenElevationTypeDefault (1)\n\tCreator Process ID:\t0xa40\n\tProcess Command Line:\tcmd /C \"powershell -NoProfile -File C:\\AD365\\software\\Zabbix\\Scripts\\AppPoolsStatus.ps1 \"ExcelServicesEcs\"\"\n\nToken Elevation Type indicates the type of token that was assigned to the new process in accordance with User Account Control policy.\n\nType 1 is a full token with no privileges removed or groups disabled.  A full token is only used if User Account Control is disabled or if the user is the built-in Administrator account or a service account.\n\nType 2 is an elevated token with no privileges removed or groups disabled.  An elevated token is used when User Account Control is enabled and the user chooses to start the program using Run as administrator.  An elevated token is also used when an application is configured to always require administrative privilege or to always require maximum privilege, and the user is a member of the Administrators group.\n\nType 3 is a limited token with administrative privileges removed and administrative groups disabled.  The limited token is used when User Account Control is enabled, the application does not require administrative privilege, and the user does not choose to start the program using Run as administrator.","opcode":"Info","type":"wineventlog","version":2,"tags":["winlogbeat","beats_input_codec_plain_applied"],"thread_id":1182484,"@timestamp":"2018-12-27T12:51:18.485Z","task":"Process Creation","event_id":4688,"provider_guid":"{54849625-5478-4994-A5BA-3E3B0328C30D}","@version":"1","beat":{"hostname":"AZAD3-OOS03","name":"AZAD3-OOS03","version":"5.6.3"},"host":"AZAD3-OOS03","fields":{"logtype":"officeonline_event"},"source_name":"Microsoft-Windows-Security-Auditing"}
{"computer_name":"AZAD3-OOS02.ad3.com","process_id":4,"keywords":["Audit Success"],"level":"Information","log_name":"Security","record_number":"98491051","event_data":{"Status":"0x0","ProcessName":"C:\\Windows\\System32\\conhost.exe","SubjectUserName":"zabbixsvc$","SubjectDomainName":"AD3","ProcessId":"0xd322c","SubjectLogonId":"0x1918c595bc","SubjectUserSid":"S-1-5-21-2516547722-2112485390-2429236411-1185"},"message":"A process has exited.\n\nSubject:\n\tSecurity ID:\t\tS-1-5-21-2516547722-2112485390-2429236411-1185\n\tAccount Name:\t\tzabbixsvc$\n\tAccount Domain:\t\tAD3\n\tLogon ID:\t\t0x1918C595BC\n\nProcess Information:\n\tProcess ID:\t0xd322c\n\tProcess Name:\tC:\\Windows\\System32\\conhost.exe\n\tExit Status:\t0x0","type":"wineventlog","opcode":"Info","tags":["winlogbeat","beats_input_codec_plain_applied"],"thread_id":864164,"@timestamp":"2018-12-27T12:31:57.571Z","task":"Process Termination","event_id":4689,"provider_guid":"{54849625-5478-4994-A5BA-3E3B0328C30D}","@version":"1","beat":{"hostname":"AZAD3-OOS02","name":"AZAD3-OOS02","version":"5.6.3"},"host":"AZAD3-OOS02","fields":{"logtype":"officeonline_event"},"source_name":"Microsoft-Windows-Security-Auditing"}
{"computer_name":"AZAD3-OOS04.ad3.com","process_id":4,"keywords":["Audit Success"],"log_name":"Security","level":"Information","record_number":"97868599","event_data":{"NewProcessId":"0xd12a4","TokenElevationType":"%%1936","NewProcessName":"C:\\Windows\\System32\\WindowsPowerShell\\v1.0\\powershell.exe","SubjectLogonId":"0x2b49f","TargetLogonId":"0x0","CommandLine":"powershell  -NoProfile -File C:\\AD365\\software\\Zabbix\\Scripts\\AppPoolsStatus.ps1 \"OpenFromUrlHost\"","SubjectUserName":"zabbixsvc$","SubjectDomainName":"AD3","TargetUserName":"-","ProcessId":"0xcb63c","TargetDomainName":"-","SubjectUserSid":"S-1-5-21-2516547722-2112485390-2429236411-1185","TargetUserSid":"S-1-0-0"},"message":"A new process has been created.\n\nCreator Subject:\n\tSecurity ID:\t\tS-1-5-21-2516547722-2112485390-2429236411-1185\n\tAccount Name:\t\tzabbixsvc$\n\tAccount Domain:\t\tAD3\n\tLogon ID:\t\t0x2B49F\n\nTarget Subject:\n\tSecurity ID:\t\tS-1-0-0\n\tAccount Name:\t\t-\n\tAccount Domain:\t\t-\n\tLogon ID:\t\t0x0\n\nProcess Information:\n\tNew Process ID:\t\t0xd12a4\n\tNew Process Name:\tC:\\Windows\\System32\\WindowsPowerShell\\v1.0\\powershell.exe\n\tToken Elevation Type:\tTokenElevationTypeDefault (1)\n\tCreator Process ID:\t0xcb63c\n\tProcess Command Line:\tpowershell  -NoProfile -File C:\\AD365\\software\\Zabbix\\Scripts\\AppPoolsStatus.ps1 \"OpenFromUrlHost\"\n\nToken Elevation Type indicates the type of token that was assigned to the new process in accordance with User Account Control policy.\n\nType 1 is a full token with no privileges removed or groups disabled.  A full token is only used if User Account Control is disabled or if the user is the built-in Administrator account or a service account.\n\nType 2 is an elevated token with no privileges removed or groups disabled.  An elevated token is used when User Account Control is enabled and the user chooses to start the program using Run as administrator.  An elevated token is also used when an application is configured to always require administrative privilege or to always require maximum privilege, and the user is a member of the Administrators group.\n\nType 3 is a limited token with administrative privileges removed and administrative groups disabled.  The limited token is used when User Account Control is enabled, the application does not require administrative privilege, and the user does not choose to start the program using Run as administrator.","opcode":"Info","type":"wineventlog","version":2,"tags":["winlogbeat","beats_input_codec_plain_applied"],"thread_id":855996,"@timestamp":"2018-12-27T12:42:00.093Z","task":"Process Creation","event_id":4688,"provider_guid":"{54849625-5478-4994-A5BA-3E3B0328C30D}","@version":"1","beat":{"hostname":"AZAD3-OOS04","name":"AZAD3-OOS04","version":"5.6.3"},"host":"AZAD3-OOS04","fields":{"logtype":"officeonline_event"},"source_name":"Microsoft-Windows-Security-Auditing"}
{"process_id":4,"computer_name":"AZAD3-OOS04.ad3.com","keywords":["Audit Success"],"log_name":"Security","level":"Information","record_number":"97866200","event_data":{"NewProcessId":"0xd5c54","TokenElevationType":"%%1936","SubjectLogonId":"0x2b49f","NewProcessName":"C:\\Windows\\System32\\WindowsPowerShell\\v1.0\\powershell.exe","TargetLogonId":"0x0","SubjectUserName":"zabbixsvc$","CommandLine":"powershell  -NoProfile -File C:\\AD365\\software\\Zabbix\\Scripts\\AppPoolsStatus.ps1 \"WebPPTViewer\"","SubjectDomainName":"AD3","ProcessId":"0xd8fa4","TargetUserName":"-","TargetDomainName":"-","SubjectUserSid":"S-1-5-21-2516547722-2112485390-2429236411-1185","TargetUserSid":"S-1-0-0"},"message":"A new process has been created.\n\nCreator Subject:\n\tSecurity ID:\t\tS-1-5-21-2516547722-2112485390-2429236411-1185\n\tAccount Name:\t\tzabbixsvc$\n\tAccount Domain:\t\tAD3\n\tLogon ID:\t\t0x2B49F\n\nTarget Subject:\n\tSecurity ID:\t\tS-1-0-0\n\tAccount Name:\t\t-\n\tAccount Domain:\t\t-\n\tLogon ID:\t\t0x0\n\nProcess Information:\n\tNew Process ID:\t\t0xd5c54\n\tNew Process Name:\tC:\\Windows\\System32\\WindowsPowerShell\\v1.0\\powershell.exe\n\tToken Elevation Type:\tTokenElevationTypeDefault (1)\n\tCreator Process ID:\t0xd8fa4\n\tProcess Command Line:\tpowershell  -NoProfile -File C:\\AD365\\software\\Zabbix\\Scripts\\AppPoolsStatus.ps1 \"WebPPTViewer\"\n\nToken Elevation Type indicates the type of token that was assigned to the new process in accordance with User Account Control policy.\n\nType 1 is a full token with no privileges removed or groups disabled.  A full token is only used if User Account Control is disabled or if the user is the built-in Administrator account or a service account.\n\nType 2 is an elevated token with no privileges removed or groups disabled.  An elevated token is used when User Account Control is enabled and the user chooses to start the program using Run as administrator.  An elevated token is also used when an application is configured to always require administrative privilege or to always require maximum privilege, and the user is a member of the Administrators group.\n\nType 3 is a limited token with administrative privileges removed and administrative groups disabled.  The limited token is used when User Account Control is enabled, the application does not require administrative privilege, and the user does not choose to start the program using Run as administrator.","opcode":"Info","type":"wineventlog","version":2,"tags":["winlogbeat","beats_input_codec_plain_applied"],"thread_id":866640,"@timestamp":"2018-12-27T12:29:06.888Z","task":"Process Creation","event_id":4688,"provider_guid":"{54849625-5478-4994-A5BA-3E3B0328C30D}","@version":"1","beat":{"hostname":"AZAD3-OOS04","name":"AZAD3-OOS04","version":"5.6.3"},"host":"AZAD3-OOS04","fields":{"logtype":"officeonline_event"},"source_name":"Microsoft-Windows-Security-Auditing"}
{"process_id":4,"computer_name":"AZAD3-OOS01.ad3.com","keywords":["Audit Success"],"log_name":"Security","level":"Information","record_number":"106496674","event_data":{"Status":"0x0","SubjectUserName":"zabbixsvc$","ProcessName":"C:\\Windows\\System32\\conhost.exe","SubjectDomainName":"AD3","SubjectLogonId":"0x29494","ProcessId":"0x10a9c4","SubjectUserSid":"S-1-5-21-2516547722-2112485390-2429236411-1185"},"message":"A process has exited.\n\nSubject:\n\tSecurity ID:\t\tS-1-5-21-2516547722-2112485390-2429236411-1185\n\tAccount Name:\t\tzabbixsvc$\n\tAccount Domain:\t\tAD3\n\tLogon ID:\t\t0x29494\n\nProcess Information:\n\tProcess ID:\t0x10a9c4\n\tProcess Name:\tC:\\Windows\\System32\\conhost.exe\n\tExit Status:\t0x0","opcode":"Info","type":"wineventlog","tags":["winlogbeat","beats_input_codec_plain_applied"],"thread_id":1576348,"@timestamp":"2018-12-27T12:45:38.615Z","task":"Process Termination","event_id":4689,"provider_guid":"{54849625-5478-4994-A5BA-3E3B0328C30D}","@version":"1","beat":{"hostname":"AZAD3-OOS01","name":"AZAD3-OOS01","version":"5.6.3"},"host":"AZAD3-OOS01","fields":{"logtype":"officeonline_event"},"source_name":"Microsoft-Windows-Security-Auditing"}
{"computer_name":"AZAD3-OOS01.ad3.com","process_id":4,"keywords":["Audit Success"],"log_name":"Security","level":"Information","record_number":"106497092","event_data":{"Status":"0x0","ProcessName":"C:\\Windows\\System32\\WindowsPowerShell\\v1.0\\powershell.exe","SubjectUserName":"zabbixsvc$","SubjectDomainName":"AD3","SubjectLogonId":"0x29494","ProcessId":"0x120a4c","SubjectUserSid":"S-1-5-21-2516547722-2112485390-2429236411-1185"},"message":"A process has exited.\n\nSubject:\n\tSecurity ID:\t\tS-1-5-21-2516547722-2112485390-2429236411-1185\n\tAccount Name:\t\tzabbixsvc$\n\tAccount Domain:\t\tAD3\n\tLogon ID:\t\t0x29494\n\nProcess Information:\n\tProcess ID:\t0x120a4c\n\tProcess Name:\tC:\\Windows\\System32\\WindowsPowerShell\\v1.0\\powershell.exe\n\tExit Status:\t0x0","type":"wineventlog","opcode":"Info","tags":["winlogbeat","beats_input_codec_plain_applied"],"thread_id":1061788,"@timestamp":"2018-12-27T12:47:46.523Z","event_id":4689,"task":"Process Termination","provider_guid":"{54849625-5478-4994-A5BA-3E3B0328C30D}","@version":"1","beat":{"hostname":"AZAD3-OOS01","name":"AZAD3-OOS01","version":"5.6.3"},"host":"AZAD3-OOS01","fields":{"logtype":"officeonline_event"},"source_name":"Microsoft-Windows-Security-Auditing"}
{"process_id":4,"computer_name":"AZAD3-OOS01.ad3.com","keywords":["Audit Success"],"level":"Information","log_name":"Security","record_number":"106495175","event_data":{"Status":"0x0","SubjectUserName":"zabbixsvc$","ProcessName":"C:\\Windows\\System32\\conhost.exe","SubjectDomainName":"AD3","SubjectLogonId":"0x29494","ProcessId":"0x10c6e8","SubjectUserSid":"S-1-5-21-2516547722-2112485390-2429236411-1185"},"message":"A process has exited.\n\nSubject:\n\tSecurity ID:\t\tS-1-5-21-2516547722-2112485390-2429236411-1185\n\tAccount Name:\t\tzabbixsvc$\n\tAccount Domain:\t\tAD3\n\tLogon ID:\t\t0x29494\n\nProcess Information:\n\tProcess ID:\t0x10c6e8\n\tProcess Name:\tC:\\Windows\\System32\\conhost.exe\n\tExit Status:\t0x0","type":"wineventlog","opcode":"Info","tags":["winlogbeat","beats_input_codec_plain_applied"],"thread_id":1540128,"@timestamp":"2018-12-27T12:38:33.686Z","event_id":4689,"task":"Process Termination","provider_guid":"{54849625-5478-4994-A5BA-3E3B0328C30D}","@version":"1","beat":{"hostname":"AZAD3-OOS01","name":"AZAD3-OOS01","version":"5.6.3"},"host":"AZAD3-OOS01","fields":{"logtype":"officeonline_event"},"source_name":"Microsoft-Windows-Security-Auditing"}
{"computer_name":"AZAD3-OOS01.ad3.com","process_id":4,"keywords":["Audit Success"],"level":"Information","log_name":"Security","record_number":"106493242","event_data":{"Status":"0x0","ProcessName":"C:\\Windows\\System32\\WindowsPowerShell\\v1.0\\powershell.exe","SubjectUserName":"zabbixsvc$","SubjectDomainName":"AD3","ProcessId":"0xe4704","SubjectLogonId":"0x29494","SubjectUserSid":"S-1-5-21-2516547722-2112485390-2429236411-1185"},"message":"A process has exited.\n\nSubject:\n\tSecurity ID:\t\tS-1-5-21-2516547722-2112485390-2429236411-1185\n\tAccount Name:\t\tzabbixsvc$\n\tAccount Domain:\t\tAD3\n\tLogon ID:\t\t0x29494\n\nProcess Information:\n\tProcess ID:\t0xe4704\n\tProcess Name:\tC:\\Windows\\System32\\WindowsPowerShell\\v1.0\\powershell.exe\n\tExit Status:\t0x0","type":"wineventlog","opcode":"Info","tags":["winlogbeat","beats_input_codec_plain_applied"],"thread_id":1297764,"@timestamp":"2018-12-27T12:28:27.494Z","task":"Process Termination","event_id":4689,"provider_guid":"{54849625-5478-4994-A5BA-3E3B0328C30D}","@version":"1","beat":{"hostname":"AZAD3-OOS01","name":"AZAD3-OOS01","version":"5.6.3"},"host":"AZAD3-OOS01","fields":{"logtype":"officeonline_event"},"source_name":"Microsoft-Windows-Security-Auditing"}
{"computer_name":"AZAD3-OOS04.ad3.com","process_id":4,"keywords":["Audit Success"],"level":"Information","log_name":"Security","record_number":"97869458","event_data":{"NewProcessId":"0xcdf10","TokenElevationType":"%%1936","NewProcessName":"C:\\Windows\\System32\\cmd.exe","SubjectLogonId":"0x2b49f","TargetLogonId":"0x0","SubjectUserName":"zabbixsvc$","CommandLine":"cmd /C \"powershell -NoProfile -File C:\\AD365\\software\\Zabbix\\Scripts\\AppPoolsStatus.ps1 \"DiskCache\"\"","SubjectDomainName":"AD3","ProcessId":"0x8b8","TargetUserName":"-","TargetDomainName":"-","SubjectUserSid":"S-1-5-21-2516547722-2112485390-2429236411-1185","TargetUserSid":"S-1-0-0"},"message":"A new process has been created.\n\nCreator Subject:\n\tSecurity ID:\t\tS-1-5-21-2516547722-2112485390-2429236411-1185\n\tAccount Name:\t\tzabbixsvc$\n\tAccount Domain:\t\tAD3\n\tLogon ID:\t\t0x2B49F\n\nTarget Subject:\n\tSecurity ID:\t\tS-1-0-0\n\tAccount Name:\t\t-\n\tAccount Domain:\t\t-\n\tLogon ID:\t\t0x0\n\nProcess Information:\n\tNew Process ID:\t\t0xcdf10\n\tNew Process Name:\tC:\\Windows\\System32\\cmd.exe\n\tToken Elevation Type:\tTokenElevationTypeDefault (1)\n\tCreator Process ID:\t0x8b8\n\tProcess Command Line:\tcmd /C \"powershell -NoProfile -File C:\\AD365\\software\\Zabbix\\Scripts\\AppPoolsStatus.ps1 \"DiskCache\"\"\n\nToken Elevation Type indicates the type of token that was assigned to the new process in accordance with User Account Control policy.\n\nType 1 is a full token with no privileges removed or groups disabled.  A full token is only used if User Account Control is disabled or if the user is the built-in Administrator account or a service account.\n\nType 2 is an elevated token with no privileges removed or groups disabled.  An elevated token is used when User Account Control is enabled and the user chooses to start the program using Run as administrator.  An elevated token is also used when an application is configured to always require administrative privilege or to always require maximum privilege, and the user is a member of the Administrators group.\n\nType 3 is a limited token with administrative privileges removed and administrative groups disabled.  The limited token is used when User Account Control is enabled, the application does not require administrative privilege, and the user does not choose to start the program using Run as administrator.","opcode":"Info","type":"wineventlog","version":2,"tags":["winlogbeat","beats_input_codec_plain_applied"],"thread_id":855996,"@timestamp":"2018-12-27T12:46:51.533Z","event_id":4688,"task":"Process Creation","provider_guid":"{54849625-5478-4994-A5BA-3E3B0328C30D}","@version":"1","beat":{"hostname":"AZAD3-OOS04","name":"AZAD3-OOS04","version":"5.6.3"},"host":"AZAD3-OOS04","fields":{"logtype":"officeonline_event"},"source_name":"Microsoft-Windows-Security-Auditing"}
{"computer_name":"AZAD3-OOS04.ad3.com","process_id":4,"keywords":["Audit Success"],"log_name":"Security","level":"Information","record_number":"97868602","event_data":{"Status":"0x0","ProcessName":"C:\\Windows\\System32\\conhost.exe","SubjectUserName":"zabbixsvc$","SubjectDomainName":"AD3","ProcessId":"0xd6ae4","SubjectLogonId":"0x2b49f","SubjectUserSid":"S-1-5-21-2516547722-2112485390-2429236411-1185"},"message":"A process has exited.\n\nSubject:\n\tSecurity ID:\t\tS-1-5-21-2516547722-2112485390-2429236411-1185\n\tAccount Name:\t\tzabbixsvc$\n\tAccount Domain:\t\tAD3\n\tLogon ID:\t\t0x2B49F\n\nProcess Information:\n\tProcess ID:\t0xd6ae4\n\tProcess Name:\tC:\\Windows\\System32\\conhost.exe\n\tExit Status:\t0x0","type":"wineventlog","opcode":"Info","tags":["winlogbeat","beats_input_codec_plain_applied"],"thread_id":893120,"@timestamp":"2018-12-27T12:42:00.386Z","task":"Process Termination","event_id":4689,"provider_guid":"{54849625-5478-4994-A5BA-3E3B0328C30D}","@version":"1","beat":{"hostname":"AZAD3-OOS04","name":"AZAD3-OOS04","version":"5.6.3"},"host":"AZAD3-OOS04","fields":{"logtype":"officeonline_event"},"source_name":"Microsoft-Windows-Security-Auditing"}
{"process_id":4,"computer_name":"AZAD3-OOS01.ad3.com","keywords":["Audit Success"],"level":"Information","log_name":"Security","record_number":"106496425","event_data":{"NewProcessId":"0xf2818","TokenElevationType":"%%1936","SubjectLogonId":"0x29494","NewProcessName":"C:\\Windows\\System32\\conhost.exe","TargetLogonId":"0x0","CommandLine":"\\??\\C:\\Windows\\system32\\conhost.exe 0xffffffff","SubjectUserName":"zabbixsvc$","SubjectDomainName":"AD3","ProcessId":"0x162b04","TargetUserName":"-","TargetDomainName":"-","SubjectUserSid":"S-1-5-21-2516547722-2112485390-2429236411-1185","TargetUserSid":"S-1-0-0"},"message":"A new process has been created.\n\nCreator Subject:\n\tSecurity ID:\t\tS-1-5-21-2516547722-2112485390-2429236411-1185\n\tAccount Name:\t\tzabbixsvc$\n\tAccount Domain:\t\tAD3\n\tLogon ID:\t\t0x29494\n\nTarget Subject:\n\tSecurity ID:\t\tS-1-0-0\n\tAccount Name:\t\t-\n\tAccount Domain:\t\t-\n\tLogon ID:\t\t0x0\n\nProcess Information:\n\tNew Process ID:\t\t0xf2818\n\tNew Process Name:\tC:\\Windows\\System32\\conhost.exe\n\tToken Elevation Type:\tTokenElevationTypeDefault (1)\n\tCreator Process ID:\t0x162b04\n\tProcess Command Line:\t\\??\\C:\\Windows\\system32\\conhost.exe 0xffffffff\n\nToken Elevation Type indicates the type of token that was assigned to the new process in accordance with User Account Control policy.\n\nType 1 is a full token with no privileges removed or groups disabled.  A full token is only used if User Account Control is disabled or if the user is the built-in Administrator account or a service account.\n\nType 2 is an elevated token with no privileges removed or groups disabled.  An elevated token is used when User Account Control is enabled and the user chooses to start the program using Run as administrator.  An elevated token is also used when an application is configured to always require administrative privilege or to always require maximum privilege, and the user is a member of the Administrators group.\n\nType 3 is a limited token with administrative privileges removed and administrative groups disabled.  The limited token is used when User Account Control is enabled, the application does not require administrative privilege, and the user does not choose to start the program using Run as administrator.","opcode":"Info","type":"wineventlog","version":2,"tags":["winlogbeat","beats_input_codec_plain_applied"],"thread_id":1494388,"@timestamp":"2018-12-27T12:44:37.117Z","event_id":4688,"task":"Process Creation","provider_guid":"{54849625-5478-4994-A5BA-3E3B0328C30D}","@version":"1","beat":{"hostname":"AZAD3-OOS01","name":"AZAD3-OOS01","version":"5.6.3"},"host":"AZAD3-OOS01","fields":{"logtype":"officeonline_event"},"source_name":"Microsoft-Windows-Security-Auditing"}
{"process_id":4,"computer_name":"AZAD3-OOS04.ad3.com","keywords":["Audit Success"],"level":"Information","log_name":"Security","record_number":"97871014","event_data":{"Status":"0x0","SubjectUserName":"AZAD3-OOS04$","ProcessName":"C:\\Windows\\System32\\wbem\\WmiApSrv.exe","SubjectDomainName":"AD3","SubjectLogonId":"0x3e7","ProcessId":"0xd9d30","SubjectUserSid":"S-1-5-18"},"message":"A process has exited.\n\nSubject:\n\tSecurity ID:\t\tS-1-5-18\n\tAccount Name:\t\tAZAD3-OOS04$\n\tAccount Domain:\t\tAD3\n\tLogon ID:\t\t0x3E7\n\nProcess Information:\n\tProcess ID:\t0xd9d30\n\tProcess Name:\tC:\\Windows\\System32\\wbem\\WmiApSrv.exe\n\tExit Status:\t0x0","opcode":"Info","type":"wineventlog","tags":["winlogbeat","beats_input_codec_plain_applied"],"thread_id":881336,"@timestamp":"2018-12-27T12:54:30.597Z","event_id":4689,"task":"Process Termination","provider_guid":"{54849625-5478-4994-A5BA-3E3B0328C30D}","@version":"1","beat":{"hostname":"AZAD3-OOS04","name":"AZAD3-OOS04","version":"5.6.3"},"host":"AZAD3-OOS04","fields":{"logtype":"officeonline_event"},"source_name":"Microsoft-Windows-Security-Auditing"}
{"computer_name":"AZAD3-OOS01.ad3.com","process_id":4,"keywords":["Audit Success"],"level":"Information","log_name":"Security","record_number":"106497733","event_data":{"Status":"0x0","SubjectUserName":"zabbixsvc$","ProcessName":"C:\\Windows\\System32\\WindowsPowerShell\\v1.0\\powershell.exe","SubjectDomainName":"AD3","SubjectLogonId":"0x29494","ProcessId":"0xd8998","SubjectUserSid":"S-1-5-21-2516547722-2112485390-2429236411-1185"},"message":"A process has exited.\n\nSubject:\n\tSecurity ID:\t\tS-1-5-21-2516547722-2112485390-2429236411-1185\n\tAccount Name:\t\tzabbixsvc$\n\tAccount Domain:\t\tAD3\n\tLogon ID:\t\t0x29494\n\nProcess Information:\n\tProcess ID:\t0xd8998\n\tProcess Name:\tC:\\Windows\\System32\\WindowsPowerShell\\v1.0\\powershell.exe\n\tExit Status:\t0x0","type":"wineventlog","opcode":"Info","tags":["winlogbeat","beats_input_codec_plain_applied"],"thread_id":962480,"@timestamp":"2018-12-27T12:51:43.372Z","task":"Process Termination","event_id":4689,"provider_guid":"{54849625-5478-4994-A5BA-3E3B0328C30D}","@version":"1","beat":{"hostname":"AZAD3-OOS01","name":"AZAD3-OOS01","version":"5.6.3"},"host":"AZAD3-OOS01","fields":{"logtype":"officeonline_event"},"source_name":"Microsoft-Windows-Security-Auditing"}
{"computer_name":"AZAD3-OOS03.ad3.com","process_id":4,"keywords":["Audit Success"],"log_name":"Security","level":"Information","record_number":"99307907","event_data":{"Status":"0x0","ProcessName":"C:\\Windows\\System32\\conhost.exe","SubjectUserName":"zabbixsvc$","SubjectDomainName":"AD3","ProcessId":"0x122b3c","SubjectLogonId":"0x37ea3","SubjectUserSid":"S-1-5-21-2516547722-2112485390-2429236411-1185"},"message":"A process has exited.\n\nSubject:\n\tSecurity ID:\t\tS-1-5-21-2516547722-2112485390-2429236411-1185\n\tAccount Name:\t\tzabbixsvc$\n\tAccount Domain:\t\tAD3\n\tLogon ID:\t\t0x37EA3\n\nProcess Information:\n\tProcess ID:\t0x122b3c\n\tProcess Name:\tC:\\Windows\\System32\\conhost.exe\n\tExit Status:\t0x0","type":"wineventlog","opcode":"Info","tags":["winlogbeat","beats_input_codec_plain_applied"],"thread_id":968812,"@timestamp":"2018-12-27T12:32:06.427Z","task":"Process Termination","event_id":4689,"provider_guid":"{54849625-5478-4994-A5BA-3E3B0328C30D}","@version":"1","beat":{"hostname":"AZAD3-OOS03","name":"AZAD3-OOS03","version":"5.6.3"},"host":"AZAD3-OOS03","fields":{"logtype":"officeonline_event"},"source_name":"Microsoft-Windows-Security-Auditing"}
{"computer_name":"AZAD3-OOS03.ad3.com","process_id":4,"keywords":["Audit Success"],"level":"Information","log_name":"Security","record_number":"99307804","event_data":{"Status":"0x1","ProcessName":"C:\\Program Files (x86)\\Tanium\\Tanium Client\\TaniumClient.exe","SubjectUserName":"AZAD3-OOS03$","SubjectDomainName":"AD3","SubjectLogonId":"0x3e7","ProcessId":"0xe2b44","SubjectUserSid":"S-1-5-18"},"message":"A process has exited.\n\nSubject:\n\tSecurity ID:\t\tS-1-5-18\n\tAccount Name:\t\tAZAD3-OOS03$\n\tAccount Domain:\t\tAD3\n\tLogon ID:\t\t0x3E7\n\nProcess Information:\n\tProcess ID:\t0xe2b44\n\tProcess Name:\tC:\\Program Files (x86)\\Tanium\\Tanium Client\\TaniumClient.exe\n\tExit Status:\t0x1","type":"wineventlog","opcode":"Info","tags":["winlogbeat","beats_input_codec_plain_applied"],"thread_id":1189464,"@timestamp":"2018-12-27T12:29:01.441Z","task":"Process Termination","event_id":4689,"provider_guid":"{54849625-5478-4994-A5BA-3E3B0328C30D}","@version":"1","beat":{"hostname":"AZAD3-OOS03","name":"AZAD3-OOS03","version":"5.6.3"},"host":"AZAD3-OOS03","fields":{"logtype":"officeonline_event"},"source_name":"Microsoft-Windows-Security-Auditing"}
{"process_id":4,"computer_name":"AZAD3-OOS02.ad3.com","keywords":["Audit Success"],"level":"Information","log_name":"Security","record_number":"98494728","event_data":{"Status":"0x0","ProcessName":"C:\\Windows\\System32\\WindowsPowerShell\\v1.0\\powershell.exe","SubjectUserName":"zabbixsvc$","SubjectDomainName":"AD3","SubjectLogonId":"0x1918c595bc","ProcessId":"0xd795c","SubjectUserSid":"S-1-5-21-2516547722-2112485390-2429236411-1185"},"message":"A process has exited.\n\nSubject:\n\tSecurity ID:\t\tS-1-5-21-2516547722-2112485390-2429236411-1185\n\tAccount Name:\t\tzabbixsvc$\n\tAccount Domain:\t\tAD3\n\tLogon ID:\t\t0x1918C595BC\n\nProcess Information:\n\tProcess ID:\t0xd795c\n\tProcess Name:\tC:\\Windows\\System32\\WindowsPowerShell\\v1.0\\powershell.exe\n\tExit Status:\t0x0","opcode":"Info","type":"wineventlog","tags":["winlogbeat","beats_input_codec_plain_applied"],"thread_id":880788,"@timestamp":"2018-12-27T12:52:15.422Z","event_id":4689,"task":"Process Termination","provider_guid":"{54849625-5478-4994-A5BA-3E3B0328C30D}","@version":"1","beat":{"hostname":"AZAD3-OOS02","name":"AZAD3-OOS02","version":"5.6.3"},"host":"AZAD3-OOS02","fields":{"logtype":"officeonline_event"},"source_name":"Microsoft-Windows-Security-Auditing"}
{"process_id":4,"computer_name":"AZAD3-OOS04.ad3.com","keywords":["Audit Success"],"level":"Information","log_name":"Security","record_number":"97865771","event_data":{"NewProcessId":"0xcafbc","TokenElevationType":"%%1936","SubjectLogonId":"0x2b49f","NewProcessName":"C:\\Windows\\System32\\WindowsPowerShell\\v1.0\\powershell.exe","TargetLogonId":"0x0","CommandLine":"powershell  -NoProfile -File C:\\AD365\\software\\Zabbix\\Scripts\\AppPoolsStatus.ps1 \"LocalCobalt\"","SubjectUserName":"zabbixsvc$","SubjectDomainName":"AD3","TargetUserName":"-","ProcessId":"0xd4a24","TargetDomainName":"-","SubjectUserSid":"S-1-5-21-2516547722-2112485390-2429236411-1185","TargetUserSid":"S-1-0-0"},"message":"A new process has been created.\n\nCreator Subject:\n\tSecurity ID:\t\tS-1-5-21-2516547722-2112485390-2429236411-1185\n\tAccount Name:\t\tzabbixsvc$\n\tAccount Domain:\t\tAD3\n\tLogon ID:\t\t0x2B49F\n\nTarget Subject:\n\tSecurity ID:\t\tS-1-0-0\n\tAccount Name:\t\t-\n\tAccount Domain:\t\t-\n\tLogon ID:\t\t0x0\n\nProcess Information:\n\tNew Process ID:\t\t0xcafbc\n\tNew Process Name:\tC:\\Windows\\System32\\WindowsPowerShell\\v1.0\\powershell.exe\n\tToken Elevation Type:\tTokenElevationTypeDefault (1)\n\tCreator Process ID:\t0xd4a24\n\tProcess Command Line:\tpowershell  -NoProfile -File C:\\AD365\\software\\Zabbix\\Scripts\\AppPoolsStatus.ps1 \"LocalCobalt\"\n\nToken Elevation Type indicates the type of token that was assigned to the new process in accordance with User Account Control policy.\n\nType 1 is a full token with no privileges removed or groups disabled.  A full token is only used if User Account Control is disabled or if the user is the built-in Administrator account or a service account.\n\nType 2 is an elevated token with no privileges removed or groups disabled.  An elevated token is used when User Account Control is enabled and the user chooses to start the program using Run as administrator.  An elevated token is also used when an application is configured to always require administrative privilege or to always require maximum privilege, and the user is a member of the Administrators group.\n\nType 3 is a limited token with administrative privileges removed and administrative groups disabled.  The limited token is used when User Account Control is enabled, the application does not require administrative privilege, and the user does not choose to start the program using Run as administrator.","opcode":"Info","type":"wineventlog","version":2,"tags":["winlogbeat","beats_input_codec_plain_applied"],"thread_id":866640,"@timestamp":"2018-12-27T12:26:59.498Z","event_id":4688,"task":"Process Creation","provider_guid":"{54849625-5478-4994-A5BA-3E3B0328C30D}","@version":"1","beat":{"hostname":"AZAD3-OOS04","name":"AZAD3-OOS04","version":"5.6.3"},"host":"AZAD3-OOS04","fields":{"logtype":"officeonline_event"},"source_name":"Microsoft-Windows-Security-Auditing"}
