{"computer_name":"azad3-dc01.ad3.com","process_id":628,"keywords":["Audit Success"],"log_name":"Security","level":"Information","record_number":"532869905","event_data":{"SubjectUserName":"spadmin","SubjectDomainName":"AD3","SubjectLogonId":"0x109c388aa8","SubjectUserSid":"S-1-5-21-2516547722-2112485390-2429236411-1106","PrivilegeList":"SeSecurityPrivilege\n\t\t\tSeBackupPrivilege\n\t\t\tSeRestorePrivilege\n\t\t\tSeTakeOwnershipPrivilege\n\t\t\tSeDebugPrivilege\n\t\t\tSeSystemEnvironmentPrivilege\n\t\t\tSeLoadDriverPrivilege\n\t\t\tSeImpersonatePrivilege\n\t\t\tSeDelegateSessionUserImpersonatePrivilege\n\t\t\tSeEnableDelegationPrivilege"},"message":"Special privileges assigned to new logon.\n\nSubject:\n\tSecurity ID:\t\tS-1-5-21-2516547722-2112485390-2429236411-1106\n\tAccount Name:\t\tspadmin\n\tAccount Domain:\t\tAD3\n\tLogon ID:\t\t0x109C388AA8\n\nPrivileges:\t\tSeSecurityPrivilege\n\t\t\tSeBackupPrivilege\n\t\t\tSeRestorePrivilege\n\t\t\tSeTakeOwnershipPrivilege\n\t\t\tSeDebugPrivilege\n\t\t\tSeSystemEnvironmentPrivilege\n\t\t\tSeLoadDriverPrivilege\n\t\t\tSeImpersonatePrivilege\n\t\t\tSeDelegateSessionUserImpersonatePrivilege\n\t\t\tSeEnableDelegationPrivilege","type":"wineventlog","opcode":"Info","tags":["winlogbeat","beats_input_codec_plain_applied"],"thread_id":60760,"@timestamp":"2019-04-04T12:01:13.161Z","event_id":4672,"task":"Special Logon","provider_guid":"{54849625-5478-4994-A5BA-3E3B0328C30D}","@version":"1","beat":{"hostname":"azad3-dc01","name":"azad3-dc01","version":"5.6.3"},"host":"azad3-dc01","fields":{"logtype":"dc_event"},"source_name":"Microsoft-Windows-Security-Auditing"}
{"computer_name":"azad3-dc01.ad3.com","process_id":628,"keywords":["Audit Success"],"log_name":"Security","level":"Information","record_number":"532866356","event_data":{"TargetLogonId":"0x109c323ee1","LogonType":"3","TargetUserName":"spadmin","TargetDomainName":"AD3","TargetUserSid":"S-1-5-21-2516547722-2112485390-2429236411-1106"},"message":"An account was logged off.\n\nSubject:\n\tSecurity ID:\t\tS-1-5-21-2516547722-2112485390-2429236411-1106\n\tAccount Name:\t\tspadmin\n\tAccount Domain:\t\tAD3\n\tLogon ID:\t\t0x109C323EE1\n\nLogon Type:\t\t\t3\n\nThis event is generated when a logon session is destroyed. It may be positively correlated with a logon event using the Logon ID value. Logon IDs are only unique between reboots on the same computer.","opcode":"Info","type":"wineventlog","tags":["winlogbeat","beats_input_codec_plain_applied"],"thread_id":75744,"@timestamp":"2019-04-04T11:55:16.813Z","event_id":4634,"task":"Logoff","provider_guid":"{54849625-5478-4994-A5BA-3E3B0328C30D}","@version":"1","beat":{"hostname":"azad3-dc01","name":"azad3-dc01","version":"5.6.3"},"host":"azad3-dc01","fields":{"logtype":"dc_event"},"source_name":"Microsoft-Windows-Security-Auditing"}
{"process_id":604,"computer_name":"azad3-dc02.ad3.com","keywords":["Audit Success"],"level":"Information","log_name":"Security","record_number":"407658680","event_data":{"Status":"0x0","TicketEncryptionType":"0x12","LogonGuid":"{4AB48828-7455-294B-3989-F9C997BFC00D}","ServiceName":"AZAD3-HTMLSRV10$","TicketOptions":"0x40810000","IpAddress":"::ffff:10.183.201.42","IpPort":"55140","ServiceSid":"S-1-5-21-2516547722-2112485390-2429236411-2105","TargetUserName":"htmlservice@AD3.COM","TransmittedServices":"-","TargetDomainName":"AD3.COM"},"message":"A Kerberos service ticket was requested.\n\nAccount Information:\n\tAccount Name:\t\thtmlservice@AD3.COM\n\tAccount Domain:\t\tAD3.COM\n\tLogon GUID:\t\t{4AB48828-7455-294B-3989-F9C997BFC00D}\n\nService Information:\n\tService Name:\t\tAZAD3-HTMLSRV10$\n\tService ID:\t\tS-1-5-21-2516547722-2112485390-2429236411-2105\n\nNetwork Information:\n\tClient Address:\t\t::ffff:10.183.201.42\n\tClient Port:\t\t55140\n\nAdditional Information:\n\tTicket Options:\t\t0x40810000\n\tTicket Encryption Type:\t0x12\n\tFailure Code:\t\t0x0\n\tTransited Services:\t-\n\nThis event is generated every time access is requested to a resource such as a computer or a Windows service.  The service name indicates the resource to which access was requested.\n\nThis event can be correlated with Windows logon events by comparing the Logon GUID fields in each event.  The logon event occurs on the machine that was accessed, which is often a different machine than the domain controller which issued the service ticket.\n\nTicket options, encryption types, and failure codes are defined in RFC 4120.","type":"wineventlog","opcode":"Info","tags":["winlogbeat","beats_input_codec_plain_applied"],"thread_id":10288,"@timestamp":"2019-04-04T12:14:57.433Z","task":"Kerberos Service Ticket Operations","event_id":4769,"provider_guid":"{54849625-5478-4994-A5BA-3E3B0328C30D}","@version":"1","beat":{"hostname":"azad3-dc02","name":"azad3-dc02","version":"5.6.3"},"host":"azad3-dc02","fields":{"logtype":"dc_event"},"source_name":"Microsoft-Windows-Security-Auditing"}
{"computer_name":"azad3-dc02.ad3.com","process_id":604,"keywords":["Audit Success"],"level":"Information","log_name":"Security","record_number":"407591162","event_data":{"TargetLogonId":"0x99a8c075d","SubjectUserName":"-","LogonType":"3","EventCountTotal":"1","GroupMembership":"\n\t\t%{S-1-5-21-2516547722-2112485390-2429236411-513}\n\t\t%{S-1-1-0}\n\t\t%{S-1-5-32-545}\n\t\t%{S-1-5-32-554}\n\t\t%{S-1-5-32-544}\n\t\t%{S-1-5-2}\n\t\t%{S-1-5-11}\n\t\t%{S-1-5-15}\n\t\t%{S-1-5-21-2516547722-2112485390-2429236411-512}\n\t\t%{S-1-18-1}\n\t\t%{S-1-5-21-2516547722-2112485390-2429236411-572}\n\t\t%{S-1-16-12288}","SubjectDomainName":"-","TargetUserName":"spadmin","SubjectLogonId":"0x0","TargetDomainName":"AD3.COM","SubjectUserSid":"S-1-0-0","EventIdx":"1","TargetUserSid":"S-1-5-21-2516547722-2112485390-2429236411-1106"},"message":"Group membership information.\n\nSubject:\n\tSecurity ID:\t\tS-1-0-0\n\tAccount Name:\t\t-\n\tAccount Domain:\t\t-\n\tLogon ID:\t\t0x0\n\nLogon Type:\t\t\t3\n\nNew Logon:\n\tSecurity ID:\t\tS-1-5-21-2516547722-2112485390-2429236411-1106\n\tAccount Name:\t\tspadmin\n\tAccount Domain:\t\tAD3.COM\n\tLogon ID:\t\t0x99A8C075D\n\nEvent in sequence:\t\t1 of 1\n\nGroup Membership:\t\t\t\n\t\t%{S-1-5-21-2516547722-2112485390-2429236411-513}\n\t\t%{S-1-1-0}\n\t\t%{S-1-5-32-545}\n\t\t%{S-1-5-32-554}\n\t\t%{S-1-5-32-544}\n\t\t%{S-1-5-2}\n\t\t%{S-1-5-11}\n\t\t%{S-1-5-15}\n\t\t%{S-1-5-21-2516547722-2112485390-2429236411-512}\n\t\t%{S-1-18-1}\n\t\t%{S-1-5-21-2516547722-2112485390-2429236411-572}\n\t\t%{S-1-16-12288}\n\nThe subject fields indicate the account on the local system which requested the logon. This is most commonly a service such as the Server service, or a local process such as Winlogon.exe or Services.exe.\n\nThe logon type field indicates the kind of logon that occurred. The most common types are 2 (interactive) and 3 (network).\n\nThe New Logon fields indicate the account for whom the new logon was created, i.e. the account that was logged on.\n\nThis event is generated when the Audit Group Membership subcategory is configured.  The Logon ID field can be used to correlate this event with the corresponding user logon event as well as to any other security audit events generated during this logon session.","opcode":"Info","type":"wineventlog","tags":["winlogbeat","beats_input_codec_plain_applied"],"thread_id":7940,"@timestamp":"2019-04-04T09:19:28.894Z","task":"Group Membership","event_id":4627,"provider_guid":"{54849625-5478-4994-A5BA-3E3B0328C30D}","@version":"1","beat":{"hostname":"azad3-dc02","name":"azad3-dc02","version":"5.6.3"},"host":"azad3-dc02","fields":{"logtype":"dc_event"},"source_name":"Microsoft-Windows-Security-Auditing"}
{"computer_name":"azad3-dc01.ad3.com","process_id":628,"keywords":["Audit Success"],"log_name":"Security","level":"Information","record_number":"532875613","event_data":{"PreAuthType":"2","Status":"0x0","TicketEncryptionType":"0x12","ServiceName":"krbtgt","TicketOptions":"0x40810010","TargetSid":"S-1-5-21-2516547722-2112485390-2429236411-1104","IpPort":"63219","ServiceSid":"S-1-5-21-2516547722-2112485390-2429236411-502","IpAddress":"::ffff:10.183.200.81","TargetUserName":"admin","TargetDomainName":"AD3"},"message":"A Kerberos authentication ticket (TGT) was requested.\n\nAccount Information:\n\tAccount Name:\t\tadmin\n\tSupplied Realm Name:\tAD3\n\tUser ID:\t\t\tS-1-5-21-2516547722-2112485390-2429236411-1104\n\nService Information:\n\tService Name:\t\tkrbtgt\n\tService ID:\t\tS-1-5-21-2516547722-2112485390-2429236411-502\n\nNetwork Information:\n\tClient Address:\t\t::ffff:10.183.200.81\n\tClient Port:\t\t63219\n\nAdditional Information:\n\tTicket Options:\t\t0x40810010\n\tResult Code:\t\t0x0\n\tTicket Encryption Type:\t0x12\n\tPre-Authentication Type:\t2\n\nCertificate Information:\n\tCertificate Issuer Name:\t\t\n\tCertificate Serial Number:\t\n\tCertificate Thumbprint:\t\t\n\nCertificate information is only provided if a certificate was used for pre-authentication.\n\nPre-authentication types, ticket options, encryption types and result codes are defined in RFC 4120.","type":"wineventlog","opcode":"Info","tags":["winlogbeat","beats_input_codec_plain_applied"],"thread_id":74748,"@timestamp":"2019-04-04T12:11:01.072Z","event_id":4768,"task":"Kerberos Authentication Service","provider_guid":"{54849625-5478-4994-A5BA-3E3B0328C30D}","@version":"1","beat":{"hostname":"azad3-dc01","name":"azad3-dc01","version":"5.6.3"},"host":"azad3-dc01","fields":{"logtype":"dc_event"},"source_name":"Microsoft-Windows-Security-Auditing"}
{"computer_name":"azad3-dc01.ad3.com","process_id":628,"keywords":["Audit Success"],"level":"Information","log_name":"Security","record_number":"532870462","event_data":{"TargetLogonId":"0x109c39baa3","LogonType":"3","TargetUserName":"spadmin","TargetDomainName":"AD3","TargetUserSid":"S-1-5-21-2516547722-2112485390-2429236411-1106"},"message":"An account was logged off.\n\nSubject:\n\tSecurity ID:\t\tS-1-5-21-2516547722-2112485390-2429236411-1106\n\tAccount Name:\t\tspadmin\n\tAccount Domain:\t\tAD3\n\tLogon ID:\t\t0x109C39BAA3\n\nLogon Type:\t\t\t3\n\nThis event is generated when a logon session is destroyed. It may be positively correlated with a logon event using the Logon ID value. Logon IDs are only unique between reboots on the same computer.","type":"wineventlog","opcode":"Info","tags":["winlogbeat","beats_input_codec_plain_applied"],"thread_id":75744,"@timestamp":"2019-04-04T12:02:10.215Z","event_id":4634,"task":"Logoff","provider_guid":"{54849625-5478-4994-A5BA-3E3B0328C30D}","@version":"1","beat":{"hostname":"azad3-dc01","name":"azad3-dc01","version":"5.6.3"},"host":"azad3-dc01","fields":{"logtype":"dc_event"},"source_name":"Microsoft-Windows-Security-Auditing"}
{"process_id":628,"computer_name":"azad3-dc01.ad3.com","keywords":["Audit Success"],"level":"Information","log_name":"Security","record_number":"532877415","event_data":{"Status":"0x0","PreAuthType":"2","TicketEncryptionType":"0x12","ServiceName":"krbtgt","TicketOptions":"0x40810010","TargetSid":"S-1-5-21-2516547722-2112485390-2429236411-1104","ServiceSid":"S-1-5-21-2516547722-2112485390-2429236411-502","IpAddress":"::ffff:10.183.200.81","IpPort":"64934","TargetUserName":"admin","TargetDomainName":"AD3"},"message":"A Kerberos authentication ticket (TGT) was requested.\n\nAccount Information:\n\tAccount Name:\t\tadmin\n\tSupplied Realm Name:\tAD3\n\tUser ID:\t\t\tS-1-5-21-2516547722-2112485390-2429236411-1104\n\nService Information:\n\tService Name:\t\tkrbtgt\n\tService ID:\t\tS-1-5-21-2516547722-2112485390-2429236411-502\n\nNetwork Information:\n\tClient Address:\t\t::ffff:10.183.200.81\n\tClient Port:\t\t64934\n\nAdditional Information:\n\tTicket Options:\t\t0x40810010\n\tResult Code:\t\t0x0\n\tTicket Encryption Type:\t0x12\n\tPre-Authentication Type:\t2\n\nCertificate Information:\n\tCertificate Issuer Name:\t\t\n\tCertificate Serial Number:\t\n\tCertificate Thumbprint:\t\t\n\nCertificate information is only provided if a certificate was used for pre-authentication.\n\nPre-authentication types, ticket options, encryption types and result codes are defined in RFC 4120.","type":"wineventlog","opcode":"Info","tags":["winlogbeat","beats_input_codec_plain_applied"],"thread_id":74700,"@timestamp":"2019-04-04T12:14:02.452Z","task":"Kerberos Authentication Service","event_id":4768,"provider_guid":"{54849625-5478-4994-A5BA-3E3B0328C30D}","@version":"1","beat":{"hostname":"azad3-dc01","name":"azad3-dc01","version":"5.6.3"},"host":"azad3-dc01","fields":{"logtype":"dc_event"},"source_name":"Microsoft-Windows-Security-Auditing"}
{"process_id":628,"computer_name":"azad3-dc01.ad3.com","keywords":["Audit Failure"],"level":"Information","log_name":"Security","record_number":"532880666","event_data":{"Workstation":"MSTSC","Status":"0xc0000064","PackageName":"MICROSOFT_AUTHENTICATION_PACKAGE_V1_0","TargetUserName":"pos"},"message":"The computer attempted to validate the credentials for an account.\n\nAuthentication Package:\tMICROSOFT_AUTHENTICATION_PACKAGE_V1_0\nLogon Account:\tpos\nSource Workstation:\tMSTSC\nError Code:\t0xC0000064","type":"wineventlog","opcode":"Info","tags":["winlogbeat","beats_input_codec_plain_applied"],"thread_id":65036,"@timestamp":"2019-04-04T12:18:56.155Z","task":"Credential Validation","event_id":4776,"provider_guid":"{54849625-5478-4994-A5BA-3E3B0328C30D}","@version":"1","beat":{"hostname":"azad3-dc01","name":"azad3-dc01","version":"5.6.3"},"host":"azad3-dc01","fields":{"logtype":"dc_event"},"source_name":"Microsoft-Windows-Security-Auditing"}
{"process_id":628,"computer_name":"azad3-dc01.ad3.com","keywords":["Audit Success"],"log_name":"Security","level":"Information","record_number":"532881834","event_data":{"TargetLogonId":"0x109c5b6065","LogonType":"3","TargetUserName":"AZAD3-ADFS02$","TargetDomainName":"AD3","TargetUserSid":"S-1-5-21-2516547722-2112485390-2429236411-1605"},"message":"An account was logged off.\n\nSubject:\n\tSecurity ID:\t\tS-1-5-21-2516547722-2112485390-2429236411-1605\n\tAccount Name:\t\tAZAD3-ADFS02$\n\tAccount Domain:\t\tAD3\n\tLogon ID:\t\t0x109C5B6065\n\nLogon Type:\t\t\t3\n\nThis event is generated when a logon session is destroyed. It may be positively correlated with a logon event using the Logon ID value. Logon IDs are only unique between reboots on the same computer.","type":"wineventlog","opcode":"Info","tags":["winlogbeat","beats_input_codec_plain_applied"],"thread_id":72296,"@timestamp":"2019-04-04T12:20:20.002Z","event_id":4634,"task":"Logoff","provider_guid":"{54849625-5478-4994-A5BA-3E3B0328C30D}","@version":"1","beat":{"hostname":"azad3-dc01","name":"azad3-dc01","version":"5.6.3"},"host":"azad3-dc01","fields":{"logtype":"dc_event"},"source_name":"Microsoft-Windows-Security-Auditing"}
{"process_id":4,"computer_name":"azad3-dc01.ad3.com","keywords":["Audit Success"],"log_name":"Security","level":"Information","record_number":"532875991","event_data":{"ObjectType":"Token","SubjectUserName":"azad3-dc01$","ProcessName":"C:\\Windows\\System32\\svchost.exe","OldSd":"D:(A;;GA;;;SY)(A;;GA;;;LS)","ObjectServer":"Security","HandleId":"0x6c78","SubjectDomainName":"AD3","SubjectLogonId":"0x3e7","NewSd":"D:(A;;GA;;;SY)(A;;RC;;;OW)(A;;GA;;;S-1-5-86-1544737700-199408000-2549878335-3519669259-381336952)","ProcessId":"0x51c","SubjectUserSid":"S-1-5-18","ObjectName":"-"},"message":"Permissions on an object were changed.\n\nSubject:\n\tSecurity ID:\t\tS-1-5-18\n\tAccount Name:\t\tazad3-dc01$\n\tAccount Domain:\t\tAD3\n\tLogon ID:\t\t0x3E7\n\nObject:\n\tObject Server:\tSecurity\n\tObject Type:\tToken\n\tObject Name:\t-\n\tHandle ID:\t0x6c78\n\nProcess:\n\tProcess ID:\t0x51c\n\tProcess Name:\tC:\\Windows\\System32\\svchost.exe\n\nPermissions Change:\n\tOriginal Security Descriptor:\tD:(A;;GA;;;SY)(A;;GA;;;LS)\n\tNew Security Descriptor:\tD:(A;;GA;;;SY)(A;;RC;;;OW)(A;;GA;;;S-1-5-86-1544737700-199408000-2549878335-3519669259-381336952)","opcode":"Info","type":"wineventlog","tags":["winlogbeat","beats_input_codec_plain_applied"],"thread_id":74620,"@timestamp":"2019-04-04T12:11:45.325Z","event_id":4670,"task":"Authorization Policy Change","provider_guid":"{54849625-5478-4994-A5BA-3E3B0328C30D}","@version":"1","beat":{"hostname":"azad3-dc01","name":"azad3-dc01","version":"5.6.3"},"host":"azad3-dc01","fields":{"logtype":"dc_event"},"source_name":"Microsoft-Windows-Security-Auditing"}
{"computer_name":"azad3-dc01.ad3.com","process_id":628,"keywords":["Audit Success"],"level":"Information","log_name":"Security","record_number":"532798717","event_data":{"Status":"0x0","PreAuthType":"2","TicketEncryptionType":"0x12","ServiceName":"krbtgt","TicketOptions":"0x40810010","TargetSid":"S-1-5-21-2516547722-2112485390-2429236411-1104","IpPort":"55250","IpAddress":"::ffff:10.183.200.81","ServiceSid":"S-1-5-21-2516547722-2112485390-2429236411-502","TargetUserName":"admin","TargetDomainName":"AD3"},"message":"A Kerberos authentication ticket (TGT) was requested.\n\nAccount Information:\n\tAccount Name:\t\tadmin\n\tSupplied Realm Name:\tAD3\n\tUser ID:\t\t\tS-1-5-21-2516547722-2112485390-2429236411-1104\n\nService Information:\n\tService Name:\t\tkrbtgt\n\tService ID:\t\tS-1-5-21-2516547722-2112485390-2429236411-502\n\nNetwork Information:\n\tClient Address:\t\t::ffff:10.183.200.81\n\tClient Port:\t\t55250\n\nAdditional Information:\n\tTicket Options:\t\t0x40810010\n\tResult Code:\t\t0x0\n\tTicket Encryption Type:\t0x12\n\tPre-Authentication Type:\t2\n\nCertificate Information:\n\tCertificate Issuer Name:\t\t\n\tCertificate Serial Number:\t\n\tCertificate Thumbprint:\t\t\n\nCertificate information is only provided if a certificate was used for pre-authentication.\n\nPre-authentication types, ticket options, encryption types and result codes are defined in RFC 4120.","type":"wineventlog","opcode":"Info","tags":["winlogbeat","beats_input_codec_plain_applied"],"thread_id":74748,"@timestamp":"2019-04-04T09:47:01.379Z","task":"Kerberos Authentication Service","event_id":4768,"provider_guid":"{54849625-5478-4994-A5BA-3E3B0328C30D}","@version":"1","beat":{"hostname":"azad3-dc01","name":"azad3-dc01","version":"5.6.3"},"host":"azad3-dc01","fields":{"logtype":"dc_event"},"source_name":"Microsoft-Windows-Security-Auditing"}
{"process_id":4,"computer_name":"azad3-dc01.ad3.com","keywords":["Audit Success"],"log_name":"Security","level":"Information","record_number":"532873281","event_data":{"MandatoryLabel":"S-1-16-16384","ParentProcessName":"C:\\Program Files (x86)\\Tanium\\Tanium Client\\TaniumClient.exe","NewProcessId":"0x11d9c","TokenElevationType":"%%1936","SubjectLogonId":"0x3e7","NewProcessName":"C:\\Windows\\SysWOW64\\cmd.exe","TargetLogonId":"0x0","SubjectUserName":"azad3-dc01$","CommandLine":"cmd /c cscript install-tanium-trace-tools.vbs","SubjectDomainName":"AD3","ProcessId":"0x1241c","TargetUserName":"-","TargetDomainName":"-","SubjectUserSid":"S-1-5-18","TargetUserSid":"S-1-0-0"},"message":"A new process has been created.\n\nCreator Subject:\n\tSecurity ID:\t\tS-1-5-18\n\tAccount Name:\t\tazad3-dc01$\n\tAccount Domain:\t\tAD3\n\tLogon ID:\t\t0x3E7\n\nTarget Subject:\n\tSecurity ID:\t\tS-1-0-0\n\tAccount Name:\t\t-\n\tAccount Domain:\t\t-\n\tLogon ID:\t\t0x0\n\nProcess Information:\n\tNew Process ID:\t\t0x11d9c\n\tNew Process Name:\tC:\\Windows\\SysWOW64\\cmd.exe\n\tToken Elevation Type:\t%%1936\n\tMandatory Label:\t\tS-1-16-16384\n\tCreator Process ID:\t0x1241c\n\tCreator Process Name:\tC:\\Program Files (x86)\\Tanium\\Tanium Client\\TaniumClient.exe\n\tProcess Command Line:\tcmd /c cscript install-tanium-trace-tools.vbs\n\nToken Elevation Type indicates the type of token that was assigned to the new process in accordance with User Account Control policy.\n\nType 1 is a full token with no privileges removed or groups disabled.  A full token is only used if User Account Control is disabled or if the user is the built-in Administrator account or a service account.\n\nType 2 is an elevated token with no privileges removed or groups disabled.  An elevated token is used when User Account Control is enabled and the user chooses to start the program using Run as administrator.  An elevated token is also used when an application is configured to always require administrative privilege or to always require maximum privilege, and the user is a member of the Administrators group.\n\nType 3 is a limited token with administrative privileges removed and administrative groups disabled.  The limited token is used when User Account Control is enabled, the application does not require administrative privilege, and the user does not choose to start the program using Run as administrator.","type":"wineventlog","opcode":"Info","version":2,"tags":["winlogbeat","beats_input_codec_plain_applied"],"thread_id":66500,"@timestamp":"2019-04-04T12:07:05.417Z","task":"Process Creation","event_id":4688,"provider_guid":"{54849625-5478-4994-A5BA-3E3B0328C30D}","@version":"1","beat":{"hostname":"azad3-dc01","name":"azad3-dc01","version":"5.6.3"},"host":"azad3-dc01","fields":{"logtype":"dc_event"},"source_name":"Microsoft-Windows-Security-Auditing"}
{"computer_name":"azad3-dc01.ad3.com","process_id":628,"keywords":["Audit Success"],"level":"Information","log_name":"Security","record_number":"532784395","event_data":{"Status":"0x0","Workstation":"azad3-wfe22","PackageName":"MICROSOFT_AUTHENTICATION_PACKAGE_V1_0","TargetUserName":"spservices"},"message":"The computer attempted to validate the credentials for an account.\n\nAuthentication Package:\tMICROSOFT_AUTHENTICATION_PACKAGE_V1_0\nLogon Account:\tspservices\nSource Workstation:\tazad3-wfe22\nError Code:\t0x0","opcode":"Info","type":"wineventlog","tags":["winlogbeat","beats_input_codec_plain_applied"],"thread_id":75744,"@timestamp":"2019-04-04T09:15:19.074Z","task":"Credential Validation","event_id":4776,"provider_guid":"{54849625-5478-4994-A5BA-3E3B0328C30D}","@version":"1","beat":{"hostname":"azad3-dc01","name":"azad3-dc01","version":"5.6.3"},"host":"azad3-dc01","fields":{"logtype":"dc_event"},"source_name":"Microsoft-Windows-Security-Auditing"}
{"computer_name":"azad3-dc01.ad3.com","process_id":628,"keywords":["Audit Success"],"level":"Information","log_name":"Security","record_number":"532867558","event_data":{"PreAuthType":"2","Status":"0x0","TicketEncryptionType":"0x12","ServiceName":"krbtgt","TicketOptions":"0x40810010","TargetSid":"S-1-5-21-2516547722-2112485390-2429236411-1104","IpAddress":"::ffff:10.183.200.64","ServiceSid":"S-1-5-21-2516547722-2112485390-2429236411-502","IpPort":"64634","TargetUserName":"admin","TargetDomainName":"ad3"},"message":"A Kerberos authentication ticket (TGT) was requested.\n\nAccount Information:\n\tAccount Name:\t\tadmin\n\tSupplied Realm Name:\tad3\n\tUser ID:\t\t\tS-1-5-21-2516547722-2112485390-2429236411-1104\n\nService Information:\n\tService Name:\t\tkrbtgt\n\tService ID:\t\tS-1-5-21-2516547722-2112485390-2429236411-502\n\nNetwork Information:\n\tClient Address:\t\t::ffff:10.183.200.64\n\tClient Port:\t\t64634\n\nAdditional Information:\n\tTicket Options:\t\t0x40810010\n\tResult Code:\t\t0x0\n\tTicket Encryption Type:\t0x12\n\tPre-Authentication Type:\t2\n\nCertificate Information:\n\tCertificate Issuer Name:\t\t\n\tCertificate Serial Number:\t\n\tCertificate Thumbprint:\t\t\n\nCertificate information is only provided if a certificate was used for pre-authentication.\n\nPre-authentication types, ticket options, encryption types and result codes are defined in RFC 4120.","type":"wineventlog","opcode":"Info","tags":["winlogbeat","beats_input_codec_plain_applied"],"thread_id":74700,"@timestamp":"2019-04-04T11:57:43.013Z","event_id":4768,"task":"Kerberos Authentication Service","provider_guid":"{54849625-5478-4994-A5BA-3E3B0328C30D}","@version":"1","beat":{"hostname":"azad3-dc01","name":"azad3-dc01","version":"5.6.3"},"host":"azad3-dc01","fields":{"logtype":"dc_event"},"source_name":"Microsoft-Windows-Security-Auditing"}
{"computer_name":"azad3-dc01.ad3.com","process_id":628,"keywords":["Audit Success"],"log_name":"Security","level":"Information","record_number":"532875655","event_data":{"TargetLogonId":"0x109c5211fa","SubjectUserName":"-","LogonType":"3","EventCountTotal":"1","GroupMembership":"\n\t\t%{S-1-5-21-2516547722-2112485390-2429236411-513}\n\t\t%{S-1-1-0}\n\t\t%{S-1-5-32-545}\n\t\t%{S-1-5-32-554}\n\t\t%{S-1-5-32-544}\n\t\t%{S-1-5-2}\n\t\t%{S-1-5-11}\n\t\t%{S-1-5-15}\n\t\t%{S-1-5-21-2516547722-2112485390-2429236411-512}\n\t\t%{S-1-18-1}\n\t\t%{S-1-5-21-2516547722-2112485390-2429236411-572}\n\t\t%{S-1-16-12288}","SubjectDomainName":"-","SubjectLogonId":"0x0","TargetUserName":"spadmin","TargetDomainName":"AD3.COM","EventIdx":"1","SubjectUserSid":"S-1-0-0","TargetUserSid":"S-1-5-21-2516547722-2112485390-2429236411-1106"},"message":"Group membership information.\n\nSubject:\n\tSecurity ID:\t\tS-1-0-0\n\tAccount Name:\t\t-\n\tAccount Domain:\t\t-\n\tLogon ID:\t\t0x0\n\nLogon Type:\t\t\t3\n\nNew Logon:\n\tSecurity ID:\t\tS-1-5-21-2516547722-2112485390-2429236411-1106\n\tAccount Name:\t\tspadmin\n\tAccount Domain:\t\tAD3.COM\n\tLogon ID:\t\t0x109C5211FA\n\nEvent in sequence:\t\t1 of 1\n\nGroup Membership:\t\t\t\n\t\t%{S-1-5-21-2516547722-2112485390-2429236411-513}\n\t\t%{S-1-1-0}\n\t\t%{S-1-5-32-545}\n\t\t%{S-1-5-32-554}\n\t\t%{S-1-5-32-544}\n\t\t%{S-1-5-2}\n\t\t%{S-1-5-11}\n\t\t%{S-1-5-15}\n\t\t%{S-1-5-21-2516547722-2112485390-2429236411-512}\n\t\t%{S-1-18-1}\n\t\t%{S-1-5-21-2516547722-2112485390-2429236411-572}\n\t\t%{S-1-16-12288}\n\nThe subject fields indicate the account on the local system which requested the logon. This is most commonly a service such as the Server service, or a local process such as Winlogon.exe or Services.exe.\n\nThe logon type field indicates the kind of logon that occurred. The most common types are 2 (interactive) and 3 (network).\n\nThe New Logon fields indicate the account for whom the new logon was created, i.e. the account that was logged on.\n\nThis event is generated when the Audit Group Membership subcategory is configured.  The Logon ID field can be used to correlate this event with the corresponding user logon event as well as to any other security audit events generated during this logon session.","opcode":"Info","type":"wineventlog","tags":["winlogbeat","beats_input_codec_plain_applied"],"thread_id":74748,"@timestamp":"2019-04-04T12:11:01.908Z","task":"Group Membership","event_id":4627,"provider_guid":"{54849625-5478-4994-A5BA-3E3B0328C30D}","@version":"1","beat":{"hostname":"azad3-dc01","name":"azad3-dc01","version":"5.6.3"},"host":"azad3-dc01","fields":{"logtype":"dc_event"},"source_name":"Microsoft-Windows-Security-Auditing"}
{"computer_name":"azad3-dc01.ad3.com","process_id":628,"keywords":["Audit Success"],"level":"Information","log_name":"Security","record_number":"532869497","event_data":{"TargetLogonId":"0x109c3824e8","LogonType":"3","TargetUserName":"deployuser","TargetDomainName":"AD3","TargetUserSid":"S-1-5-21-2516547722-2112485390-2429236411-1134"},"message":"An account was logged off.\n\nSubject:\n\tSecurity ID:\t\tS-1-5-21-2516547722-2112485390-2429236411-1134\n\tAccount Name:\t\tdeployuser\n\tAccount Domain:\t\tAD3\n\tLogon ID:\t\t0x109C3824E8\n\nLogon Type:\t\t\t3\n\nThis event is generated when a logon session is destroyed. It may be positively correlated with a logon event using the Logon ID value. Logon IDs are only unique between reboots on the same computer.","opcode":"Info","type":"wineventlog","tags":["winlogbeat","beats_input_codec_plain_applied"],"thread_id":69972,"@timestamp":"2019-04-04T12:00:30.069Z","task":"Logoff","event_id":4634,"provider_guid":"{54849625-5478-4994-A5BA-3E3B0328C30D}","@version":"1","beat":{"hostname":"azad3-dc01","name":"azad3-dc01","version":"5.6.3"},"host":"azad3-dc01","fields":{"logtype":"dc_event"},"source_name":"Microsoft-Windows-Security-Auditing"}
{"computer_name":"azad3-dc01.ad3.com","process_id":628,"keywords":["Audit Success"],"log_name":"Security","level":"Information","record_number":"532862057","event_data":{"Status":"0x0","TicketEncryptionType":"0x12","LogonGuid":"{E80BAC91-1E18-B588-11FC-C01CD086ED9C}","ServiceName":"AZAD3-WFE11$","TicketOptions":"0x40810000","IpAddress":"::ffff:10.183.200.81","ServiceSid":"S-1-5-21-2516547722-2112485390-2429236411-2101","IpPort":"52087","TransmittedServices":"-","TargetUserName":"admin@AD3.COM","TargetDomainName":"AD3.COM"},"message":"A Kerberos service ticket was requested.\n\nAccount Information:\n\tAccount Name:\t\tadmin@AD3.COM\n\tAccount Domain:\t\tAD3.COM\n\tLogon GUID:\t\t{E80BAC91-1E18-B588-11FC-C01CD086ED9C}\n\nService Information:\n\tService Name:\t\tAZAD3-WFE11$\n\tService ID:\t\tS-1-5-21-2516547722-2112485390-2429236411-2101\n\nNetwork Information:\n\tClient Address:\t\t::ffff:10.183.200.81\n\tClient Port:\t\t52087\n\nAdditional Information:\n\tTicket Options:\t\t0x40810000\n\tTicket Encryption Type:\t0x12\n\tFailure Code:\t\t0x0\n\tTransited Services:\t-\n\nThis event is generated every time access is requested to a resource such as a computer or a Windows service.  The service name indicates the resource to which access was requested.\n\nThis event can be correlated with Windows logon events by comparing the Logon GUID fields in each event.  The logon event occurs on the machine that was accessed, which is often a different machine than the domain controller which issued the service ticket.\n\nTicket options, encryption types, and failure codes are defined in RFC 4120.","type":"wineventlog","opcode":"Info","tags":["winlogbeat","beats_input_codec_plain_applied"],"thread_id":60760,"@timestamp":"2019-04-04T11:49:01.954Z","task":"Kerberos Service Ticket Operations","event_id":4769,"provider_guid":"{54849625-5478-4994-A5BA-3E3B0328C30D}","@version":"1","beat":{"hostname":"azad3-dc01","name":"azad3-dc01","version":"5.6.3"},"host":"azad3-dc01","fields":{"logtype":"dc_event"},"source_name":"Microsoft-Windows-Security-Auditing"}
{"computer_name":"azad3-dc01.ad3.com","process_id":4,"keywords":["Audit Success"],"level":"Information","log_name":"Security","record_number":"532800931","event_data":{"ObjectType":"Token","ProcessName":"C:\\Windows\\System32\\svchost.exe","SubjectUserName":"azad3-dc01$","OldSd":"D:(A;;GA;;;SY)(A;;GA;;;NS)","ObjectServer":"Security","SubjectDomainName":"AD3","HandleId":"0x74b8","NewSd":"D:(A;;GA;;;SY)(A;;RC;;;OW)(A;;GA;;;S-1-5-86-615999462-62705297-2911207457-59056572-3668589837)","SubjectLogonId":"0x3e7","ProcessId":"0x51c","SubjectUserSid":"S-1-5-18","ObjectName":"-"},"message":"Permissions on an object were changed.\n\nSubject:\n\tSecurity ID:\t\tS-1-5-18\n\tAccount Name:\t\tazad3-dc01$\n\tAccount Domain:\t\tAD3\n\tLogon ID:\t\t0x3E7\n\nObject:\n\tObject Server:\tSecurity\n\tObject Type:\tToken\n\tObject Name:\t-\n\tHandle ID:\t0x74b8\n\nProcess:\n\tProcess ID:\t0x51c\n\tProcess Name:\tC:\\Windows\\System32\\svchost.exe\n\nPermissions Change:\n\tOriginal Security Descriptor:\tD:(A;;GA;;;SY)(A;;GA;;;NS)\n\tNew Security Descriptor:\tD:(A;;GA;;;SY)(A;;RC;;;OW)(A;;GA;;;S-1-5-86-615999462-62705297-2911207457-59056572-3668589837)","type":"wineventlog","opcode":"Info","tags":["winlogbeat","beats_input_codec_plain_applied"],"thread_id":70812,"@timestamp":"2019-04-04T09:51:45.271Z","task":"Authorization Policy Change","event_id":4670,"provider_guid":"{54849625-5478-4994-A5BA-3E3B0328C30D}","@version":"1","beat":{"hostname":"azad3-dc01","name":"azad3-dc01","version":"5.6.3"},"host":"azad3-dc01","fields":{"logtype":"dc_event"},"source_name":"Microsoft-Windows-Security-Auditing"}
{"process_id":604,"computer_name":"azad3-dc02.ad3.com","keywords":["Audit Success"],"log_name":"Security","level":"Information","record_number":"407594396","event_data":{"Status":"0x0","PreAuthType":"2","TicketEncryptionType":"0x12","ServiceName":"krbtgt","TicketOptions":"0x40810010","TargetSid":"S-1-5-21-2516547722-2112485390-2429236411-1104","IpAddress":"::ffff:10.183.200.142","ServiceSid":"S-1-5-21-2516547722-2112485390-2429236411-502","IpPort":"51298","TargetUserName":"admin","TargetDomainName":"ad3"},"message":"A Kerberos authentication ticket (TGT) was requested.\n\nAccount Information:\n\tAccount Name:\t\tadmin\n\tSupplied Realm Name:\tad3\n\tUser ID:\t\t\tS-1-5-21-2516547722-2112485390-2429236411-1104\n\nService Information:\n\tService Name:\t\tkrbtgt\n\tService ID:\t\tS-1-5-21-2516547722-2112485390-2429236411-502\n\nNetwork Information:\n\tClient Address:\t\t::ffff:10.183.200.142\n\tClient Port:\t\t51298\n\nAdditional Information:\n\tTicket Options:\t\t0x40810010\n\tResult Code:\t\t0x0\n\tTicket Encryption Type:\t0x12\n\tPre-Authentication Type:\t2\n\nCertificate Information:\n\tCertificate Issuer Name:\t\t\n\tCertificate Serial Number:\t\n\tCertificate Thumbprint:\t\t\n\nCertificate information is only provided if a certificate was used for pre-authentication.\n\nPre-authentication types, ticket options, encryption types and result codes are defined in RFC 4120.","opcode":"Info","type":"wineventlog","tags":["winlogbeat","beats_input_codec_plain_applied"],"thread_id":7940,"@timestamp":"2019-04-04T09:26:37.937Z","task":"Kerberos Authentication Service","event_id":4768,"provider_guid":"{54849625-5478-4994-A5BA-3E3B0328C30D}","@version":"1","beat":{"hostname":"azad3-dc02","name":"azad3-dc02","version":"5.6.3"},"host":"azad3-dc02","fields":{"logtype":"dc_event"},"source_name":"Microsoft-Windows-Security-Auditing"}
{"process_id":628,"computer_name":"azad3-dc01.ad3.com","keywords":["Audit Success"],"level":"Information","log_name":"Security","record_number":"532875646","event_data":{"Status":"0x0","TicketEncryptionType":"0x12","LogonGuid":"{8E5CB6B9-6D16-92BD-A233-EE057EE25854}","ServiceName":"AZAD3-WFE11$","TicketOptions":"0x40810000","IpAddress":"::ffff:10.183.200.81","IpPort":"63373","ServiceSid":"S-1-5-21-2516547722-2112485390-2429236411-2101","TargetUserName":"admin@AD3.COM","TransmittedServices":"-","TargetDomainName":"AD3.COM"},"message":"A Kerberos service ticket was requested.\n\nAccount Information:\n\tAccount Name:\t\tadmin@AD3.COM\n\tAccount Domain:\t\tAD3.COM\n\tLogon GUID:\t\t{8E5CB6B9-6D16-92BD-A233-EE057EE25854}\n\nService Information:\n\tService Name:\t\tAZAD3-WFE11$\n\tService ID:\t\tS-1-5-21-2516547722-2112485390-2429236411-2101\n\nNetwork Information:\n\tClient Address:\t\t::ffff:10.183.200.81\n\tClient Port:\t\t63373\n\nAdditional Information:\n\tTicket Options:\t\t0x40810000\n\tTicket Encryption Type:\t0x12\n\tFailure Code:\t\t0x0\n\tTransited Services:\t-\n\nThis event is generated every time access is requested to a resource such as a computer or a Windows service.  The service name indicates the resource to which access was requested.\n\nThis event can be correlated with Windows logon events by comparing the Logon GUID fields in each event.  The logon event occurs on the machine that was accessed, which is often a different machine than the domain controller which issued the service ticket.\n\nTicket options, encryption types, and failure codes are defined in RFC 4120.","opcode":"Info","type":"wineventlog","tags":["winlogbeat","beats_input_codec_plain_applied"],"thread_id":74700,"@timestamp":"2019-04-04T12:11:01.625Z","task":"Kerberos Service Ticket Operations","event_id":4769,"provider_guid":"{54849625-5478-4994-A5BA-3E3B0328C30D}","@version":"1","beat":{"hostname":"azad3-dc01","name":"azad3-dc01","version":"5.6.3"},"host":"azad3-dc01","fields":{"logtype":"dc_event"},"source_name":"Microsoft-Windows-Security-Auditing"}
{"computer_name":"azad3-dc01.ad3.com","process_id":628,"keywords":["Audit Success"],"level":"Information","log_name":"Security","record_number":"532795920","event_data":{"Workstation":"azad3-cach02","Status":"0x0","PackageName":"MICROSOFT_AUTHENTICATION_PACKAGE_V1_0","TargetUserName":"spadmin"},"message":"The computer attempted to validate the credentials for an account.\n\nAuthentication Package:\tMICROSOFT_AUTHENTICATION_PACKAGE_V1_0\nLogon Account:\tspadmin\nSource Workstation:\tazad3-cach02\nError Code:\t0x0","type":"wineventlog","opcode":"Info","tags":["winlogbeat","beats_input_codec_plain_applied"],"thread_id":65036,"@timestamp":"2019-04-04T09:40:18.419Z","task":"Credential Validation","event_id":4776,"provider_guid":"{54849625-5478-4994-A5BA-3E3B0328C30D}","@version":"1","beat":{"hostname":"azad3-dc01","name":"azad3-dc01","version":"5.6.3"},"host":"azad3-dc01","fields":{"logtype":"dc_event"},"source_name":"Microsoft-Windows-Security-Auditing"}
{"computer_name":"azad3-dc01.ad3.com","process_id":628,"keywords":["Audit Success"],"log_name":"Security","level":"Information","record_number":"532878146","event_data":{"Status":"0x0","TicketEncryptionType":"0x12","LogonGuid":"{0074A48D-1B19-5A68-9A16-9D6C73119685}","ServiceName":"AZAD3-WFE11$","TicketOptions":"0x40810000","ServiceSid":"S-1-5-21-2516547722-2112485390-2429236411-2101","IpAddress":"::ffff:10.183.200.81","IpPort":"65304","TargetUserName":"admin@AD3.COM","TransmittedServices":"-","TargetDomainName":"AD3.COM"},"message":"A Kerberos service ticket was requested.\n\nAccount Information:\n\tAccount Name:\t\tadmin@AD3.COM\n\tAccount Domain:\t\tAD3.COM\n\tLogon GUID:\t\t{0074A48D-1B19-5A68-9A16-9D6C73119685}\n\nService Information:\n\tService Name:\t\tAZAD3-WFE11$\n\tService ID:\t\tS-1-5-21-2516547722-2112485390-2429236411-2101\n\nNetwork Information:\n\tClient Address:\t\t::ffff:10.183.200.81\n\tClient Port:\t\t65304\n\nAdditional Information:\n\tTicket Options:\t\t0x40810000\n\tTicket Encryption Type:\t0x12\n\tFailure Code:\t\t0x0\n\tTransited Services:\t-\n\nThis event is generated every time access is requested to a resource such as a computer or a Windows service.  The service name indicates the resource to which access was requested.\n\nThis event can be correlated with Windows logon events by comparing the Logon GUID fields in each event.  The logon event occurs on the machine that was accessed, which is often a different machine than the domain controller which issued the service ticket.\n\nTicket options, encryption types, and failure codes are defined in RFC 4120.","type":"wineventlog","opcode":"Info","tags":["winlogbeat","beats_input_codec_plain_applied"],"thread_id":74748,"@timestamp":"2019-04-04T12:15:01.460Z","event_id":4769,"task":"Kerberos Service Ticket Operations","provider_guid":"{54849625-5478-4994-A5BA-3E3B0328C30D}","@version":"1","beat":{"hostname":"azad3-dc01","name":"azad3-dc01","version":"5.6.3"},"host":"azad3-dc01","fields":{"logtype":"dc_event"},"source_name":"Microsoft-Windows-Security-Auditing"}
{"computer_name":"azad3-dc02.ad3.com","process_id":604,"keywords":["Audit Success"],"log_name":"Security","level":"Information","record_number":"407650395","event_data":{"TargetLogonId":"0x99b4881cb","LogonType":"3","TargetUserName":"AZAD3-DC02$","TargetDomainName":"AD3","TargetUserSid":"S-1-5-18"},"message":"An account was logged off.\n\nSubject:\n\tSecurity ID:\t\tS-1-5-18\n\tAccount Name:\t\tAZAD3-DC02$\n\tAccount Domain:\t\tAD3\n\tLogon ID:\t\t0x99B4881CB\n\nLogon Type:\t\t\t3\n\nThis event is generated when a logon session is destroyed. It may be positively correlated with a logon event using the Logon ID value. Logon IDs are only unique between reboots on the same computer.","opcode":"Info","type":"wineventlog","tags":["winlogbeat","beats_input_codec_plain_applied"],"thread_id":10684,"@timestamp":"2019-04-04T11:49:24.640Z","event_id":4634,"task":"Logoff","provider_guid":"{54849625-5478-4994-A5BA-3E3B0328C30D}","@version":"1","beat":{"hostname":"azad3-dc02","name":"azad3-dc02","version":"5.6.3"},"host":"azad3-dc02","fields":{"logtype":"dc_event"},"source_name":"Microsoft-Windows-Security-Auditing"}
{"computer_name":"azad3-dc01.ad3.com","process_id":628,"keywords":["Audit Success"],"level":"Information","log_name":"Security","record_number":"532784452","event_data":{"Workstation":"azad3-app01","Status":"0x0","PackageName":"MICROSOFT_AUTHENTICATION_PACKAGE_V1_0","TargetUserName":"spadmin"},"message":"The computer attempted to validate the credentials for an account.\n\nAuthentication Package:\tMICROSOFT_AUTHENTICATION_PACKAGE_V1_0\nLogon Account:\tspadmin\nSource Workstation:\tazad3-app01\nError Code:\t0x0","type":"wineventlog","opcode":"Info","tags":["winlogbeat","beats_input_codec_plain_applied"],"thread_id":54828,"@timestamp":"2019-04-04T09:15:31.879Z","event_id":4776,"task":"Credential Validation","provider_guid":"{54849625-5478-4994-A5BA-3E3B0328C30D}","@version":"1","beat":{"hostname":"azad3-dc01","name":"azad3-dc01","version":"5.6.3"},"host":"azad3-dc01","fields":{"logtype":"dc_event"},"source_name":"Microsoft-Windows-Security-Auditing"}
{"computer_name":"azad3-dc01.ad3.com","process_id":628,"keywords":["Audit Success"],"log_name":"Security","level":"Information","record_number":"532876143","event_data":{"Status":"0x0","TicketEncryptionType":"0x12","LogonGuid":"{365FACCC-887D-0C1D-6324-3D8AAE220796}","ServiceName":"AZAD3-WFE11$","TicketOptions":"0x40810000","IpPort":"63656","ServiceSid":"S-1-5-21-2516547722-2112485390-2429236411-2101","IpAddress":"::ffff:10.183.200.81","TransmittedServices":"-","TargetUserName":"admin@AD3.COM","TargetDomainName":"AD3.COM"},"message":"A Kerberos service ticket was requested.\n\nAccount Information:\n\tAccount Name:\t\tadmin@AD3.COM\n\tAccount Domain:\t\tAD3.COM\n\tLogon GUID:\t\t{365FACCC-887D-0C1D-6324-3D8AAE220796}\n\nService Information:\n\tService Name:\t\tAZAD3-WFE11$\n\tService ID:\t\tS-1-5-21-2516547722-2112485390-2429236411-2101\n\nNetwork Information:\n\tClient Address:\t\t::ffff:10.183.200.81\n\tClient Port:\t\t63656\n\nAdditional Information:\n\tTicket Options:\t\t0x40810000\n\tTicket Encryption Type:\t0x12\n\tFailure Code:\t\t0x0\n\tTransited Services:\t-\n\nThis event is generated every time access is requested to a resource such as a computer or a Windows service.  The service name indicates the resource to which access was requested.\n\nThis event can be correlated with Windows logon events by comparing the Logon GUID fields in each event.  The logon event occurs on the machine that was accessed, which is often a different machine than the domain controller which issued the service ticket.\n\nTicket options, encryption types, and failure codes are defined in RFC 4120.","opcode":"Info","type":"wineventlog","tags":["winlogbeat","beats_input_codec_plain_applied"],"thread_id":74700,"@timestamp":"2019-04-04T12:12:00.511Z","event_id":4769,"task":"Kerberos Service Ticket Operations","provider_guid":"{54849625-5478-4994-A5BA-3E3B0328C30D}","@version":"1","beat":{"hostname":"azad3-dc01","name":"azad3-dc01","version":"5.6.3"},"host":"azad3-dc01","fields":{"logtype":"dc_event"},"source_name":"Microsoft-Windows-Security-Auditing"}
{"process_id":604,"computer_name":"azad3-dc02.ad3.com","keywords":["Audit Success"],"log_name":"Security","level":"Information","record_number":"407650287","event_data":{"ProcessName":"-","LogonGuid":"{F214FB29-243C-58D1-15D0-910BB6E1937E}","TargetOutboundDomainName":"-","VirtualAccount":"%%1843","IpPort":"57148","TransmittedServices":"-","LmPackageName":"-","RestrictedAdminMode":"-","ElevatedToken":"%%1842","WorkstationName":"-","SubjectDomainName":"-","TargetDomainName":"AD3.COM","LogonProcessName":"Kerberos","LogonType":"3","SubjectLogonId":"0x0","TargetOutboundUserName":"-","KeyLength":"0","TargetLogonId":"0x99b483313","TargetLinkedLogonId":"0x0","SubjectUserName":"-","IpAddress":"10.183.200.177","ImpersonationLevel":"%%1833","TargetUserName":"admin","ProcessId":"0x0","SubjectUserSid":"S-1-0-0","TargetUserSid":"S-1-5-21-2516547722-2112485390-2429236411-1104","AuthenticationPackageName":"Kerberos"},"message":"An account was successfully logged on.\n\nSubject:\n\tSecurity ID:\t\tS-1-0-0\n\tAccount Name:\t\t-\n\tAccount Domain:\t\t-\n\tLogon ID:\t\t0x0\n\nLogon Information:\n\tLogon Type:\t\t3\n\tRestricted Admin Mode:\t-\n\tVirtual Account:\t\tNo\n\tElevated Token:\t\tYes\n\nImpersonation Level:\t\tImpersonation\n\nNew Logon:\n\tSecurity ID:\t\tS-1-5-21-2516547722-2112485390-2429236411-1104\n\tAccount Name:\t\tadmin\n\tAccount Domain:\t\tAD3.COM\n\tLogon ID:\t\t0x99B483313\n\tLinked Logon ID:\t\t0x0\n\tNetwork Account Name:\t-\n\tNetwork Account Domain:\t-\n\tLogon GUID:\t\t{F214FB29-243C-58D1-15D0-910BB6E1937E}\n\nProcess Information:\n\tProcess ID:\t\t0x0\n\tProcess Name:\t\t-\n\nNetwork Information:\n\tWorkstation Name:\t-\n\tSource Network Address:\t10.183.200.177\n\tSource Port:\t\t57148\n\nDetailed Authentication Information:\n\tLogon Process:\t\tKerberos\n\tAuthentication Package:\tKerberos\n\tTransited Services:\t-\n\tPackage Name (NTLM only):\t-\n\tKey Length:\t\t0\n\nThis event is generated when a logon session is created. It is generated on the computer that was accessed.\n\nThe subject fields indicate the account on the local system which requested the logon. This is most commonly a service such as the Server service, or a local process such as Winlogon.exe or Services.exe.\n\nThe logon type field indicates the kind of logon that occurred. The most common types are 2 (interactive) and 3 (network).\n\nThe New Logon fields indicate the account for whom the new logon was created, i.e. the account that was logged on.\n\nThe network fields indicate where a remote logon request originated. Workstation name is not always available and may be left blank in some cases.\n\nThe impersonation level field indicates the extent to which a process in the logon session can impersonate.\n\nThe authentication information fields provide detailed information about this specific logon request.\n\t- Logon GUID is a unique identifier that can be used to correlate this event with a KDC event.\n\t- Transited services indicate which intermediate services have participated in this logon request.\n\t- Package name indicates which sub-protocol was used among the NTLM protocols.\n\t- Key length indicates the length of the generated session key. This will be 0 if no session key was requested.","opcode":"Info","type":"wineventlog","version":2,"tags":["winlogbeat","beats_input_codec_plain_applied"],"thread_id":10288,"@timestamp":"2019-04-04T11:49:16.946Z","task":"Logon","event_id":4624,"provider_guid":"{54849625-5478-4994-A5BA-3E3B0328C30D}","@version":"1","beat":{"hostname":"azad3-dc02","name":"azad3-dc02","version":"5.6.3"},"host":"azad3-dc02","fields":{"logtype":"dc_event"},"source_name":"Microsoft-Windows-Security-Auditing"}
{"process_id":604,"computer_name":"azad3-dc02.ad3.com","keywords":["Audit Failure"],"log_name":"Security","level":"Information","record_number":"407650283","event_data":{"Workstation":"MSTSC","Status":"0xc000006a","PackageName":"MICROSOFT_AUTHENTICATION_PACKAGE_V1_0","TargetUserName":"htmlservice"},"message":"The computer attempted to validate the credentials for an account.\n\nAuthentication Package:\tMICROSOFT_AUTHENTICATION_PACKAGE_V1_0\nLogon Account:\thtmlservice\nSource Workstation:\tMSTSC\nError Code:\t0xC000006A","type":"wineventlog","opcode":"Info","tags":["winlogbeat","beats_input_codec_plain_applied"],"thread_id":4544,"@timestamp":"2019-04-04T11:49:16.335Z","task":"Credential Validation","event_id":4776,"provider_guid":"{54849625-5478-4994-A5BA-3E3B0328C30D}","@version":"1","beat":{"hostname":"azad3-dc02","name":"azad3-dc02","version":"5.6.3"},"host":"azad3-dc02","fields":{"logtype":"dc_event"},"source_name":"Microsoft-Windows-Security-Auditing"}
{"process_id":628,"computer_name":"azad3-dc01.ad3.com","keywords":["Audit Success"],"log_name":"Security","level":"Information","record_number":"532873242","event_data":{"Status":"0x0","PreAuthType":"2","TicketEncryptionType":"0x12","ServiceName":"krbtgt","TicketOptions":"0x40810010","TargetSid":"S-1-5-21-2516547722-2112485390-2429236411-1104","IpAddress":"::ffff:10.183.200.81","IpPort":"61381","ServiceSid":"S-1-5-21-2516547722-2112485390-2429236411-502","TargetUserName":"admin","TargetDomainName":"AD3"},"message":"A Kerberos authentication ticket (TGT) was requested.\n\nAccount Information:\n\tAccount Name:\t\tadmin\n\tSupplied Realm Name:\tAD3\n\tUser ID:\t\t\tS-1-5-21-2516547722-2112485390-2429236411-1104\n\nService Information:\n\tService Name:\t\tkrbtgt\n\tService ID:\t\tS-1-5-21-2516547722-2112485390-2429236411-502\n\nNetwork Information:\n\tClient Address:\t\t::ffff:10.183.200.81\n\tClient Port:\t\t61381\n\nAdditional Information:\n\tTicket Options:\t\t0x40810010\n\tResult Code:\t\t0x0\n\tTicket Encryption Type:\t0x12\n\tPre-Authentication Type:\t2\n\nCertificate Information:\n\tCertificate Issuer Name:\t\t\n\tCertificate Serial Number:\t\n\tCertificate Thumbprint:\t\t\n\nCertificate information is only provided if a certificate was used for pre-authentication.\n\nPre-authentication types, ticket options, encryption types and result codes are defined in RFC 4120.","type":"wineventlog","opcode":"Info","tags":["winlogbeat","beats_input_codec_plain_applied"],"thread_id":74700,"@timestamp":"2019-04-04T12:07:02.018Z","event_id":4768,"task":"Kerberos Authentication Service","provider_guid":"{54849625-5478-4994-A5BA-3E3B0328C30D}","@version":"1","beat":{"hostname":"azad3-dc01","name":"azad3-dc01","version":"5.6.3"},"host":"azad3-dc01","fields":{"logtype":"dc_event"},"source_name":"Microsoft-Windows-Security-Auditing"}
{"computer_name":"azad3-dc02.ad3.com","process_id":604,"keywords":["Audit Success"],"log_name":"Security","level":"Information","record_number":"407660636","event_data":{"Workstation":"azad3-cach03","Status":"0x0","PackageName":"MICROSOFT_AUTHENTICATION_PACKAGE_V1_0","TargetUserName":"spadmin"},"message":"The computer attempted to validate the credentials for an account.\n\nAuthentication Package:\tMICROSOFT_AUTHENTICATION_PACKAGE_V1_0\nLogon Account:\tspadmin\nSource Workstation:\tazad3-cach03\nError Code:\t0x0","opcode":"Info","type":"wineventlog","tags":["winlogbeat","beats_input_codec_plain_applied"],"thread_id":4544,"@timestamp":"2019-04-04T12:20:00.860Z","event_id":4776,"task":"Credential Validation","provider_guid":"{54849625-5478-4994-A5BA-3E3B0328C30D}","@version":"1","beat":{"hostname":"azad3-dc02","name":"azad3-dc02","version":"5.6.3"},"host":"azad3-dc02","fields":{"logtype":"dc_event"},"source_name":"Microsoft-Windows-Security-Auditing"}
