{"process_id":628,"computer_name":"azad3-dc01.ad3.com","keywords":["Audit Success"],"log_name":"Security","level":"Information","record_number":"532878402","event_data":{"Workstation":"azad3-wfe13","Status":"0x0","PackageName":"MICROSOFT_AUTHENTICATION_PACKAGE_V1_0","TargetUserName":"spadmin"},"message":"The computer attempted to validate the credentials for an account.\n\nAuthentication Package:\tMICROSOFT_AUTHENTICATION_PACKAGE_V1_0\nLogon Account:\tspadmin\nSource Workstation:\tazad3-wfe13\nError Code:\t0x0","type":"wineventlog","opcode":"Info","tags":["winlogbeat","beats_input_codec_plain_applied"],"thread_id":75744,"@timestamp":"2019-04-04T12:15:02.916Z","task":"Credential Validation","event_id":4776,"provider_guid":"{54849625-5478-4994-A5BA-3E3B0328C30D}","@version":"1","beat":{"hostname":"azad3-dc01","name":"azad3-dc01","version":"5.6.3"},"host":"azad3-dc01","fields":{"logtype":"dc_event"},"source_name":"Microsoft-Windows-Security-Auditing"}
{"process_id":628,"computer_name":"azad3-dc01.ad3.com","keywords":["Audit Success"],"log_name":"Security","level":"Information","record_number":"532861312","event_data":{"Workstation":"azad3-app01","Status":"0x0","PackageName":"MICROSOFT_AUTHENTICATION_PACKAGE_V1_0","TargetUserName":"spadmin"},"message":"The computer attempted to validate the credentials for an account.\n\nAuthentication Package:\tMICROSOFT_AUTHENTICATION_PACKAGE_V1_0\nLogon Account:\tspadmin\nSource Workstation:\tazad3-app01\nError Code:\t0x0","type":"wineventlog","opcode":"Info","tags":["winlogbeat","beats_input_codec_plain_applied"],"thread_id":75744,"@timestamp":"2019-04-04T11:47:27.912Z","task":"Credential Validation","event_id":4776,"provider_guid":"{54849625-5478-4994-A5BA-3E3B0328C30D}","@version":"1","beat":{"hostname":"azad3-dc01","name":"azad3-dc01","version":"5.6.3"},"host":"azad3-dc01","fields":{"logtype":"dc_event"},"source_name":"Microsoft-Windows-Security-Auditing"}
{"computer_name":"azad3-dc01.ad3.com","process_id":628,"keywords":["Audit Success"],"level":"Information","log_name":"Security","record_number":"532871680","event_data":{"TargetLogonId":"0x109c3bd21a","SubjectUserName":"-","EventCountTotal":"1","LogonType":"3","GroupMembership":"\n\t\t%{S-1-5-32-544}\n\t\t%{S-1-1-0}\n\t\t%{S-1-5-32-554}\n\t\t%{S-1-5-32-545}\n\t\t%{S-1-5-32-560}\n\t\t%{S-1-5-2}\n\t\t%{S-1-5-11}\n\t\t%{S-1-5-15}\n\t\t%{S-1-5-21-2516547722-2112485390-2429236411-1000}\n\t\t%{S-1-5-21-2516547722-2112485390-2429236411-516}\n\t\t%{S-1-5-9}\n\t\t%{S-1-18-1}\n\t\t%{S-1-5-21-2516547722-2112485390-2429236411-572}\n\t\t%{S-1-16-16384}","SubjectDomainName":"-","TargetUserName":"azad3-dc01$","SubjectLogonId":"0x0","TargetDomainName":"AD3.COM","SubjectUserSid":"S-1-0-0","EventIdx":"1","TargetUserSid":"S-1-5-18"},"message":"Group membership information.\n\nSubject:\n\tSecurity ID:\t\tS-1-0-0\n\tAccount Name:\t\t-\n\tAccount Domain:\t\t-\n\tLogon ID:\t\t0x0\n\nLogon Type:\t\t\t3\n\nNew Logon:\n\tSecurity ID:\t\tS-1-5-18\n\tAccount Name:\t\tazad3-dc01$\n\tAccount Domain:\t\tAD3.COM\n\tLogon ID:\t\t0x109C3BD21A\n\nEvent in sequence:\t\t1 of 1\n\nGroup Membership:\t\t\t\n\t\t%{S-1-5-32-544}\n\t\t%{S-1-1-0}\n\t\t%{S-1-5-32-554}\n\t\t%{S-1-5-32-545}\n\t\t%{S-1-5-32-560}\n\t\t%{S-1-5-2}\n\t\t%{S-1-5-11}\n\t\t%{S-1-5-15}\n\t\t%{S-1-5-21-2516547722-2112485390-2429236411-1000}\n\t\t%{S-1-5-21-2516547722-2112485390-2429236411-516}\n\t\t%{S-1-5-9}\n\t\t%{S-1-18-1}\n\t\t%{S-1-5-21-2516547722-2112485390-2429236411-572}\n\t\t%{S-1-16-16384}\n\nThe subject fields indicate the account on the local system which requested the logon. This is most commonly a service such as the Server service, or a local process such as Winlogon.exe or Services.exe.\n\nThe logon type field indicates the kind of logon that occurred. The most common types are 2 (interactive) and 3 (network).\n\nThe New Logon fields indicate the account for whom the new logon was created, i.e. the account that was logged on.\n\nThis event is generated when the Audit Group Membership subcategory is configured.  The Logon ID field can be used to correlate this event with the corresponding user logon event as well as to any other security audit events generated during this logon session.","opcode":"Info","type":"wineventlog","tags":["winlogbeat","beats_input_codec_plain_applied"],"thread_id":54828,"@timestamp":"2019-04-04T12:04:35.228Z","event_id":4627,"task":"Group Membership","provider_guid":"{54849625-5478-4994-A5BA-3E3B0328C30D}","@version":"1","beat":{"hostname":"azad3-dc01","name":"azad3-dc01","version":"5.6.3"},"activity_id":"{AB9FCF15-8DCD-40BA-9546-90663E145A7D}","host":"azad3-dc01","fields":{"logtype":"dc_event"},"source_name":"Microsoft-Windows-Security-Auditing"}
{"process_id":628,"computer_name":"azad3-dc01.ad3.com","keywords":["Audit Success"],"log_name":"Security","level":"Information","record_number":"532876105","event_data":{"ProcessName":"-","LogonGuid":"{C7698DFA-E31B-9782-2D42-AC465A2F9643}","TargetOutboundDomainName":"-","VirtualAccount":"%%1843","IpPort":"64955","TransmittedServices":"-","LmPackageName":"-","RestrictedAdminMode":"-","ElevatedToken":"%%1842","WorkstationName":"-","SubjectDomainName":"-","TargetDomainName":"AD3.COM","LogonProcessName":"Kerberos","LogonType":"3","SubjectLogonId":"0x0","KeyLength":"0","TargetOutboundUserName":"-","TargetLogonId":"0x109c540e85","SubjectUserName":"-","TargetLinkedLogonId":"0x0","IpAddress":"10.183.200.64","ImpersonationLevel":"%%1833","TargetUserName":"admin","ProcessId":"0x0","SubjectUserSid":"S-1-0-0","TargetUserSid":"S-1-5-21-2516547722-2112485390-2429236411-1104","AuthenticationPackageName":"Kerberos"},"message":"An account was successfully logged on.\n\nSubject:\n\tSecurity ID:\t\tS-1-0-0\n\tAccount Name:\t\t-\n\tAccount Domain:\t\t-\n\tLogon ID:\t\t0x0\n\nLogon Information:\n\tLogon Type:\t\t3\n\tRestricted Admin Mode:\t-\n\tVirtual Account:\t\tNo\n\tElevated Token:\t\tYes\n\nImpersonation Level:\t\tImpersonation\n\nNew Logon:\n\tSecurity ID:\t\tS-1-5-21-2516547722-2112485390-2429236411-1104\n\tAccount Name:\t\tadmin\n\tAccount Domain:\t\tAD3.COM\n\tLogon ID:\t\t0x109C540E85\n\tLinked Logon ID:\t\t0x0\n\tNetwork Account Name:\t-\n\tNetwork Account Domain:\t-\n\tLogon GUID:\t\t{C7698DFA-E31B-9782-2D42-AC465A2F9643}\n\nProcess Information:\n\tProcess ID:\t\t0x0\n\tProcess Name:\t\t-\n\nNetwork Information:\n\tWorkstation Name:\t-\n\tSource Network Address:\t10.183.200.64\n\tSource Port:\t\t64955\n\nDetailed Authentication Information:\n\tLogon Process:\t\tKerberos\n\tAuthentication Package:\tKerberos\n\tTransited Services:\t-\n\tPackage Name (NTLM only):\t-\n\tKey Length:\t\t0\n\nThis event is generated when a logon session is created. It is generated on the computer that was accessed.\n\nThe subject fields indicate the account on the local system which requested the logon. This is most commonly a service such as the Server service, or a local process such as Winlogon.exe or Services.exe.\n\nThe logon type field indicates the kind of logon that occurred. The most common types are 2 (interactive) and 3 (network).\n\nThe New Logon fields indicate the account for whom the new logon was created, i.e. the account that was logged on.\n\nThe network fields indicate where a remote logon request originated. Workstation name is not always available and may be left blank in some cases.\n\nThe impersonation level field indicates the extent to which a process in the logon session can impersonate.\n\nThe authentication information fields provide detailed information about this specific logon request.\n\t- Logon GUID is a unique identifier that can be used to correlate this event with a KDC event.\n\t- Transited services indicate which intermediate services have participated in this logon request.\n\t- Package name indicates which sub-protocol was used among the NTLM protocols.\n\t- Key length indicates the length of the generated session key. This will be 0 if no session key was requested.","opcode":"Info","type":"wineventlog","version":2,"tags":["winlogbeat","beats_input_codec_plain_applied"],"thread_id":60760,"@timestamp":"2019-04-04T12:11:56.536Z","event_id":4624,"task":"Logon","provider_guid":"{54849625-5478-4994-A5BA-3E3B0328C30D}","@version":"1","beat":{"hostname":"azad3-dc01","name":"azad3-dc01","version":"5.6.3"},"host":"azad3-dc01","fields":{"logtype":"dc_event"},"source_name":"Microsoft-Windows-Security-Auditing"}
{"process_id":604,"computer_name":"azad3-dc02.ad3.com","keywords":["Audit Success"],"level":"Information","log_name":"Security","record_number":"407648283","event_data":{"ProcessName":"-","LogonGuid":"{3F93CC46-3470-197B-18F6-EDA064F077AC}","TargetOutboundDomainName":"-","VirtualAccount":"%%1843","IpPort":"-","TransmittedServices":"-","LmPackageName":"-","RestrictedAdminMode":"-","ElevatedToken":"%%1842","WorkstationName":"-","SubjectDomainName":"-","TargetDomainName":"AD3.COM","LogonProcessName":"Kerberos","LogonType":"3","SubjectLogonId":"0x0","TargetOutboundUserName":"-","KeyLength":"0","TargetLogonId":"0x99b428f9a","SubjectUserName":"-","TargetLinkedLogonId":"0x0","IpAddress":"-","TargetUserName":"AZAD3-DC02$","ProcessId":"0x0","ImpersonationLevel":"%%1840","SubjectUserSid":"S-1-0-0","AuthenticationPackageName":"Kerberos","TargetUserSid":"S-1-5-18"},"message":"An account was successfully logged on.\n\nSubject:\n\tSecurity ID:\t\tS-1-0-0\n\tAccount Name:\t\t-\n\tAccount Domain:\t\t-\n\tLogon ID:\t\t0x0\n\nLogon Information:\n\tLogon Type:\t\t3\n\tRestricted Admin Mode:\t-\n\tVirtual Account:\t\tNo\n\tElevated Token:\t\tYes\n\nImpersonation Level:\t\tDelegation\n\nNew Logon:\n\tSecurity ID:\t\tS-1-5-18\n\tAccount Name:\t\tAZAD3-DC02$\n\tAccount Domain:\t\tAD3.COM\n\tLogon ID:\t\t0x99B428F9A\n\tLinked Logon ID:\t\t0x0\n\tNetwork Account Name:\t-\n\tNetwork Account Domain:\t-\n\tLogon GUID:\t\t{3F93CC46-3470-197B-18F6-EDA064F077AC}\n\nProcess Information:\n\tProcess ID:\t\t0x0\n\tProcess Name:\t\t-\n\nNetwork Information:\n\tWorkstation Name:\t-\n\tSource Network Address:\t-\n\tSource Port:\t\t-\n\nDetailed Authentication Information:\n\tLogon Process:\t\tKerberos\n\tAuthentication Package:\tKerberos\n\tTransited Services:\t-\n\tPackage Name (NTLM only):\t-\n\tKey Length:\t\t0\n\nThis event is generated when a logon session is created. It is generated on the computer that was accessed.\n\nThe subject fields indicate the account on the local system which requested the logon. This is most commonly a service such as the Server service, or a local process such as Winlogon.exe or Services.exe.\n\nThe logon type field indicates the kind of logon that occurred. The most common types are 2 (interactive) and 3 (network).\n\nThe New Logon fields indicate the account for whom the new logon was created, i.e. the account that was logged on.\n\nThe network fields indicate where a remote logon request originated. Workstation name is not always available and may be left blank in some cases.\n\nThe impersonation level field indicates the extent to which a process in the logon session can impersonate.\n\nThe authentication information fields provide detailed information about this specific logon request.\n\t- Logon GUID is a unique identifier that can be used to correlate this event with a KDC event.\n\t- Transited services indicate which intermediate services have participated in this logon request.\n\t- Package name indicates which sub-protocol was used among the NTLM protocols.\n\t- Key length indicates the length of the generated session key. This will be 0 if no session key was requested.","opcode":"Info","type":"wineventlog","version":2,"tags":["winlogbeat","beats_input_codec_plain_applied"],"thread_id":10684,"@timestamp":"2019-04-04T11:44:24.901Z","task":"Logon","event_id":4624,"provider_guid":"{54849625-5478-4994-A5BA-3E3B0328C30D}","@version":"1","beat":{"hostname":"azad3-dc02","name":"azad3-dc02","version":"5.6.3"},"activity_id":"{2A2BA3D2-629A-4999-9483-422EF22884E6}","host":"azad3-dc02","fields":{"logtype":"dc_event"},"source_name":"Microsoft-Windows-Security-Auditing"}
{"process_id":604,"computer_name":"azad3-dc02.ad3.com","keywords":["Audit Success"],"level":"Information","log_name":"Security","record_number":"407596186","event_data":{"PreAuthType":"2","Status":"0x0","TicketEncryptionType":"0x12","ServiceName":"krbtgt","TicketOptions":"0x40810010","TargetSid":"S-1-5-21-2516547722-2112485390-2429236411-1106","IpAddress":"::ffff:10.183.200.136","IpPort":"64764","ServiceSid":"S-1-5-21-2516547722-2112485390-2429236411-502","TargetUserName":"spadmin","TargetDomainName":"ad3"},"message":"A Kerberos authentication ticket (TGT) was requested.\n\nAccount Information:\n\tAccount Name:\t\tspadmin\n\tSupplied Realm Name:\tad3\n\tUser ID:\t\t\tS-1-5-21-2516547722-2112485390-2429236411-1106\n\nService Information:\n\tService Name:\t\tkrbtgt\n\tService ID:\t\tS-1-5-21-2516547722-2112485390-2429236411-502\n\nNetwork Information:\n\tClient Address:\t\t::ffff:10.183.200.136\n\tClient Port:\t\t64764\n\nAdditional Information:\n\tTicket Options:\t\t0x40810010\n\tResult Code:\t\t0x0\n\tTicket Encryption Type:\t0x12\n\tPre-Authentication Type:\t2\n\nCertificate Information:\n\tCertificate Issuer Name:\t\t\n\tCertificate Serial Number:\t\n\tCertificate Thumbprint:\t\t\n\nCertificate information is only provided if a certificate was used for pre-authentication.\n\nPre-authentication types, ticket options, encryption types and result codes are defined in RFC 4120.","type":"wineventlog","opcode":"Info","tags":["winlogbeat","beats_input_codec_plain_applied"],"thread_id":7408,"@timestamp":"2019-04-04T09:30:32.933Z","event_id":4768,"task":"Kerberos Authentication Service","provider_guid":"{54849625-5478-4994-A5BA-3E3B0328C30D}","@version":"1","beat":{"hostname":"azad3-dc02","name":"azad3-dc02","version":"5.6.3"},"host":"azad3-dc02","fields":{"logtype":"dc_event"},"source_name":"Microsoft-Windows-Security-Auditing"}
{"computer_name":"azad3-dc02.ad3.com","process_id":604,"keywords":["Audit Success"],"level":"Information","log_name":"Security","record_number":"407658685","event_data":{"Workstation":"azad3-wfe11","Status":"0x0","PackageName":"MICROSOFT_AUTHENTICATION_PACKAGE_V1_0","TargetUserName":"spadmin"},"message":"The computer attempted to validate the credentials for an account.\n\nAuthentication Package:\tMICROSOFT_AUTHENTICATION_PACKAGE_V1_0\nLogon Account:\tspadmin\nSource Workstation:\tazad3-wfe11\nError Code:\t0x0","opcode":"Info","type":"wineventlog","tags":["winlogbeat","beats_input_codec_plain_applied"],"thread_id":4544,"@timestamp":"2019-04-04T12:15:00.387Z","event_id":4776,"task":"Credential Validation","provider_guid":"{54849625-5478-4994-A5BA-3E3B0328C30D}","@version":"1","beat":{"hostname":"azad3-dc02","name":"azad3-dc02","version":"5.6.3"},"host":"azad3-dc02","fields":{"logtype":"dc_event"},"source_name":"Microsoft-Windows-Security-Auditing"}
{"computer_name":"azad3-dc01.ad3.com","process_id":628,"keywords":["Audit Success"],"level":"Information","log_name":"Security","record_number":"532789879","event_data":{"TargetLogonId":"0x109add9950","LogonType":"3","TargetUserName":"deployuser","TargetDomainName":"AD3","TargetUserSid":"S-1-5-21-2516547722-2112485390-2429236411-1134"},"message":"An account was logged off.\n\nSubject:\n\tSecurity ID:\t\tS-1-5-21-2516547722-2112485390-2429236411-1134\n\tAccount Name:\t\tdeployuser\n\tAccount Domain:\t\tAD3\n\tLogon ID:\t\t0x109ADD9950\n\nLogon Type:\t\t\t3\n\nThis event is generated when a logon session is destroyed. It may be positively correlated with a logon event using the Logon ID value. Logon IDs are only unique between reboots on the same computer.","opcode":"Info","type":"wineventlog","tags":["winlogbeat","beats_input_codec_plain_applied"],"thread_id":65036,"@timestamp":"2019-04-04T09:26:30.090Z","task":"Logoff","event_id":4634,"provider_guid":"{54849625-5478-4994-A5BA-3E3B0328C30D}","@version":"1","beat":{"hostname":"azad3-dc01","name":"azad3-dc01","version":"5.6.3"},"host":"azad3-dc01","fields":{"logtype":"dc_event"},"source_name":"Microsoft-Windows-Security-Auditing"}
{"process_id":628,"computer_name":"azad3-dc01.ad3.com","keywords":["Audit Success"],"level":"Information","log_name":"Security","record_number":"532860900","event_data":{"SubjectUserName":"spadmin","SubjectDomainName":"AD3","SubjectLogonId":"0x109c111e8f","PrivilegeList":"SeSecurityPrivilege\n\t\t\tSeBackupPrivilege\n\t\t\tSeRestorePrivilege\n\t\t\tSeTakeOwnershipPrivilege\n\t\t\tSeDebugPrivilege\n\t\t\tSeSystemEnvironmentPrivilege\n\t\t\tSeLoadDriverPrivilege\n\t\t\tSeImpersonatePrivilege\n\t\t\tSeDelegateSessionUserImpersonatePrivilege\n\t\t\tSeEnableDelegationPrivilege","SubjectUserSid":"S-1-5-21-2516547722-2112485390-2429236411-1106"},"message":"Special privileges assigned to new logon.\n\nSubject:\n\tSecurity ID:\t\tS-1-5-21-2516547722-2112485390-2429236411-1106\n\tAccount Name:\t\tspadmin\n\tAccount Domain:\t\tAD3\n\tLogon ID:\t\t0x109C111E8F\n\nPrivileges:\t\tSeSecurityPrivilege\n\t\t\tSeBackupPrivilege\n\t\t\tSeRestorePrivilege\n\t\t\tSeTakeOwnershipPrivilege\n\t\t\tSeDebugPrivilege\n\t\t\tSeSystemEnvironmentPrivilege\n\t\t\tSeLoadDriverPrivilege\n\t\t\tSeImpersonatePrivilege\n\t\t\tSeDelegateSessionUserImpersonatePrivilege\n\t\t\tSeEnableDelegationPrivilege","type":"wineventlog","opcode":"Info","tags":["winlogbeat","beats_input_codec_plain_applied"],"thread_id":60760,"@timestamp":"2019-04-04T11:46:49.441Z","task":"Special Logon","event_id":4672,"provider_guid":"{54849625-5478-4994-A5BA-3E3B0328C30D}","@version":"1","beat":{"hostname":"azad3-dc01","name":"azad3-dc01","version":"5.6.3"},"host":"azad3-dc01","fields":{"logtype":"dc_event"},"source_name":"Microsoft-Windows-Security-Auditing"}
{"computer_name":"azad3-dc02.ad3.com","process_id":604,"keywords":["Audit Success"],"log_name":"Security","level":"Information","record_number":"407660640","event_data":{"Workstation":"azad3-wfe23","Status":"0x0","PackageName":"MICROSOFT_AUTHENTICATION_PACKAGE_V1_0","TargetUserName":"spadmin"},"message":"The computer attempted to validate the credentials for an account.\n\nAuthentication Package:\tMICROSOFT_AUTHENTICATION_PACKAGE_V1_0\nLogon Account:\tspadmin\nSource Workstation:\tazad3-wfe23\nError Code:\t0x0","opcode":"Info","type":"wineventlog","tags":["winlogbeat","beats_input_codec_plain_applied"],"thread_id":4544,"@timestamp":"2019-04-04T12:20:00.950Z","event_id":4776,"task":"Credential Validation","provider_guid":"{54849625-5478-4994-A5BA-3E3B0328C30D}","@version":"1","beat":{"hostname":"azad3-dc02","name":"azad3-dc02","version":"5.6.3"},"host":"azad3-dc02","fields":{"logtype":"dc_event"},"source_name":"Microsoft-Windows-Security-Auditing"}
{"process_id":604,"computer_name":"azad3-dc02.ad3.com","keywords":["Audit Success"],"log_name":"Security","level":"Information","record_number":"407650351","event_data":{"ProcessName":"-","LogonGuid":"{67828CAB-85A7-CBAA-5A75-968E7DD9A7EC}","TargetOutboundDomainName":"-","VirtualAccount":"%%1843","IpPort":"-","TransmittedServices":"-","LmPackageName":"-","RestrictedAdminMode":"-","ElevatedToken":"%%1842","WorkstationName":"-","SubjectDomainName":"-","LogonProcessName":"Kerberos","TargetDomainName":"AD3.COM","LogonType":"3","SubjectLogonId":"0x0","KeyLength":"0","TargetOutboundUserName":"-","TargetLogonId":"0x99b485e29","TargetLinkedLogonId":"0x0","SubjectUserName":"-","IpAddress":"-","ImpersonationLevel":"%%1840","TargetUserName":"AZAD3-DC02$","ProcessId":"0x0","SubjectUserSid":"S-1-0-0","AuthenticationPackageName":"Kerberos","TargetUserSid":"S-1-5-18"},"message":"An account was successfully logged on.\n\nSubject:\n\tSecurity ID:\t\tS-1-0-0\n\tAccount Name:\t\t-\n\tAccount Domain:\t\t-\n\tLogon ID:\t\t0x0\n\nLogon Information:\n\tLogon Type:\t\t3\n\tRestricted Admin Mode:\t-\n\tVirtual Account:\t\tNo\n\tElevated Token:\t\tYes\n\nImpersonation Level:\t\tDelegation\n\nNew Logon:\n\tSecurity ID:\t\tS-1-5-18\n\tAccount Name:\t\tAZAD3-DC02$\n\tAccount Domain:\t\tAD3.COM\n\tLogon ID:\t\t0x99B485E29\n\tLinked Logon ID:\t\t0x0\n\tNetwork Account Name:\t-\n\tNetwork Account Domain:\t-\n\tLogon GUID:\t\t{67828CAB-85A7-CBAA-5A75-968E7DD9A7EC}\n\nProcess Information:\n\tProcess ID:\t\t0x0\n\tProcess Name:\t\t-\n\nNetwork Information:\n\tWorkstation Name:\t-\n\tSource Network Address:\t-\n\tSource Port:\t\t-\n\nDetailed Authentication Information:\n\tLogon Process:\t\tKerberos\n\tAuthentication Package:\tKerberos\n\tTransited Services:\t-\n\tPackage Name (NTLM only):\t-\n\tKey Length:\t\t0\n\nThis event is generated when a logon session is created. It is generated on the computer that was accessed.\n\nThe subject fields indicate the account on the local system which requested the logon. This is most commonly a service such as the Server service, or a local process such as Winlogon.exe or Services.exe.\n\nThe logon type field indicates the kind of logon that occurred. The most common types are 2 (interactive) and 3 (network).\n\nThe New Logon fields indicate the account for whom the new logon was created, i.e. the account that was logged on.\n\nThe network fields indicate where a remote logon request originated. Workstation name is not always available and may be left blank in some cases.\n\nThe impersonation level field indicates the extent to which a process in the logon session can impersonate.\n\nThe authentication information fields provide detailed information about this specific logon request.\n\t- Logon GUID is a unique identifier that can be used to correlate this event with a KDC event.\n\t- Transited services indicate which intermediate services have participated in this logon request.\n\t- Package name indicates which sub-protocol was used among the NTLM protocols.\n\t- Key length indicates the length of the generated session key. This will be 0 if no session key was requested.","opcode":"Info","type":"wineventlog","version":2,"tags":["winlogbeat","beats_input_codec_plain_applied"],"thread_id":4544,"@timestamp":"2019-04-04T11:49:24.180Z","task":"Logon","event_id":4624,"provider_guid":"{54849625-5478-4994-A5BA-3E3B0328C30D}","@version":"1","beat":{"hostname":"azad3-dc02","name":"azad3-dc02","version":"5.6.3"},"activity_id":"{962ABE59-F770-4CC3-8CF8-F6679075FE74}","host":"azad3-dc02","fields":{"logtype":"dc_event"},"source_name":"Microsoft-Windows-Security-Auditing"}
{"process_id":628,"computer_name":"azad3-dc01.ad3.com","keywords":["Audit Success"],"log_name":"Security","level":"Information","record_number":"532786649","event_data":{"Workstation":"azad3-wfe12","Status":"0x0","PackageName":"MICROSOFT_AUTHENTICATION_PACKAGE_V1_0","TargetUserName":"spadmin"},"message":"The computer attempted to validate the credentials for an account.\n\nAuthentication Package:\tMICROSOFT_AUTHENTICATION_PACKAGE_V1_0\nLogon Account:\tspadmin\nSource Workstation:\tazad3-wfe12\nError Code:\t0x0","opcode":"Info","type":"wineventlog","tags":["winlogbeat","beats_input_codec_plain_applied"],"thread_id":65036,"@timestamp":"2019-04-04T09:20:04.873Z","event_id":4776,"task":"Credential Validation","provider_guid":"{54849625-5478-4994-A5BA-3E3B0328C30D}","@version":"1","beat":{"hostname":"azad3-dc01","name":"azad3-dc01","version":"5.6.3"},"host":"azad3-dc01","fields":{"logtype":"dc_event"},"source_name":"Microsoft-Windows-Security-Auditing"}
{"process_id":604,"computer_name":"azad3-dc02.ad3.com","keywords":["Audit Success"],"log_name":"Security","level":"Information","record_number":"407660229","event_data":{"TargetLogonId":"0x99b734ae7","SubjectUserName":"-","LogonType":"3","EventCountTotal":"1","GroupMembership":"\n\t\t%{S-1-5-21-2516547722-2112485390-2429236411-513}\n\t\t%{S-1-1-0}\n\t\t%{S-1-5-32-545}\n\t\t%{S-1-5-32-554}\n\t\t%{S-1-5-32-544}\n\t\t%{S-1-5-2}\n\t\t%{S-1-5-11}\n\t\t%{S-1-5-15}\n\t\t%{S-1-5-21-2516547722-2112485390-2429236411-512}\n\t\t%{S-1-18-1}\n\t\t%{S-1-5-21-2516547722-2112485390-2429236411-572}\n\t\t%{S-1-16-12288}","SubjectDomainName":"-","SubjectLogonId":"0x0","TargetUserName":"admin","TargetDomainName":"AD3.COM","EventIdx":"1","SubjectUserSid":"S-1-0-0","TargetUserSid":"S-1-5-21-2516547722-2112485390-2429236411-1104"},"message":"Group membership information.\n\nSubject:\n\tSecurity ID:\t\tS-1-0-0\n\tAccount Name:\t\t-\n\tAccount Domain:\t\t-\n\tLogon ID:\t\t0x0\n\nLogon Type:\t\t\t3\n\nNew Logon:\n\tSecurity ID:\t\tS-1-5-21-2516547722-2112485390-2429236411-1104\n\tAccount Name:\t\tadmin\n\tAccount Domain:\t\tAD3.COM\n\tLogon ID:\t\t0x99B734AE7\n\nEvent in sequence:\t\t1 of 1\n\nGroup Membership:\t\t\t\n\t\t%{S-1-5-21-2516547722-2112485390-2429236411-513}\n\t\t%{S-1-1-0}\n\t\t%{S-1-5-32-545}\n\t\t%{S-1-5-32-554}\n\t\t%{S-1-5-32-544}\n\t\t%{S-1-5-2}\n\t\t%{S-1-5-11}\n\t\t%{S-1-5-15}\n\t\t%{S-1-5-21-2516547722-2112485390-2429236411-512}\n\t\t%{S-1-18-1}\n\t\t%{S-1-5-21-2516547722-2112485390-2429236411-572}\n\t\t%{S-1-16-12288}\n\nThe subject fields indicate the account on the local system which requested the logon. This is most commonly a service such as the Server service, or a local process such as Winlogon.exe or Services.exe.\n\nThe logon type field indicates the kind of logon that occurred. The most common types are 2 (interactive) and 3 (network).\n\nThe New Logon fields indicate the account for whom the new logon was created, i.e. the account that was logged on.\n\nThis event is generated when the Audit Group Membership subcategory is configured.  The Logon ID field can be used to correlate this event with the corresponding user logon event as well as to any other security audit events generated during this logon session.","type":"wineventlog","opcode":"Info","tags":["winlogbeat","beats_input_codec_plain_applied"],"thread_id":10288,"@timestamp":"2019-04-04T12:18:55.408Z","event_id":4627,"task":"Group Membership","provider_guid":"{54849625-5478-4994-A5BA-3E3B0328C30D}","@version":"1","beat":{"hostname":"azad3-dc02","name":"azad3-dc02","version":"5.6.3"},"host":"azad3-dc02","fields":{"logtype":"dc_event"},"source_name":"Microsoft-Windows-Security-Auditing"}
{"computer_name":"azad3-dc01.ad3.com","process_id":628,"keywords":["Audit Success"],"log_name":"Security","level":"Information","record_number":"532873305","event_data":{"SubjectUserName":"spadmin","SubjectDomainName":"AD3","SubjectLogonId":"0x109c3e73a7","PrivilegeList":"SeSecurityPrivilege\n\t\t\tSeBackupPrivilege\n\t\t\tSeRestorePrivilege\n\t\t\tSeTakeOwnershipPrivilege\n\t\t\tSeDebugPrivilege\n\t\t\tSeSystemEnvironmentPrivilege\n\t\t\tSeLoadDriverPrivilege\n\t\t\tSeImpersonatePrivilege\n\t\t\tSeDelegateSessionUserImpersonatePrivilege\n\t\t\tSeEnableDelegationPrivilege","SubjectUserSid":"S-1-5-21-2516547722-2112485390-2429236411-1106"},"message":"Special privileges assigned to new logon.\n\nSubject:\n\tSecurity ID:\t\tS-1-5-21-2516547722-2112485390-2429236411-1106\n\tAccount Name:\t\tspadmin\n\tAccount Domain:\t\tAD3\n\tLogon ID:\t\t0x109C3E73A7\n\nPrivileges:\t\tSeSecurityPrivilege\n\t\t\tSeBackupPrivilege\n\t\t\tSeRestorePrivilege\n\t\t\tSeTakeOwnershipPrivilege\n\t\t\tSeDebugPrivilege\n\t\t\tSeSystemEnvironmentPrivilege\n\t\t\tSeLoadDriverPrivilege\n\t\t\tSeImpersonatePrivilege\n\t\t\tSeDelegateSessionUserImpersonatePrivilege\n\t\t\tSeEnableDelegationPrivilege","type":"wineventlog","opcode":"Info","tags":["winlogbeat","beats_input_codec_plain_applied"],"thread_id":60760,"@timestamp":"2019-04-04T12:07:10.708Z","task":"Special Logon","event_id":4672,"provider_guid":"{54849625-5478-4994-A5BA-3E3B0328C30D}","@version":"1","beat":{"hostname":"azad3-dc01","name":"azad3-dc01","version":"5.6.3"},"host":"azad3-dc01","fields":{"logtype":"dc_event"},"source_name":"Microsoft-Windows-Security-Auditing"}
{"computer_name":"azad3-dc01.ad3.com","process_id":628,"keywords":["Audit Success"],"log_name":"Security","level":"Information","record_number":"532791422","event_data":{"Workstation":"azad3-wfe33","Status":"0x0","PackageName":"MICROSOFT_AUTHENTICATION_PACKAGE_V1_0","TargetUserName":"spadmin"},"message":"The computer attempted to validate the credentials for an account.\n\nAuthentication Package:\tMICROSOFT_AUTHENTICATION_PACKAGE_V1_0\nLogon Account:\tspadmin\nSource Workstation:\tazad3-wfe33\nError Code:\t0x0","opcode":"Info","type":"wineventlog","tags":["winlogbeat","beats_input_codec_plain_applied"],"thread_id":39316,"@timestamp":"2019-04-04T09:30:01.716Z","event_id":4776,"task":"Credential Validation","provider_guid":"{54849625-5478-4994-A5BA-3E3B0328C30D}","@version":"1","beat":{"hostname":"azad3-dc01","name":"azad3-dc01","version":"5.6.3"},"host":"azad3-dc01","fields":{"logtype":"dc_event"},"source_name":"Microsoft-Windows-Security-Auditing"}
{"computer_name":"azad3-dc02.ad3.com","process_id":604,"keywords":["Audit Success"],"level":"Information","log_name":"Security","record_number":"407596238","event_data":{"PreAuthType":"2","Status":"0x0","TicketEncryptionType":"0x12","ServiceName":"krbtgt","TicketOptions":"0x40810010","TargetSid":"S-1-5-21-2516547722-2112485390-2429236411-1106","IpAddress":"::ffff:10.183.200.136","IpPort":"64819","ServiceSid":"S-1-5-21-2516547722-2112485390-2429236411-502","TargetUserName":"spadmin","TargetDomainName":"ad3"},"message":"A Kerberos authentication ticket (TGT) was requested.\n\nAccount Information:\n\tAccount Name:\t\tspadmin\n\tSupplied Realm Name:\tad3\n\tUser ID:\t\t\tS-1-5-21-2516547722-2112485390-2429236411-1106\n\nService Information:\n\tService Name:\t\tkrbtgt\n\tService ID:\t\tS-1-5-21-2516547722-2112485390-2429236411-502\n\nNetwork Information:\n\tClient Address:\t\t::ffff:10.183.200.136\n\tClient Port:\t\t64819\n\nAdditional Information:\n\tTicket Options:\t\t0x40810010\n\tResult Code:\t\t0x0\n\tTicket Encryption Type:\t0x12\n\tPre-Authentication Type:\t2\n\nCertificate Information:\n\tCertificate Issuer Name:\t\t\n\tCertificate Serial Number:\t\n\tCertificate Thumbprint:\t\t\n\nCertificate information is only provided if a certificate was used for pre-authentication.\n\nPre-authentication types, ticket options, encryption types and result codes are defined in RFC 4120.","type":"wineventlog","opcode":"Info","tags":["winlogbeat","beats_input_codec_plain_applied"],"thread_id":7940,"@timestamp":"2019-04-04T09:30:39.033Z","task":"Kerberos Authentication Service","event_id":4768,"provider_guid":"{54849625-5478-4994-A5BA-3E3B0328C30D}","@version":"1","beat":{"hostname":"azad3-dc02","name":"azad3-dc02","version":"5.6.3"},"host":"azad3-dc02","fields":{"logtype":"dc_event"},"source_name":"Microsoft-Windows-Security-Auditing"}
{"process_id":628,"computer_name":"azad3-dc01.ad3.com","keywords":["Audit Failure"],"log_name":"Security","level":"Information","record_number":"532877948","event_data":{"Workstation":"MSTSC","Status":"0xc0000064","PackageName":"MICROSOFT_AUTHENTICATION_PACKAGE_V1_0","TargetUserName":"quickbooks"},"message":"The computer attempted to validate the credentials for an account.\n\nAuthentication Package:\tMICROSOFT_AUTHENTICATION_PACKAGE_V1_0\nLogon Account:\tquickbooks\nSource Workstation:\tMSTSC\nError Code:\t0xC0000064","opcode":"Info","type":"wineventlog","tags":["winlogbeat","beats_input_codec_plain_applied"],"thread_id":69972,"@timestamp":"2019-04-04T12:14:48.678Z","event_id":4776,"task":"Credential Validation","provider_guid":"{54849625-5478-4994-A5BA-3E3B0328C30D}","@version":"1","beat":{"hostname":"azad3-dc01","name":"azad3-dc01","version":"5.6.3"},"host":"azad3-dc01","fields":{"logtype":"dc_event"},"source_name":"Microsoft-Windows-Security-Auditing"}
{"computer_name":"azad3-dc02.ad3.com","process_id":604,"keywords":["Audit Success"],"log_name":"Security","level":"Information","record_number":"407655847","event_data":{"TargetLogonId":"0x99b5ac452","LogonType":"3","TargetUserName":"admin","TargetDomainName":"AD3","TargetUserSid":"S-1-5-21-2516547722-2112485390-2429236411-1104"},"message":"An account was logged off.\n\nSubject:\n\tSecurity ID:\t\tS-1-5-21-2516547722-2112485390-2429236411-1104\n\tAccount Name:\t\tadmin\n\tAccount Domain:\t\tAD3\n\tLogon ID:\t\t0x99B5AC452\n\nLogon Type:\t\t\t3\n\nThis event is generated when a logon session is destroyed. It may be positively correlated with a logon event using the Logon ID value. Logon IDs are only unique between reboots on the same computer.","type":"wineventlog","opcode":"Info","tags":["winlogbeat","beats_input_codec_plain_applied"],"thread_id":4544,"@timestamp":"2019-04-04T12:05:50.311Z","task":"Logoff","event_id":4634,"provider_guid":"{54849625-5478-4994-A5BA-3E3B0328C30D}","@version":"1","beat":{"hostname":"azad3-dc02","name":"azad3-dc02","version":"5.6.3"},"host":"azad3-dc02","fields":{"logtype":"dc_event"},"source_name":"Microsoft-Windows-Security-Auditing"}
{"process_id":628,"computer_name":"azad3-dc01.ad3.com","keywords":["Audit Success"],"log_name":"Security","level":"Information","record_number":"532795585","event_data":{"Status":"0x0","Workstation":"azad3-wfe32","PackageName":"MICROSOFT_AUTHENTICATION_PACKAGE_V1_0","TargetUserName":"spadmin"},"message":"The computer attempted to validate the credentials for an account.\n\nAuthentication Package:\tMICROSOFT_AUTHENTICATION_PACKAGE_V1_0\nLogon Account:\tspadmin\nSource Workstation:\tazad3-wfe32\nError Code:\t0x0","opcode":"Info","type":"wineventlog","tags":["winlogbeat","beats_input_codec_plain_applied"],"thread_id":54828,"@timestamp":"2019-04-04T09:40:00.903Z","event_id":4776,"task":"Credential Validation","provider_guid":"{54849625-5478-4994-A5BA-3E3B0328C30D}","@version":"1","beat":{"hostname":"azad3-dc01","name":"azad3-dc01","version":"5.6.3"},"host":"azad3-dc01","fields":{"logtype":"dc_event"},"source_name":"Microsoft-Windows-Security-Auditing"}
{"computer_name":"azad3-dc02.ad3.com","process_id":604,"keywords":["Audit Success"],"level":"Information","log_name":"Security","record_number":"407657086","event_data":{"Action":"%%16390","UserName":"NT AUTHORITY\\LOCAL SERVICE","LayerName":"ALE Receive/Accept v4 Layer","FilterId":"541561","Weight":"10378405428420673536","FilterKey":"{2162BFA7-002B-46DD-976C-8F5210CE43C5}","Conditions":"\n\tCondition ID:\t{d78e1e87-8644-4ea5-9437-d809ecefc971}\n\tMatch value:\tEqual to\n\tCondition value:\t\n    00000000  5c 00 64 00 65 00 76 00-69 00 63 00 65 00 5c 00  \\.d.e.v.i.c.e.\\.\n    00000010  68 00 61 00 72 00 64 00-64 00 69 00 73 00 6b 00  h.a.r.d.d.i.s.k.\n    00000020  76 00 6f 00 6c 00 75 00-6d 00 65 00 33 00 5c 00  v.o.l.u.m.e.3.\\.\n    00000030  77 00 69 00 6e 00 64 00-6f 00 77 00 73 00 5c 00  w.i.n.d.o.w.s.\\.\n    00000040  73 00 79 00 73 00 74 00-65 00 6d 00 33 00 32 00  s.y.s.t.e.m.3.2.\n    00000050  5c 00 73 00 76 00 63 00-68 00 6f 00 73 00 74 00  \\.s.v.c.h.o.s.t.\n    00000060  2e 00 65 00 78 00 65 00-00 00                    ..e.x.e...\n\n\n\tCondition ID:\t{af043a0a-b34d-4f86-979c-c90371af6e66}\n\tMatch value:\tEqual to\n\tCondition value:\t\nO:SYG:SYD:(A;;CCRC;;;S-1-5-80-979556362-403687129-3954533659-2335141334-1547273080)\n\n\n\tCondition ID:\t{0c1ba1af-5765-453f-af22-a8f791ac775b}\n\tMatch value:\tEqual to\n\tCondition value:\t0x0087\n\n\tCondition ID:\t{3971ef2b-623e-4f9a-8cb1-6e79b806b9a7}\n\tMatch value:\tEqual to\n\tCondition value:\t0x06","UserSid":"S-1-5-19","ProviderName":"Microsoft Corporation","FilterType":"%%16388","LayerId":"44","ProviderKey":"{DECC16CA-3F33-4346-BE1E-8FB4AE0F3D62}","ChangeType":"%%16384","CalloutName":"-","CalloutKey":"{00000000-0000-0000-0000-000000000000}","LayerKey":"{E1CD9FE7-F4B5-4273-96C0-592E487B8650}","ProcessId":"1264","FilterName":"Active Directory Domain Controller (RPC-EPMAP)"},"message":"A Windows Filtering Platform filter has been changed.\n\t\nSubject:\n\tSecurity ID:\t\tS-1-5-19\n\tAccount Name:\t\tNT AUTHORITY\\LOCAL SERVICE\n\nProcess Information:\n\tProcess ID:\t1264\n\nProvider Information:\n\tID:\t\t{DECC16CA-3F33-4346-BE1E-8FB4AE0F3D62}\n\tName:\t\tMicrosoft Corporation\n\nChange Information:\n\tChange Type:\tAdd\n\nFilter Information:\n\tID:\t\t{2162BFA7-002B-46DD-976C-8F5210CE43C5}\n\tName:\t\tActive Directory Domain Controller (RPC-EPMAP)\n\tType:\t\tNot persistent\n\tRun-Time ID:\t541561\n\nLayer Information:\n\tID:\t\t{E1CD9FE7-F4B5-4273-96C0-592E487B8650}\n\tName:\t\tALE Receive/Accept v4 Layer\n\tRun-Time ID:\t44\n\nCallout Information:\n\tID:\t\t{00000000-0000-0000-0000-000000000000}\n\tName:\t\t-\n\nAdditional Information:\n\tWeight:\t10378405428420673536\t\n\tConditions:\t\n\tCondition ID:\t{d78e1e87-8644-4ea5-9437-d809ecefc971}\n\tMatch value:\tEqual to\n\tCondition value:\t\n    00000000  5c 00 64 00 65 00 76 00-69 00 63 00 65 00 5c 00  \\.d.e.v.i.c.e.\\.\n    00000010  68 00 61 00 72 00 64 00-64 00 69 00 73 00 6b 00  h.a.r.d.d.i.s.k.\n    00000020  76 00 6f 00 6c 00 75 00-6d 00 65 00 33 00 5c 00  v.o.l.u.m.e.3.\\.\n    00000030  77 00 69 00 6e 00 64 00-6f 00 77 00 73 00 5c 00  w.i.n.d.o.w.s.\\.\n    00000040  73 00 79 00 73 00 74 00-65 00 6d 00 33 00 32 00  s.y.s.t.e.m.3.2.\n    00000050  5c 00 73 00 76 00 63 00-68 00 6f 00 73 00 74 00  \\.s.v.c.h.o.s.t.\n    00000060  2e 00 65 00 78 00 65 00-00 00                    ..e.x.e...\n\n\n\tCondition ID:\t{af043a0a-b34d-4f86-979c-c90371af6e66}\n\tMatch value:\tEqual to\n\tCondition value:\t\nO:SYG:SYD:(A;;CCRC;;;S-1-5-80-979556362-403687129-3954533659-2335141334-1547273080)\n\n\n\tCondition ID:\t{0c1ba1af-5765-453f-af22-a8f791ac775b}\n\tMatch value:\tEqual to\n\tCondition value:\t0x0087\n\n\tCondition ID:\t{3971ef2b-623e-4f9a-8cb1-6e79b806b9a7}\n\tMatch value:\tEqual to\n\tCondition value:\t0x06\n\n\tFilter Action:\tPermit","type":"wineventlog","opcode":"Info","tags":["winlogbeat","beats_input_codec_plain_applied"],"thread_id":12728,"@timestamp":"2019-04-04T12:09:49.079Z","task":"Other Policy Change Events","event_id":5447,"provider_guid":"{54849625-5478-4994-A5BA-3E3B0328C30D}","@version":"1","activity_id":"{247AB26B-94E3-42E6-B738-C054011EC2CE}","beat":{"hostname":"azad3-dc02","name":"azad3-dc02","version":"5.6.3"},"host":"azad3-dc02","fields":{"logtype":"dc_event"},"source_name":"Microsoft-Windows-Security-Auditing"}
{"computer_name":"azad3-dc02.ad3.com","process_id":604,"keywords":["Audit Success"],"log_name":"Security","level":"Information","record_number":"407596210","event_data":{"Workstation":"AZAD3-MON01","Status":"0x0","PackageName":"MICROSOFT_AUTHENTICATION_PACKAGE_V1_0","TargetUserName":"AZAD3-MON01$"},"message":"The computer attempted to validate the credentials for an account.\n\nAuthentication Package:\tMICROSOFT_AUTHENTICATION_PACKAGE_V1_0\nLogon Account:\tAZAD3-MON01$\nSource Workstation:\tAZAD3-MON01\nError Code:\t0x0","opcode":"Info","type":"wineventlog","tags":["winlogbeat","beats_input_codec_plain_applied"],"thread_id":12728,"@timestamp":"2019-04-04T09:30:35.272Z","task":"Credential Validation","event_id":4776,"provider_guid":"{54849625-5478-4994-A5BA-3E3B0328C30D}","@version":"1","beat":{"hostname":"azad3-dc02","name":"azad3-dc02","version":"5.6.3"},"host":"azad3-dc02","fields":{"logtype":"dc_event"},"source_name":"Microsoft-Windows-Security-Auditing"}
{"process_id":628,"computer_name":"azad3-dc01.ad3.com","keywords":["Audit Failure"],"log_name":"Security","level":"Information","record_number":"532872507","event_data":{"Workstation":"MSTSC","Status":"0xc0000064","PackageName":"MICROSOFT_AUTHENTICATION_PACKAGE_V1_0","TargetUserName":"qa"},"message":"The computer attempted to validate the credentials for an account.\n\nAuthentication Package:\tMICROSOFT_AUTHENTICATION_PACKAGE_V1_0\nLogon Account:\tqa\nSource Workstation:\tMSTSC\nError Code:\t0xC0000064","type":"wineventlog","opcode":"Info","tags":["winlogbeat","beats_input_codec_plain_applied"],"thread_id":69972,"@timestamp":"2019-04-04T12:05:30.334Z","event_id":4776,"task":"Credential Validation","provider_guid":"{54849625-5478-4994-A5BA-3E3B0328C30D}","@version":"1","beat":{"hostname":"azad3-dc01","name":"azad3-dc01","version":"5.6.3"},"host":"azad3-dc01","fields":{"logtype":"dc_event"},"source_name":"Microsoft-Windows-Security-Auditing"}
{"computer_name":"azad3-dc01.ad3.com","process_id":4,"keywords":["Audit Success"],"log_name":"Security","level":"Information","record_number":"532784380","event_data":{"MandatoryLabel":"S-1-16-16384","ParentProcessName":"C:\\Windows\\System32\\cscript.exe","NewProcessId":"0x1248c","TokenElevationType":"%%1936","NewProcessName":"C:\\Windows\\System32\\conhost.exe","SubjectLogonId":"0x3e7","TargetLogonId":"0x0","SubjectUserName":"azad3-dc01$","CommandLine":"\\??\\C:\\Windows\\system32\\conhost.exe 0xffffffff -ForceV1","SubjectDomainName":"AD3","TargetUserName":"-","ProcessId":"0x11bd8","TargetDomainName":"-","SubjectUserSid":"S-1-5-18","TargetUserSid":"S-1-0-0"},"message":"A new process has been created.\n\nCreator Subject:\n\tSecurity ID:\t\tS-1-5-18\n\tAccount Name:\t\tazad3-dc01$\n\tAccount Domain:\t\tAD3\n\tLogon ID:\t\t0x3E7\n\nTarget Subject:\n\tSecurity ID:\t\tS-1-0-0\n\tAccount Name:\t\t-\n\tAccount Domain:\t\t-\n\tLogon ID:\t\t0x0\n\nProcess Information:\n\tNew Process ID:\t\t0x1248c\n\tNew Process Name:\tC:\\Windows\\System32\\conhost.exe\n\tToken Elevation Type:\t%%1936\n\tMandatory Label:\t\tS-1-16-16384\n\tCreator Process ID:\t0x11bd8\n\tCreator Process Name:\tC:\\Windows\\System32\\cscript.exe\n\tProcess Command Line:\t\\??\\C:\\Windows\\system32\\conhost.exe 0xffffffff -ForceV1\n\nToken Elevation Type indicates the type of token that was assigned to the new process in accordance with User Account Control policy.\n\nType 1 is a full token with no privileges removed or groups disabled.  A full token is only used if User Account Control is disabled or if the user is the built-in Administrator account or a service account.\n\nType 2 is an elevated token with no privileges removed or groups disabled.  An elevated token is used when User Account Control is enabled and the user chooses to start the program using Run as administrator.  An elevated token is also used when an application is configured to always require administrative privilege or to always require maximum privilege, and the user is a member of the Administrators group.\n\nType 3 is a limited token with administrative privileges removed and administrative groups disabled.  The limited token is used when User Account Control is enabled, the application does not require administrative privilege, and the user does not choose to start the program using Run as administrator.","type":"wineventlog","opcode":"Info","version":2,"tags":["winlogbeat","beats_input_codec_plain_applied"],"thread_id":21404,"@timestamp":"2019-04-04T09:15:17.003Z","event_id":4688,"task":"Process Creation","provider_guid":"{54849625-5478-4994-A5BA-3E3B0328C30D}","@version":"1","beat":{"hostname":"azad3-dc01","name":"azad3-dc01","version":"5.6.3"},"host":"azad3-dc01","fields":{"logtype":"dc_event"},"source_name":"Microsoft-Windows-Security-Auditing"}
{"process_id":604,"computer_name":"azad3-dc02.ad3.com","keywords":["Audit Success"],"level":"Information","log_name":"Security","record_number":"407595892","event_data":{"Workstation":"azad3-wfe31","Status":"0x0","PackageName":"MICROSOFT_AUTHENTICATION_PACKAGE_V1_0","TargetUserName":"spadmin"},"message":"The computer attempted to validate the credentials for an account.\n\nAuthentication Package:\tMICROSOFT_AUTHENTICATION_PACKAGE_V1_0\nLogon Account:\tspadmin\nSource Workstation:\tazad3-wfe31\nError Code:\t0x0","type":"wineventlog","opcode":"Info","tags":["winlogbeat","beats_input_codec_plain_applied"],"thread_id":4264,"@timestamp":"2019-04-04T09:30:01.554Z","task":"Credential Validation","event_id":4776,"provider_guid":"{54849625-5478-4994-A5BA-3E3B0328C30D}","@version":"1","beat":{"hostname":"azad3-dc02","name":"azad3-dc02","version":"5.6.3"},"host":"azad3-dc02","fields":{"logtype":"dc_event"},"source_name":"Microsoft-Windows-Security-Auditing"}
{"computer_name":"azad3-dc02.ad3.com","process_id":604,"keywords":["Audit Success"],"log_name":"Security","level":"Information","record_number":"407656185","event_data":{"Status":"0x0","Workstation":"ad3node000000","PackageName":"MICROSOFT_AUTHENTICATION_PACKAGE_V1_0","TargetUserName":"lfuser"},"message":"The computer attempted to validate the credentials for an account.\n\nAuthentication Package:\tMICROSOFT_AUTHENTICATION_PACKAGE_V1_0\nLogon Account:\tlfuser\nSource Workstation:\tad3node000000\nError Code:\t0x0","opcode":"Info","type":"wineventlog","tags":["winlogbeat","beats_input_codec_plain_applied"],"thread_id":4544,"@timestamp":"2019-04-04T12:07:10.463Z","task":"Credential Validation","event_id":4776,"provider_guid":"{54849625-5478-4994-A5BA-3E3B0328C30D}","@version":"1","beat":{"hostname":"azad3-dc02","name":"azad3-dc02","version":"5.6.3"},"host":"azad3-dc02","fields":{"logtype":"dc_event"},"source_name":"Microsoft-Windows-Security-Auditing"}
{"computer_name":"azad3-dc02.ad3.com","process_id":604,"keywords":["Audit Success"],"level":"Information","log_name":"Security","record_number":"407650417","event_data":{"Workstation":"azad3-wfe13","Status":"0x0","PackageName":"MICROSOFT_AUTHENTICATION_PACKAGE_V1_0","TargetUserName":"spapppool"},"message":"The computer attempted to validate the credentials for an account.\n\nAuthentication Package:\tMICROSOFT_AUTHENTICATION_PACKAGE_V1_0\nLogon Account:\tspapppool\nSource Workstation:\tazad3-wfe13\nError Code:\t0x0","type":"wineventlog","opcode":"Info","tags":["winlogbeat","beats_input_codec_plain_applied"],"thread_id":2168,"@timestamp":"2019-04-04T11:49:25.736Z","task":"Credential Validation","event_id":4776,"provider_guid":"{54849625-5478-4994-A5BA-3E3B0328C30D}","@version":"1","beat":{"hostname":"azad3-dc02","name":"azad3-dc02","version":"5.6.3"},"host":"azad3-dc02","fields":{"logtype":"dc_event"},"source_name":"Microsoft-Windows-Security-Auditing"}
{"process_id":628,"computer_name":"azad3-dc01.ad3.com","keywords":["Audit Success"],"log_name":"Security","level":"Information","record_number":"532795551","event_data":{"Status":"0x0","PreAuthType":"2","TicketEncryptionType":"0x12","ServiceName":"krbtgt","TicketOptions":"0x40810010","TargetSid":"S-1-5-21-2516547722-2112485390-2429236411-1104","IpPort":"51528","IpAddress":"::ffff:10.183.200.81","ServiceSid":"S-1-5-21-2516547722-2112485390-2429236411-502","TargetUserName":"admin","TargetDomainName":"AD3"},"message":"A Kerberos authentication ticket (TGT) was requested.\n\nAccount Information:\n\tAccount Name:\t\tadmin\n\tSupplied Realm Name:\tAD3\n\tUser ID:\t\t\tS-1-5-21-2516547722-2112485390-2429236411-1104\n\nService Information:\n\tService Name:\t\tkrbtgt\n\tService ID:\t\tS-1-5-21-2516547722-2112485390-2429236411-502\n\nNetwork Information:\n\tClient Address:\t\t::ffff:10.183.200.81\n\tClient Port:\t\t51528\n\nAdditional Information:\n\tTicket Options:\t\t0x40810010\n\tResult Code:\t\t0x0\n\tTicket Encryption Type:\t0x12\n\tPre-Authentication Type:\t2\n\nCertificate Information:\n\tCertificate Issuer Name:\t\t\n\tCertificate Serial Number:\t\n\tCertificate Thumbprint:\t\t\n\nCertificate information is only provided if a certificate was used for pre-authentication.\n\nPre-authentication types, ticket options, encryption types and result codes are defined in RFC 4120.","opcode":"Info","type":"wineventlog","tags":["winlogbeat","beats_input_codec_plain_applied"],"thread_id":74748,"@timestamp":"2019-04-04T09:40:00.581Z","event_id":4768,"task":"Kerberos Authentication Service","provider_guid":"{54849625-5478-4994-A5BA-3E3B0328C30D}","@version":"1","beat":{"hostname":"azad3-dc01","name":"azad3-dc01","version":"5.6.3"},"host":"azad3-dc01","fields":{"logtype":"dc_event"},"source_name":"Microsoft-Windows-Security-Auditing"}
{"process_id":604,"computer_name":"azad3-dc02.ad3.com","keywords":["Audit Success"],"level":"Information","log_name":"Security","record_number":"407595755","event_data":{"Status":"0x0","PreAuthType":"2","TicketEncryptionType":"0x12","ServiceName":"krbtgt","TicketOptions":"0x40810010","TargetSid":"S-1-5-21-2516547722-2112485390-2429236411-1104","ServiceSid":"S-1-5-21-2516547722-2112485390-2429236411-502","IpPort":"64598","IpAddress":"::ffff:10.183.200.136","TargetUserName":"admin","TargetDomainName":"ad3"},"message":"A Kerberos authentication ticket (TGT) was requested.\n\nAccount Information:\n\tAccount Name:\t\tadmin\n\tSupplied Realm Name:\tad3\n\tUser ID:\t\t\tS-1-5-21-2516547722-2112485390-2429236411-1104\n\nService Information:\n\tService Name:\t\tkrbtgt\n\tService ID:\t\tS-1-5-21-2516547722-2112485390-2429236411-502\n\nNetwork Information:\n\tClient Address:\t\t::ffff:10.183.200.136\n\tClient Port:\t\t64598\n\nAdditional Information:\n\tTicket Options:\t\t0x40810010\n\tResult Code:\t\t0x0\n\tTicket Encryption Type:\t0x12\n\tPre-Authentication Type:\t2\n\nCertificate Information:\n\tCertificate Issuer Name:\t\t\n\tCertificate Serial Number:\t\n\tCertificate Thumbprint:\t\t\n\nCertificate information is only provided if a certificate was used for pre-authentication.\n\nPre-authentication types, ticket options, encryption types and result codes are defined in RFC 4120.","opcode":"Info","type":"wineventlog","tags":["winlogbeat","beats_input_codec_plain_applied"],"thread_id":7940,"@timestamp":"2019-04-04T09:30:00.845Z","task":"Kerberos Authentication Service","event_id":4768,"provider_guid":"{54849625-5478-4994-A5BA-3E3B0328C30D}","@version":"1","beat":{"hostname":"azad3-dc02","name":"azad3-dc02","version":"5.6.3"},"host":"azad3-dc02","fields":{"logtype":"dc_event"},"source_name":"Microsoft-Windows-Security-Auditing"}
